ERROR - 2018-12-12 00:04:17 --> Could not find the language line "admin dashboard jsi18n-sample"
ERROR - 2018-12-12 00:04:17 --> Severity: Notice --> Undefined variable: header /Library/WebServer/Documents/miracle/ci3_cgi/application/modules/Med/views/med_index.php 1
ERROR - 2018-12-12 00:04:24 --> Could not find the language line "admin dashboard jsi18n-sample"
ERROR - 2018-12-12 00:04:24 --> Severity: Notice --> Undefined variable: header /Library/WebServer/Documents/miracle/ci3_cgi/application/modules/Med/views/med_index.php 1
ERROR - 2018-12-12 00:04:28 --> Could not find the language line "admin dashboard jsi18n-sample"
ERROR - 2018-12-12 00:04:35 --> Could not find the language line "admin dashboard jsi18n-sample"
ERROR - 2018-12-12 00:04:35 --> Severity: Notice --> Undefined variable: header /Library/WebServer/Documents/miracle/ci3_cgi/application/modules/Med/views/med_index.php 1
ERROR - 2018-12-12 00:05:29 --> Could not find the language line "admin dashboard jsi18n-sample"
ERROR - 2018-12-12 00:05:43 --> Could not find the language line "admin dashboard jsi18n-sample"
ERROR - 2018-12-12 00:05:51 --> Could not find the language line "admin dashboard jsi18n-sample"
ERROR - 2018-12-12 00:06:12 --> Could not find the language line "admin dashboard jsi18n-sample"
ERROR - 2018-12-12 00:06:17 --> Could not find the language line "admin dashboard jsi18n-sample"
ERROR - 2018-12-12 00:06:24 --> Could not find the language line "admin dashboard jsi18n-sample"
ERROR - 2018-12-12 00:06:52 --> Could not find the language line "admin dashboard jsi18n-sample"
ERROR - 2018-12-12 00:07:06 --> Could not find the language line "admin dashboard jsi18n-sample"
ERROR - 2018-12-12 00:08:01 --> Could not find the language line "admin dashboard jsi18n-sample"
ERROR - 2018-12-12 00:08:25 --> Could not find the language line "admin dashboard jsi18n-sample"
ERROR - 2018-12-12 00:11:02 --> Could not find the language line "admin dashboard jsi18n-sample"
ERROR - 2018-12-12 00:11:08 --> Could not find the language line "admin dashboard jsi18n-sample"
ERROR - 2018-12-12 00:11:14 --> Could not find the language line "admin dashboard jsi18n-sample"
ERROR - 2018-12-12 00:25:24 --> Could not find the language line "admin dashboard jsi18n-sample"
ERROR - 2018-12-12 00:25:30 --> Could not find the language line "admin dashboard jsi18n-sample"
ERROR - 2018-12-12 00:26:11 --> 404 Page Not Found: 
ERROR - 2018-12-12 00:27:38 --> 404 Page Not Found: 
ERROR - 2018-12-12 00:28:12 --> Could not find the language line "admin dashboard jsi18n-sample"
ERROR - 2018-12-12 00:28:22 --> Could not find the language line "admin dashboard jsi18n-sample"
ERROR - 2018-12-12 00:29:42 --> Could not find the language line "admin dashboard jsi18n-sample"
ERROR - 2018-12-12 00:29:55 --> Could not find the language line "admin dashboard jsi18n-sample"
ERROR - 2018-12-12 00:30:04 --> Could not find the language line "admin dashboard jsi18n-sample"
ERROR - 2018-12-12 00:32:10 --> Could not find the language line "admin dashboard jsi18n-sample"
ERROR - 2018-12-12 00:34:50 --> Could not find the language line "admin dashboard jsi18n-sample"
ERROR - 2018-12-12 00:45:06 --> Could not find the language line "admin dashboard jsi18n-sample"
ERROR - 2018-12-12 00:45:13 --> Could not find the language line "admin dashboard jsi18n-sample"
ERROR - 2018-12-12 00:45:19 --> Could not find the language line "admin dashboard jsi18n-sample"
ERROR - 2018-12-12 00:45:25 --> Could not find the language line "admin dashboard jsi18n-sample"
ERROR - 2018-12-12 00:47:06 --> Could not find the language line "admin dashboard jsi18n-sample"
ERROR - 2018-12-12 00:47:38 --> Could not find the language line "admin dashboard jsi18n-sample"
ERROR - 2018-12-12 00:52:18 --> Could not find the language line "admin dashboard jsi18n-sample"
ERROR - 2018-12-12 00:52:59 --> Could not find the language line "admin dashboard jsi18n-sample"
ERROR - 2018-12-12 00:54:14 --> Could not find the language line "admin dashboard jsi18n-sample"
ERROR - 2018-12-12 01:05:00 --> Could not find the language line "admin dashboard jsi18n-sample"
ERROR - 2018-12-12 01:14:01 --> Severity: Parsing Error --> syntax error, unexpected 'public' (T_PUBLIC) /Library/WebServer/Documents/miracle/ci3_cgi/application/modules/Appointment/controllers/Appointment.php 120
ERROR - 2018-12-12 01:14:02 --> Severity: Parsing Error --> syntax error, unexpected 'public' (T_PUBLIC) /Library/WebServer/Documents/miracle/ci3_cgi/application/modules/Appointment/controllers/Appointment.php 120
ERROR - 2018-12-12 01:14:02 --> Severity: Parsing Error --> syntax error, unexpected 'public' (T_PUBLIC) /Library/WebServer/Documents/miracle/ci3_cgi/application/modules/Appointment/controllers/Appointment.php 120
ERROR - 2018-12-12 01:14:02 --> Severity: Parsing Error --> syntax error, unexpected 'public' (T_PUBLIC) /Library/WebServer/Documents/miracle/ci3_cgi/application/modules/Appointment/controllers/Appointment.php 120
ERROR - 2018-12-12 01:14:02 --> Severity: Parsing Error --> syntax error, unexpected 'public' (T_PUBLIC) /Library/WebServer/Documents/miracle/ci3_cgi/application/modules/Appointment/controllers/Appointment.php 120
ERROR - 2018-12-12 01:14:02 --> Severity: Parsing Error --> syntax error, unexpected 'public' (T_PUBLIC) /Library/WebServer/Documents/miracle/ci3_cgi/application/modules/Appointment/controllers/Appointment.php 120
ERROR - 2018-12-12 01:14:02 --> Severity: Parsing Error --> syntax error, unexpected 'public' (T_PUBLIC) /Library/WebServer/Documents/miracle/ci3_cgi/application/modules/Appointment/controllers/Appointment.php 120
ERROR - 2018-12-12 01:14:03 --> Severity: Parsing Error --> syntax error, unexpected 'public' (T_PUBLIC) /Library/WebServer/Documents/miracle/ci3_cgi/application/modules/Appointment/controllers/Appointment.php 120
ERROR - 2018-12-12 01:14:18 --> Severity: Parsing Error --> syntax error, unexpected 'public' (T_PUBLIC) /Library/WebServer/Documents/miracle/ci3_cgi/application/modules/Appointment/controllers/Appointment.php 120
ERROR - 2018-12-12 01:14:19 --> Severity: Parsing Error --> syntax error, unexpected 'public' (T_PUBLIC) /Library/WebServer/Documents/miracle/ci3_cgi/application/modules/Appointment/controllers/Appointment.php 120
ERROR - 2018-12-12 01:14:19 --> Severity: Parsing Error --> syntax error, unexpected 'public' (T_PUBLIC) /Library/WebServer/Documents/miracle/ci3_cgi/application/modules/Appointment/controllers/Appointment.php 120
ERROR - 2018-12-12 01:14:19 --> Severity: Parsing Error --> syntax error, unexpected 'public' (T_PUBLIC) /Library/WebServer/Documents/miracle/ci3_cgi/application/modules/Appointment/controllers/Appointment.php 120
ERROR - 2018-12-12 01:14:19 --> Severity: Parsing Error --> syntax error, unexpected 'public' (T_PUBLIC) /Library/WebServer/Documents/miracle/ci3_cgi/application/modules/Appointment/controllers/Appointment.php 120
ERROR - 2018-12-12 01:14:19 --> Severity: Parsing Error --> syntax error, unexpected 'public' (T_PUBLIC) /Library/WebServer/Documents/miracle/ci3_cgi/application/modules/Appointment/controllers/Appointment.php 120
ERROR - 2018-12-12 01:14:19 --> Severity: Parsing Error --> syntax error, unexpected 'public' (T_PUBLIC) /Library/WebServer/Documents/miracle/ci3_cgi/application/modules/Appointment/controllers/Appointment.php 120
ERROR - 2018-12-12 01:14:19 --> Severity: Parsing Error --> syntax error, unexpected 'public' (T_PUBLIC) /Library/WebServer/Documents/miracle/ci3_cgi/application/modules/Appointment/controllers/Appointment.php 120
ERROR - 2018-12-12 01:14:19 --> Severity: Parsing Error --> syntax error, unexpected 'public' (T_PUBLIC) /Library/WebServer/Documents/miracle/ci3_cgi/application/modules/Appointment/controllers/Appointment.php 120
ERROR - 2018-12-12 01:14:19 --> Severity: Parsing Error --> syntax error, unexpected 'public' (T_PUBLIC) /Library/WebServer/Documents/miracle/ci3_cgi/application/modules/Appointment/controllers/Appointment.php 120
ERROR - 2018-12-12 01:15:05 --> Could not find the language line "admin dashboard jsi18n-sample"
ERROR - 2018-12-12 01:16:14 --> Could not find the language line "admin dashboard jsi18n-sample"
ERROR - 2018-12-12 01:19:04 --> Could not find the language line "admin dashboard jsi18n-sample"
ERROR - 2018-12-12 01:19:35 --> Could not find the language line "admin dashboard jsi18n-sample"
ERROR - 2018-12-12 01:19:58 --> Severity: Warning --> pg_query(): Query failed: ERROR:  invalid input syntax for integer: &quot;&quot;
LINE 1: ...pa_id FROM frontmed.neural_appointment WHERE id = '' AND del...
                                                             ^ /Library/WebServer/Documents/miracle/ci3_cgi/system/database/drivers/postgre/postgre_driver.php 242
ERROR - 2018-12-12 01:19:58 --> Query error: ERROR:  invalid input syntax for integer: ""
LINE 1: ...pa_id FROM frontmed.neural_appointment WHERE id = '' AND del...
                                                             ^ - Invalid query: SELECT neural_appointment.*, patient_id AS pa_id FROM frontmed.neural_appointment WHERE id = '' AND deleted = 'f'
ERROR - 2018-12-12 01:19:58 --> Severity: Warning --> pg_query(): Query failed: ERROR:  invalid input syntax for integer: &quot;&quot;
LINE 1: ...pa_id FROM frontmed.neural_appointment WHERE id = '' AND del...
                                                             ^ /Library/WebServer/Documents/miracle/ci3_cgi/system/database/drivers/postgre/postgre_driver.php 242
ERROR - 2018-12-12 01:19:58 --> Query error: ERROR:  invalid input syntax for integer: ""
LINE 1: ...pa_id FROM frontmed.neural_appointment WHERE id = '' AND del...
                                                             ^ - Invalid query: SELECT neural_appointment.*, patient_id AS pa_id FROM frontmed.neural_appointment WHERE id = '' AND deleted = 'f'
ERROR - 2018-12-12 01:24:22 --> Could not find the language line "admin dashboard jsi18n-sample"
ERROR - 2018-12-12 01:24:47 --> Severity: Warning --> pg_query(): Query failed: ERROR:  invalid input syntax for integer: &quot;&quot;
LINE 1: ...pa_id FROM frontmed.neural_appointment WHERE id = '' AND del...
                                                             ^ /Library/WebServer/Documents/miracle/ci3_cgi/system/database/drivers/postgre/postgre_driver.php 242
ERROR - 2018-12-12 01:24:47 --> Query error: ERROR:  invalid input syntax for integer: ""
LINE 1: ...pa_id FROM frontmed.neural_appointment WHERE id = '' AND del...
                                                             ^ - Invalid query: SELECT neural_appointment.*, patient_id AS pa_id FROM frontmed.neural_appointment WHERE id = '' AND deleted = 'f'
ERROR - 2018-12-12 01:24:47 --> Severity: Warning --> pg_query(): Query failed: ERROR:  invalid input syntax for integer: &quot;&quot;
LINE 1: ...pa_id FROM frontmed.neural_appointment WHERE id = '' AND del...
                                                             ^ /Library/WebServer/Documents/miracle/ci3_cgi/system/database/drivers/postgre/postgre_driver.php 242
ERROR - 2018-12-12 01:24:47 --> Query error: ERROR:  invalid input syntax for integer: ""
LINE 1: ...pa_id FROM frontmed.neural_appointment WHERE id = '' AND del...
                                                             ^ - Invalid query: SELECT neural_appointment.*, patient_id AS pa_id FROM frontmed.neural_appointment WHERE id = '' AND deleted = 'f'
ERROR - 2018-12-12 01:25:13 --> Severity: Warning --> pg_query(): Query failed: ERROR:  invalid input syntax for type date: &quot;2018-11-22.&quot;
LINE 5: WHERE &quot;neural_med_station&quot;.&quot;check_out_date&quot; = '2018-11-22.'
                                                      ^ /Library/WebServer/Documents/miracle/ci3_cgi/system/database/drivers/postgre/postgre_driver.php 242
ERROR - 2018-12-12 01:25:13 --> Query error: ERROR:  invalid input syntax for type date: "2018-11-22."
LINE 5: WHERE "neural_med_station"."check_out_date" = '2018-11-22.'
                                                      ^ - Invalid query: SELECT "neural_med_station"."id" AS "med_station_id", to_char(neural_med_station.check_out_date, 'DD-MM-YYYY') AS check_out_date_th, "neural_med_station"."check_out_date", "users"."id" AS "user_id", users.title || users.name || ' ' || users.lastname AS fullname, "station"."id" AS "station_id", "station"."name" AS "station_name"
FROM "med"."neural_med_station"
JOIN "med"."neural_station" AS "station" ON "station"."id" = "neural_med_station"."station_id"
JOIN "jvkk"."nano_user" AS "users" ON "users"."id" = "neural_med_station"."doctor_id"
WHERE "neural_med_station"."check_out_date" = '2018-11-22.'
AND "neural_med_station"."deleted" = 'f'
ORDER BY "med"."neural_med_station"."id" ASC
ERROR - 2018-12-12 01:25:20 --> Could not find the language line "admin dashboard jsi18n-sample"
ERROR - 2018-12-12 01:25:41 --> Severity: Warning --> pg_query(): Query failed: ERROR:  invalid input syntax for integer: &quot;&quot;
LINE 1: ...pa_id FROM frontmed.neural_appointment WHERE id = '' AND del...
                                                             ^ /Library/WebServer/Documents/miracle/ci3_cgi/system/database/drivers/postgre/postgre_driver.php 242
ERROR - 2018-12-12 01:25:41 --> Query error: ERROR:  invalid input syntax for integer: ""
LINE 1: ...pa_id FROM frontmed.neural_appointment WHERE id = '' AND del...
                                                             ^ - Invalid query: SELECT neural_appointment.*, patient_id AS pa_id FROM frontmed.neural_appointment WHERE id = '' AND deleted = 'f'
ERROR - 2018-12-12 01:25:41 --> Severity: Warning --> pg_query(): Query failed: ERROR:  invalid input syntax for integer: &quot;&quot;
LINE 1: ...pa_id FROM frontmed.neural_appointment WHERE id = '' AND del...
                                                             ^ /Library/WebServer/Documents/miracle/ci3_cgi/system/database/drivers/postgre/postgre_driver.php 242
ERROR - 2018-12-12 01:25:41 --> Query error: ERROR:  invalid input syntax for integer: ""
LINE 1: ...pa_id FROM frontmed.neural_appointment WHERE id = '' AND del...
                                                             ^ - Invalid query: SELECT neural_appointment.*, patient_id AS pa_id FROM frontmed.neural_appointment WHERE id = '' AND deleted = 'f'
ERROR - 2018-12-12 01:35:07 --> Severity: Warning --> pg_query(): Query failed: ERROR:  invalid input syntax for integer: &quot;&quot;
LINE 1: ...pa_id FROM frontmed.neural_appointment WHERE id = '' AND del...
                                                             ^ /Library/WebServer/Documents/miracle/ci3_cgi/system/database/drivers/postgre/postgre_driver.php 242
ERROR - 2018-12-12 01:35:07 --> Query error: ERROR:  invalid input syntax for integer: ""
LINE 1: ...pa_id FROM frontmed.neural_appointment WHERE id = '' AND del...
                                                             ^ - Invalid query: SELECT neural_appointment.*, patient_id AS pa_id FROM frontmed.neural_appointment WHERE id = '' AND deleted = 'f'
ERROR - 2018-12-12 01:35:07 --> Severity: Warning --> pg_query(): Query failed: ERROR:  invalid input syntax for integer: &quot;&quot;
LINE 1: ...pa_id FROM frontmed.neural_appointment WHERE id = '' AND del...
                                                             ^ /Library/WebServer/Documents/miracle/ci3_cgi/system/database/drivers/postgre/postgre_driver.php 242
ERROR - 2018-12-12 01:35:07 --> Query error: ERROR:  invalid input syntax for integer: ""
LINE 1: ...pa_id FROM frontmed.neural_appointment WHERE id = '' AND del...
                                                             ^ - Invalid query: SELECT neural_appointment.*, patient_id AS pa_id FROM frontmed.neural_appointment WHERE id = '' AND deleted = 'f'
ERROR - 2018-12-12 01:36:31 --> Could not find the language line "admin dashboard jsi18n-sample"
ERROR - 2018-12-12 01:40:27 --> Severity: Warning --> pg_query(): Query failed: ERROR:  invalid input syntax for integer: &quot;&quot;
LINE 1: ...pa_id FROM frontmed.neural_appointment WHERE id = '' AND del...
                                                             ^ /Library/WebServer/Documents/miracle/ci3_cgi/system/database/drivers/postgre/postgre_driver.php 242
ERROR - 2018-12-12 01:40:27 --> Query error: ERROR:  invalid input syntax for integer: ""
LINE 1: ...pa_id FROM frontmed.neural_appointment WHERE id = '' AND del...
                                                             ^ - Invalid query: SELECT neural_appointment.*, patient_id AS pa_id FROM frontmed.neural_appointment WHERE id = '' AND deleted = 'f'
ERROR - 2018-12-12 01:40:28 --> Severity: Warning --> pg_query(): Query failed: ERROR:  invalid input syntax for integer: &quot;&quot;
LINE 1: ...pa_id FROM frontmed.neural_appointment WHERE id = '' AND del...
                                                             ^ /Library/WebServer/Documents/miracle/ci3_cgi/system/database/drivers/postgre/postgre_driver.php 242
ERROR - 2018-12-12 01:40:28 --> Query error: ERROR:  invalid input syntax for integer: ""
LINE 1: ...pa_id FROM frontmed.neural_appointment WHERE id = '' AND del...
                                                             ^ - Invalid query: SELECT neural_appointment.*, patient_id AS pa_id FROM frontmed.neural_appointment WHERE id = '' AND deleted = 'f'
