DEBUG - 2022-07-02 16:48:04 --> UTF-8 Support Enabled
DEBUG - 2022-07-02 16:48:04 --> Global POST, GET and COOKIE data sanitized
DEBUG - 2022-07-02 16:48:04 --> Config file loaded: /var/www/html/ci_kios/application/config/core.php
DEBUG - 2022-07-02 16:48:04 --> Config file loaded: /var/www/html/ci_kios/application/config/timezones.php
DEBUG - 2022-07-02 16:48:04 --> Total execution time: 0.2925
DEBUG - 2022-07-02 16:48:45 --> UTF-8 Support Enabled
DEBUG - 2022-07-02 16:48:45 --> Global POST, GET and COOKIE data sanitized
DEBUG - 2022-07-02 16:48:45 --> Config file loaded: /var/www/html/ci_kios/application/config/core.php
DEBUG - 2022-07-02 16:48:45 --> Config file loaded: /var/www/html/ci_kios/application/config/timezones.php
DEBUG - 2022-07-02 16:48:45 --> File loaded: /var/www/html/ci_kios/application/modules/Queuekios/models/Mdl_queuekios.php
DEBUG - 2022-07-02 16:48:45 --> Total execution time: 0.4313
DEBUG - 2022-07-02 16:49:01 --> UTF-8 Support Enabled
DEBUG - 2022-07-02 16:49:01 --> Global POST, GET and COOKIE data sanitized
DEBUG - 2022-07-02 16:49:01 --> Config file loaded: /var/www/html/ci_kios/application/config/core.php
DEBUG - 2022-07-02 16:49:01 --> Config file loaded: /var/www/html/ci_kios/application/config/timezones.php
DEBUG - 2022-07-02 16:49:01 --> File loaded: /var/www/html/ci_kios/application/modules/Queuekios/models/Mdl_queuekios.php
DEBUG - 2022-07-02 16:49:01 --> Total execution time: 0.3420
DEBUG - 2022-07-02 16:49:16 --> UTF-8 Support Enabled
DEBUG - 2022-07-02 16:49:16 --> Global POST, GET and COOKIE data sanitized
DEBUG - 2022-07-02 16:49:16 --> Config file loaded: /var/www/html/ci_kios/application/config/core.php
DEBUG - 2022-07-02 16:49:16 --> Config file loaded: /var/www/html/ci_kios/application/config/timezones.php
DEBUG - 2022-07-02 16:49:16 --> File loaded: /var/www/html/ci_kios/application/modules/Queuekios/models/Mdl_queuekios.php
DEBUG - 2022-07-02 16:49:16 --> Total execution time: 0.3398
DEBUG - 2022-07-02 16:49:38 --> UTF-8 Support Enabled
DEBUG - 2022-07-02 16:49:38 --> Global POST, GET and COOKIE data sanitized
DEBUG - 2022-07-02 16:49:38 --> Config file loaded: /var/www/html/ci_kios/application/config/core.php
DEBUG - 2022-07-02 16:49:38 --> Config file loaded: /var/www/html/ci_kios/application/config/timezones.php
DEBUG - 2022-07-02 16:49:38 --> File loaded: /var/www/html/ci_kios/application/modules/Queuekios/models/Mdl_queuekios.php
DEBUG - 2022-07-02 16:49:38 --> cURL Class Initialized
DEBUG - 2022-07-02 16:49:53 --> UTF-8 Support Enabled
DEBUG - 2022-07-02 16:49:53 --> Global POST, GET and COOKIE data sanitized
DEBUG - 2022-07-02 16:49:53 --> Config file loaded: /var/www/html/ci_kios/application/config/core.php
DEBUG - 2022-07-02 16:49:53 --> Config file loaded: /var/www/html/ci_kios/application/config/timezones.php
DEBUG - 2022-07-02 16:49:53 --> File loaded: /var/www/html/ci_kios/application/modules/Queuekios/models/Mdl_queuekios.php
DEBUG - 2022-07-02 16:49:53 --> cURL Class Initialized
DEBUG - 2022-07-02 16:50:10 --> UTF-8 Support Enabled
DEBUG - 2022-07-02 16:50:10 --> Global POST, GET and COOKIE data sanitized
DEBUG - 2022-07-02 16:50:10 --> Config file loaded: /var/www/html/ci_kios/application/config/core.php
DEBUG - 2022-07-02 16:50:10 --> Config file loaded: /var/www/html/ci_kios/application/config/timezones.php
DEBUG - 2022-07-02 16:50:10 --> File loaded: /var/www/html/ci_kios/application/modules/Queuekios/models/Mdl_queuekios.php
DEBUG - 2022-07-02 16:50:10 --> cURL Class Initialized
DEBUG - 2022-07-02 16:50:31 --> UTF-8 Support Enabled
DEBUG - 2022-07-02 16:50:31 --> Global POST, GET and COOKIE data sanitized
DEBUG - 2022-07-02 16:50:31 --> Config file loaded: /var/www/html/ci_kios/application/config/core.php
DEBUG - 2022-07-02 16:50:31 --> Config file loaded: /var/www/html/ci_kios/application/config/timezones.php
DEBUG - 2022-07-02 16:50:31 --> File loaded: /var/www/html/ci_kios/application/modules/Queuekios/models/Mdl_queuekios.php
DEBUG - 2022-07-02 16:50:32 --> Total execution time: 0.3415
DEBUG - 2022-07-02 16:51:03 --> UTF-8 Support Enabled
DEBUG - 2022-07-02 16:51:03 --> Global POST, GET and COOKIE data sanitized
DEBUG - 2022-07-02 16:51:03 --> Config file loaded: /var/www/html/ci_kios/application/config/core.php
DEBUG - 2022-07-02 16:51:03 --> Config file loaded: /var/www/html/ci_kios/application/config/timezones.php
DEBUG - 2022-07-02 16:51:04 --> File loaded: /var/www/html/ci_kios/application/modules/Queuekios/models/Mdl_queuekios.php
DEBUG - 2022-07-02 16:51:04 --> Total execution time: 0.3409
DEBUG - 2022-07-02 16:51:19 --> UTF-8 Support Enabled
DEBUG - 2022-07-02 16:51:19 --> Global POST, GET and COOKIE data sanitized
DEBUG - 2022-07-02 16:51:19 --> Config file loaded: /var/www/html/ci_kios/application/config/core.php
DEBUG - 2022-07-02 16:51:19 --> Config file loaded: /var/www/html/ci_kios/application/config/timezones.php
DEBUG - 2022-07-02 16:51:19 --> File loaded: /var/www/html/ci_kios/application/modules/Queuekios/models/Mdl_queuekios.php
DEBUG - 2022-07-02 16:51:20 --> Total execution time: 0.3424
