DEBUG - 2022-10-30 15:31:00 --> UTF-8 Support Enabled
DEBUG - 2022-10-30 15:31:00 --> Global POST, GET and COOKIE data sanitized
DEBUG - 2022-10-30 15:31:00 --> Config file loaded: /var/www/html/ci_kios/application/config/core.php
DEBUG - 2022-10-30 15:31:00 --> Config file loaded: /var/www/html/ci_kios/application/config/timezones.php
DEBUG - 2022-10-30 15:31:01 --> File loaded: /var/www/html/ci_kios/application/modules/Queuekios/models/Mdl_queuekios.php
DEBUG - 2022-10-30 15:31:01 --> File loaded: /var/www/html/ci_kios/application/modules/Queuekios/views/view_kios.php
DEBUG - 2022-10-30 15:31:01 --> Total execution time: 0.4266
DEBUG - 2022-10-30 23:21:41 --> UTF-8 Support Enabled
DEBUG - 2022-10-30 23:21:41 --> No URI present. Default controller set.
DEBUG - 2022-10-30 23:21:41 --> Global POST, GET and COOKIE data sanitized
DEBUG - 2022-10-30 23:21:41 --> Config file loaded: /var/www/html/ci_kios/application/config/core.php
DEBUG - 2022-10-30 23:21:41 --> Config file loaded: /var/www/html/ci_kios/application/config/timezones.php
DEBUG - 2022-10-30 23:21:41 --> File loaded: /var/www/html/ci_kios/application/modules/Queuekios/models/Mdl_queuekios.php
DEBUG - 2022-10-30 23:21:41 --> File loaded: /var/www/html/ci_kios/application/modules/Queuekios/views/view_kios.php
DEBUG - 2022-10-30 23:21:41 --> Total execution time: 0.0340
DEBUG - 2022-10-30 23:28:33 --> UTF-8 Support Enabled
DEBUG - 2022-10-30 23:28:33 --> No URI present. Default controller set.
DEBUG - 2022-10-30 23:28:33 --> Global POST, GET and COOKIE data sanitized
DEBUG - 2022-10-30 23:28:33 --> Config file loaded: /var/www/html/ci_kios/application/config/core.php
DEBUG - 2022-10-30 23:28:33 --> Config file loaded: /var/www/html/ci_kios/application/config/timezones.php
DEBUG - 2022-10-30 23:28:33 --> File loaded: /var/www/html/ci_kios/application/modules/Queuekios/models/Mdl_queuekios.php
DEBUG - 2022-10-30 23:28:33 --> File loaded: /var/www/html/ci_kios/application/modules/Queuekios/views/view_kios.php
DEBUG - 2022-10-30 23:28:33 --> Total execution time: 0.0474
