ERROR - 2018-12-11 00:55:38 --> Could not find the language line "admin dashboard jsi18n-sample"
ERROR - 2018-12-11 00:55:48 --> Could not find the language line "admin dashboard jsi18n-sample"
ERROR - 2018-12-11 00:56:38 --> Could not find the language line "admin dashboard jsi18n-sample"
ERROR - 2018-12-11 00:59:22 --> Could not find the language line "admin dashboard jsi18n-sample"
ERROR - 2018-12-11 01:00:28 --> Could not find the language line "admin dashboard jsi18n-sample"
ERROR - 2018-12-11 01:00:50 --> Could not find the language line "admin dashboard jsi18n-sample"
ERROR - 2018-12-11 01:04:44 --> Could not find the language line "admin dashboard jsi18n-sample"
ERROR - 2018-12-11 01:04:55 --> Could not find the language line "admin dashboard jsi18n-sample"
ERROR - 2018-12-11 01:05:09 --> Could not find the language line "admin dashboard jsi18n-sample"
ERROR - 2018-12-11 01:11:16 --> Could not find the language line "admin dashboard jsi18n-sample"
ERROR - 2018-12-11 01:16:30 --> Could not find the language line "admin dashboard jsi18n-sample"
ERROR - 2018-12-11 01:19:50 --> Could not find the language line "admin dashboard jsi18n-sample"
ERROR - 2018-12-11 01:21:24 --> Could not find the language line "admin dashboard jsi18n-sample"
ERROR - 2018-12-11 01:23:43 --> Could not find the language line "admin dashboard jsi18n-sample"
ERROR - 2018-12-11 01:26:47 --> Could not find the language line "admin dashboard jsi18n-sample"
ERROR - 2018-12-11 01:29:53 --> Could not find the language line "admin dashboard jsi18n-sample"
ERROR - 2018-12-11 01:32:31 --> Could not find the language line "admin dashboard jsi18n-sample"
ERROR - 2018-12-11 01:32:53 --> Could not find the language line "admin dashboard jsi18n-sample"
ERROR - 2018-12-11 01:33:30 --> Could not find the language line "admin dashboard jsi18n-sample"
ERROR - 2018-12-11 01:33:50 --> Could not find the language line "admin dashboard jsi18n-sample"
ERROR - 2018-12-11 01:41:40 --> Could not find the language line "admin dashboard jsi18n-sample"
ERROR - 2018-12-11 01:43:16 --> Could not find the language line "admin dashboard jsi18n-sample"
ERROR - 2018-12-11 01:44:37 --> Could not find the language line "admin dashboard jsi18n-sample"
ERROR - 2018-12-11 01:45:10 --> Could not find the language line "admin dashboard jsi18n-sample"
ERROR - 2018-12-11 01:45:51 --> Could not find the language line "admin dashboard jsi18n-sample"
ERROR - 2018-12-11 01:53:16 --> Could not find the language line "admin dashboard jsi18n-sample"
ERROR - 2018-12-11 01:53:31 --> Could not find the language line "admin dashboard jsi18n-sample"
ERROR - 2018-12-11 01:53:48 --> Could not find the language line "admin dashboard jsi18n-sample"
ERROR - 2018-12-11 01:54:03 --> Could not find the language line "admin dashboard jsi18n-sample"
ERROR - 2018-12-11 01:57:23 --> Could not find the language line "admin dashboard jsi18n-sample"
ERROR - 2018-12-11 02:00:02 --> Could not find the language line "admin dashboard jsi18n-sample"
ERROR - 2018-12-11 02:00:06 --> Could not find the language line "admin dashboard jsi18n-sample"
ERROR - 2018-12-11 02:00:23 --> Could not find the language line "admin dashboard jsi18n-sample"
ERROR - 2018-12-11 02:05:45 --> Could not find the language line "admin dashboard jsi18n-sample"
ERROR - 2018-12-11 02:07:56 --> Could not find the language line "admin dashboard jsi18n-sample"
ERROR - 2018-12-11 02:08:21 --> Could not find the language line "admin dashboard jsi18n-sample"
ERROR - 2018-12-11 02:09:05 --> Could not find the language line "admin dashboard jsi18n-sample"
ERROR - 2018-12-11 02:10:36 --> Could not find the language line "admin dashboard jsi18n-sample"
ERROR - 2018-12-11 11:14:04 --> Could not find the language line "admin dashboard jsi18n-sample"
ERROR - 2018-12-11 11:43:27 --> Could not find the language line "admin dashboard jsi18n-sample"
ERROR - 2018-12-11 11:44:43 --> Could not find the language line "admin dashboard jsi18n-sample"
ERROR - 2018-12-11 11:44:44 --> Could not find the language line "admin dashboard jsi18n-sample"
ERROR - 2018-12-11 11:44:46 --> Could not find the language line "admin dashboard jsi18n-sample"
ERROR - 2018-12-11 11:44:49 --> Could not find the language line "admin dashboard jsi18n-sample"
ERROR - 2018-12-11 11:44:57 --> Could not find the language line "admin dashboard jsi18n-sample"
ERROR - 2018-12-11 11:45:49 --> Could not find the language line "admin dashboard jsi18n-sample"
ERROR - 2018-12-11 11:46:00 --> Could not find the language line "admin dashboard jsi18n-sample"
ERROR - 2018-12-11 11:56:04 --> Could not find the language line "admin dashboard jsi18n-sample"
ERROR - 2018-12-11 11:56:15 --> 404 Page Not Found: ../modules/Appointment/controllers/Appointment/conclube
ERROR - 2018-12-11 12:22:58 --> Could not find the language line "admin dashboard jsi18n-sample"
ERROR - 2018-12-11 12:23:16 --> Could not find the language line "admin dashboard jsi18n-sample"
ERROR - 2018-12-11 12:23:34 --> Could not find the language line "admin dashboard jsi18n-sample"
ERROR - 2018-12-11 12:24:23 --> Could not find the language line "admin dashboard jsi18n-sample"
ERROR - 2018-12-11 12:24:34 --> Could not find the language line "admin dashboard jsi18n-sample"
ERROR - 2018-12-11 12:24:38 --> Could not find the language line "admin dashboard jsi18n-sample"
ERROR - 2018-12-11 12:24:42 --> Could not find the language line "admin dashboard jsi18n-sample"
ERROR - 2018-12-11 12:26:34 --> Could not find the language line "admin dashboard jsi18n-sample"
ERROR - 2018-12-11 12:27:41 --> Could not find the language line "admin dashboard jsi18n-sample"
ERROR - 2018-12-11 12:27:47 --> Could not find the language line "admin dashboard jsi18n-sample"
ERROR - 2018-12-11 12:27:58 --> Could not find the language line "admin dashboard jsi18n-sample"
ERROR - 2018-12-11 12:27:58 --> Severity: Warning --> pg_query(): Query failed: ERROR:  invalid input syntax for type date: &quot;undefined&quot;
LINE 5: WHERE &quot;neural_med_station&quot;.&quot;check_out_date&quot; = 'undefined'
                                                      ^ /Library/WebServer/Documents/miracle/ci3_cgi/system/database/drivers/postgre/postgre_driver.php 242
ERROR - 2018-12-11 12:27:58 --> Query error: ERROR:  invalid input syntax for type date: "undefined"
LINE 5: WHERE "neural_med_station"."check_out_date" = 'undefined'
                                                      ^ - Invalid query: SELECT "neural_med_station"."id" AS "med_station_id", to_char(neural_med_station.check_out_date, 'DD-MM-YYYY') AS check_out_date_th, "neural_med_station"."check_out_date", "users"."id" AS "user_id", users.title || users.name || ' ' || users.lastname AS fullname, "station"."id" AS "station_id", "station"."name" AS "station_name"
FROM "med"."neural_med_station"
JOIN "med"."neural_station" AS "station" ON "station"."id" = "neural_med_station"."station_id"
JOIN "jvkk"."nano_user" AS "users" ON "users"."id" = "neural_med_station"."doctor_id"
WHERE "neural_med_station"."check_out_date" = 'undefined'
AND "neural_med_station"."deleted" = 'f'
ORDER BY "med"."neural_med_station"."id" ASC
ERROR - 2018-12-11 12:28:34 --> Could not find the language line "admin dashboard jsi18n-sample"
ERROR - 2018-12-11 12:28:41 --> Could not find the language line "admin dashboard jsi18n-sample"
ERROR - 2018-12-11 12:28:51 --> Could not find the language line "admin dashboard jsi18n-sample"
ERROR - 2018-12-11 12:29:06 --> Could not find the language line "admin dashboard jsi18n-sample"
ERROR - 2018-12-11 12:29:40 --> Could not find the language line "admin dashboard jsi18n-sample"
ERROR - 2018-12-11 12:29:53 --> Could not find the language line "admin dashboard jsi18n-sample"
ERROR - 2018-12-11 12:30:03 --> Could not find the language line "admin dashboard jsi18n-sample"
ERROR - 2018-12-11 12:30:14 --> Could not find the language line "admin dashboard jsi18n-sample"
ERROR - 2018-12-11 12:30:17 --> Could not find the language line "admin dashboard jsi18n-sample"
ERROR - 2018-12-11 12:30:37 --> Could not find the language line "admin dashboard jsi18n-sample"
ERROR - 2018-12-11 12:41:36 --> Could not find the language line "admin dashboard jsi18n-sample"
ERROR - 2018-12-11 12:42:35 --> Could not find the language line "admin dashboard jsi18n-sample"
ERROR - 2018-12-11 12:43:43 --> Could not find the language line "admin dashboard jsi18n-sample"
ERROR - 2018-12-11 12:46:17 --> Could not find the language line "admin dashboard jsi18n-sample"
ERROR - 2018-12-11 12:47:43 --> Could not find the language line "admin dashboard jsi18n-sample"
ERROR - 2018-12-11 12:48:21 --> Could not find the language line "admin dashboard jsi18n-sample"
ERROR - 2018-12-11 12:48:52 --> Could not find the language line "admin dashboard jsi18n-sample"
ERROR - 2018-12-11 12:50:13 --> Could not find the language line "admin dashboard jsi18n-sample"
ERROR - 2018-12-11 12:52:27 --> Could not find the language line "admin dashboard jsi18n-sample"
ERROR - 2018-12-11 12:53:48 --> Could not find the language line "admin dashboard jsi18n-sample"
ERROR - 2018-12-11 12:54:29 --> Could not find the language line "admin dashboard jsi18n-sample"
ERROR - 2018-12-11 12:55:21 --> Could not find the language line "admin dashboard jsi18n-sample"
ERROR - 2018-12-11 14:02:39 --> Could not find the language line "admin dashboard jsi18n-sample"
ERROR - 2018-12-11 14:02:43 --> Could not find the language line "admin dashboard jsi18n-sample"
ERROR - 2018-12-11 14:02:49 --> Could not find the language line "admin dashboard jsi18n-sample"
ERROR - 2018-12-11 14:02:56 --> Could not find the language line "admin dashboard jsi18n-sample"
ERROR - 2018-12-11 14:03:09 --> Could not find the language line "admin dashboard jsi18n-sample"
ERROR - 2018-12-11 14:03:29 --> Could not find the language line "admin dashboard jsi18n-sample"
ERROR - 2018-12-11 14:03:34 --> Could not find the language line "admin dashboard jsi18n-sample"
ERROR - 2018-12-11 14:10:07 --> Could not find the language line "admin dashboard jsi18n-sample"
ERROR - 2018-12-11 14:12:07 --> Could not find the language line "admin dashboard jsi18n-sample"
ERROR - 2018-12-11 14:35:58 --> Could not find the language line "admin dashboard jsi18n-sample"
ERROR - 2018-12-11 15:46:50 --> Could not find the language line "admin dashboard jsi18n-sample"
ERROR - 2018-12-11 15:50:39 --> Could not find the language line "admin dashboard jsi18n-sample"
ERROR - 2018-12-11 15:55:52 --> Could not find the language line "admin dashboard jsi18n-sample"
ERROR - 2018-12-11 15:56:48 --> Could not find the language line "admin dashboard jsi18n-sample"
ERROR - 2018-12-11 15:58:46 --> Could not find the language line "admin dashboard jsi18n-sample"
ERROR - 2018-12-11 16:06:26 --> Could not find the language line "admin dashboard jsi18n-sample"
ERROR - 2018-12-11 16:06:30 --> Could not find the language line "admin dashboard jsi18n-sample"
ERROR - 2018-12-11 16:06:47 --> Could not find the language line "admin dashboard jsi18n-sample"
ERROR - 2018-12-11 16:09:17 --> Could not find the language line "admin dashboard jsi18n-sample"
ERROR - 2018-12-11 16:19:30 --> Could not find the language line "admin dashboard jsi18n-sample"
ERROR - 2018-12-11 16:19:34 --> Could not find the language line "admin dashboard jsi18n-sample"
ERROR - 2018-12-11 16:20:16 --> Could not find the language line "admin dashboard jsi18n-sample"
ERROR - 2018-12-11 16:20:22 --> Could not find the language line "admin dashboard jsi18n-sample"
ERROR - 2018-12-11 16:20:26 --> Could not find the language line "admin dashboard jsi18n-sample"
ERROR - 2018-12-11 16:20:31 --> Could not find the language line "admin dashboard jsi18n-sample"
ERROR - 2018-12-11 16:20:44 --> Could not find the language line "admin dashboard jsi18n-sample"
ERROR - 2018-12-11 16:22:37 --> Could not find the language line "admin dashboard jsi18n-sample"
ERROR - 2018-12-11 16:22:40 --> Could not find the language line "admin dashboard jsi18n-sample"
ERROR - 2018-12-11 16:27:59 --> Could not find the language line "admin dashboard jsi18n-sample"
ERROR - 2018-12-11 16:27:59 --> Severity: Parsing Error --> syntax error, unexpected '">' (T_CONSTANT_ENCAPSED_STRING), expecting ',' or ';' /Library/WebServer/Documents/miracle/ci3_cgi/htdocs/themes/admin/med_template.php 66
ERROR - 2018-12-11 16:28:09 --> Could not find the language line "admin dashboard jsi18n-sample"
ERROR - 2018-12-11 16:28:15 --> Could not find the language line "admin dashboard jsi18n-sample"
ERROR - 2018-12-11 16:28:21 --> Could not find the language line "admin dashboard jsi18n-sample"
ERROR - 2018-12-11 16:28:25 --> Could not find the language line "admin dashboard jsi18n-sample"
ERROR - 2018-12-11 16:28:25 --> Severity: Notice --> Undefined index: date_select /Library/WebServer/Documents/miracle/ci3_cgi/htdocs/themes/admin/med_template.php 62
ERROR - 2018-12-11 16:28:53 --> Could not find the language line "admin dashboard jsi18n-sample"
ERROR - 2018-12-11 16:30:55 --> Could not find the language line "admin dashboard jsi18n-sample"
ERROR - 2018-12-11 16:31:01 --> Could not find the language line "admin dashboard jsi18n-sample"
ERROR - 2018-12-11 21:42:42 --> Could not find the language line "admin dashboard jsi18n-sample"
ERROR - 2018-12-11 21:42:50 --> Could not find the language line "admin dashboard jsi18n-sample"
ERROR - 2018-12-11 21:55:47 --> 404 Page Not Found: 
ERROR - 2018-12-11 21:56:09 --> Could not find the language line "admin dashboard jsi18n-sample"
ERROR - 2018-12-11 21:56:16 --> Could not find the language line "admin dashboard jsi18n-sample"
ERROR - 2018-12-11 21:56:21 --> 404 Page Not Found: 
ERROR - 2018-12-11 22:03:55 --> 404 Page Not Found: 
ERROR - 2018-12-11 22:04:18 --> 404 Page Not Found: 
ERROR - 2018-12-11 22:04:23 --> 404 Page Not Found: 
ERROR - 2018-12-11 22:04:25 --> Could not find the language line "admin dashboard jsi18n-sample"
ERROR - 2018-12-11 22:04:35 --> 404 Page Not Found: 
ERROR - 2018-12-11 22:04:37 --> Could not find the language line "admin dashboard jsi18n-sample"
ERROR - 2018-12-11 22:04:40 --> 404 Page Not Found: 
ERROR - 2018-12-11 22:09:07 --> Could not find the language line "admin dashboard jsi18n-sample"
ERROR - 2018-12-11 22:09:11 --> Could not find the language line "admin dashboard jsi18n-sample"
ERROR - 2018-12-11 22:09:16 --> 404 Page Not Found: 
ERROR - 2018-12-11 22:13:26 --> 404 Page Not Found: 
ERROR - 2018-12-11 22:17:10 --> Could not find the language line "admin dashboard jsi18n-sample"
ERROR - 2018-12-11 23:00:00 --> Could not find the language line "admin dashboard jsi18n-sample"
ERROR - 2018-12-11 23:00:00 --> Severity: Parsing Error --> syntax error, unexpected '''' (T_CONSTANT_ENCAPSED_STRING), expecting identifier (T_STRING) /Library/WebServer/Documents/miracle/ci3_cgi/htdocs/themes/admin/med_template.php 276
ERROR - 2018-12-11 23:03:21 --> Could not find the language line "admin dashboard jsi18n-sample"
ERROR - 2018-12-11 23:03:38 --> Could not find the language line "admin dashboard jsi18n-sample"
ERROR - 2018-12-11 23:04:04 --> Could not find the language line "admin dashboard jsi18n-sample"
ERROR - 2018-12-11 23:04:19 --> Could not find the language line "admin dashboard jsi18n-sample"
ERROR - 2018-12-11 23:05:12 --> Could not find the language line "admin dashboard jsi18n-sample"
ERROR - 2018-12-11 23:05:23 --> Could not find the language line "admin dashboard jsi18n-sample"
ERROR - 2018-12-11 23:05:58 --> Could not find the language line "admin dashboard jsi18n-sample"
ERROR - 2018-12-11 23:06:41 --> Could not find the language line "admin dashboard jsi18n-sample"
ERROR - 2018-12-11 23:08:21 --> Could not find the language line "admin dashboard jsi18n-sample"
ERROR - 2018-12-11 23:08:37 --> Could not find the language line "admin dashboard jsi18n-sample"
ERROR - 2018-12-11 23:08:43 --> Could not find the language line "admin dashboard jsi18n-sample"
ERROR - 2018-12-11 23:08:56 --> Could not find the language line "admin dashboard jsi18n-sample"
ERROR - 2018-12-11 23:12:01 --> Could not find the language line "admin dashboard jsi18n-sample"
ERROR - 2018-12-11 23:12:10 --> Could not find the language line "admin dashboard jsi18n-sample"
ERROR - 2018-12-11 23:16:32 --> Could not find the language line "admin dashboard jsi18n-sample"
ERROR - 2018-12-11 23:16:39 --> Could not find the language line "admin dashboard jsi18n-sample"
ERROR - 2018-12-11 23:21:06 --> Could not find the language line "admin dashboard jsi18n-sample"
ERROR - 2018-12-11 23:21:15 --> Could not find the language line "admin dashboard jsi18n-sample"
ERROR - 2018-12-11 23:21:22 --> Could not find the language line "admin dashboard jsi18n-sample"
ERROR - 2018-12-11 23:21:44 --> Could not find the language line "admin dashboard jsi18n-sample"
ERROR - 2018-12-11 23:23:51 --> Could not find the language line "admin dashboard jsi18n-sample"
ERROR - 2018-12-11 23:23:57 --> Could not find the language line "admin dashboard jsi18n-sample"
ERROR - 2018-12-11 23:25:56 --> Could not find the language line "admin dashboard jsi18n-sample"
ERROR - 2018-12-11 23:26:01 --> Could not find the language line "admin dashboard jsi18n-sample"
ERROR - 2018-12-11 23:26:08 --> Could not find the language line "admin dashboard jsi18n-sample"
ERROR - 2018-12-11 23:26:12 --> Could not find the language line "admin dashboard jsi18n-sample"
ERROR - 2018-12-11 23:26:27 --> Could not find the language line "admin dashboard jsi18n-sample"
ERROR - 2018-12-11 23:26:30 --> Could not find the language line "admin dashboard jsi18n-sample"
ERROR - 2018-12-11 23:26:33 --> Could not find the language line "admin dashboard jsi18n-sample"
ERROR - 2018-12-11 23:26:40 --> Could not find the language line "admin dashboard jsi18n-sample"
ERROR - 2018-12-11 23:30:49 --> Could not find the language line "admin dashboard jsi18n-sample"
ERROR - 2018-12-11 23:30:58 --> Could not find the language line "admin dashboard jsi18n-sample"
ERROR - 2018-12-11 23:31:15 --> Could not find the language line "admin dashboard jsi18n-sample"
ERROR - 2018-12-11 23:32:52 --> Could not find the language line "admin dashboard jsi18n-sample"
ERROR - 2018-12-11 23:32:52 --> Severity: Notice --> Undefined variable: date /Library/WebServer/Documents/miracle/ci3_cgi/application/modules/Med/controllers/Med.php 17
ERROR - 2018-12-11 23:34:06 --> Could not find the language line "admin dashboard jsi18n-sample"
ERROR - 2018-12-11 23:34:15 --> Could not find the language line "admin dashboard jsi18n-sample"
ERROR - 2018-12-11 23:34:21 --> Could not find the language line "admin dashboard jsi18n-sample"
ERROR - 2018-12-11 23:34:43 --> Could not find the language line "admin dashboard jsi18n-sample"
ERROR - 2018-12-11 23:36:12 --> Could not find the language line "admin dashboard jsi18n-sample"
ERROR - 2018-12-11 23:36:31 --> Could not find the language line "admin dashboard jsi18n-sample"
ERROR - 2018-12-11 23:37:01 --> Could not find the language line "admin dashboard jsi18n-sample"
ERROR - 2018-12-11 23:38:04 --> Could not find the language line "admin dashboard jsi18n-sample"
ERROR - 2018-12-11 23:38:09 --> Could not find the language line "admin dashboard jsi18n-sample"
ERROR - 2018-12-11 23:38:40 --> Could not find the language line "admin dashboard jsi18n-sample"
ERROR - 2018-12-11 23:38:49 --> Could not find the language line "admin dashboard jsi18n-sample"
ERROR - 2018-12-11 23:38:56 --> Could not find the language line "admin dashboard jsi18n-sample"
ERROR - 2018-12-11 23:42:28 --> Could not find the language line "admin dashboard jsi18n-sample"
ERROR - 2018-12-11 23:42:37 --> Could not find the language line "admin dashboard jsi18n-sample"
ERROR - 2018-12-11 23:42:46 --> Could not find the language line "admin dashboard jsi18n-sample"
ERROR - 2018-12-11 23:42:53 --> Could not find the language line "admin dashboard jsi18n-sample"
ERROR - 2018-12-11 23:43:05 --> Could not find the language line "admin dashboard jsi18n-sample"
ERROR - 2018-12-11 23:43:11 --> Could not find the language line "admin dashboard jsi18n-sample"
ERROR - 2018-12-11 23:43:17 --> Could not find the language line "admin dashboard jsi18n-sample"
ERROR - 2018-12-11 23:47:43 --> Could not find the language line "admin dashboard jsi18n-sample"
ERROR - 2018-12-11 23:47:53 --> Could not find the language line "admin dashboard jsi18n-sample"
ERROR - 2018-12-11 23:48:06 --> Could not find the language line "admin dashboard jsi18n-sample"
ERROR - 2018-12-11 23:48:49 --> Could not find the language line "admin dashboard jsi18n-sample"
ERROR - 2018-12-11 23:49:08 --> Could not find the language line "admin dashboard jsi18n-sample"
ERROR - 2018-12-11 23:49:15 --> Could not find the language line "admin dashboard jsi18n-sample"
ERROR - 2018-12-11 23:51:35 --> Could not find the language line "admin dashboard jsi18n-sample"
ERROR - 2018-12-11 23:51:41 --> Could not find the language line "admin dashboard jsi18n-sample"
ERROR - 2018-12-11 23:52:08 --> Could not find the language line "admin dashboard jsi18n-sample"
ERROR - 2018-12-11 23:55:19 --> Could not find the language line "admin dashboard jsi18n-sample"
ERROR - 2018-12-11 23:55:30 --> Could not find the language line "admin dashboard jsi18n-sample"
ERROR - 2018-12-11 23:58:49 --> Could not find the language line "admin dashboard jsi18n-sample"
ERROR - 2018-12-11 23:59:05 --> Could not find the language line "admin dashboard jsi18n-sample"
