ERROR - 2018-11-14 02:33:34 --> Could not find the language line "admin dashboard jsi18n-sample"
ERROR - 2018-11-14 02:33:38 --> Could not find the language line "admin dashboard jsi18n-sample"
ERROR - 2018-11-14 02:33:43 --> Could not find the language line "admin dashboard jsi18n-sample"
ERROR - 2018-11-14 02:33:50 --> Could not find the language line "admin dashboard jsi18n-sample"
ERROR - 2018-11-14 02:33:52 --> Could not find the language line "admin dashboard jsi18n-sample"
ERROR - 2018-11-14 02:33:54 --> Could not find the language line "admin dashboard jsi18n-sample"
ERROR - 2018-11-14 02:33:55 --> Could not find the language line "admin dashboard jsi18n-sample"
ERROR - 2018-11-14 02:34:00 --> Could not find the language line "admin dashboard jsi18n-sample"
ERROR - 2018-11-14 02:34:00 --> Could not find the language line "admin dashboard jsi18n-sample"
ERROR - 2018-11-14 02:41:14 --> Could not find the language line "admin dashboard jsi18n-sample"
ERROR - 2018-11-14 09:41:21 --> 404 Page Not Found: /index
ERROR - 2018-11-14 02:43:01 --> Could not find the language line "admin dashboard jsi18n-sample"
ERROR - 2018-11-14 02:44:11 --> Could not find the language line "admin dashboard jsi18n-sample"
ERROR - 2018-11-14 02:44:15 --> Could not find the language line "admin dashboard jsi18n-sample"
ERROR - 2018-11-14 09:44:19 --> 404 Page Not Found: /index
ERROR - 2018-11-14 02:45:29 --> Could not find the language line "admin dashboard jsi18n-sample"
ERROR - 2018-11-14 02:46:15 --> Could not find the language line "admin dashboard jsi18n-sample"
ERROR - 2018-11-14 02:46:21 --> Could not find the language line "admin dashboard jsi18n-sample"
ERROR - 2018-11-14 02:47:41 --> Could not find the language line "admin dashboard jsi18n-sample"
ERROR - 2018-11-14 02:47:49 --> Could not find the language line "admin dashboard jsi18n-sample"
ERROR - 2018-11-14 02:47:56 --> Could not find the language line "admin dashboard jsi18n-sample"
ERROR - 2018-11-14 02:50:01 --> Could not find the language line "admin dashboard jsi18n-sample"
ERROR - 2018-11-14 02:50:09 --> Could not find the language line "admin dashboard jsi18n-sample"
ERROR - 2018-11-14 02:50:11 --> Could not find the language line "admin dashboard jsi18n-sample"
ERROR - 2018-11-14 02:54:54 --> Could not find the language line "admin dashboard jsi18n-sample"
ERROR - 2018-11-14 02:55:04 --> Could not find the language line "admin dashboard jsi18n-sample"
ERROR - 2018-11-14 02:55:06 --> Could not find the language line "admin dashboard jsi18n-sample"
ERROR - 2018-11-14 02:55:44 --> Could not find the language line "admin dashboard jsi18n-sample"
ERROR - 2018-11-14 02:55:49 --> Could not find the language line "admin dashboard jsi18n-sample"
ERROR - 2018-11-14 02:56:46 --> Could not find the language line "admin dashboard jsi18n-sample"
ERROR - 2018-11-14 02:56:49 --> Could not find the language line "admin dashboard jsi18n-sample"
ERROR - 2018-11-14 02:56:56 --> Could not find the language line "admin dashboard jsi18n-sample"
ERROR - 2018-11-14 02:57:00 --> Could not find the language line "admin dashboard jsi18n-sample"
ERROR - 2018-11-14 02:57:40 --> Could not find the language line "admin dashboard jsi18n-sample"
ERROR - 2018-11-14 02:57:52 --> Could not find the language line "admin dashboard jsi18n-sample"
ERROR - 2018-11-14 02:57:54 --> Could not find the language line "admin dashboard jsi18n-sample"
ERROR - 2018-11-14 02:59:05 --> Could not find the language line "admin dashboard jsi18n-sample"
ERROR - 2018-11-14 03:01:02 --> Could not find the language line "admin dashboard jsi18n-sample"
ERROR - 2018-11-14 03:02:39 --> Could not find the language line "admin dashboard jsi18n-sample"
ERROR - 2018-11-14 03:02:42 --> Could not find the language line "admin dashboard jsi18n-sample"
ERROR - 2018-11-14 03:02:58 --> Could not find the language line "admin dashboard jsi18n-sample"
ERROR - 2018-11-14 03:03:00 --> Could not find the language line "admin dashboard jsi18n-sample"
ERROR - 2018-11-14 03:03:36 --> Could not find the language line "admin dashboard jsi18n-sample"
ERROR - 2018-11-14 03:04:05 --> Could not find the language line "admin dashboard jsi18n-sample"
ERROR - 2018-11-14 03:04:17 --> Could not find the language line "admin dashboard jsi18n-sample"
ERROR - 2018-11-14 03:04:38 --> Could not find the language line "admin dashboard jsi18n-sample"
ERROR - 2018-11-14 03:05:57 --> Could not find the language line "admin dashboard jsi18n-sample"
ERROR - 2018-11-14 03:07:50 --> Could not find the language line "admin dashboard jsi18n-sample"
ERROR - 2018-11-14 03:07:52 --> Could not find the language line "admin dashboard jsi18n-sample"
ERROR - 2018-11-14 03:07:55 --> Could not find the language line "admin dashboard jsi18n-sample"
ERROR - 2018-11-14 03:07:58 --> Could not find the language line "admin dashboard jsi18n-sample"
ERROR - 2018-11-14 03:08:18 --> Could not find the language line "admin dashboard jsi18n-sample"
ERROR - 2018-11-14 03:09:02 --> Could not find the language line "admin dashboard jsi18n-sample"
ERROR - 2018-11-14 03:09:23 --> Could not find the language line "admin dashboard jsi18n-sample"
ERROR - 2018-11-14 03:11:04 --> Could not find the language line "admin dashboard jsi18n-sample"
ERROR - 2018-11-14 03:11:25 --> Could not find the language line "admin dashboard jsi18n-sample"
ERROR - 2018-11-14 03:11:27 --> Could not find the language line "admin dashboard jsi18n-sample"
ERROR - 2018-11-14 03:11:39 --> Could not find the language line "admin dashboard jsi18n-sample"
ERROR - 2018-11-14 03:13:03 --> Could not find the language line "admin dashboard jsi18n-sample"
ERROR - 2018-11-14 03:14:03 --> Could not find the language line "admin dashboard jsi18n-sample"
ERROR - 2018-11-14 03:20:15 --> Could not find the language line "admin dashboard jsi18n-sample"
ERROR - 2018-11-14 03:20:25 --> Could not find the language line "admin dashboard jsi18n-sample"
ERROR - 2018-11-14 03:20:51 --> Could not find the language line "admin dashboard jsi18n-sample"
ERROR - 2018-11-14 03:21:59 --> Could not find the language line "admin dashboard jsi18n-sample"
ERROR - 2018-11-14 03:24:30 --> Could not find the language line "admin dashboard jsi18n-sample"
ERROR - 2018-11-14 03:24:40 --> Could not find the language line "admin dashboard jsi18n-sample"
ERROR - 2018-11-14 03:26:27 --> Could not find the language line "admin dashboard jsi18n-sample"
ERROR - 2018-11-14 03:27:02 --> Could not find the language line "admin dashboard jsi18n-sample"
ERROR - 2018-11-14 03:27:11 --> Could not find the language line "admin dashboard jsi18n-sample"
ERROR - 2018-11-14 03:29:29 --> Could not find the language line "admin dashboard jsi18n-sample"
ERROR - 2018-11-14 03:29:29 --> Severity: Parsing Error --> syntax error, unexpected '<' /Library/WebServer/Documents/miracle/ci3_cgi/application/modules/Appointment/views/appointment_index.php 19
ERROR - 2018-11-14 03:29:42 --> Could not find the language line "admin dashboard jsi18n-sample"
ERROR - 2018-11-14 03:30:24 --> Could not find the language line "admin dashboard jsi18n-sample"
ERROR - 2018-11-14 03:32:57 --> Could not find the language line "admin dashboard jsi18n-sample"
ERROR - 2018-11-14 03:33:12 --> Could not find the language line "admin dashboard jsi18n-sample"
ERROR - 2018-11-14 03:34:38 --> Could not find the language line "admin dashboard jsi18n-sample"
ERROR - 2018-11-14 03:35:00 --> Could not find the language line "admin dashboard jsi18n-sample"
ERROR - 2018-11-14 10:35:04 --> 404 Page Not Found: /index
ERROR - 2018-11-14 03:35:09 --> Could not find the language line "admin dashboard jsi18n-sample"
ERROR - 2018-11-14 03:35:19 --> Could not find the language line "admin dashboard jsi18n-sample"
ERROR - 2018-11-14 03:37:11 --> Could not find the language line "admin dashboard jsi18n-sample"
ERROR - 2018-11-14 03:37:31 --> Could not find the language line "admin dashboard jsi18n-sample"
ERROR - 2018-11-14 03:39:24 --> Could not find the language line "admin dashboard jsi18n-sample"
ERROR - 2018-11-14 10:39:53 --> 404 Page Not Found: /index
ERROR - 2018-11-14 03:40:49 --> Could not find the language line "admin dashboard jsi18n-sample"
ERROR - 2018-11-14 10:40:51 --> 404 Page Not Found: /index
ERROR - 2018-11-14 03:41:51 --> Could not find the language line "admin dashboard jsi18n-sample"
ERROR - 2018-11-14 10:41:53 --> 404 Page Not Found: /index
ERROR - 2018-11-14 03:43:23 --> Could not find the language line "admin dashboard jsi18n-sample"
ERROR - 2018-11-14 03:43:54 --> Could not find the language line "admin dashboard jsi18n-sample"
ERROR - 2018-11-14 03:44:01 --> Could not find the language line "admin dashboard jsi18n-sample"
ERROR - 2018-11-14 03:45:36 --> Could not find the language line "admin dashboard jsi18n-sample"
ERROR - 2018-11-14 03:48:09 --> Could not find the language line "admin dashboard jsi18n-sample"
ERROR - 2018-11-14 03:49:23 --> Could not find the language line "admin dashboard jsi18n-sample"
ERROR - 2018-11-14 03:49:47 --> Could not find the language line "admin dashboard jsi18n-sample"
ERROR - 2018-11-14 03:50:59 --> Could not find the language line "admin dashboard jsi18n-sample"
ERROR - 2018-11-14 03:51:40 --> Could not find the language line "admin dashboard jsi18n-sample"
ERROR - 2018-11-14 03:52:07 --> Could not find the language line "admin dashboard jsi18n-sample"
ERROR - 2018-11-14 03:52:42 --> Could not find the language line "admin dashboard jsi18n-sample"
ERROR - 2018-11-14 04:01:54 --> Could not find the language line "admin dashboard jsi18n-sample"
ERROR - 2018-11-14 04:02:53 --> Could not find the language line "admin dashboard jsi18n-sample"
ERROR - 2018-11-14 04:03:38 --> Could not find the language line "admin dashboard jsi18n-sample"
ERROR - 2018-11-14 04:04:09 --> Could not find the language line "admin dashboard jsi18n-sample"
ERROR - 2018-11-14 04:04:20 --> Could not find the language line "admin dashboard jsi18n-sample"
ERROR - 2018-11-14 04:04:24 --> Could not find the language line "admin dashboard jsi18n-sample"
ERROR - 2018-11-14 04:04:32 --> Could not find the language line "admin dashboard jsi18n-sample"
ERROR - 2018-11-14 04:07:19 --> Could not find the language line "admin dashboard jsi18n-sample"
ERROR - 2018-11-14 04:10:34 --> Could not find the language line "admin dashboard jsi18n-sample"
ERROR - 2018-11-14 04:22:37 --> Could not find the language line "admin dashboard jsi18n-sample"
ERROR - 2018-11-14 04:23:08 --> Could not find the language line "admin dashboard jsi18n-sample"
ERROR - 2018-11-14 05:15:30 --> Could not find the language line "admin dashboard jsi18n-sample"
ERROR - 2018-11-14 05:16:15 --> Could not find the language line "admin dashboard jsi18n-sample"
ERROR - 2018-11-14 05:17:33 --> Could not find the language line "admin dashboard jsi18n-sample"
ERROR - 2018-11-14 05:19:07 --> Could not find the language line "admin dashboard jsi18n-sample"
ERROR - 2018-11-14 05:19:07 --> Severity: Notice --> Undefined variable: med_station /Library/WebServer/Documents/miracle/ci3_cgi/htdocs/themes/admin/med_template.php 195
ERROR - 2018-11-14 05:19:07 --> Severity: Notice --> Trying to get property of non-object /Library/WebServer/Documents/miracle/ci3_cgi/htdocs/themes/admin/med_template.php 195
ERROR - 2018-11-14 05:19:36 --> Could not find the language line "admin dashboard jsi18n-sample"
ERROR - 2018-11-14 05:19:36 --> Severity: Notice --> Undefined variable: med_station /Library/WebServer/Documents/miracle/ci3_cgi/htdocs/themes/admin/med_template.php 197
ERROR - 2018-11-14 05:19:36 --> Severity: Notice --> Trying to get property of non-object /Library/WebServer/Documents/miracle/ci3_cgi/htdocs/themes/admin/med_template.php 197
ERROR - 2018-11-14 05:20:38 --> Could not find the language line "admin dashboard jsi18n-sample"
ERROR - 2018-11-14 05:20:38 --> Severity: Notice --> Undefined variable: med_station /Library/WebServer/Documents/miracle/ci3_cgi/htdocs/themes/admin/med_template.php 196
ERROR - 2018-11-14 05:20:38 --> Severity: Notice --> Trying to get property of non-object /Library/WebServer/Documents/miracle/ci3_cgi/htdocs/themes/admin/med_template.php 196
ERROR - 2018-11-14 05:21:08 --> Could not find the language line "admin dashboard jsi18n-sample"
ERROR - 2018-11-14 05:21:08 --> Severity: Notice --> Undefined variable: med_station /Library/WebServer/Documents/miracle/ci3_cgi/htdocs/themes/admin/med_template.php 196
ERROR - 2018-11-14 05:21:08 --> Severity: Notice --> Trying to get property of non-object /Library/WebServer/Documents/miracle/ci3_cgi/htdocs/themes/admin/med_template.php 196
ERROR - 2018-11-14 05:22:31 --> Could not find the language line "admin dashboard jsi18n-sample"
ERROR - 2018-11-14 05:22:31 --> Severity: Notice --> Undefined variable: med_station /Library/WebServer/Documents/miracle/ci3_cgi/htdocs/themes/admin/med_template.php 196
ERROR - 2018-11-14 05:22:31 --> Severity: Notice --> Trying to get property of non-object /Library/WebServer/Documents/miracle/ci3_cgi/htdocs/themes/admin/med_template.php 196
ERROR - 2018-11-14 05:23:55 --> Could not find the language line "admin dashboard jsi18n-sample"
ERROR - 2018-11-14 09:44:08 --> Could not find the language line "admin dashboard jsi18n-sample"
ERROR - 2018-11-14 16:44:33 --> 404 Page Not Found: /index
ERROR - 2018-11-14 16:44:39 --> 404 Page Not Found: /index
ERROR - 2018-11-14 09:45:06 --> Could not find the language line "admin dashboard jsi18n-sample"
ERROR - 2018-11-14 16:45:10 --> 404 Page Not Found: /index
ERROR - 2018-11-14 09:46:55 --> Could not find the language line "admin dashboard jsi18n-sample"
ERROR - 2018-11-14 16:46:58 --> 404 Page Not Found: /index
ERROR - 2018-11-14 09:47:09 --> Could not find the language line "admin dashboard jsi18n-sample"
ERROR - 2018-11-14 16:47:10 --> 404 Page Not Found: /index
ERROR - 2018-11-14 16:47:11 --> 404 Page Not Found: /index
ERROR - 2018-11-14 16:47:11 --> 404 Page Not Found: /index
ERROR - 2018-11-14 16:47:11 --> 404 Page Not Found: /index
ERROR - 2018-11-14 16:47:11 --> 404 Page Not Found: /index
ERROR - 2018-11-14 09:56:15 --> Could not find the language line "admin dashboard jsi18n-sample"
ERROR - 2018-11-14 09:57:28 --> Could not find the language line "admin dashboard jsi18n-sample"
ERROR - 2018-11-14 09:59:53 --> Could not find the language line "admin dashboard jsi18n-sample"
ERROR - 2018-11-14 10:06:38 --> Could not find the language line "admin dashboard jsi18n-sample"
ERROR - 2018-11-14 10:08:48 --> Could not find the language line "admin dashboard jsi18n-sample"
ERROR - 2018-11-14 10:12:36 --> Could not find the language line "admin dashboard jsi18n-sample"
ERROR - 2018-11-14 10:16:13 --> Could not find the language line "admin dashboard jsi18n-sample"
ERROR - 2018-11-14 10:17:25 --> Could not find the language line "admin dashboard jsi18n-sample"
ERROR - 2018-11-14 10:19:01 --> Severity: Notice --> Array to string conversion /Library/WebServer/Documents/miracle/ci3_cgi/application/modules/Appointment/controllers/Appointment.php 48
ERROR - 2018-11-14 10:19:35 --> Severity: Notice --> Array to string conversion /Library/WebServer/Documents/miracle/ci3_cgi/application/modules/Appointment/controllers/Appointment.php 48
ERROR - 2018-11-14 10:19:41 --> Severity: Notice --> Array to string conversion /Library/WebServer/Documents/miracle/ci3_cgi/application/modules/Appointment/controllers/Appointment.php 48
ERROR - 2018-11-14 10:20:32 --> Severity: Notice --> Array to string conversion /Library/WebServer/Documents/miracle/ci3_cgi/application/modules/Appointment/controllers/Appointment.php 48
ERROR - 2018-11-14 10:21:51 --> Could not find the language line "admin dashboard jsi18n-sample"
ERROR - 2018-11-14 10:22:18 --> Could not find the language line "admin dashboard jsi18n-sample"
ERROR - 2018-11-14 10:25:06 --> Could not find the language line "admin dashboard jsi18n-sample"
ERROR - 2018-11-14 10:28:07 --> Could not find the language line "admin dashboard jsi18n-sample"
ERROR - 2018-11-14 10:28:46 --> Could not find the language line "admin dashboard jsi18n-sample"
ERROR - 2018-11-14 14:04:09 --> Could not find the language line "admin dashboard jsi18n-sample"
ERROR - 2018-11-14 14:04:09 --> Could not find the language line "admin dashboard jsi18n-sample"
ERROR - 2018-11-14 14:04:18 --> Could not find the language line "admin dashboard jsi18n-sample"
ERROR - 2018-11-14 14:04:29 --> Could not find the language line "admin dashboard jsi18n-sample"
ERROR - 2018-11-14 14:04:32 --> Could not find the language line "admin dashboard jsi18n-sample"
ERROR - 2018-11-14 14:04:35 --> Could not find the language line "admin dashboard jsi18n-sample"
ERROR - 2018-11-14 14:04:40 --> Could not find the language line "admin dashboard jsi18n-sample"
ERROR - 2018-11-14 14:32:27 --> Could not find the language line "admin dashboard jsi18n-sample"
ERROR - 2018-11-14 14:32:27 --> Severity: Notice --> Undefined variable: content_left /Library/WebServer/Documents/miracle/ci3_cgi/htdocs/themes/admin/med_template.php 69
ERROR - 2018-11-14 14:34:14 --> Could not find the language line "admin dashboard jsi18n-sample"
ERROR - 2018-11-14 14:39:56 --> Could not find the language line "admin dashboard jsi18n-sample"
ERROR - 2018-11-14 14:40:55 --> Could not find the language line "admin dashboard jsi18n-sample"
ERROR - 2018-11-14 14:43:18 --> Could not find the language line "admin dashboard jsi18n-sample"
ERROR - 2018-11-14 14:43:34 --> Could not find the language line "admin dashboard jsi18n-sample"
ERROR - 2018-11-14 14:43:41 --> Could not find the language line "admin dashboard jsi18n-sample"
ERROR - 2018-11-14 14:48:14 --> Could not find the language line "admin dashboard jsi18n-sample"
ERROR - 2018-11-14 14:50:02 --> Could not find the language line "admin dashboard jsi18n-sample"
ERROR - 2018-11-14 14:50:08 --> Could not find the language line "admin dashboard jsi18n-sample"
ERROR - 2018-11-14 14:51:56 --> Could not find the language line "admin dashboard jsi18n-sample"
ERROR - 2018-11-14 14:52:12 --> Could not find the language line "admin dashboard jsi18n-sample"
ERROR - 2018-11-14 14:52:29 --> Could not find the language line "admin dashboard jsi18n-sample"
ERROR - 2018-11-14 14:52:59 --> Could not find the language line "admin dashboard jsi18n-sample"
ERROR - 2018-11-14 14:53:17 --> Could not find the language line "admin dashboard jsi18n-sample"
ERROR - 2018-11-14 14:53:32 --> Could not find the language line "admin dashboard jsi18n-sample"
ERROR - 2018-11-14 14:54:03 --> Could not find the language line "admin dashboard jsi18n-sample"
ERROR - 2018-11-14 14:57:26 --> Could not find the language line "admin dashboard jsi18n-sample"
ERROR - 2018-11-14 14:57:58 --> Could not find the language line "admin dashboard jsi18n-sample"
ERROR - 2018-11-14 14:59:06 --> Could not find the language line "admin dashboard jsi18n-sample"
ERROR - 2018-11-14 22:27:02 --> Severity: Parsing Error --> syntax error, unexpected 'echo' (T_ECHO) /Library/WebServer/Documents/miracle/ci3_cgi/application/modules/Appointment/controllers/Appointment.php 53
ERROR - 2018-11-14 15:29:21 --> Could not find the language line "admin dashboard jsi18n-sample"
ERROR - 2018-11-14 15:29:21 --> Severity: Warning --> pg_query(): Query failed: ERROR:  invalid input syntax for type timestamp: &quot;4&quot;
LINE 3: ...ERE &quot;frontmed&quot;.&quot;neural_appointment&quot;.&quot;appointment_date&quot; = '4'
                                                                    ^ /Library/WebServer/Documents/miracle/ci3_cgi/system/database/drivers/postgre/postgre_driver.php 242
ERROR - 2018-11-14 15:29:21 --> Query error: ERROR:  invalid input syntax for type timestamp: "4"
LINE 3: ...ERE "frontmed"."neural_appointment"."appointment_date" = '4'
                                                                    ^ - Invalid query: SELECT "neural_appointment".*, to_char(neural_appointment.appointment_date, 'DD/MM/YYYY') AS appointment_date_th
FROM "frontmed"."neural_appointment"
WHERE "frontmed"."neural_appointment"."appointment_date" = '4'
AND "frontmed"."neural_appointment"."deleted" = 'f'
ORDER BY "frontmed"."neural_appointment"."id" ASC
ERROR - 2018-11-14 15:29:21 --> Severity: Warning --> pg_query(): Query failed: ERROR:  invalid input syntax for type timestamp: &quot;5&quot;
LINE 3: ...ERE &quot;frontmed&quot;.&quot;neural_appointment&quot;.&quot;appointment_date&quot; = '5'
                                                                    ^ /Library/WebServer/Documents/miracle/ci3_cgi/system/database/drivers/postgre/postgre_driver.php 242
ERROR - 2018-11-14 15:29:21 --> Query error: ERROR:  invalid input syntax for type timestamp: "5"
LINE 3: ...ERE "frontmed"."neural_appointment"."appointment_date" = '5'
                                                                    ^ - Invalid query: SELECT "neural_appointment".*, to_char(neural_appointment.appointment_date, 'DD/MM/YYYY') AS appointment_date_th
FROM "frontmed"."neural_appointment"
WHERE "frontmed"."neural_appointment"."appointment_date" = '5'
AND "frontmed"."neural_appointment"."deleted" = 'f'
ORDER BY "frontmed"."neural_appointment"."id" ASC
ERROR - 2018-11-14 15:29:21 --> Severity: Warning --> pg_query(): Query failed: ERROR:  invalid input syntax for type timestamp: &quot;7&quot;
LINE 3: ...ERE &quot;frontmed&quot;.&quot;neural_appointment&quot;.&quot;appointment_date&quot; = '7'
                                                                    ^ /Library/WebServer/Documents/miracle/ci3_cgi/system/database/drivers/postgre/postgre_driver.php 242
ERROR - 2018-11-14 15:29:21 --> Query error: ERROR:  invalid input syntax for type timestamp: "7"
LINE 3: ...ERE "frontmed"."neural_appointment"."appointment_date" = '7'
                                                                    ^ - Invalid query: SELECT "neural_appointment".*, to_char(neural_appointment.appointment_date, 'DD/MM/YYYY') AS appointment_date_th
FROM "frontmed"."neural_appointment"
WHERE "frontmed"."neural_appointment"."appointment_date" = '7'
AND "frontmed"."neural_appointment"."deleted" = 'f'
ORDER BY "frontmed"."neural_appointment"."id" ASC
ERROR - 2018-11-14 15:29:21 --> Severity: Warning --> pg_query(): Query failed: ERROR:  invalid input syntax for type timestamp: &quot;9&quot;
LINE 3: ...ERE &quot;frontmed&quot;.&quot;neural_appointment&quot;.&quot;appointment_date&quot; = '9'
                                                                    ^ /Library/WebServer/Documents/miracle/ci3_cgi/system/database/drivers/postgre/postgre_driver.php 242
ERROR - 2018-11-14 15:29:21 --> Query error: ERROR:  invalid input syntax for type timestamp: "9"
LINE 3: ...ERE "frontmed"."neural_appointment"."appointment_date" = '9'
                                                                    ^ - Invalid query: SELECT "neural_appointment".*, to_char(neural_appointment.appointment_date, 'DD/MM/YYYY') AS appointment_date_th
FROM "frontmed"."neural_appointment"
WHERE "frontmed"."neural_appointment"."appointment_date" = '9'
AND "frontmed"."neural_appointment"."deleted" = 'f'
ORDER BY "frontmed"."neural_appointment"."id" ASC
ERROR - 2018-11-14 15:29:21 --> Severity: Warning --> pg_query(): Query failed: ERROR:  invalid input syntax for type timestamp: &quot;10&quot;
LINE 3: ...RE &quot;frontmed&quot;.&quot;neural_appointment&quot;.&quot;appointment_date&quot; = '10'
                                                                   ^ /Library/WebServer/Documents/miracle/ci3_cgi/system/database/drivers/postgre/postgre_driver.php 242
ERROR - 2018-11-14 15:29:21 --> Query error: ERROR:  invalid input syntax for type timestamp: "10"
LINE 3: ...RE "frontmed"."neural_appointment"."appointment_date" = '10'
                                                                   ^ - Invalid query: SELECT "neural_appointment".*, to_char(neural_appointment.appointment_date, 'DD/MM/YYYY') AS appointment_date_th
FROM "frontmed"."neural_appointment"
WHERE "frontmed"."neural_appointment"."appointment_date" = '10'
AND "frontmed"."neural_appointment"."deleted" = 'f'
ORDER BY "frontmed"."neural_appointment"."id" ASC
ERROR - 2018-11-14 15:29:28 --> Could not find the language line "admin dashboard jsi18n-sample"
ERROR - 2018-11-14 15:29:29 --> Severity: Warning --> pg_query(): Query failed: ERROR:  invalid input syntax for type timestamp: &quot;4&quot;
LINE 3: ...ERE &quot;frontmed&quot;.&quot;neural_appointment&quot;.&quot;appointment_date&quot; = '4'
                                                                    ^ /Library/WebServer/Documents/miracle/ci3_cgi/system/database/drivers/postgre/postgre_driver.php 242
ERROR - 2018-11-14 15:29:29 --> Query error: ERROR:  invalid input syntax for type timestamp: "4"
LINE 3: ...ERE "frontmed"."neural_appointment"."appointment_date" = '4'
                                                                    ^ - Invalid query: SELECT "neural_appointment".*, to_char(neural_appointment.appointment_date, 'DD/MM/YYYY') AS appointment_date_th
FROM "frontmed"."neural_appointment"
WHERE "frontmed"."neural_appointment"."appointment_date" = '4'
AND "frontmed"."neural_appointment"."deleted" = 'f'
ORDER BY "frontmed"."neural_appointment"."id" ASC
ERROR - 2018-11-14 15:29:29 --> Severity: Warning --> pg_query(): Query failed: ERROR:  invalid input syntax for type timestamp: &quot;5&quot;
LINE 3: ...ERE &quot;frontmed&quot;.&quot;neural_appointment&quot;.&quot;appointment_date&quot; = '5'
                                                                    ^ /Library/WebServer/Documents/miracle/ci3_cgi/system/database/drivers/postgre/postgre_driver.php 242
ERROR - 2018-11-14 15:29:29 --> Query error: ERROR:  invalid input syntax for type timestamp: "5"
LINE 3: ...ERE "frontmed"."neural_appointment"."appointment_date" = '5'
                                                                    ^ - Invalid query: SELECT "neural_appointment".*, to_char(neural_appointment.appointment_date, 'DD/MM/YYYY') AS appointment_date_th
FROM "frontmed"."neural_appointment"
WHERE "frontmed"."neural_appointment"."appointment_date" = '5'
AND "frontmed"."neural_appointment"."deleted" = 'f'
ORDER BY "frontmed"."neural_appointment"."id" ASC
ERROR - 2018-11-14 15:29:29 --> Severity: Warning --> pg_query(): Query failed: ERROR:  invalid input syntax for type timestamp: &quot;7&quot;
LINE 3: ...ERE &quot;frontmed&quot;.&quot;neural_appointment&quot;.&quot;appointment_date&quot; = '7'
                                                                    ^ /Library/WebServer/Documents/miracle/ci3_cgi/system/database/drivers/postgre/postgre_driver.php 242
ERROR - 2018-11-14 15:29:29 --> Query error: ERROR:  invalid input syntax for type timestamp: "7"
LINE 3: ...ERE "frontmed"."neural_appointment"."appointment_date" = '7'
                                                                    ^ - Invalid query: SELECT "neural_appointment".*, to_char(neural_appointment.appointment_date, 'DD/MM/YYYY') AS appointment_date_th
FROM "frontmed"."neural_appointment"
WHERE "frontmed"."neural_appointment"."appointment_date" = '7'
AND "frontmed"."neural_appointment"."deleted" = 'f'
ORDER BY "frontmed"."neural_appointment"."id" ASC
ERROR - 2018-11-14 15:29:29 --> Severity: Warning --> pg_query(): Query failed: ERROR:  invalid input syntax for type timestamp: &quot;10&quot;
LINE 3: ...RE &quot;frontmed&quot;.&quot;neural_appointment&quot;.&quot;appointment_date&quot; = '10'
                                                                   ^ /Library/WebServer/Documents/miracle/ci3_cgi/system/database/drivers/postgre/postgre_driver.php 242
ERROR - 2018-11-14 15:29:29 --> Query error: ERROR:  invalid input syntax for type timestamp: "10"
LINE 3: ...RE "frontmed"."neural_appointment"."appointment_date" = '10'
                                                                   ^ - Invalid query: SELECT "neural_appointment".*, to_char(neural_appointment.appointment_date, 'DD/MM/YYYY') AS appointment_date_th
FROM "frontmed"."neural_appointment"
WHERE "frontmed"."neural_appointment"."appointment_date" = '10'
AND "frontmed"."neural_appointment"."deleted" = 'f'
ORDER BY "frontmed"."neural_appointment"."id" ASC
ERROR - 2018-11-14 15:29:29 --> Severity: Warning --> pg_query(): Query failed: ERROR:  invalid input syntax for type timestamp: &quot;9&quot;
LINE 3: ...ERE &quot;frontmed&quot;.&quot;neural_appointment&quot;.&quot;appointment_date&quot; = '9'
                                                                    ^ /Library/WebServer/Documents/miracle/ci3_cgi/system/database/drivers/postgre/postgre_driver.php 242
ERROR - 2018-11-14 15:29:29 --> Query error: ERROR:  invalid input syntax for type timestamp: "9"
LINE 3: ...ERE "frontmed"."neural_appointment"."appointment_date" = '9'
                                                                    ^ - Invalid query: SELECT "neural_appointment".*, to_char(neural_appointment.appointment_date, 'DD/MM/YYYY') AS appointment_date_th
FROM "frontmed"."neural_appointment"
WHERE "frontmed"."neural_appointment"."appointment_date" = '9'
AND "frontmed"."neural_appointment"."deleted" = 'f'
ORDER BY "frontmed"."neural_appointment"."id" ASC
ERROR - 2018-11-14 15:29:37 --> Could not find the language line "admin dashboard jsi18n-sample"
ERROR - 2018-11-14 15:29:39 --> Severity: Warning --> pg_query(): Query failed: ERROR:  invalid input syntax for type timestamp: &quot;5&quot;
LINE 3: ...ERE &quot;frontmed&quot;.&quot;neural_appointment&quot;.&quot;appointment_date&quot; = '5'
                                                                    ^ /Library/WebServer/Documents/miracle/ci3_cgi/system/database/drivers/postgre/postgre_driver.php 242
ERROR - 2018-11-14 15:29:39 --> Query error: ERROR:  invalid input syntax for type timestamp: "5"
LINE 3: ...ERE "frontmed"."neural_appointment"."appointment_date" = '5'
                                                                    ^ - Invalid query: SELECT "neural_appointment".*, to_char(neural_appointment.appointment_date, 'DD/MM/YYYY') AS appointment_date_th
FROM "frontmed"."neural_appointment"
WHERE "frontmed"."neural_appointment"."appointment_date" = '5'
AND "frontmed"."neural_appointment"."deleted" = 'f'
ORDER BY "frontmed"."neural_appointment"."id" ASC
ERROR - 2018-11-14 15:29:39 --> Severity: Warning --> pg_query(): Query failed: ERROR:  invalid input syntax for type timestamp: &quot;7&quot;
LINE 3: ...ERE &quot;frontmed&quot;.&quot;neural_appointment&quot;.&quot;appointment_date&quot; = '7'
                                                                    ^ /Library/WebServer/Documents/miracle/ci3_cgi/system/database/drivers/postgre/postgre_driver.php 242
ERROR - 2018-11-14 15:29:39 --> Query error: ERROR:  invalid input syntax for type timestamp: "7"
LINE 3: ...ERE "frontmed"."neural_appointment"."appointment_date" = '7'
                                                                    ^ - Invalid query: SELECT "neural_appointment".*, to_char(neural_appointment.appointment_date, 'DD/MM/YYYY') AS appointment_date_th
FROM "frontmed"."neural_appointment"
WHERE "frontmed"."neural_appointment"."appointment_date" = '7'
AND "frontmed"."neural_appointment"."deleted" = 'f'
ORDER BY "frontmed"."neural_appointment"."id" ASC
ERROR - 2018-11-14 15:29:39 --> Severity: Warning --> pg_query(): Query failed: ERROR:  invalid input syntax for type timestamp: &quot;4&quot;
LINE 3: ...ERE &quot;frontmed&quot;.&quot;neural_appointment&quot;.&quot;appointment_date&quot; = '4'
                                                                    ^ /Library/WebServer/Documents/miracle/ci3_cgi/system/database/drivers/postgre/postgre_driver.php 242
ERROR - 2018-11-14 15:29:39 --> Query error: ERROR:  invalid input syntax for type timestamp: "4"
LINE 3: ...ERE "frontmed"."neural_appointment"."appointment_date" = '4'
                                                                    ^ - Invalid query: SELECT "neural_appointment".*, to_char(neural_appointment.appointment_date, 'DD/MM/YYYY') AS appointment_date_th
FROM "frontmed"."neural_appointment"
WHERE "frontmed"."neural_appointment"."appointment_date" = '4'
AND "frontmed"."neural_appointment"."deleted" = 'f'
ORDER BY "frontmed"."neural_appointment"."id" ASC
ERROR - 2018-11-14 15:29:39 --> Severity: Warning --> pg_query(): Query failed: ERROR:  invalid input syntax for type timestamp: &quot;9&quot;
LINE 3: ...ERE &quot;frontmed&quot;.&quot;neural_appointment&quot;.&quot;appointment_date&quot; = '9'
                                                                    ^ /Library/WebServer/Documents/miracle/ci3_cgi/system/database/drivers/postgre/postgre_driver.php 242
ERROR - 2018-11-14 15:29:39 --> Query error: ERROR:  invalid input syntax for type timestamp: "9"
LINE 3: ...ERE "frontmed"."neural_appointment"."appointment_date" = '9'
                                                                    ^ - Invalid query: SELECT "neural_appointment".*, to_char(neural_appointment.appointment_date, 'DD/MM/YYYY') AS appointment_date_th
FROM "frontmed"."neural_appointment"
WHERE "frontmed"."neural_appointment"."appointment_date" = '9'
AND "frontmed"."neural_appointment"."deleted" = 'f'
ORDER BY "frontmed"."neural_appointment"."id" ASC
ERROR - 2018-11-14 15:29:39 --> Severity: Warning --> pg_query(): Query failed: ERROR:  invalid input syntax for type timestamp: &quot;10&quot;
LINE 3: ...RE &quot;frontmed&quot;.&quot;neural_appointment&quot;.&quot;appointment_date&quot; = '10'
                                                                   ^ /Library/WebServer/Documents/miracle/ci3_cgi/system/database/drivers/postgre/postgre_driver.php 242
ERROR - 2018-11-14 15:29:39 --> Query error: ERROR:  invalid input syntax for type timestamp: "10"
LINE 3: ...RE "frontmed"."neural_appointment"."appointment_date" = '10'
                                                                   ^ - Invalid query: SELECT "neural_appointment".*, to_char(neural_appointment.appointment_date, 'DD/MM/YYYY') AS appointment_date_th
FROM "frontmed"."neural_appointment"
WHERE "frontmed"."neural_appointment"."appointment_date" = '10'
AND "frontmed"."neural_appointment"."deleted" = 'f'
ORDER BY "frontmed"."neural_appointment"."id" ASC
ERROR - 2018-11-14 15:30:05 --> Severity: Warning --> pg_query(): Query failed: ERROR:  invalid input syntax for type timestamp: &quot;4&quot;
LINE 3: ...ERE &quot;frontmed&quot;.&quot;neural_appointment&quot;.&quot;appointment_date&quot; = '4'
                                                                    ^ /Library/WebServer/Documents/miracle/ci3_cgi/system/database/drivers/postgre/postgre_driver.php 242
ERROR - 2018-11-14 15:30:05 --> Query error: ERROR:  invalid input syntax for type timestamp: "4"
LINE 3: ...ERE "frontmed"."neural_appointment"."appointment_date" = '4'
                                                                    ^ - Invalid query: SELECT "neural_appointment".*, to_char(neural_appointment.appointment_date, 'DD/MM/YYYY') AS appointment_date_th
FROM "frontmed"."neural_appointment"
WHERE "frontmed"."neural_appointment"."appointment_date" = '4'
AND "frontmed"."neural_appointment"."deleted" = 'f'
ORDER BY "frontmed"."neural_appointment"."id" ASC
ERROR - 2018-11-14 15:32:02 --> Severity: Warning --> pg_query(): Query failed: ERROR:  type &quot;to_char&quot; does not exist
LINE 5: WHERE to_char(nano_queue_log.date_add, 'YYYY-MM-DD') '2018-1...
              ^ /Library/WebServer/Documents/miracle/ci3_cgi/system/database/drivers/postgre/postgre_driver.php 242
ERROR - 2018-11-14 15:32:02 --> Query error: ERROR:  type "to_char" does not exist
LINE 5: WHERE to_char(nano_queue_log.date_add, 'YYYY-MM-DD') '2018-1...
              ^ - Invalid query: SELECT "nano_queue_log"."vn_id", "nano_queue_log"."vn", patient.pa_pre_name || patient.pa_name || ' ' || patient.pa_lastname AS patient_name
FROM "jvkk"."nano_queue_log"
JOIN "medrec"."nano_visit" AS "visit" ON "visit"."vn" = "nano_queue_log"."vn"
JOIN "medrec"."nano_patient" AS "patient" ON "patient"."id" = "visit"."id_patient"
WHERE to_char(nano_queue_log.date_add, 'YYYY-MM-DD') '2018-11-14'
AND "nano_queue_log"."com_id1" = '10'
AND "nano_queue_log"."com_id2" = '27'
AND "nano_queue_log"."action_id" = '26'
AND "nano_queue_log"."station_id" = '4'
ORDER BY "nano_queue_log"."id" ASC
ERROR - 2018-11-14 15:35:26 --> Severity: Warning --> pg_query(): Query failed: ERROR:  column &quot;nano_queue_log.id&quot; must appear in the GROUP BY clause or be used in an aggregate function
LINE 11: ORDER BY &quot;nano_queue_log&quot;.&quot;id&quot; ASC
                  ^ /Library/WebServer/Documents/miracle/ci3_cgi/system/database/drivers/postgre/postgre_driver.php 242
ERROR - 2018-11-14 15:35:26 --> Query error: ERROR:  column "nano_queue_log.id" must appear in the GROUP BY clause or be used in an aggregate function
LINE 11: ORDER BY "nano_queue_log"."id" ASC
                  ^ - Invalid query: SELECT "nano_queue_log"."vn_id", "nano_queue_log"."vn", patient.pa_pre_name || patient.pa_name || ' ' || patient.pa_lastname AS patient_name, "nano_queue_log"."station_id"
FROM "jvkk"."nano_queue_log"
JOIN "medrec"."nano_visit" AS "visit" ON "visit"."vn" = "nano_queue_log"."vn"
JOIN "medrec"."nano_patient" AS "patient" ON "patient"."id" = "visit"."id_patient"
WHERE to_char(nano_queue_log.date_add, 'YYYY-MM-DD') = '2018-11-14'
AND "nano_queue_log"."com_id1" = '10'
AND "nano_queue_log"."com_id2" = '27'
AND "nano_queue_log"."action_id" = '26'
AND "nano_queue_log"."station_id" = '4'
GROUP BY "nano_queue_log"."vn_id", "nano_queue_log"."vn", "patient"."pa_pre_name", "patient"."pa_name", "patient"."pa_lastname", "nano_queue_log"."station_id"
ORDER BY "nano_queue_log"."id" ASC
ERROR - 2018-11-14 15:37:36 --> Severity: Warning --> pg_query(): Query failed: ERROR:  missing FROM-clause entry for table &quot;xnano_queue_log&quot;
LINE 1: SELECT &quot;xnano_queue_log&quot;.&quot;id&quot;, &quot;nano_queue_log&quot;.&quot;vn_id&quot;, &quot;na...
               ^ /Library/WebServer/Documents/miracle/ci3_cgi/system/database/drivers/postgre/postgre_driver.php 242
ERROR - 2018-11-14 15:37:36 --> Query error: ERROR:  missing FROM-clause entry for table "xnano_queue_log"
LINE 1: SELECT "xnano_queue_log"."id", "nano_queue_log"."vn_id", "na...
               ^ - Invalid query: SELECT "xnano_queue_log"."id", "nano_queue_log"."vn_id", "nano_queue_log"."vn", patient.pa_pre_name || patient.pa_name || ' ' || patient.pa_lastname AS patient_name, "nano_queue_log"."station_id"
FROM "jvkk"."nano_queue_log"
JOIN "medrec"."nano_visit" AS "visit" ON "visit"."vn" = "nano_queue_log"."vn"
JOIN "medrec"."nano_patient" AS "patient" ON "patient"."id" = "visit"."id_patient"
WHERE to_char(nano_queue_log.date_add, 'YYYY-MM-DD') = '2018-11-14'
AND "nano_queue_log"."com_id1" = '10'
AND "nano_queue_log"."com_id2" = '27'
AND "nano_queue_log"."action_id" = '26'
AND "nano_queue_log"."station_id" = '4'
GROUP BY "nano_queue_log"."id", "nano_queue_log"."vn_id", "nano_queue_log"."vn", "patient"."pa_pre_name", "patient"."pa_name", "patient"."pa_lastname", "nano_queue_log"."station_id"
ORDER BY "nano_queue_log"."id" ASC
ERROR - 2018-11-14 15:39:55 --> Could not find the language line "admin dashboard jsi18n-sample"
ERROR - 2018-11-14 15:41:08 --> Could not find the language line "admin dashboard jsi18n-sample"
ERROR - 2018-11-14 15:42:37 --> Could not find the language line "admin dashboard jsi18n-sample"
ERROR - 2018-11-14 15:43:40 --> Could not find the language line "admin dashboard jsi18n-sample"
ERROR - 2018-11-14 15:43:40 --> Severity: Parsing Error --> syntax error, unexpected end of file, expecting '}' /Library/WebServer/Documents/miracle/ci3_cgi/application/modules/Appointment/views/appointment_index.php 32
ERROR - 2018-11-14 15:44:47 --> Could not find the language line "admin dashboard jsi18n-sample"
ERROR - 2018-11-14 15:48:20 --> Could not find the language line "admin dashboard jsi18n-sample"
ERROR - 2018-11-14 15:53:24 --> Could not find the language line "admin dashboard jsi18n-sample"
ERROR - 2018-11-14 15:54:58 --> Could not find the language line "admin dashboard jsi18n-sample"
ERROR - 2018-11-14 15:56:02 --> Could not find the language line "admin dashboard jsi18n-sample"
ERROR - 2018-11-14 15:56:26 --> Could not find the language line "admin dashboard jsi18n-sample"
ERROR - 2018-11-14 15:57:28 --> Could not find the language line "admin dashboard jsi18n-sample"
ERROR - 2018-11-14 15:57:45 --> Could not find the language line "admin dashboard jsi18n-sample"
ERROR - 2018-11-14 15:59:18 --> Could not find the language line "admin dashboard jsi18n-sample"
ERROR - 2018-11-14 16:01:14 --> Could not find the language line "admin dashboard jsi18n-sample"
ERROR - 2018-11-14 16:10:27 --> Could not find the language line "admin dashboard jsi18n-sample"
ERROR - 2018-11-14 23:10:27 --> 404 Page Not Found: /index
ERROR - 2018-11-14 23:10:44 --> 404 Page Not Found: /index
ERROR - 2018-11-14 23:10:44 --> 404 Page Not Found: /index
ERROR - 2018-11-14 23:10:44 --> 404 Page Not Found: /index
ERROR - 2018-11-14 16:10:46 --> Could not find the language line "admin dashboard jsi18n-sample"
ERROR - 2018-11-14 23:10:48 --> 404 Page Not Found: /index
ERROR - 2018-11-14 23:10:49 --> 404 Page Not Found: /index
ERROR - 2018-11-14 23:10:49 --> 404 Page Not Found: /index
ERROR - 2018-11-14 16:12:16 --> Could not find the language line "admin dashboard jsi18n-sample"
ERROR - 2018-11-14 23:12:18 --> 404 Page Not Found: /index
ERROR - 2018-11-14 23:12:18 --> 404 Page Not Found: /index
ERROR - 2018-11-14 16:12:31 --> Could not find the language line "admin dashboard jsi18n-sample"
ERROR - 2018-11-14 16:12:40 --> Could not find the language line "admin dashboard jsi18n-sample"
ERROR - 2018-11-14 16:13:29 --> Could not find the language line "admin dashboard jsi18n-sample"
ERROR - 2018-11-14 16:15:47 --> Could not find the language line "admin dashboard jsi18n-sample"
ERROR - 2018-11-14 16:16:01 --> Could not find the language line "admin dashboard jsi18n-sample"
ERROR - 2018-11-14 16:16:15 --> Could not find the language line "admin dashboard jsi18n-sample"
ERROR - 2018-11-14 16:16:27 --> Could not find the language line "admin dashboard jsi18n-sample"
ERROR - 2018-11-14 16:16:59 --> Could not find the language line "admin dashboard jsi18n-sample"
ERROR - 2018-11-14 23:17:01 --> 404 Page Not Found: /index
ERROR - 2018-11-14 23:17:01 --> 404 Page Not Found: /index
ERROR - 2018-11-14 16:18:50 --> Could not find the language line "admin dashboard jsi18n-sample"
ERROR - 2018-11-14 16:19:28 --> Could not find the language line "admin dashboard jsi18n-sample"
ERROR - 2018-11-14 17:13:41 --> Could not find the language line "admin dashboard jsi18n-sample"
ERROR - 2018-11-14 17:13:41 --> Severity: Parsing Error --> syntax error, unexpected end of file /Library/WebServer/Documents/miracle/ci3_cgi/application/modules/Appointment/views/appointment_index.php 33
ERROR - 2018-11-14 17:14:15 --> Could not find the language line "admin dashboard jsi18n-sample"
ERROR - 2018-11-14 17:15:30 --> Could not find the language line "admin dashboard jsi18n-sample"
ERROR - 2018-11-14 17:16:22 --> Could not find the language line "admin dashboard jsi18n-sample"
ERROR - 2018-11-14 17:20:37 --> Could not find the language line "admin dashboard jsi18n-sample"
ERROR - 2018-11-14 17:33:02 --> Could not find the language line "admin dashboard jsi18n-sample"
ERROR - 2018-11-14 17:41:04 --> Could not find the language line "admin dashboard jsi18n-sample"
ERROR - 2018-11-14 17:41:26 --> Could not find the language line "admin dashboard jsi18n-sample"
ERROR - 2018-11-14 17:42:07 --> Could not find the language line "admin dashboard jsi18n-sample"
ERROR - 2018-11-14 17:44:03 --> Could not find the language line "admin dashboard jsi18n-sample"
ERROR - 2018-11-14 17:49:30 --> Could not find the language line "admin dashboard jsi18n-sample"
ERROR - 2018-11-14 17:58:27 --> Could not find the language line "admin dashboard jsi18n-sample"
ERROR - 2018-11-14 17:58:45 --> Could not find the language line "admin dashboard jsi18n-sample"
ERROR - 2018-11-14 17:59:40 --> Could not find the language line "admin dashboard jsi18n-sample"
