DEBUG - 2022-10-08 22:00:39 --> UTF-8 Support Enabled
DEBUG - 2022-10-08 22:00:39 --> Global POST, GET and COOKIE data sanitized
ERROR - 2022-10-08 22:00:39 --> 404 Page Not Found: /index
DEBUG - 2022-10-08 22:00:48 --> UTF-8 Support Enabled
DEBUG - 2022-10-08 22:00:48 --> Global POST, GET and COOKIE data sanitized
ERROR - 2022-10-08 22:00:48 --> 404 Page Not Found: /index
DEBUG - 2022-10-08 22:03:17 --> UTF-8 Support Enabled
DEBUG - 2022-10-08 22:03:17 --> Global POST, GET and COOKIE data sanitized
ERROR - 2022-10-08 22:03:17 --> 404 Page Not Found: /index
DEBUG - 2022-10-08 22:03:26 --> UTF-8 Support Enabled
DEBUG - 2022-10-08 22:03:26 --> Global POST, GET and COOKIE data sanitized
ERROR - 2022-10-08 22:03:26 --> 404 Page Not Found: /index
DEBUG - 2022-10-08 22:04:14 --> UTF-8 Support Enabled
DEBUG - 2022-10-08 22:04:15 --> Global POST, GET and COOKIE data sanitized
ERROR - 2022-10-08 22:04:15 --> 404 Page Not Found: /index
DEBUG - 2022-10-08 22:06:24 --> UTF-8 Support Enabled
DEBUG - 2022-10-08 22:06:24 --> Global POST, GET and COOKIE data sanitized
ERROR - 2022-10-08 22:06:24 --> 404 Page Not Found: /index
DEBUG - 2022-10-08 22:06:26 --> UTF-8 Support Enabled
DEBUG - 2022-10-08 22:06:26 --> Global POST, GET and COOKIE data sanitized
ERROR - 2022-10-08 22:06:26 --> 404 Page Not Found: /index
DEBUG - 2022-10-08 22:06:34 --> UTF-8 Support Enabled
DEBUG - 2022-10-08 22:06:34 --> Global POST, GET and COOKIE data sanitized
ERROR - 2022-10-08 22:06:34 --> 404 Page Not Found: /index
DEBUG - 2022-10-08 22:07:38 --> UTF-8 Support Enabled
DEBUG - 2022-10-08 22:07:38 --> Global POST, GET and COOKIE data sanitized
ERROR - 2022-10-08 22:07:38 --> 404 Page Not Found: /index
DEBUG - 2022-10-08 22:12:08 --> UTF-8 Support Enabled
DEBUG - 2022-10-08 22:12:08 --> Global POST, GET and COOKIE data sanitized
ERROR - 2022-10-08 22:12:08 --> 404 Page Not Found: /index
DEBUG - 2022-10-08 22:12:12 --> UTF-8 Support Enabled
DEBUG - 2022-10-08 22:12:12 --> Global POST, GET and COOKIE data sanitized
ERROR - 2022-10-08 22:12:12 --> 404 Page Not Found: /index
DEBUG - 2022-10-08 22:12:39 --> UTF-8 Support Enabled
DEBUG - 2022-10-08 22:12:39 --> Global POST, GET and COOKIE data sanitized
ERROR - 2022-10-08 22:12:39 --> 404 Page Not Found: /index
DEBUG - 2022-10-08 22:13:16 --> UTF-8 Support Enabled
DEBUG - 2022-10-08 22:13:16 --> Global POST, GET and COOKIE data sanitized
ERROR - 2022-10-08 22:13:16 --> 404 Page Not Found: /index
DEBUG - 2022-10-08 22:14:32 --> UTF-8 Support Enabled
DEBUG - 2022-10-08 22:14:32 --> Global POST, GET and COOKIE data sanitized
ERROR - 2022-10-08 22:14:32 --> 404 Page Not Found: /index
DEBUG - 2022-10-08 22:15:36 --> UTF-8 Support Enabled
DEBUG - 2022-10-08 22:15:36 --> Global POST, GET and COOKIE data sanitized
ERROR - 2022-10-08 22:15:36 --> 404 Page Not Found: /index
ERROR - 2022-10-08 22:21:46 --> Severity: Notice --> Use of undefined constant __DIR__ - assumed '__DIR__' D:\Online\miracle\ci_kios\vendor\autoload.php 5
ERROR - 2022-10-08 22:21:46 --> Severity: Warning --> require_once(__DIR__/composer/autoload_real.php) [<a href='function.require-once'>function.require-once</a>]: failed to open stream: No such file or directory D:\Online\miracle\ci_kios\vendor\autoload.php 5
ERROR - 2022-10-08 22:21:46 --> Severity: Compile Error --> require_once() [<a href='function.require'>function.require</a>]: Failed opening required '__DIR__/composer/autoload_real.php' (include_path='.;C:\php5\pear') D:\Online\miracle\ci_kios\vendor\autoload.php 5
DEBUG - 2022-10-08 22:22:55 --> UTF-8 Support Enabled
DEBUG - 2022-10-08 22:22:55 --> Global POST, GET and COOKIE data sanitized
ERROR - 2022-10-08 22:22:55 --> 404 Page Not Found: /index
DEBUG - 2022-10-08 22:23:08 --> UTF-8 Support Enabled
DEBUG - 2022-10-08 22:23:08 --> Global POST, GET and COOKIE data sanitized
ERROR - 2022-10-08 22:23:08 --> 404 Page Not Found: /index
