ERROR - 2017-07-30 16:05:47 --> Could not find the language line "core error session_language"
ERROR - 2017-07-30 16:05:47 --> Could not find the language line "admin dashboard jsi18n-sample"
ERROR - 2017-07-30 16:06:03 --> Could not find the language line "admin button users"
ERROR - 2017-07-30 16:06:03 --> Could not find the language line "admin button users_list"
ERROR - 2017-07-30 16:06:03 --> Could not find the language line "admin button users_add"
ERROR - 2017-07-30 16:06:03 --> Could not find the language line "admin button messages"
ERROR - 2017-07-30 16:06:03 --> Could not find the language line "admin button settings"
ERROR - 2017-07-30 16:12:23 --> Could not find the language line "core error session_language"
ERROR - 2017-07-30 16:12:23 --> Could not find the language line "admin dashboard jsi18n-sample"
ERROR - 2017-07-30 16:12:27 --> Could not find the language line "admin button users"
ERROR - 2017-07-30 16:12:27 --> Could not find the language line "admin button users_list"
ERROR - 2017-07-30 16:12:27 --> Could not find the language line "admin button users_add"
ERROR - 2017-07-30 16:12:27 --> Could not find the language line "admin button messages"
ERROR - 2017-07-30 16:12:27 --> Could not find the language line "admin button settings"
ERROR - 2017-07-30 16:24:48 --> Could not find the language line "core error session_language"
ERROR - 2017-07-30 16:24:48 --> Could not find the language line "admin dashboard jsi18n-sample"
ERROR - 2017-07-30 16:24:54 --> Severity: error --> Exception: Call to undefined method CI_Session::unset_flashdata() C:\AppServ\www\ci3_cgi\application\modules\Cgi\views\cgi_index.php 48
ERROR - 2017-07-30 16:25:09 --> Could not find the language line "core error session_language"
ERROR - 2017-07-30 16:25:09 --> Could not find the language line "admin dashboard jsi18n-sample"
ERROR - 2017-07-30 16:25:14 --> Could not find the language line "admin button users"
ERROR - 2017-07-30 16:25:14 --> Could not find the language line "admin button users_list"
ERROR - 2017-07-30 16:25:14 --> Could not find the language line "admin button users_add"
ERROR - 2017-07-30 16:25:14 --> Could not find the language line "admin button messages"
ERROR - 2017-07-30 16:25:14 --> Could not find the language line "admin button settings"
ERROR - 2017-07-30 16:25:48 --> Could not find the language line "core error session_language"
ERROR - 2017-07-30 16:25:48 --> Could not find the language line "admin button users"
ERROR - 2017-07-30 16:25:48 --> Could not find the language line "admin button users_list"
ERROR - 2017-07-30 16:25:48 --> Could not find the language line "admin button users_add"
ERROR - 2017-07-30 16:25:48 --> Could not find the language line "admin button messages"
ERROR - 2017-07-30 16:25:48 --> Could not find the language line "admin button settings"
ERROR - 2017-07-30 16:25:52 --> Could not find the language line "core error session_language"
ERROR - 2017-07-30 16:25:52 --> Could not find the language line "admin dashboard jsi18n-sample"
ERROR - 2017-07-30 16:25:59 --> Could not find the language line "admin button users"
ERROR - 2017-07-30 16:25:59 --> Could not find the language line "admin button users_list"
ERROR - 2017-07-30 16:25:59 --> Could not find the language line "admin button users_add"
ERROR - 2017-07-30 16:25:59 --> Could not find the language line "admin button messages"
ERROR - 2017-07-30 16:25:59 --> Could not find the language line "admin button settings"
ERROR - 2017-07-30 16:26:19 --> Could not find the language line "core error session_language"
ERROR - 2017-07-30 16:26:19 --> Could not find the language line "core error session_language"
ERROR - 2017-07-30 16:26:19 --> Could not find the language line "admin dashboard jsi18n-sample"
ERROR - 2017-07-30 16:26:21 --> Could not find the language line "admin button users"
ERROR - 2017-07-30 16:26:21 --> Could not find the language line "admin button users_list"
ERROR - 2017-07-30 16:26:21 --> Could not find the language line "admin button users_add"
ERROR - 2017-07-30 16:26:21 --> Could not find the language line "admin button messages"
ERROR - 2017-07-30 16:26:21 --> Could not find the language line "admin button settings"
ERROR - 2017-07-30 16:40:11 --> Could not find the language line "core error session_language"
ERROR - 2017-07-30 16:40:11 --> Could not find the language line "admin button users"
ERROR - 2017-07-30 16:40:11 --> Could not find the language line "admin button users_list"
ERROR - 2017-07-30 16:40:11 --> Could not find the language line "admin button users_add"
ERROR - 2017-07-30 16:40:11 --> Could not find the language line "admin button messages"
ERROR - 2017-07-30 16:40:11 --> Could not find the language line "admin button settings"
ERROR - 2017-07-30 16:40:14 --> Could not find the language line "core error session_language"
ERROR - 2017-07-30 16:40:14 --> Could not find the language line "admin button users"
ERROR - 2017-07-30 16:40:14 --> Could not find the language line "admin button users_list"
ERROR - 2017-07-30 16:40:14 --> Could not find the language line "admin button users_add"
ERROR - 2017-07-30 16:40:14 --> Could not find the language line "admin button messages"
ERROR - 2017-07-30 16:40:14 --> Could not find the language line "admin button settings"
ERROR - 2017-07-30 16:40:17 --> Could not find the language line "core error session_language"
ERROR - 2017-07-30 16:40:17 --> Could not find the language line "core error session_language"
ERROR - 2017-07-30 16:40:17 --> Could not find the language line "admin dashboard jsi18n-sample"
ERROR - 2017-07-30 16:40:30 --> Could not find the language line "admin button users"
ERROR - 2017-07-30 16:40:30 --> Could not find the language line "admin button users_list"
ERROR - 2017-07-30 16:40:31 --> Could not find the language line "admin button users_add"
ERROR - 2017-07-30 16:40:31 --> Could not find the language line "admin button messages"
ERROR - 2017-07-30 16:40:31 --> Could not find the language line "admin button settings"
ERROR - 2017-07-30 16:40:47 --> Could not find the language line "core error session_language"
ERROR - 2017-07-30 16:40:47 --> Could not find the language line "core error session_language"
ERROR - 2017-07-30 16:40:47 --> Could not find the language line "admin dashboard jsi18n-sample"
ERROR - 2017-07-30 16:40:48 --> Could not find the language line "admin button users"
ERROR - 2017-07-30 16:40:48 --> Could not find the language line "admin button users_list"
ERROR - 2017-07-30 16:40:48 --> Could not find the language line "admin button users_add"
ERROR - 2017-07-30 16:40:48 --> Could not find the language line "admin button messages"
ERROR - 2017-07-30 16:40:48 --> Could not find the language line "admin button settings"
ERROR - 2017-07-30 16:50:16 --> Could not find the language line "core error session_language"
ERROR - 2017-07-30 16:50:16 --> Could not find the language line "admin dashboard jsi18n-sample"
ERROR - 2017-07-30 16:50:20 --> Could not find the language line "admin button users"
ERROR - 2017-07-30 16:50:20 --> Could not find the language line "admin button users_list"
ERROR - 2017-07-30 16:50:20 --> Could not find the language line "admin button users_add"
ERROR - 2017-07-30 16:50:20 --> Could not find the language line "admin button messages"
ERROR - 2017-07-30 16:50:20 --> Could not find the language line "admin button settings"
ERROR - 2017-07-30 16:50:27 --> Could not find the language line "core error session_language"
ERROR - 2017-07-30 16:50:27 --> Could not find the language line "admin button users"
ERROR - 2017-07-30 16:50:27 --> Could not find the language line "admin button users_list"
ERROR - 2017-07-30 16:50:27 --> Could not find the language line "admin button users_add"
ERROR - 2017-07-30 16:50:27 --> Could not find the language line "admin button messages"
ERROR - 2017-07-30 16:50:27 --> Could not find the language line "admin button settings"
ERROR - 2017-07-30 16:50:30 --> Could not find the language line "core error session_language"
ERROR - 2017-07-30 16:50:30 --> Could not find the language line "admin button users"
ERROR - 2017-07-30 16:50:30 --> Could not find the language line "admin button users_list"
ERROR - 2017-07-30 16:50:30 --> Could not find the language line "admin button users_add"
ERROR - 2017-07-30 16:50:30 --> Could not find the language line "admin button messages"
ERROR - 2017-07-30 16:50:30 --> Could not find the language line "admin button settings"
ERROR - 2017-07-30 16:50:32 --> Could not find the language line "core error session_language"
ERROR - 2017-07-30 16:50:32 --> Could not find the language line "core error session_language"
ERROR - 2017-07-30 16:50:32 --> Could not find the language line "admin dashboard jsi18n-sample"
ERROR - 2017-07-30 16:50:43 --> Could not find the language line "admin button users"
ERROR - 2017-07-30 16:50:43 --> Could not find the language line "admin button users_list"
ERROR - 2017-07-30 16:50:43 --> Could not find the language line "admin button users_add"
ERROR - 2017-07-30 16:50:43 --> Could not find the language line "admin button messages"
ERROR - 2017-07-30 16:50:43 --> Could not find the language line "admin button settings"
ERROR - 2017-07-30 16:51:02 --> Could not find the language line "core error session_language"
ERROR - 2017-07-30 16:51:02 --> Could not find the language line "core error session_language"
ERROR - 2017-07-30 16:51:02 --> Could not find the language line "admin dashboard jsi18n-sample"
ERROR - 2017-07-30 16:51:03 --> Could not find the language line "admin button users"
ERROR - 2017-07-30 16:51:03 --> Could not find the language line "admin button users_list"
ERROR - 2017-07-30 16:51:03 --> Could not find the language line "admin button users_add"
ERROR - 2017-07-30 16:51:03 --> Could not find the language line "admin button messages"
ERROR - 2017-07-30 16:51:03 --> Could not find the language line "admin button settings"
ERROR - 2017-07-30 16:51:25 --> Could not find the language line "core error session_language"
ERROR - 2017-07-30 16:51:25 --> Could not find the language line "admin button users"
ERROR - 2017-07-30 16:51:25 --> Could not find the language line "admin button users_list"
ERROR - 2017-07-30 16:51:25 --> Could not find the language line "admin button users_add"
ERROR - 2017-07-30 16:51:25 --> Could not find the language line "admin button messages"
ERROR - 2017-07-30 16:51:25 --> Could not find the language line "admin button settings"
ERROR - 2017-07-30 16:51:27 --> Could not find the language line "core error session_language"
ERROR - 2017-07-30 16:51:27 --> Could not find the language line "admin button users"
ERROR - 2017-07-30 16:51:27 --> Could not find the language line "admin button users_list"
ERROR - 2017-07-30 16:51:27 --> Could not find the language line "admin button users_add"
ERROR - 2017-07-30 16:51:27 --> Could not find the language line "admin button messages"
ERROR - 2017-07-30 16:51:27 --> Could not find the language line "admin button settings"
ERROR - 2017-07-30 16:51:30 --> Could not find the language line "core error session_language"
ERROR - 2017-07-30 16:51:30 --> Could not find the language line "core error session_language"
ERROR - 2017-07-30 16:51:30 --> Could not find the language line "admin dashboard jsi18n-sample"
ERROR - 2017-07-30 16:51:36 --> Could not find the language line "admin button users"
ERROR - 2017-07-30 16:51:36 --> Could not find the language line "admin button users_list"
ERROR - 2017-07-30 16:51:36 --> Could not find the language line "admin button users_add"
ERROR - 2017-07-30 16:51:36 --> Could not find the language line "admin button messages"
ERROR - 2017-07-30 16:51:36 --> Could not find the language line "admin button settings"
ERROR - 2017-07-30 16:54:09 --> Could not find the language line "core error session_language"
ERROR - 2017-07-30 16:54:09 --> Could not find the language line "admin dashboard jsi18n-sample"
ERROR - 2017-07-30 16:54:14 --> Could not find the language line "admin button users"
ERROR - 2017-07-30 16:54:14 --> Could not find the language line "admin button users_list"
ERROR - 2017-07-30 16:54:14 --> Could not find the language line "admin button users_add"
ERROR - 2017-07-30 16:54:14 --> Could not find the language line "admin button messages"
ERROR - 2017-07-30 16:54:14 --> Could not find the language line "admin button settings"
ERROR - 2017-07-30 16:54:20 --> Could not find the language line "core error session_language"
ERROR - 2017-07-30 16:54:20 --> Could not find the language line "admin button users"
ERROR - 2017-07-30 16:54:20 --> Could not find the language line "admin button users_list"
ERROR - 2017-07-30 16:54:21 --> Could not find the language line "admin button users_add"
ERROR - 2017-07-30 16:54:21 --> Could not find the language line "admin button messages"
ERROR - 2017-07-30 16:54:21 --> Could not find the language line "admin button settings"
ERROR - 2017-07-30 16:54:30 --> Could not find the language line "core error session_language"
ERROR - 2017-07-30 16:54:30 --> Could not find the language line "admin button users"
ERROR - 2017-07-30 16:54:30 --> Could not find the language line "admin button users_list"
ERROR - 2017-07-30 16:54:30 --> Could not find the language line "admin button users_add"
ERROR - 2017-07-30 16:54:30 --> Could not find the language line "admin button messages"
ERROR - 2017-07-30 16:54:30 --> Could not find the language line "admin button settings"
ERROR - 2017-07-30 16:54:44 --> Could not find the language line "core error session_language"
ERROR - 2017-07-30 16:54:44 --> Could not find the language line "admin button users"
ERROR - 2017-07-30 16:54:44 --> Could not find the language line "admin button users_list"
ERROR - 2017-07-30 16:54:44 --> Could not find the language line "admin button users_add"
ERROR - 2017-07-30 16:54:44 --> Could not find the language line "admin button messages"
ERROR - 2017-07-30 16:54:44 --> Could not find the language line "admin button settings"
ERROR - 2017-07-30 16:55:01 --> Could not find the language line "core error session_language"
ERROR - 2017-07-30 16:55:01 --> Could not find the language line "admin button users"
ERROR - 2017-07-30 16:55:01 --> Could not find the language line "admin button users_list"
ERROR - 2017-07-30 16:55:01 --> Could not find the language line "admin button users_add"
ERROR - 2017-07-30 16:55:01 --> Could not find the language line "admin button messages"
ERROR - 2017-07-30 16:55:01 --> Could not find the language line "admin button settings"
ERROR - 2017-07-30 16:55:45 --> Could not find the language line "core error session_language"
ERROR - 2017-07-30 16:55:45 --> Could not find the language line "admin dashboard jsi18n-sample"
ERROR - 2017-07-30 16:55:49 --> Could not find the language line "admin button users"
ERROR - 2017-07-30 16:55:49 --> Could not find the language line "admin button users_list"
ERROR - 2017-07-30 16:55:49 --> Could not find the language line "admin button users_add"
ERROR - 2017-07-30 16:55:49 --> Could not find the language line "admin button messages"
ERROR - 2017-07-30 16:55:50 --> Could not find the language line "admin button settings"
ERROR - 2017-07-30 17:00:13 --> Could not find the language line "core error session_language"
ERROR - 2017-07-30 17:00:13 --> Could not find the language line "admin dashboard jsi18n-sample"
ERROR - 2017-07-30 17:00:22 --> Could not find the language line "admin button users"
ERROR - 2017-07-30 17:00:22 --> Could not find the language line "admin button users_list"
ERROR - 2017-07-30 17:00:22 --> Could not find the language line "admin button users_add"
ERROR - 2017-07-30 17:00:22 --> Could not find the language line "admin button messages"
ERROR - 2017-07-30 17:00:22 --> Could not find the language line "admin button settings"
ERROR - 2017-07-30 17:01:13 --> Could not find the language line "core error session_language"
ERROR - 2017-07-30 17:01:13 --> Could not find the language line "admin dashboard jsi18n-sample"
ERROR - 2017-07-30 17:01:18 --> Could not find the language line "admin button users"
ERROR - 2017-07-30 17:01:18 --> Could not find the language line "admin button users_list"
ERROR - 2017-07-30 17:01:18 --> Could not find the language line "admin button users_add"
ERROR - 2017-07-30 17:01:18 --> Could not find the language line "admin button messages"
ERROR - 2017-07-30 17:01:18 --> Could not find the language line "admin button settings"
ERROR - 2017-07-30 17:02:06 --> Could not find the language line "core error session_language"
ERROR - 2017-07-30 17:02:06 --> Could not find the language line "admin dashboard jsi18n-sample"
ERROR - 2017-07-30 17:02:10 --> Could not find the language line "admin button users"
ERROR - 2017-07-30 17:02:10 --> Could not find the language line "admin button users_list"
ERROR - 2017-07-30 17:02:10 --> Could not find the language line "admin button users_add"
ERROR - 2017-07-30 17:02:10 --> Could not find the language line "admin button messages"
ERROR - 2017-07-30 17:02:10 --> Could not find the language line "admin button settings"
ERROR - 2017-07-30 17:03:23 --> Could not find the language line "core error session_language"
ERROR - 2017-07-30 17:03:23 --> Could not find the language line "admin button users"
ERROR - 2017-07-30 17:03:23 --> Could not find the language line "admin button users_list"
ERROR - 2017-07-30 17:03:23 --> Could not find the language line "admin button users_add"
ERROR - 2017-07-30 17:03:23 --> Could not find the language line "admin button messages"
ERROR - 2017-07-30 17:03:23 --> Could not find the language line "admin button settings"
ERROR - 2017-07-30 17:03:25 --> Could not find the language line "core error session_language"
ERROR - 2017-07-30 17:03:26 --> Could not find the language line "admin button users"
ERROR - 2017-07-30 17:03:26 --> Could not find the language line "admin button users_list"
ERROR - 2017-07-30 17:03:26 --> Could not find the language line "admin button users_add"
ERROR - 2017-07-30 17:03:26 --> Could not find the language line "admin button messages"
ERROR - 2017-07-30 17:03:26 --> Could not find the language line "admin button settings"
ERROR - 2017-07-30 17:04:11 --> Could not find the language line "core error session_language"
ERROR - 2017-07-30 17:04:12 --> Could not find the language line "admin button users"
ERROR - 2017-07-30 17:04:12 --> Could not find the language line "admin button users_list"
ERROR - 2017-07-30 17:04:12 --> Could not find the language line "admin button users_add"
ERROR - 2017-07-30 17:04:12 --> Could not find the language line "admin button messages"
ERROR - 2017-07-30 17:04:12 --> Could not find the language line "admin button settings"
ERROR - 2017-07-30 17:04:26 --> Could not find the language line "core error session_language"
ERROR - 2017-07-30 17:04:26 --> Could not find the language line "admin dashboard jsi18n-sample"
ERROR - 2017-07-30 17:04:31 --> Could not find the language line "admin button users"
ERROR - 2017-07-30 17:04:31 --> Could not find the language line "admin button users_list"
ERROR - 2017-07-30 17:04:31 --> Could not find the language line "admin button users_add"
ERROR - 2017-07-30 17:04:31 --> Could not find the language line "admin button messages"
ERROR - 2017-07-30 17:04:31 --> Could not find the language line "admin button settings"
ERROR - 2017-07-30 17:04:38 --> Could not find the language line "core error session_language"
ERROR - 2017-07-30 17:04:38 --> Could not find the language line "admin button users"
ERROR - 2017-07-30 17:04:38 --> Could not find the language line "admin button users_list"
ERROR - 2017-07-30 17:04:38 --> Could not find the language line "admin button users_add"
ERROR - 2017-07-30 17:04:38 --> Could not find the language line "admin button messages"
ERROR - 2017-07-30 17:04:38 --> Could not find the language line "admin button settings"
ERROR - 2017-07-30 17:08:19 --> Could not find the language line "core error session_language"
ERROR - 2017-07-30 17:08:19 --> Could not find the language line "admin button users"
ERROR - 2017-07-30 17:08:19 --> Could not find the language line "admin button users_list"
ERROR - 2017-07-30 17:08:19 --> Could not find the language line "admin button users_add"
ERROR - 2017-07-30 17:08:19 --> Could not find the language line "admin button messages"
ERROR - 2017-07-30 17:08:19 --> Could not find the language line "admin button settings"
ERROR - 2017-07-30 17:08:46 --> Could not find the language line "core error session_language"
ERROR - 2017-07-30 17:08:46 --> Could not find the language line "admin button users"
ERROR - 2017-07-30 17:08:46 --> Could not find the language line "admin button users_list"
ERROR - 2017-07-30 17:08:46 --> Could not find the language line "admin button users_add"
ERROR - 2017-07-30 17:08:46 --> Could not find the language line "admin button messages"
ERROR - 2017-07-30 17:08:46 --> Could not find the language line "admin button settings"
ERROR - 2017-07-30 17:13:11 --> Could not find the language line "core error session_language"
ERROR - 2017-07-30 17:13:11 --> Could not find the language line "admin button users"
ERROR - 2017-07-30 17:13:11 --> Could not find the language line "admin button users_list"
ERROR - 2017-07-30 17:13:11 --> Could not find the language line "admin button users_add"
ERROR - 2017-07-30 17:13:11 --> Could not find the language line "admin button messages"
ERROR - 2017-07-30 17:13:11 --> Could not find the language line "admin button settings"
ERROR - 2017-07-30 17:13:56 --> Could not find the language line "core error session_language"
ERROR - 2017-07-30 17:13:56 --> Could not find the language line "admin button users"
ERROR - 2017-07-30 17:13:56 --> Could not find the language line "admin button users_list"
ERROR - 2017-07-30 17:13:56 --> Could not find the language line "admin button users_add"
ERROR - 2017-07-30 17:13:56 --> Could not find the language line "admin button messages"
ERROR - 2017-07-30 17:13:56 --> Could not find the language line "admin button settings"
ERROR - 2017-07-30 17:29:50 --> Could not find the language line "core error session_language"
ERROR - 2017-07-30 17:29:50 --> Could not find the language line "admin button users"
ERROR - 2017-07-30 17:29:50 --> Could not find the language line "admin button users_list"
ERROR - 2017-07-30 17:29:50 --> Could not find the language line "admin button users_add"
ERROR - 2017-07-30 17:29:50 --> Could not find the language line "admin button messages"
ERROR - 2017-07-30 17:29:50 --> Could not find the language line "admin button settings"
ERROR - 2017-07-30 17:31:28 --> Could not find the language line "core error session_language"
ERROR - 2017-07-30 17:31:28 --> Could not find the language line "admin button users"
ERROR - 2017-07-30 17:31:28 --> Could not find the language line "admin button users_list"
ERROR - 2017-07-30 17:31:28 --> Could not find the language line "admin button users_add"
ERROR - 2017-07-30 17:31:28 --> Could not find the language line "admin button messages"
ERROR - 2017-07-30 17:31:28 --> Could not find the language line "admin button settings"
ERROR - 2017-07-30 17:33:00 --> Could not find the language line "core error session_language"
ERROR - 2017-07-30 17:33:00 --> Could not find the language line "admin button users"
ERROR - 2017-07-30 17:33:00 --> Could not find the language line "admin button users_list"
ERROR - 2017-07-30 17:33:00 --> Could not find the language line "admin button users_add"
ERROR - 2017-07-30 17:33:00 --> Could not find the language line "admin button messages"
ERROR - 2017-07-30 17:33:00 --> Could not find the language line "admin button settings"
ERROR - 2017-07-30 17:34:44 --> Could not find the language line "core error session_language"
ERROR - 2017-07-30 17:34:44 --> Could not find the language line "admin button users"
ERROR - 2017-07-30 17:34:44 --> Could not find the language line "admin button users_list"
ERROR - 2017-07-30 17:34:44 --> Could not find the language line "admin button users_add"
ERROR - 2017-07-30 17:34:44 --> Could not find the language line "admin button messages"
ERROR - 2017-07-30 17:34:44 --> Could not find the language line "admin button settings"
ERROR - 2017-07-30 17:36:28 --> Could not find the language line "core error session_language"
ERROR - 2017-07-30 17:36:28 --> Could not find the language line "admin button users"
ERROR - 2017-07-30 17:36:28 --> Could not find the language line "admin button users_list"
ERROR - 2017-07-30 17:36:28 --> Could not find the language line "admin button users_add"
ERROR - 2017-07-30 17:36:28 --> Could not find the language line "admin button messages"
ERROR - 2017-07-30 17:36:28 --> Could not find the language line "admin button settings"
ERROR - 2017-07-30 17:37:07 --> Could not find the language line "core error session_language"
ERROR - 2017-07-30 17:37:07 --> Could not find the language line "admin button users"
ERROR - 2017-07-30 17:37:07 --> Could not find the language line "admin button users_list"
ERROR - 2017-07-30 17:37:07 --> Could not find the language line "admin button users_add"
ERROR - 2017-07-30 17:37:07 --> Could not find the language line "admin button messages"
ERROR - 2017-07-30 17:37:07 --> Could not find the language line "admin button settings"
ERROR - 2017-07-30 17:38:03 --> Could not find the language line "core error session_language"
ERROR - 2017-07-30 17:38:03 --> Could not find the language line "admin button users"
ERROR - 2017-07-30 17:38:03 --> Could not find the language line "admin button users_list"
ERROR - 2017-07-30 17:38:03 --> Could not find the language line "admin button users_add"
ERROR - 2017-07-30 17:38:03 --> Could not find the language line "admin button messages"
ERROR - 2017-07-30 17:38:03 --> Could not find the language line "admin button settings"
ERROR - 2017-07-30 17:40:55 --> Could not find the language line "core error session_language"
ERROR - 2017-07-30 17:40:55 --> Could not find the language line "admin button users"
ERROR - 2017-07-30 17:40:55 --> Could not find the language line "admin button users_list"
ERROR - 2017-07-30 17:40:55 --> Could not find the language line "admin button users_add"
ERROR - 2017-07-30 17:40:55 --> Could not find the language line "admin button messages"
ERROR - 2017-07-30 17:40:55 --> Could not find the language line "admin button settings"
ERROR - 2017-07-30 18:12:47 --> Could not find the language line "core error session_language"
ERROR - 2017-07-30 18:12:47 --> Could not find the language line "admin button users"
ERROR - 2017-07-30 18:12:47 --> Could not find the language line "admin button users_list"
ERROR - 2017-07-30 18:12:47 --> Could not find the language line "admin button users_add"
ERROR - 2017-07-30 18:12:47 --> Could not find the language line "admin button messages"
ERROR - 2017-07-30 18:12:47 --> Could not find the language line "admin button settings"
ERROR - 2017-07-30 18:13:14 --> Could not find the language line "core error session_language"
ERROR - 2017-07-30 18:13:14 --> Could not find the language line "admin button users"
ERROR - 2017-07-30 18:13:14 --> Could not find the language line "admin button users_list"
ERROR - 2017-07-30 18:13:14 --> Could not find the language line "admin button users_add"
ERROR - 2017-07-30 18:13:14 --> Could not find the language line "admin button messages"
ERROR - 2017-07-30 18:13:14 --> Could not find the language line "admin button settings"
ERROR - 2017-07-30 18:13:19 --> Could not find the language line "core error session_language"
ERROR - 2017-07-30 18:13:19 --> Could not find the language line "admin button users"
ERROR - 2017-07-30 18:13:19 --> Could not find the language line "admin button users_list"
ERROR - 2017-07-30 18:13:19 --> Could not find the language line "admin button users_add"
ERROR - 2017-07-30 18:13:19 --> Could not find the language line "admin button messages"
ERROR - 2017-07-30 18:13:19 --> Could not find the language line "admin button settings"
ERROR - 2017-07-30 18:13:24 --> Could not find the language line "core error session_language"
ERROR - 2017-07-30 18:13:24 --> Could not find the language line "admin button users"
ERROR - 2017-07-30 18:13:24 --> Could not find the language line "admin button users_list"
ERROR - 2017-07-30 18:13:24 --> Could not find the language line "admin button users_add"
ERROR - 2017-07-30 18:13:24 --> Could not find the language line "admin button messages"
ERROR - 2017-07-30 18:13:24 --> Could not find the language line "admin button settings"
ERROR - 2017-07-30 18:14:05 --> Could not find the language line "core error session_language"
ERROR - 2017-07-30 18:14:05 --> Could not find the language line "admin button users"
ERROR - 2017-07-30 18:14:05 --> Could not find the language line "admin button users_list"
ERROR - 2017-07-30 18:14:05 --> Could not find the language line "admin button users_add"
ERROR - 2017-07-30 18:14:05 --> Could not find the language line "admin button messages"
ERROR - 2017-07-30 18:14:05 --> Could not find the language line "admin button settings"
ERROR - 2017-07-30 18:14:17 --> Could not find the language line "core error session_language"
ERROR - 2017-07-30 18:14:18 --> Could not find the language line "admin button users"
ERROR - 2017-07-30 18:14:18 --> Could not find the language line "admin button users_list"
ERROR - 2017-07-30 18:14:18 --> Could not find the language line "admin button users_add"
ERROR - 2017-07-30 18:14:18 --> Could not find the language line "admin button messages"
ERROR - 2017-07-30 18:14:18 --> Could not find the language line "admin button settings"
ERROR - 2017-07-30 18:15:27 --> Could not find the language line "core error session_language"
ERROR - 2017-07-30 18:15:27 --> Could not find the language line "admin button users"
ERROR - 2017-07-30 18:15:27 --> Could not find the language line "admin button users_list"
ERROR - 2017-07-30 18:15:27 --> Could not find the language line "admin button users_add"
ERROR - 2017-07-30 18:15:27 --> Could not find the language line "admin button messages"
ERROR - 2017-07-30 18:15:27 --> Could not find the language line "admin button settings"
ERROR - 2017-07-30 18:15:30 --> Could not find the language line "core error session_language"
ERROR - 2017-07-30 18:15:30 --> Could not find the language line "admin button users"
ERROR - 2017-07-30 18:15:30 --> Could not find the language line "admin button users_list"
ERROR - 2017-07-30 18:15:30 --> Could not find the language line "admin button users_add"
ERROR - 2017-07-30 18:15:30 --> Could not find the language line "admin button messages"
ERROR - 2017-07-30 18:15:30 --> Could not find the language line "admin button settings"
ERROR - 2017-07-30 18:15:36 --> Could not find the language line "core error session_language"
ERROR - 2017-07-30 18:15:36 --> Could not find the language line "admin button users"
ERROR - 2017-07-30 18:15:36 --> Could not find the language line "admin button users_list"
ERROR - 2017-07-30 18:15:36 --> Could not find the language line "admin button users_add"
ERROR - 2017-07-30 18:15:36 --> Could not find the language line "admin button messages"
ERROR - 2017-07-30 18:15:36 --> Could not find the language line "admin button settings"
ERROR - 2017-07-30 18:15:50 --> Could not find the language line "core error session_language"
ERROR - 2017-07-30 18:15:50 --> Could not find the language line "admin button users"
ERROR - 2017-07-30 18:15:50 --> Could not find the language line "admin button users_list"
ERROR - 2017-07-30 18:15:50 --> Could not find the language line "admin button users_add"
ERROR - 2017-07-30 18:15:50 --> Could not find the language line "admin button messages"
ERROR - 2017-07-30 18:15:50 --> Could not find the language line "admin button settings"
ERROR - 2017-07-30 18:16:04 --> Could not find the language line "core error session_language"
ERROR - 2017-07-30 18:16:04 --> Could not find the language line "admin dashboard jsi18n-sample"
ERROR - 2017-07-30 18:16:18 --> Could not find the language line "admin button users"
ERROR - 2017-07-30 18:16:18 --> Could not find the language line "admin button users_list"
ERROR - 2017-07-30 18:16:18 --> Could not find the language line "admin button users_add"
ERROR - 2017-07-30 18:16:18 --> Could not find the language line "admin button messages"
ERROR - 2017-07-30 18:16:18 --> Could not find the language line "admin button settings"
