ERROR - 2017-07-27 18:52:46 --> Severity: Warning --> pg_connect(): Unable to connect to PostgreSQL server: could not connect to server: Connection timed out (0x0000274C/10060)
	Is the server running on host &quot;192.168.44.14&quot; and accepting
	TCP/IP connections on port 5432? C:\AppServ\www\ci3_cgi\system\database\drivers\postgre\postgre_driver.php 154
ERROR - 2017-07-27 18:52:46 --> Unable to connect to the database
ERROR - 2017-07-27 18:56:22 --> Severity: Warning --> pg_query(): Query failed: ERROR:  relation &quot;settings&quot; does not exist
LINE 3:             FROM settings
                         ^ C:\AppServ\www\ci3_cgi\system\database\drivers\postgre\postgre_driver.php 242
ERROR - 2017-07-27 18:56:22 --> Query error: ERROR:  relation "settings" does not exist
LINE 3:             FROM settings
                         ^ - Invalid query: 
            SELECT *
            FROM settings
            ORDER BY sort_order ASC
        
ERROR - 2017-07-27 20:09:07 --> Could not find the language line "core error session_language"
ERROR - 2017-07-27 20:09:07 --> Could not find the language line "admin dashboard jsi18n-sample"
ERROR - 2017-07-27 20:09:07 --> Could not find the language line "admin button users"
ERROR - 2017-07-27 20:09:07 --> Could not find the language line "admin button users_list"
ERROR - 2017-07-27 20:09:07 --> Could not find the language line "admin button users_add"
ERROR - 2017-07-27 20:09:07 --> Could not find the language line "admin button messages"
ERROR - 2017-07-27 20:09:07 --> Could not find the language line "admin button settings"
ERROR - 2017-07-27 20:09:36 --> Could not find the language line "core error session_language"
ERROR - 2017-07-27 20:09:36 --> Could not find the language line "admin dashboard jsi18n-sample"
ERROR - 2017-07-27 20:09:36 --> Could not find the language line "admin button users"
ERROR - 2017-07-27 20:09:36 --> Could not find the language line "admin button users_list"
ERROR - 2017-07-27 20:09:36 --> Could not find the language line "admin button users_add"
ERROR - 2017-07-27 20:09:36 --> Could not find the language line "admin button messages"
ERROR - 2017-07-27 20:09:36 --> Could not find the language line "admin button settings"
ERROR - 2017-07-27 20:09:49 --> Could not find the language line "core error session_language"
ERROR - 2017-07-27 20:09:49 --> Could not find the language line "admin dashboard jsi18n-sample"
ERROR - 2017-07-27 20:09:49 --> Could not find the language line "admin button users"
ERROR - 2017-07-27 20:09:49 --> Could not find the language line "admin button users_list"
ERROR - 2017-07-27 20:09:49 --> Could not find the language line "admin button users_add"
ERROR - 2017-07-27 20:09:49 --> Could not find the language line "admin button messages"
ERROR - 2017-07-27 20:09:49 --> Could not find the language line "admin button settings"
ERROR - 2017-07-27 20:12:58 --> Could not find the language line "core error session_language"
ERROR - 2017-07-27 20:12:58 --> Could not find the language line "admin dashboard jsi18n-sample"
ERROR - 2017-07-27 20:12:58 --> Could not find the language line "admin button users"
ERROR - 2017-07-27 20:12:58 --> Could not find the language line "admin button users_list"
ERROR - 2017-07-27 20:12:58 --> Could not find the language line "admin button users_add"
ERROR - 2017-07-27 20:12:58 --> Could not find the language line "admin button messages"
ERROR - 2017-07-27 20:12:58 --> Could not find the language line "admin button settings"
ERROR - 2017-07-27 20:13:22 --> Could not find the language line "core error session_language"
ERROR - 2017-07-27 20:13:22 --> Could not find the language line "admin button users"
ERROR - 2017-07-27 20:13:22 --> Could not find the language line "admin button users_list"
ERROR - 2017-07-27 20:13:22 --> Could not find the language line "admin button users_add"
ERROR - 2017-07-27 20:13:22 --> Could not find the language line "admin button messages"
ERROR - 2017-07-27 20:13:22 --> Could not find the language line "admin button settings"
ERROR - 2017-07-27 20:13:44 --> Could not find the language line "core error session_language"
ERROR - 2017-07-27 20:13:44 --> Could not find the language line "admin button users"
ERROR - 2017-07-27 20:13:44 --> Could not find the language line "admin button users_list"
ERROR - 2017-07-27 20:13:44 --> Could not find the language line "admin button users_add"
ERROR - 2017-07-27 20:13:44 --> Could not find the language line "admin button messages"
ERROR - 2017-07-27 20:13:44 --> Could not find the language line "admin button settings"
ERROR - 2017-07-27 20:14:28 --> Could not find the language line "core error session_language"
ERROR - 2017-07-27 20:14:28 --> Could not find the language line "admin button users"
ERROR - 2017-07-27 20:14:28 --> Could not find the language line "admin button users_list"
ERROR - 2017-07-27 20:14:28 --> Could not find the language line "admin button users_add"
ERROR - 2017-07-27 20:14:28 --> Could not find the language line "admin button messages"
ERROR - 2017-07-27 20:14:28 --> Could not find the language line "admin button settings"
ERROR - 2017-07-27 20:14:40 --> Could not find the language line "core error session_language"
ERROR - 2017-07-27 20:14:40 --> Could not find the language line "admin dashboard jsi18n-sample"
ERROR - 2017-07-27 20:14:40 --> Could not find the language line "admin button users"
ERROR - 2017-07-27 20:14:40 --> Could not find the language line "admin button users_list"
ERROR - 2017-07-27 20:14:40 --> Could not find the language line "admin button users_add"
ERROR - 2017-07-27 20:14:40 --> Could not find the language line "admin button messages"
ERROR - 2017-07-27 20:14:40 --> Could not find the language line "admin button settings"
ERROR - 2017-07-27 20:14:42 --> Could not find the language line "core error session_language"
ERROR - 2017-07-27 20:14:42 --> Could not find the language line "admin button users"
ERROR - 2017-07-27 20:14:42 --> Could not find the language line "admin button users_list"
ERROR - 2017-07-27 20:14:42 --> Could not find the language line "admin button users_add"
ERROR - 2017-07-27 20:14:42 --> Could not find the language line "admin button messages"
ERROR - 2017-07-27 20:14:42 --> Could not find the language line "admin button settings"
ERROR - 2017-07-27 20:14:44 --> Could not find the language line "core error session_language"
ERROR - 2017-07-27 20:14:44 --> Could not find the language line "admin dashboard jsi18n-sample"
ERROR - 2017-07-27 20:14:44 --> Could not find the language line "admin button users"
ERROR - 2017-07-27 20:14:44 --> Could not find the language line "admin button users_list"
ERROR - 2017-07-27 20:14:44 --> Could not find the language line "admin button users_add"
ERROR - 2017-07-27 20:14:44 --> Could not find the language line "admin button messages"
ERROR - 2017-07-27 20:14:44 --> Could not find the language line "admin button settings"
ERROR - 2017-07-27 20:33:04 --> Could not find the language line "core error session_language"
ERROR - 2017-07-27 20:33:04 --> Could not find the language line "admin button users"
ERROR - 2017-07-27 20:33:04 --> Could not find the language line "admin button users_list"
ERROR - 2017-07-27 20:33:04 --> Could not find the language line "admin button users_add"
ERROR - 2017-07-27 20:33:04 --> Could not find the language line "admin button messages"
ERROR - 2017-07-27 20:33:04 --> Could not find the language line "admin button settings"
ERROR - 2017-07-27 20:40:09 --> Could not find the language line "core error session_language"
ERROR - 2017-07-27 20:40:09 --> Could not find the language line "admin button users"
ERROR - 2017-07-27 20:40:09 --> Could not find the language line "admin button users_list"
ERROR - 2017-07-27 20:40:09 --> Could not find the language line "admin button users_add"
ERROR - 2017-07-27 20:40:09 --> Could not find the language line "admin button messages"
ERROR - 2017-07-27 20:40:09 --> Could not find the language line "admin button settings"
ERROR - 2017-07-27 20:40:11 --> Could not find the language line "core error session_language"
ERROR - 2017-07-27 20:40:11 --> Could not find the language line "admin button users"
ERROR - 2017-07-27 20:40:11 --> Could not find the language line "admin button users_list"
ERROR - 2017-07-27 20:40:11 --> Could not find the language line "admin button users_add"
ERROR - 2017-07-27 20:40:11 --> Could not find the language line "admin button messages"
ERROR - 2017-07-27 20:40:11 --> Could not find the language line "admin button settings"
ERROR - 2017-07-27 20:44:06 --> Could not find the language line "core error session_language"
ERROR - 2017-07-27 20:44:08 --> Could not find the language line "admin button users"
ERROR - 2017-07-27 20:44:08 --> Could not find the language line "admin button users_list"
ERROR - 2017-07-27 20:44:08 --> Could not find the language line "admin button users_add"
ERROR - 2017-07-27 20:44:08 --> Could not find the language line "admin button messages"
ERROR - 2017-07-27 20:44:08 --> Could not find the language line "admin button settings"
ERROR - 2017-07-27 20:45:37 --> Could not find the language line "core error session_language"
ERROR - 2017-07-27 20:45:37 --> Could not find the language line "admin button users"
ERROR - 2017-07-27 20:45:37 --> Could not find the language line "admin button users_list"
ERROR - 2017-07-27 20:45:37 --> Could not find the language line "admin button users_add"
ERROR - 2017-07-27 20:45:37 --> Could not find the language line "admin button messages"
ERROR - 2017-07-27 20:45:37 --> Could not find the language line "admin button settings"
ERROR - 2017-07-27 20:47:04 --> Could not find the language line "core error session_language"
ERROR - 2017-07-27 20:47:05 --> Could not find the language line "admin button users"
ERROR - 2017-07-27 20:47:05 --> Could not find the language line "admin button users_list"
ERROR - 2017-07-27 20:47:05 --> Could not find the language line "admin button users_add"
ERROR - 2017-07-27 20:47:05 --> Could not find the language line "admin button messages"
ERROR - 2017-07-27 20:47:05 --> Could not find the language line "admin button settings"
ERROR - 2017-07-27 21:01:40 --> Could not find the language line "core error session_language"
ERROR - 2017-07-27 21:01:41 --> Severity: Notice --> Undefined variable: user C:\AppServ\www\ci3_cgi\application\modules\Cgi\views\cgi_search.php 29
ERROR - 2017-07-27 21:01:41 --> Severity: Notice --> Trying to get property of non-object C:\AppServ\www\ci3_cgi\application\modules\Cgi\views\cgi_search.php 29
ERROR - 2017-07-27 21:01:41 --> Severity: Notice --> Undefined variable: user C:\AppServ\www\ci3_cgi\application\modules\Cgi\views\cgi_search.php 41
ERROR - 2017-07-27 21:01:41 --> Severity: Notice --> Trying to get property of non-object C:\AppServ\www\ci3_cgi\application\modules\Cgi\views\cgi_search.php 41
ERROR - 2017-07-27 21:01:41 --> Could not find the language line "admin button users"
ERROR - 2017-07-27 21:01:41 --> Could not find the language line "admin button users_list"
ERROR - 2017-07-27 21:01:41 --> Could not find the language line "admin button users_add"
ERROR - 2017-07-27 21:01:41 --> Could not find the language line "admin button messages"
ERROR - 2017-07-27 21:01:41 --> Could not find the language line "admin button settings"
ERROR - 2017-07-27 21:02:10 --> Could not find the language line "core error session_language"
ERROR - 2017-07-27 21:02:10 --> Severity: Notice --> Undefined variable: user C:\AppServ\www\ci3_cgi\application\modules\Cgi\views\cgi_search.php 41
ERROR - 2017-07-27 21:02:10 --> Severity: Notice --> Trying to get property of non-object C:\AppServ\www\ci3_cgi\application\modules\Cgi\views\cgi_search.php 41
ERROR - 2017-07-27 21:02:11 --> Could not find the language line "admin button users"
ERROR - 2017-07-27 21:02:11 --> Could not find the language line "admin button users_list"
ERROR - 2017-07-27 21:02:11 --> Could not find the language line "admin button users_add"
ERROR - 2017-07-27 21:02:11 --> Could not find the language line "admin button messages"
ERROR - 2017-07-27 21:02:11 --> Could not find the language line "admin button settings"
ERROR - 2017-07-27 21:03:06 --> Could not find the language line "core error session_language"
ERROR - 2017-07-27 21:03:07 --> Could not find the language line "admin button users"
ERROR - 2017-07-27 21:03:07 --> Could not find the language line "admin button users_list"
ERROR - 2017-07-27 21:03:07 --> Could not find the language line "admin button users_add"
ERROR - 2017-07-27 21:03:07 --> Could not find the language line "admin button messages"
ERROR - 2017-07-27 21:03:07 --> Could not find the language line "admin button settings"
ERROR - 2017-07-27 21:03:30 --> Could not find the language line "core error session_language"
ERROR - 2017-07-27 21:03:31 --> Could not find the language line "admin button users"
ERROR - 2017-07-27 21:03:31 --> Could not find the language line "admin button users_list"
ERROR - 2017-07-27 21:03:31 --> Could not find the language line "admin button users_add"
ERROR - 2017-07-27 21:03:31 --> Could not find the language line "admin button messages"
ERROR - 2017-07-27 21:03:31 --> Could not find the language line "admin button settings"
ERROR - 2017-07-27 21:32:13 --> Could not find the language line "core error session_language"
ERROR - 2017-07-27 21:32:14 --> Could not find the language line "admin button users"
ERROR - 2017-07-27 21:32:14 --> Could not find the language line "admin button users_list"
ERROR - 2017-07-27 21:32:14 --> Could not find the language line "admin button users_add"
ERROR - 2017-07-27 21:32:14 --> Could not find the language line "admin button messages"
ERROR - 2017-07-27 21:32:14 --> Could not find the language line "admin button settings"
ERROR - 2017-07-27 21:44:28 --> Could not find the language line "core error session_language"
ERROR - 2017-07-27 21:44:28 --> Could not find the language line "admin button users"
ERROR - 2017-07-27 21:44:28 --> Could not find the language line "admin button users_list"
ERROR - 2017-07-27 21:44:28 --> Could not find the language line "admin button users_add"
ERROR - 2017-07-27 21:44:28 --> Could not find the language line "admin button messages"
ERROR - 2017-07-27 21:44:28 --> Could not find the language line "admin button settings"
ERROR - 2017-07-27 21:44:33 --> Could not find the language line "core error session_language"
ERROR - 2017-07-27 21:44:33 --> Could not find the language line "admin button users"
ERROR - 2017-07-27 21:44:33 --> Could not find the language line "admin button users_list"
ERROR - 2017-07-27 21:44:33 --> Could not find the language line "admin button users_add"
ERROR - 2017-07-27 21:44:33 --> Could not find the language line "admin button messages"
ERROR - 2017-07-27 21:44:33 --> Could not find the language line "admin button settings"
ERROR - 2017-07-27 21:46:35 --> Could not find the language line "core error session_language"
ERROR - 2017-07-27 21:46:35 --> Could not find the language line "admin button users"
ERROR - 2017-07-27 21:46:35 --> Could not find the language line "admin button users_list"
ERROR - 2017-07-27 21:46:35 --> Could not find the language line "admin button users_add"
ERROR - 2017-07-27 21:46:35 --> Could not find the language line "admin button messages"
ERROR - 2017-07-27 21:46:35 --> Could not find the language line "admin button settings"
ERROR - 2017-07-27 21:47:51 --> Could not find the language line "core error session_language"
ERROR - 2017-07-27 21:47:51 --> Could not find the language line "admin button users"
ERROR - 2017-07-27 21:47:51 --> Could not find the language line "admin button users_list"
ERROR - 2017-07-27 21:47:51 --> Could not find the language line "admin button users_add"
ERROR - 2017-07-27 21:47:51 --> Could not find the language line "admin button messages"
ERROR - 2017-07-27 21:47:51 --> Could not find the language line "admin button settings"
ERROR - 2017-07-27 21:49:11 --> Could not find the language line "core error session_language"
ERROR - 2017-07-27 21:49:11 --> Could not find the language line "admin button users"
ERROR - 2017-07-27 21:49:11 --> Could not find the language line "admin button users_list"
ERROR - 2017-07-27 21:49:11 --> Could not find the language line "admin button users_add"
ERROR - 2017-07-27 21:49:11 --> Could not find the language line "admin button messages"
ERROR - 2017-07-27 21:49:11 --> Could not find the language line "admin button settings"
ERROR - 2017-07-27 21:49:25 --> Could not find the language line "core error session_language"
ERROR - 2017-07-27 21:49:25 --> Could not find the language line "admin button users"
ERROR - 2017-07-27 21:49:25 --> Could not find the language line "admin button users_list"
ERROR - 2017-07-27 21:49:25 --> Could not find the language line "admin button users_add"
ERROR - 2017-07-27 21:49:25 --> Could not find the language line "admin button messages"
ERROR - 2017-07-27 21:49:25 --> Could not find the language line "admin button settings"
ERROR - 2017-07-27 21:51:22 --> Could not find the language line "core error session_language"
ERROR - 2017-07-27 21:51:23 --> Could not find the language line "admin button users"
ERROR - 2017-07-27 21:51:23 --> Could not find the language line "admin button users_list"
ERROR - 2017-07-27 21:51:23 --> Could not find the language line "admin button users_add"
ERROR - 2017-07-27 21:51:23 --> Could not find the language line "admin button messages"
ERROR - 2017-07-27 21:51:23 --> Could not find the language line "admin button settings"
ERROR - 2017-07-27 21:53:11 --> Could not find the language line "core error session_language"
ERROR - 2017-07-27 21:53:11 --> Could not find the language line "admin button users"
ERROR - 2017-07-27 21:53:11 --> Could not find the language line "admin button users_list"
ERROR - 2017-07-27 21:53:11 --> Could not find the language line "admin button users_add"
ERROR - 2017-07-27 21:53:11 --> Could not find the language line "admin button messages"
ERROR - 2017-07-27 21:53:11 --> Could not find the language line "admin button settings"
ERROR - 2017-07-27 21:53:49 --> Could not find the language line "core error session_language"
ERROR - 2017-07-27 21:53:50 --> Could not find the language line "admin button users"
ERROR - 2017-07-27 21:53:50 --> Could not find the language line "admin button users_list"
ERROR - 2017-07-27 21:53:50 --> Could not find the language line "admin button users_add"
ERROR - 2017-07-27 21:53:50 --> Could not find the language line "admin button messages"
ERROR - 2017-07-27 21:53:50 --> Could not find the language line "admin button settings"
ERROR - 2017-07-27 21:54:06 --> Could not find the language line "core error session_language"
ERROR - 2017-07-27 21:54:06 --> Could not find the language line "admin button users"
ERROR - 2017-07-27 21:54:06 --> Could not find the language line "admin button users_list"
ERROR - 2017-07-27 21:54:06 --> Could not find the language line "admin button users_add"
ERROR - 2017-07-27 21:54:06 --> Could not find the language line "admin button messages"
ERROR - 2017-07-27 21:54:06 --> Could not find the language line "admin button settings"
ERROR - 2017-07-27 21:54:44 --> Could not find the language line "core error session_language"
ERROR - 2017-07-27 21:54:44 --> Could not find the language line "admin button users"
ERROR - 2017-07-27 21:54:44 --> Could not find the language line "admin button users_list"
ERROR - 2017-07-27 21:54:44 --> Could not find the language line "admin button users_add"
ERROR - 2017-07-27 21:54:44 --> Could not find the language line "admin button messages"
ERROR - 2017-07-27 21:54:44 --> Could not find the language line "admin button settings"
ERROR - 2017-07-27 21:55:55 --> Could not find the language line "core error session_language"
ERROR - 2017-07-27 21:55:55 --> Could not find the language line "admin button users"
ERROR - 2017-07-27 21:55:55 --> Could not find the language line "admin button users_list"
ERROR - 2017-07-27 21:55:55 --> Could not find the language line "admin button users_add"
ERROR - 2017-07-27 21:55:55 --> Could not find the language line "admin button messages"
ERROR - 2017-07-27 21:55:55 --> Could not find the language line "admin button settings"
ERROR - 2017-07-27 21:56:37 --> Could not find the language line "core error session_language"
ERROR - 2017-07-27 21:56:37 --> Could not find the language line "admin button users"
ERROR - 2017-07-27 21:56:37 --> Could not find the language line "admin button users_list"
ERROR - 2017-07-27 21:56:37 --> Could not find the language line "admin button users_add"
ERROR - 2017-07-27 21:56:37 --> Could not find the language line "admin button messages"
ERROR - 2017-07-27 21:56:37 --> Could not find the language line "admin button settings"
ERROR - 2017-07-27 21:57:32 --> Could not find the language line "core error session_language"
ERROR - 2017-07-27 21:57:32 --> Could not find the language line "admin button users"
ERROR - 2017-07-27 21:57:32 --> Could not find the language line "admin button users_list"
ERROR - 2017-07-27 21:57:32 --> Could not find the language line "admin button users_add"
ERROR - 2017-07-27 21:57:32 --> Could not find the language line "admin button messages"
ERROR - 2017-07-27 21:57:32 --> Could not find the language line "admin button settings"
ERROR - 2017-07-27 21:57:49 --> Could not find the language line "core error session_language"
ERROR - 2017-07-27 21:57:49 --> Could not find the language line "admin button users"
ERROR - 2017-07-27 21:57:49 --> Could not find the language line "admin button users_list"
ERROR - 2017-07-27 21:57:49 --> Could not find the language line "admin button users_add"
ERROR - 2017-07-27 21:57:49 --> Could not find the language line "admin button messages"
ERROR - 2017-07-27 21:57:49 --> Could not find the language line "admin button settings"
ERROR - 2017-07-27 21:58:01 --> Could not find the language line "core error session_language"
ERROR - 2017-07-27 21:58:01 --> Could not find the language line "admin button users"
ERROR - 2017-07-27 21:58:01 --> Could not find the language line "admin button users_list"
ERROR - 2017-07-27 21:58:01 --> Could not find the language line "admin button users_add"
ERROR - 2017-07-27 21:58:01 --> Could not find the language line "admin button messages"
ERROR - 2017-07-27 21:58:01 --> Could not find the language line "admin button settings"
ERROR - 2017-07-27 21:59:53 --> Could not find the language line "core error session_language"
ERROR - 2017-07-27 21:59:54 --> Severity: Notice --> Undefined property: stdClass::$vn C:\AppServ\www\ci3_cgi\application\modules\Cgi\views\cgi_search.php 51
ERROR - 2017-07-27 21:59:54 --> Could not find the language line "admin button users"
ERROR - 2017-07-27 21:59:54 --> Could not find the language line "admin button users_list"
ERROR - 2017-07-27 21:59:54 --> Could not find the language line "admin button users_add"
ERROR - 2017-07-27 21:59:54 --> Could not find the language line "admin button messages"
ERROR - 2017-07-27 21:59:54 --> Could not find the language line "admin button settings"
ERROR - 2017-07-27 22:00:15 --> Could not find the language line "core error session_language"
ERROR - 2017-07-27 22:00:15 --> Could not find the language line "admin button users"
ERROR - 2017-07-27 22:00:15 --> Could not find the language line "admin button users_list"
ERROR - 2017-07-27 22:00:15 --> Could not find the language line "admin button users_add"
ERROR - 2017-07-27 22:00:15 --> Could not find the language line "admin button messages"
ERROR - 2017-07-27 22:00:15 --> Could not find the language line "admin button settings"
ERROR - 2017-07-27 22:03:00 --> Could not find the language line "core error session_language"
ERROR - 2017-07-27 22:03:00 --> Severity: Warning --> pg_query(): Query failed: ERROR:  invalid reference to FROM-clause entry for table &quot;nano_visit&quot;
LINE 1: SELECT &quot;medrec&quot;.&quot;nano_patient&quot;.*, &quot;medrec&quot;.&quot;nano_visit&quot;.&quot;id&quot;...
                                          ^
HINT:  There is an entry for table &quot;nano_visit&quot;, but it cannot be referenced from this part of the query. C:\AppServ\www\ci3_cgi\system\database\drivers\postgre\postgre_driver.php 242
ERROR - 2017-07-27 22:03:00 --> Query error: ERROR:  invalid reference to FROM-clause entry for table "nano_visit"
LINE 1: SELECT "medrec"."nano_patient".*, "medrec"."nano_visit"."id"...
                                          ^
HINT:  There is an entry for table "nano_visit", but it cannot be referenced from this part of the query. - Invalid query: SELECT "medrec"."nano_patient".*, "medrec"."nano_visit"."id" AS "vn_id", "medrec"."nano_visit"."vn"
FROM "medrec"."nano_patient"
JOIN "medrec"."nano_visit" AS "nano_visit" ON "nano_visit"."id_patient" = "nano_patient"."id"
WHERE "medrec"."nano_patient"."hn" = E'173798'
OR "medrec"."nano_patient"."pa_people_number" = E'173798'
ORDER BY "medrec"."nano_visit"."id" DESC
ERROR - 2017-07-27 22:03:59 --> Could not find the language line "core error session_language"
ERROR - 2017-07-27 22:04:00 --> Could not find the language line "admin button users"
ERROR - 2017-07-27 22:04:00 --> Could not find the language line "admin button users_list"
ERROR - 2017-07-27 22:04:00 --> Could not find the language line "admin button users_add"
ERROR - 2017-07-27 22:04:00 --> Could not find the language line "admin button messages"
ERROR - 2017-07-27 22:04:00 --> Could not find the language line "admin button settings"
ERROR - 2017-07-27 22:05:51 --> Could not find the language line "core error session_language"
ERROR - 2017-07-27 22:05:53 --> Could not find the language line "admin button users"
ERROR - 2017-07-27 22:05:53 --> Could not find the language line "admin button users_list"
ERROR - 2017-07-27 22:05:53 --> Could not find the language line "admin button users_add"
ERROR - 2017-07-27 22:05:53 --> Could not find the language line "admin button messages"
ERROR - 2017-07-27 22:05:53 --> Could not find the language line "admin button settings"
ERROR - 2017-07-27 22:08:40 --> Could not find the language line "core error session_language"
ERROR - 2017-07-27 22:08:40 --> Severity: Notice --> Undefined variable: content_data C:\AppServ\www\ci3_cgi\application\modules\Cgi\controllers\Cgi.php 42
ERROR - 2017-07-27 22:08:40 --> Severity: Notice --> Undefined variable: patients C:\AppServ\www\ci3_cgi\application\modules\Cgi\views\cgi_search.php 49
ERROR - 2017-07-27 22:08:40 --> Severity: Error --> Call to a member function result() on a non-object C:\AppServ\www\ci3_cgi\application\modules\Cgi\views\cgi_search.php 49
ERROR - 2017-07-27 22:09:03 --> Could not find the language line "core error session_language"
ERROR - 2017-07-27 22:09:04 --> Severity: Notice --> Undefined variable: content_data C:\AppServ\www\ci3_cgi\application\modules\Cgi\controllers\Cgi.php 42
ERROR - 2017-07-27 22:09:04 --> Severity: Notice --> Undefined variable: patients C:\AppServ\www\ci3_cgi\application\modules\Cgi\views\cgi_search.php 49
ERROR - 2017-07-27 22:09:04 --> Severity: Error --> Call to a member function result() on a non-object C:\AppServ\www\ci3_cgi\application\modules\Cgi\views\cgi_search.php 49
ERROR - 2017-07-27 22:09:15 --> Could not find the language line "core error session_language"
ERROR - 2017-07-27 22:09:15 --> Severity: Notice --> Undefined variable: content_data C:\AppServ\www\ci3_cgi\application\modules\Cgi\controllers\Cgi.php 42
ERROR - 2017-07-27 22:09:15 --> Severity: Notice --> Undefined variable: patients C:\AppServ\www\ci3_cgi\application\modules\Cgi\views\cgi_search.php 49
ERROR - 2017-07-27 22:09:15 --> Severity: Error --> Call to a member function result() on a non-object C:\AppServ\www\ci3_cgi\application\modules\Cgi\views\cgi_search.php 49
ERROR - 2017-07-27 22:09:24 --> Could not find the language line "core error session_language"
ERROR - 2017-07-27 22:09:24 --> Could not find the language line "admin button users"
ERROR - 2017-07-27 22:09:24 --> Could not find the language line "admin button users_list"
ERROR - 2017-07-27 22:09:24 --> Could not find the language line "admin button users_add"
ERROR - 2017-07-27 22:09:24 --> Could not find the language line "admin button messages"
ERROR - 2017-07-27 22:09:24 --> Could not find the language line "admin button settings"
ERROR - 2017-07-27 22:09:48 --> Could not find the language line "core error session_language"
ERROR - 2017-07-27 22:09:48 --> Severity: Notice --> Undefined variable: patients C:\AppServ\www\ci3_cgi\application\modules\Cgi\views\cgi_search.php 49
ERROR - 2017-07-27 22:09:48 --> Severity: Error --> Call to a member function result() on a non-object C:\AppServ\www\ci3_cgi\application\modules\Cgi\views\cgi_search.php 49
ERROR - 2017-07-27 22:11:19 --> Could not find the language line "core error session_language"
ERROR - 2017-07-27 22:11:19 --> Severity: Notice --> Undefined variable: patients C:\AppServ\www\ci3_cgi\application\modules\Cgi\views\cgi_search.php 49
ERROR - 2017-07-27 22:11:19 --> Severity: Warning --> Invalid argument supplied for foreach() C:\AppServ\www\ci3_cgi\application\modules\Cgi\views\cgi_search.php 49
ERROR - 2017-07-27 22:11:19 --> Could not find the language line "admin button users"
ERROR - 2017-07-27 22:11:19 --> Could not find the language line "admin button users_list"
ERROR - 2017-07-27 22:11:19 --> Could not find the language line "admin button users_add"
ERROR - 2017-07-27 22:11:19 --> Could not find the language line "admin button messages"
ERROR - 2017-07-27 22:11:19 --> Could not find the language line "admin button settings"
ERROR - 2017-07-27 22:11:23 --> Could not find the language line "core error session_language"
ERROR - 2017-07-27 22:11:24 --> Could not find the language line "admin button users"
ERROR - 2017-07-27 22:11:24 --> Could not find the language line "admin button users_list"
ERROR - 2017-07-27 22:11:24 --> Could not find the language line "admin button users_add"
ERROR - 2017-07-27 22:11:24 --> Could not find the language line "admin button messages"
ERROR - 2017-07-27 22:11:24 --> Could not find the language line "admin button settings"
ERROR - 2017-07-27 22:11:27 --> Could not find the language line "core error session_language"
ERROR - 2017-07-27 22:11:27 --> Could not find the language line "admin button users"
ERROR - 2017-07-27 22:11:27 --> Could not find the language line "admin button users_list"
ERROR - 2017-07-27 22:11:27 --> Could not find the language line "admin button users_add"
ERROR - 2017-07-27 22:11:27 --> Could not find the language line "admin button messages"
ERROR - 2017-07-27 22:11:27 --> Could not find the language line "admin button settings"
ERROR - 2017-07-27 22:12:33 --> Could not find the language line "core error session_language"
ERROR - 2017-07-27 22:12:33 --> Severity: Notice --> Undefined variable: patients C:\AppServ\www\ci3_cgi\application\modules\Cgi\views\cgi_search.php 49
ERROR - 2017-07-27 22:12:33 --> Severity: Warning --> Invalid argument supplied for foreach() C:\AppServ\www\ci3_cgi\application\modules\Cgi\views\cgi_search.php 49
ERROR - 2017-07-27 22:12:33 --> Could not find the language line "admin button users"
ERROR - 2017-07-27 22:12:33 --> Could not find the language line "admin button users_list"
ERROR - 2017-07-27 22:12:33 --> Could not find the language line "admin button users_add"
ERROR - 2017-07-27 22:12:33 --> Could not find the language line "admin button messages"
ERROR - 2017-07-27 22:12:33 --> Could not find the language line "admin button settings"
ERROR - 2017-07-27 22:13:19 --> Could not find the language line "core error session_language"
ERROR - 2017-07-27 22:13:19 --> Severity: Warning --> Invalid argument supplied for foreach() C:\AppServ\www\ci3_cgi\application\modules\Cgi\views\cgi_search.php 49
ERROR - 2017-07-27 22:13:19 --> Could not find the language line "admin button users"
ERROR - 2017-07-27 22:13:19 --> Could not find the language line "admin button users_list"
ERROR - 2017-07-27 22:13:19 --> Could not find the language line "admin button users_add"
ERROR - 2017-07-27 22:13:19 --> Could not find the language line "admin button messages"
ERROR - 2017-07-27 22:13:19 --> Could not find the language line "admin button settings"
ERROR - 2017-07-27 22:13:41 --> Could not find the language line "core error session_language"
ERROR - 2017-07-27 22:13:41 --> Severity: Warning --> Invalid argument supplied for foreach() C:\AppServ\www\ci3_cgi\application\modules\Cgi\views\cgi_search.php 49
ERROR - 2017-07-27 22:13:41 --> Could not find the language line "admin button users"
ERROR - 2017-07-27 22:13:41 --> Could not find the language line "admin button users_list"
ERROR - 2017-07-27 22:13:41 --> Could not find the language line "admin button users_add"
ERROR - 2017-07-27 22:13:41 --> Could not find the language line "admin button messages"
ERROR - 2017-07-27 22:13:41 --> Could not find the language line "admin button settings"
ERROR - 2017-07-27 22:14:48 --> Could not find the language line "core error session_language"
ERROR - 2017-07-27 22:14:48 --> Severity: Notice --> Undefined variable: patients C:\AppServ\www\ci3_cgi\application\modules\Cgi\views\cgi_search.php 35
ERROR - 2017-07-27 22:14:48 --> Could not find the language line "admin button users"
ERROR - 2017-07-27 22:14:48 --> Could not find the language line "admin button users_list"
ERROR - 2017-07-27 22:14:48 --> Could not find the language line "admin button users_add"
ERROR - 2017-07-27 22:14:48 --> Could not find the language line "admin button messages"
ERROR - 2017-07-27 22:14:48 --> Could not find the language line "admin button settings"
ERROR - 2017-07-27 22:15:23 --> Could not find the language line "core error session_language"
ERROR - 2017-07-27 22:15:23 --> Severity: Notice --> Undefined variable: patients C:\AppServ\www\ci3_cgi\application\modules\Cgi\views\cgi_search.php 35
ERROR - 2017-07-27 22:15:23 --> Could not find the language line "admin button users"
ERROR - 2017-07-27 22:15:23 --> Could not find the language line "admin button users_list"
ERROR - 2017-07-27 22:15:23 --> Could not find the language line "admin button users_add"
ERROR - 2017-07-27 22:15:23 --> Could not find the language line "admin button messages"
ERROR - 2017-07-27 22:15:23 --> Could not find the language line "admin button settings"
ERROR - 2017-07-27 22:15:44 --> Could not find the language line "core error session_language"
ERROR - 2017-07-27 22:15:44 --> Could not find the language line "admin button users"
ERROR - 2017-07-27 22:15:44 --> Could not find the language line "admin button users_list"
ERROR - 2017-07-27 22:15:44 --> Could not find the language line "admin button users_add"
ERROR - 2017-07-27 22:15:44 --> Could not find the language line "admin button messages"
ERROR - 2017-07-27 22:15:44 --> Could not find the language line "admin button settings"
ERROR - 2017-07-27 22:15:55 --> Could not find the language line "core error session_language"
ERROR - 2017-07-27 22:15:56 --> Could not find the language line "admin button users"
ERROR - 2017-07-27 22:15:56 --> Could not find the language line "admin button users_list"
ERROR - 2017-07-27 22:15:56 --> Could not find the language line "admin button users_add"
ERROR - 2017-07-27 22:15:56 --> Could not find the language line "admin button messages"
ERROR - 2017-07-27 22:15:56 --> Could not find the language line "admin button settings"
ERROR - 2017-07-27 22:17:00 --> Could not find the language line "core error session_language"
ERROR - 2017-07-27 22:17:00 --> Could not find the language line "admin button users"
ERROR - 2017-07-27 22:17:00 --> Could not find the language line "admin button users_list"
ERROR - 2017-07-27 22:17:00 --> Could not find the language line "admin button users_add"
ERROR - 2017-07-27 22:17:00 --> Could not find the language line "admin button messages"
ERROR - 2017-07-27 22:17:00 --> Could not find the language line "admin button settings"
