ERROR - 2018-11-29 03:34:43 --> Could not find the language line "admin dashboard jsi18n-sample"
ERROR - 2018-11-29 03:34:43 --> Could not find the language line "admin dashboard jsi18n-sample"
ERROR - 2018-11-29 03:34:58 --> Could not find the language line "admin dashboard jsi18n-sample"
ERROR - 2018-11-29 03:34:58 --> Could not find the language line "admin dashboard jsi18n-sample"
ERROR - 2018-11-29 03:39:22 --> Could not find the language line "admin dashboard jsi18n-sample"
ERROR - 2018-11-29 03:39:26 --> 404 Page Not Found: /index
ERROR - 2018-11-29 03:39:51 --> Could not find the language line "admin dashboard jsi18n-sample"
ERROR - 2018-11-29 03:39:51 --> Severity: Warning --> pg_query(): Query failed: ERROR:  column neural_med_station.idx does not exist
LINE 7: ORDER BY &quot;med&quot;.&quot;neural_med_station&quot;.&quot;idx&quot; ASC
                 ^
HINT:  Perhaps you meant to reference the column &quot;neural_med_station.id&quot;. /Library/WebServer/Documents/miracle/ci3_cgi/system/database/drivers/postgre/postgre_driver.php 242
ERROR - 2018-11-29 03:39:51 --> Query error: ERROR:  column neural_med_station.idx does not exist
LINE 7: ORDER BY "med"."neural_med_station"."idx" ASC
                 ^
HINT:  Perhaps you meant to reference the column "neural_med_station.id". - Invalid query: SELECT "neural_med_station"."id" AS "med_station_id", to_char(neural_med_station.check_out_date, 'DD-MM-YYYY') AS check_out_date_th, "neural_med_station"."check_out_date", "users"."id" AS "user_id", users.title || users.name || ' ' || users.lastname AS fullname, "station"."id" AS "station_id", "station"."name" AS "station_name"
FROM "med"."neural_med_station"
LEFT JOIN "med"."neural_station" AS "station" ON "station"."id" = "neural_med_station"."station_id"
JOIN "jvkk"."nano_user" AS "users" ON "users"."id" = "neural_med_station"."doctor_id"
WHERE "neural_med_station"."check_out_date" = '2018-11-29'
AND "neural_med_station"."deleted" = 'f'
ORDER BY "med"."neural_med_station"."idx" ASC
ERROR - 2018-11-29 04:01:02 --> Could not find the language line "admin dashboard jsi18n-sample"
ERROR - 2018-11-29 04:01:02 --> Severity: Warning --> pg_query(): Query failed: ERROR:  column neural_med_station.idx does not exist
LINE 7: ORDER BY &quot;med&quot;.&quot;neural_med_station&quot;.&quot;idx&quot; ASC
                 ^
HINT:  Perhaps you meant to reference the column &quot;neural_med_station.id&quot;. /Library/WebServer/Documents/miracle/ci3_cgi/system/database/drivers/postgre/postgre_driver.php 242
ERROR - 2018-11-29 04:01:02 --> Query error: ERROR:  column neural_med_station.idx does not exist
LINE 7: ORDER BY "med"."neural_med_station"."idx" ASC
                 ^
HINT:  Perhaps you meant to reference the column "neural_med_station.id". - Invalid query: SELECT "neural_med_station"."id" AS "med_station_id", to_char(neural_med_station.check_out_date, 'DD-MM-YYYY') AS check_out_date_th, "neural_med_station"."check_out_date", "users"."id" AS "user_id", users.title || users.name || ' ' || users.lastname AS fullname, "station"."id" AS "station_id", "station"."name" AS "station_name"
FROM "med"."neural_med_station"
LEFT JOIN "med"."neural_station" AS "station" ON "station"."id" = "neural_med_station"."station_id"
JOIN "jvkk"."nano_user" AS "users" ON "users"."id" = "neural_med_station"."doctor_id"
WHERE "neural_med_station"."check_out_date" = '2018-11-29'
AND "neural_med_station"."deleted" = 'f'
ORDER BY "med"."neural_med_station"."idx" ASC
ERROR - 2018-11-29 04:01:05 --> Could not find the language line "admin dashboard jsi18n-sample"
ERROR - 2018-11-29 04:01:05 --> Severity: Warning --> pg_query(): Query failed: ERROR:  column neural_med_station.idx does not exist
LINE 7: ORDER BY &quot;med&quot;.&quot;neural_med_station&quot;.&quot;idx&quot; ASC
                 ^
HINT:  Perhaps you meant to reference the column &quot;neural_med_station.id&quot;. /Library/WebServer/Documents/miracle/ci3_cgi/system/database/drivers/postgre/postgre_driver.php 242
ERROR - 2018-11-29 04:01:05 --> Query error: ERROR:  column neural_med_station.idx does not exist
LINE 7: ORDER BY "med"."neural_med_station"."idx" ASC
                 ^
HINT:  Perhaps you meant to reference the column "neural_med_station.id". - Invalid query: SELECT "neural_med_station"."id" AS "med_station_id", to_char(neural_med_station.check_out_date, 'DD-MM-YYYY') AS check_out_date_th, "neural_med_station"."check_out_date", "users"."id" AS "user_id", users.title || users.name || ' ' || users.lastname AS fullname, "station"."id" AS "station_id", "station"."name" AS "station_name"
FROM "med"."neural_med_station"
LEFT JOIN "med"."neural_station" AS "station" ON "station"."id" = "neural_med_station"."station_id"
JOIN "jvkk"."nano_user" AS "users" ON "users"."id" = "neural_med_station"."doctor_id"
WHERE "neural_med_station"."check_out_date" = '2018-11-29'
AND "neural_med_station"."deleted" = 'f'
ORDER BY "med"."neural_med_station"."idx" ASC
ERROR - 2018-11-29 04:01:19 --> Could not find the language line "admin dashboard jsi18n-sample"
ERROR - 2018-11-29 04:01:21 --> 404 Page Not Found: /index
ERROR - 2018-11-29 04:01:26 --> Could not find the language line "admin dashboard jsi18n-sample"
ERROR - 2018-11-29 04:01:28 --> 404 Page Not Found: /index
ERROR - 2018-11-29 04:01:29 --> Could not find the language line "admin dashboard jsi18n-sample"
ERROR - 2018-11-29 04:01:32 --> Could not find the language line "admin dashboard jsi18n-sample"
ERROR - 2018-11-29 04:01:33 --> 404 Page Not Found: /index
ERROR - 2018-11-29 04:02:06 --> Could not find the language line "admin dashboard jsi18n-sample"
ERROR - 2018-11-29 04:02:08 --> 404 Page Not Found: /index
ERROR - 2018-11-29 04:02:10 --> Could not find the language line "admin dashboard jsi18n-sample"
ERROR - 2018-11-29 04:02:11 --> Could not find the language line "admin dashboard jsi18n-sample"
ERROR - 2018-11-29 04:02:13 --> Could not find the language line "admin dashboard jsi18n-sample"
ERROR - 2018-11-29 04:02:15 --> Could not find the language line "admin dashboard jsi18n-sample"
ERROR - 2018-11-29 04:03:09 --> Could not find the language line "admin dashboard jsi18n-sample"
ERROR - 2018-11-29 04:03:11 --> 404 Page Not Found: /index
ERROR - 2018-11-29 04:03:47 --> Could not find the language line "admin dashboard jsi18n-sample"
ERROR - 2018-11-29 04:07:26 --> Could not find the language line "admin dashboard jsi18n-sample"
ERROR - 2018-11-29 04:54:00 --> Could not find the language line "admin dashboard jsi18n-sample"
ERROR - 2018-11-29 04:54:02 --> 404 Page Not Found: /index
ERROR - 2018-11-29 04:54:14 --> Could not find the language line "admin dashboard jsi18n-sample"
ERROR - 2018-11-29 04:54:16 --> 404 Page Not Found: /index
ERROR - 2018-11-29 04:54:36 --> Could not find the language line "admin dashboard jsi18n-sample"
ERROR - 2018-11-29 04:54:46 --> 404 Page Not Found: /index
ERROR - 2018-11-29 04:57:13 --> Could not find the language line "admin dashboard jsi18n-sample"
ERROR - 2018-11-29 04:57:23 --> 404 Page Not Found: /index
ERROR - 2018-11-29 05:18:03 --> Could not find the language line "admin dashboard jsi18n-sample"
ERROR - 2018-11-29 05:18:12 --> 404 Page Not Found: /index
ERROR - 2018-11-29 05:18:15 --> 404 Page Not Found: /index
ERROR - 2018-11-29 05:18:15 --> 404 Page Not Found: /index
ERROR - 2018-11-29 05:18:15 --> 404 Page Not Found: /index
ERROR - 2018-11-29 05:18:42 --> Could not find the language line "admin dashboard jsi18n-sample"
ERROR - 2018-11-29 05:18:50 --> 404 Page Not Found: /index
ERROR - 2018-11-29 05:18:53 --> 404 Page Not Found: /index
ERROR - 2018-11-29 05:18:53 --> 404 Page Not Found: /index
ERROR - 2018-11-29 05:18:53 --> 404 Page Not Found: /index
ERROR - 2018-11-29 05:19:17 --> 404 Page Not Found: /index
ERROR - 2018-11-29 05:22:44 --> Could not find the language line "admin dashboard jsi18n-sample"
ERROR - 2018-11-29 05:22:53 --> 404 Page Not Found: /index
ERROR - 2018-11-29 05:23:08 --> Could not find the language line "admin dashboard jsi18n-sample"
ERROR - 2018-11-29 05:23:09 --> 404 Page Not Found: /index
ERROR - 2018-11-29 05:23:45 --> Could not find the language line "admin dashboard jsi18n-sample"
ERROR - 2018-11-29 05:23:47 --> 404 Page Not Found: /index
ERROR - 2018-11-29 05:24:31 --> Could not find the language line "admin dashboard jsi18n-sample"
ERROR - 2018-11-29 05:24:33 --> 404 Page Not Found: /index
ERROR - 2018-11-29 05:24:40 --> Could not find the language line "admin dashboard jsi18n-sample"
ERROR - 2018-11-29 05:25:02 --> 404 Page Not Found: /index
ERROR - 2018-11-29 05:26:17 --> Could not find the language line "admin dashboard jsi18n-sample"
ERROR - 2018-11-29 05:26:37 --> Severity: Error --> Method name must be a string /Library/WebServer/Documents/miracle/ci3_cgi/application/core/MY_Model.php 272
ERROR - 2018-11-29 05:26:43 --> Could not find the language line "admin dashboard jsi18n-sample"
ERROR - 2018-11-29 05:26:52 --> 404 Page Not Found: /index
ERROR - 2018-11-29 05:26:59 --> Severity: Error --> Method name must be a string /Library/WebServer/Documents/miracle/ci3_cgi/application/core/MY_Model.php 272
ERROR - 2018-11-29 05:27:52 --> Severity: Error --> Method name must be a string /Library/WebServer/Documents/miracle/ci3_cgi/application/core/MY_Model.php 272
ERROR - 2018-11-29 05:41:59 --> Severity: Error --> Method name must be a string /Library/WebServer/Documents/miracle/ci3_cgi/application/core/MY_Model.php 272
ERROR - 2018-11-29 05:45:19 --> Severity: Error --> Method name must be a string /Library/WebServer/Documents/miracle/ci3_cgi/application/core/MY_Model.php 272
ERROR - 2018-11-29 05:51:55 --> Could not find the language line "admin dashboard jsi18n-sample"
ERROR - 2018-11-29 05:52:04 --> 404 Page Not Found: /index
ERROR - 2018-11-29 05:52:26 --> Could not find the language line "admin dashboard jsi18n-sample"
ERROR - 2018-11-29 05:52:28 --> 404 Page Not Found: /index
ERROR - 2018-11-29 05:52:34 --> Could not find the language line "admin dashboard jsi18n-sample"
ERROR - 2018-11-29 05:52:38 --> Could not find the language line "admin dashboard jsi18n-sample"
ERROR - 2018-11-29 05:52:40 --> 404 Page Not Found: /index
ERROR - 2018-11-29 05:56:56 --> Could not find the language line "admin dashboard jsi18n-sample"
ERROR - 2018-11-29 05:57:05 --> 404 Page Not Found: /index
ERROR - 2018-11-29 05:59:35 --> Could not find the language line "admin dashboard jsi18n-sample"
ERROR - 2018-11-29 05:59:45 --> 404 Page Not Found: /index
ERROR - 2018-11-29 05:59:47 --> Could not find the language line "admin dashboard jsi18n-sample"
ERROR - 2018-11-29 05:59:59 --> 404 Page Not Found: /index
ERROR - 2018-11-29 06:00:09 --> Could not find the language line "admin dashboard jsi18n-sample"
ERROR - 2018-11-29 06:00:17 --> 404 Page Not Found: /index
ERROR - 2018-11-29 06:01:07 --> Could not find the language line "admin dashboard jsi18n-sample"
ERROR - 2018-11-29 06:01:17 --> 404 Page Not Found: /index
ERROR - 2018-11-29 06:08:50 --> Could not find the language line "admin dashboard jsi18n-sample"
ERROR - 2018-11-29 06:09:00 --> 404 Page Not Found: /index
ERROR - 2018-11-29 06:12:34 --> Could not find the language line "admin dashboard jsi18n-sample"
ERROR - 2018-11-29 06:12:45 --> 404 Page Not Found: /index
ERROR - 2018-11-29 06:39:02 --> Severity: Warning --> pg_query(): Query failed: ERROR:  invalid input syntax for type time: &quot;&quot;
LINE 1: ...ntment_date&quot; = '2018-11-29', &quot;appointment_time&quot; = '', &quot;user_...
                                                             ^ /Library/WebServer/Documents/miracle/ci3_cgi/system/database/drivers/postgre/postgre_driver.php 242
ERROR - 2018-11-29 06:39:02 --> Query error: ERROR:  invalid input syntax for type time: ""
LINE 1: ...ntment_date" = '2018-11-29', "appointment_time" = '', "user_...
                                                             ^ - Invalid query: UPDATE "frontmed"."neural_appointment" SET "appointment_date" = '2018-11-29', "appointment_time" = '', "user_id" = '85', "comment" = '', "component_id" = '10', "patient_id" = '179367'
WHERE "frontmed"."neural_appointment"."id" = '701568'
ERROR - 2018-11-29 06:39:18 --> 404 Page Not Found: /index
ERROR - 2018-11-29 06:56:33 --> Could not find the language line "admin dashboard jsi18n-sample"
ERROR - 2018-11-29 06:56:43 --> 404 Page Not Found: /index
ERROR - 2018-11-29 06:59:11 --> Could not find the language line "admin dashboard jsi18n-sample"
ERROR - 2018-11-29 06:59:21 --> 404 Page Not Found: /index
ERROR - 2018-11-29 07:04:33 --> Could not find the language line "admin dashboard jsi18n-sample"
ERROR - 2018-11-29 07:04:44 --> 404 Page Not Found: /index
ERROR - 2018-11-29 07:07:07 --> Severity: Warning --> pg_query(): Query failed: ERROR:  invalid input syntax for type timestamp: &quot;cc&quot;
LINE 1: ...ed&quot;.&quot;neural_appointment&quot; SET &quot;appointment_date&quot; = 'cc', &quot;app...
                                                             ^ /Library/WebServer/Documents/miracle/ci3_cgi/system/database/drivers/postgre/postgre_driver.php 242
ERROR - 2018-11-29 07:07:07 --> Query error: ERROR:  invalid input syntax for type timestamp: "cc"
LINE 1: ...ed"."neural_appointment" SET "appointment_date" = 'cc', "app...
                                                             ^ - Invalid query: UPDATE "frontmed"."neural_appointment" SET "appointment_date" = 'cc', "appointment_time" = '', "user_id" = '85', "comment" = '', "component_id" = '10', "patient_id" = '131966'
WHERE "frontmed"."neural_appointment"."id" = '701583'
ERROR - 2018-11-29 07:07:12 --> Severity: Warning --> pg_query(): Query failed: ERROR:  invalid input syntax for type timestamp: &quot;cc&quot;
LINE 1: ...ed&quot;.&quot;neural_appointment&quot; SET &quot;appointment_date&quot; = 'cc', &quot;app...
                                                             ^ /Library/WebServer/Documents/miracle/ci3_cgi/system/database/drivers/postgre/postgre_driver.php 242
ERROR - 2018-11-29 07:07:12 --> Query error: ERROR:  invalid input syntax for type timestamp: "cc"
LINE 1: ...ed"."neural_appointment" SET "appointment_date" = 'cc', "app...
                                                             ^ - Invalid query: UPDATE "frontmed"."neural_appointment" SET "appointment_date" = 'cc', "appointment_time" = '', "user_id" = '85', "comment" = '', "component_id" = '10', "patient_id" = '131966'
WHERE "frontmed"."neural_appointment"."id" = '701583'
ERROR - 2018-11-29 07:07:53 --> Severity: Warning --> pg_query(): Query failed: ERROR:  invalid input syntax for type time: &quot;&quot;
LINE 1: ...ntment_date&quot; = '2018-11-29', &quot;appointment_time&quot; = '', &quot;user_...
                                                             ^ /Library/WebServer/Documents/miracle/ci3_cgi/system/database/drivers/postgre/postgre_driver.php 242
ERROR - 2018-11-29 07:07:53 --> Query error: ERROR:  invalid input syntax for type time: ""
LINE 1: ...ntment_date" = '2018-11-29', "appointment_time" = '', "user_...
                                                             ^ - Invalid query: UPDATE "frontmed"."neural_appointment" SET "appointment_date" = '2018-11-29', "appointment_time" = '', "user_id" = '85', "comment" = '', "component_id" = '10', "patient_id" = '97756'
WHERE "frontmed"."neural_appointment"."id" = '701529'
ERROR - 2018-11-29 07:15:33 --> Severity: Warning --> pg_query(): Query failed: ERROR:  invalid input syntax for type time: &quot;&quot;
LINE 1: ...ntment_date&quot; = '2018-11-29', &quot;appointment_time&quot; = '', &quot;user_...
                                                             ^ /Library/WebServer/Documents/miracle/ci3_cgi/system/database/drivers/postgre/postgre_driver.php 242
ERROR - 2018-11-29 07:15:33 --> Query error: ERROR:  invalid input syntax for type time: ""
LINE 1: ...ntment_date" = '2018-11-29', "appointment_time" = '', "user_...
                                                             ^ - Invalid query: UPDATE "frontmed"."neural_appointment" SET "appointment_date" = '2018-11-29', "appointment_time" = '', "user_id" = '85', "comment" = '', "component_id" = '10', "patient_id" = '22478'
WHERE "frontmed"."neural_appointment"."id" = '700876'
ERROR - 2018-11-29 07:16:04 --> Severity: Warning --> pg_query(): Query failed: ERROR:  invalid input syntax for type time: &quot;&quot;
LINE 1: ...ntment_date&quot; = '2018-11-29', &quot;appointment_time&quot; = '', &quot;user_...
                                                             ^ /Library/WebServer/Documents/miracle/ci3_cgi/system/database/drivers/postgre/postgre_driver.php 242
ERROR - 2018-11-29 07:16:04 --> Query error: ERROR:  invalid input syntax for type time: ""
LINE 1: ...ntment_date" = '2018-11-29', "appointment_time" = '', "user_...
                                                             ^ - Invalid query: UPDATE "frontmed"."neural_appointment" SET "appointment_date" = '2018-11-29', "appointment_time" = '', "user_id" = '85', "comment" = '', "component_id" = '10', "patient_id" = '90752'
WHERE "frontmed"."neural_appointment"."id" = '701629'
ERROR - 2018-11-29 07:17:27 --> Could not find the language line "admin dashboard jsi18n-sample"
ERROR - 2018-11-29 07:17:36 --> 404 Page Not Found: /index
ERROR - 2018-11-29 07:19:32 --> Severity: Warning --> pg_query(): Query failed: ERROR:  invalid input syntax for type time: &quot;&quot;
LINE 1: ...ntment_date&quot; = '2018-11-29', &quot;appointment_time&quot; = '', &quot;user_...
                                                             ^ /Library/WebServer/Documents/miracle/ci3_cgi/system/database/drivers/postgre/postgre_driver.php 242
ERROR - 2018-11-29 07:19:32 --> Query error: ERROR:  invalid input syntax for type time: ""
LINE 1: ...ntment_date" = '2018-11-29', "appointment_time" = '', "user_...
                                                             ^ - Invalid query: UPDATE "frontmed"."neural_appointment" SET "appointment_date" = '2018-11-29', "appointment_time" = '', "user_id" = '85', "comment" = '', "component_id" = '10', "patient_id" = '131966'
WHERE "frontmed"."neural_appointment"."id" = '701583'
ERROR - 2018-11-29 07:21:55 --> Could not find the language line "admin dashboard jsi18n-sample"
ERROR - 2018-11-29 07:22:05 --> 404 Page Not Found: /index
ERROR - 2018-11-29 07:52:09 --> Could not find the language line "admin dashboard jsi18n-sample"
ERROR - 2018-11-29 07:52:13 --> Could not find the language line "admin dashboard jsi18n-sample"
ERROR - 2018-11-29 07:59:29 --> Could not find the language line "admin dashboard jsi18n-sample"
ERROR - 2018-11-29 07:59:57 --> Could not find the language line "admin dashboard jsi18n-sample"
ERROR - 2018-11-29 08:00:02 --> Could not find the language line "admin dashboard jsi18n-sample"
ERROR - 2018-11-29 08:00:05 --> Could not find the language line "admin dashboard jsi18n-sample"
ERROR - 2018-11-29 08:00:06 --> Could not find the language line "admin dashboard jsi18n-sample"
ERROR - 2018-11-29 08:00:08 --> Could not find the language line "admin dashboard jsi18n-sample"
ERROR - 2018-11-29 08:00:10 --> Could not find the language line "admin dashboard jsi18n-sample"
ERROR - 2018-11-29 08:00:12 --> Could not find the language line "admin dashboard jsi18n-sample"
ERROR - 2018-11-29 08:00:17 --> Could not find the language line "admin dashboard jsi18n-sample"
ERROR - 2018-11-29 08:01:35 --> 404 Page Not Found: /index
ERROR - 2018-11-29 08:02:38 --> Could not find the language line "admin dashboard jsi18n-sample"
ERROR - 2018-11-29 08:02:41 --> 404 Page Not Found: /index
ERROR - 2018-11-29 08:05:50 --> Could not find the language line "admin dashboard jsi18n-sample"
ERROR - 2018-11-29 08:05:53 --> 404 Page Not Found: /index
ERROR - 2018-11-29 08:05:57 --> Could not find the language line "admin dashboard jsi18n-sample"
ERROR - 2018-11-29 08:05:58 --> Severity: Parsing Error --> syntax error, unexpected end of file /Library/WebServer/Documents/miracle/ci3_cgi/application/modules/Appointment/views/history_to_day.php 28
ERROR - 2018-11-29 08:07:29 --> Could not find the language line "admin dashboard jsi18n-sample"
ERROR - 2018-11-29 08:07:31 --> 404 Page Not Found: /index
ERROR - 2018-11-29 08:07:35 --> Could not find the language line "admin dashboard jsi18n-sample"
ERROR - 2018-11-29 08:07:38 --> 404 Page Not Found: /index
ERROR - 2018-11-29 08:08:48 --> Could not find the language line "admin dashboard jsi18n-sample"
ERROR - 2018-11-29 08:08:51 --> 404 Page Not Found: /index
ERROR - 2018-11-29 08:10:12 --> Could not find the language line "admin dashboard jsi18n-sample"
ERROR - 2018-11-29 08:10:12 --> Severity: Warning --> pg_query(): Query failed: ERROR:  column neural_appointment.deletedx does not exist
LINE 10: AND &quot;frontmed&quot;.&quot;neural_appointment&quot;.&quot;deletedx&quot; = 'f'
             ^
HINT:  Perhaps you meant to reference the column &quot;neural_appointment.deleted&quot;. /Library/WebServer/Documents/miracle/ci3_cgi/system/database/drivers/postgre/postgre_driver.php 242
ERROR - 2018-11-29 08:10:12 --> Query error: ERROR:  column neural_appointment.deletedx does not exist
LINE 10: AND "frontmed"."neural_appointment"."deletedx" = 'f'
             ^
HINT:  Perhaps you meant to reference the column "neural_appointment.deleted". - Invalid query: SELECT "neural_appointment"."id" AS "appointment_id", "neural_appointment"."comment", to_timestamp(neural_appointment.appointment_date::date ||  ' ' || neural_appointment.appointment_time::time, 'YYYY-MM-DD HH24:MI') AS appointment_date_time, to_char(neural_appointment.appointment_date, 'DD/MM/YYYY') AS appointment_date_th, to_char(neural_appointment.appointment_date, 'YYYY-MM-DD') AS appointment_date_en, to_char(neural_appointment.appointment_time, 'HH24:MI') AS appointment_time, "neural_appointment"."user_id", users.title || users.name || ' ' || users.lastname AS doctorname, "patient"."hn", patient.pa_pre_name || patient.pa_name || ' ' || patient.pa_lastname AS patient_name, users_created.title || users_created.name || ' ' || users_created.lastname AS created_name, "components"."com_name"
FROM "frontmed"."neural_appointment"
LEFT JOIN "medrec"."nano_patient" AS "patient" ON "patient"."id" = "neural_appointment"."patient_id"
LEFT JOIN "jvkk"."nano_user" AS "users_created" ON "users_created"."id" = "neural_appointment"."created_by"
LEFT JOIN "jvkk"."nano_components" AS "components" ON "components"."id" = "neural_appointment"."component_id"
LEFT JOIN "jvkk"."nano_user" AS "users" ON "users"."id" = "neural_appointment"."user_id"
WHERE "frontmed"."neural_appointment"."user_id" = '486'
AND "frontmed"."neural_appointment"."deleted" = 'f'
AND to_char(frontmed.neural_appointment.appointment_date, 'YYYY-MM-DD') = '2018-11-29'
AND "frontmed"."neural_appointment"."deletedx" = 'f'
GROUP BY "neural_appointment"."id", "neural_appointment"."comment", "neural_appointment"."appointment_date", "neural_appointment"."appointment_time", "neural_appointment"."user_id", "doctorname", "hn", "patient_name", "created_name", "components"."com_name"
ORDER BY "neural_appointment"."user_id", "neural_appointment"."appointment_time" ASC
ERROR - 2018-11-29 08:13:42 --> Could not find the language line "admin dashboard jsi18n-sample"
ERROR - 2018-11-29 08:13:44 --> 404 Page Not Found: /index
ERROR - 2018-11-29 08:14:00 --> Could not find the language line "admin dashboard jsi18n-sample"
ERROR - 2018-11-29 08:14:00 --> Severity: Warning --> pg_query(): Query failed: ERROR:  column neural_appointment.deletedx does not exist
LINE 9: AND &quot;frontmed&quot;.&quot;neural_appointment&quot;.&quot;deletedx&quot; = 'f'
            ^
HINT:  Perhaps you meant to reference the column &quot;neural_appointment.deleted&quot;. /Library/WebServer/Documents/miracle/ci3_cgi/system/database/drivers/postgre/postgre_driver.php 242
ERROR - 2018-11-29 08:14:00 --> Query error: ERROR:  column neural_appointment.deletedx does not exist
LINE 9: AND "frontmed"."neural_appointment"."deletedx" = 'f'
            ^
HINT:  Perhaps you meant to reference the column "neural_appointment.deleted". - Invalid query: SELECT "neural_appointment"."id" AS "appointment_id", "neural_appointment"."comment", to_timestamp(neural_appointment.appointment_date::date ||  ' ' || neural_appointment.appointment_time::time, 'YYYY-MM-DD HH24:MI') AS appointment_date_time, to_char(neural_appointment.appointment_date, 'DD/MM/YYYY') AS appointment_date_th, to_char(neural_appointment.appointment_date, 'YYYY-MM-DD') AS appointment_date_en, to_char(neural_appointment.appointment_time, 'HH24:MI') AS appointment_time, "neural_appointment"."user_id", users.title || users.name || ' ' || users.lastname AS doctorname, "patient"."hn", patient.pa_pre_name || patient.pa_name || ' ' || patient.pa_lastname AS patient_name, users_created.title || users_created.name || ' ' || users_created.lastname AS created_name, "components"."com_name"
FROM "frontmed"."neural_appointment"
LEFT JOIN "medrec"."nano_patient" AS "patient" ON "patient"."id" = "neural_appointment"."patient_id"
LEFT JOIN "jvkk"."nano_user" AS "users_created" ON "users_created"."id" = "neural_appointment"."created_by"
LEFT JOIN "jvkk"."nano_components" AS "components" ON "components"."id" = "neural_appointment"."component_id"
LEFT JOIN "jvkk"."nano_user" AS "users" ON "users"."id" = "neural_appointment"."user_id"
WHERE "frontmed"."neural_appointment"."user_id" = '486'
AND to_char(frontmed.neural_appointment.appointment_date, 'YYYY-MM-DD') = '2018-11-29'
AND "frontmed"."neural_appointment"."deletedx" = 'f'
GROUP BY "neural_appointment"."id", "neural_appointment"."comment", "neural_appointment"."appointment_date", "neural_appointment"."appointment_time", "neural_appointment"."user_id", "doctorname", "hn", "patient_name", "created_name", "components"."com_name"
ORDER BY "neural_appointment"."user_id", "neural_appointment"."appointment_time" ASC
ERROR - 2018-11-29 08:14:30 --> Could not find the language line "admin dashboard jsi18n-sample"
ERROR - 2018-11-29 08:14:30 --> Severity: Warning --> pg_query(): Query failed: ERROR:  column neural_appointment.deletedx does not exist
LINE 9: AND &quot;frontmed&quot;.&quot;neural_appointment&quot;.&quot;deletedx&quot; = 'f'
            ^
HINT:  Perhaps you meant to reference the column &quot;neural_appointment.deleted&quot;. /Library/WebServer/Documents/miracle/ci3_cgi/system/database/drivers/postgre/postgre_driver.php 242
ERROR - 2018-11-29 08:14:30 --> Query error: ERROR:  column neural_appointment.deletedx does not exist
LINE 9: AND "frontmed"."neural_appointment"."deletedx" = 'f'
            ^
HINT:  Perhaps you meant to reference the column "neural_appointment.deleted". - Invalid query: SELECT "neural_appointment"."id" AS "appointment_id", "neural_appointment"."comment", to_timestamp(neural_appointment.appointment_date::date ||  ' ' || neural_appointment.appointment_time::time, 'YYYY-MM-DD HH24:MI') AS appointment_date_time, to_char(neural_appointment.appointment_date, 'DD/MM/YYYY') AS appointment_date_th, to_char(neural_appointment.appointment_date, 'YYYY-MM-DD') AS appointment_date_en, to_char(neural_appointment.appointment_time, 'HH24:MI') AS appointment_time, "neural_appointment"."user_id", users.title || users.name || ' ' || users.lastname AS doctorname, "patient"."hn", patient.pa_pre_name || patient.pa_name || ' ' || patient.pa_lastname AS patient_name, users_created.title || users_created.name || ' ' || users_created.lastname AS created_name, "components"."com_name"
FROM "frontmed"."neural_appointment"
LEFT JOIN "medrec"."nano_patient" AS "patient" ON "patient"."id" = "neural_appointment"."patient_id"
LEFT JOIN "jvkk"."nano_user" AS "users_created" ON "users_created"."id" = "neural_appointment"."created_by"
LEFT JOIN "jvkk"."nano_components" AS "components" ON "components"."id" = "neural_appointment"."component_id"
LEFT JOIN "jvkk"."nano_user" AS "users" ON "users"."id" = "neural_appointment"."user_id"
WHERE "frontmed"."neural_appointment"."user_id" = '96'
AND to_char(frontmed.neural_appointment.appointment_date, 'YYYY-MM-DD') = '2018-11-29'
AND "frontmed"."neural_appointment"."deletedx" = 'f'
GROUP BY "neural_appointment"."id", "neural_appointment"."comment", "neural_appointment"."appointment_date", "neural_appointment"."appointment_time", "neural_appointment"."user_id", "doctorname", "hn", "patient_name", "created_name", "components"."com_name"
ORDER BY "neural_appointment"."user_id", "neural_appointment"."appointment_time" ASC
ERROR - 2018-11-29 08:18:47 --> Could not find the language line "admin dashboard jsi18n-sample"
ERROR - 2018-11-29 08:18:47 --> Severity: Warning --> pg_query(): Query failed: ERROR:  column neural_appointment.deletedx does not exist
LINE 9: AND &quot;frontmed&quot;.&quot;neural_appointment&quot;.&quot;deletedx&quot; = 'f'
            ^
HINT:  Perhaps you meant to reference the column &quot;neural_appointment.deleted&quot;. /Library/WebServer/Documents/miracle/ci3_cgi/system/database/drivers/postgre/postgre_driver.php 242
ERROR - 2018-11-29 08:18:47 --> Query error: ERROR:  column neural_appointment.deletedx does not exist
LINE 9: AND "frontmed"."neural_appointment"."deletedx" = 'f'
            ^
HINT:  Perhaps you meant to reference the column "neural_appointment.deleted". - Invalid query: SELECT "neural_appointment"."id" AS "appointment_id", "neural_appointment"."comment", to_timestamp(neural_appointment.appointment_date::date ||  ' ' || neural_appointment.appointment_time::time, 'YYYY-MM-DD HH24:MI') AS appointment_date_time, to_char(neural_appointment.appointment_date, 'DD/MM/YYYY') AS appointment_date_th, to_char(neural_appointment.appointment_date, 'YYYY-MM-DD') AS appointment_date_en, to_char(neural_appointment.appointment_time, 'HH24:MI') AS appointment_time, "neural_appointment"."user_id", users.title || users.name || ' ' || users.lastname AS doctorname, "patient"."hn", patient.pa_pre_name || patient.pa_name || ' ' || patient.pa_lastname AS patient_name, users_created.title || users_created.name || ' ' || users_created.lastname AS created_name, "components"."com_name"
FROM "frontmed"."neural_appointment"
LEFT JOIN "medrec"."nano_patient" AS "patient" ON "patient"."id" = "neural_appointment"."patient_id"
LEFT JOIN "jvkk"."nano_user" AS "users_created" ON "users_created"."id" = "neural_appointment"."created_by"
LEFT JOIN "jvkk"."nano_components" AS "components" ON "components"."id" = "neural_appointment"."component_id"
LEFT JOIN "jvkk"."nano_user" AS "users" ON "users"."id" = "neural_appointment"."user_id"
WHERE "frontmed"."neural_appointment"."user_id" = '96'
AND to_char(frontmed.neural_appointment.appointment_date, 'YYYY-MM-DD') = '2018-11-29'
AND "frontmed"."neural_appointment"."deletedx" = 'f'
GROUP BY "neural_appointment"."id", "neural_appointment"."comment", "neural_appointment"."appointment_date", "neural_appointment"."appointment_time", "neural_appointment"."user_id", "doctorname", "hn", "patient_name", "created_name", "components"."com_name"
ORDER BY "neural_appointment"."user_id", "neural_appointment"."appointment_time" ASC
ERROR - 2018-11-29 08:18:58 --> Could not find the language line "admin dashboard jsi18n-sample"
ERROR - 2018-11-29 08:19:01 --> 404 Page Not Found: /index
ERROR - 2018-11-29 08:19:02 --> Could not find the language line "admin dashboard jsi18n-sample"
ERROR - 2018-11-29 08:19:06 --> 404 Page Not Found: /index
ERROR - 2018-11-29 08:19:29 --> Could not find the language line "admin dashboard jsi18n-sample"
ERROR - 2018-11-29 08:20:32 --> Could not find the language line "admin dashboard jsi18n-sample"
ERROR - 2018-11-29 08:20:34 --> Could not find the language line "admin dashboard jsi18n-sample"
ERROR - 2018-11-29 08:20:36 --> Could not find the language line "admin dashboard jsi18n-sample"
ERROR - 2018-11-29 08:22:01 --> Could not find the language line "admin dashboard jsi18n-sample"
ERROR - 2018-11-29 08:22:37 --> Could not find the language line "admin dashboard jsi18n-sample"
ERROR - 2018-11-29 08:22:40 --> 404 Page Not Found: /index
ERROR - 2018-11-29 08:23:05 --> Could not find the language line "admin dashboard jsi18n-sample"
ERROR - 2018-11-29 08:23:07 --> 404 Page Not Found: /index
ERROR - 2018-11-29 08:24:03 --> Could not find the language line "admin dashboard jsi18n-sample"
ERROR - 2018-11-29 08:24:06 --> 404 Page Not Found: /index
ERROR - 2018-11-29 08:24:12 --> Could not find the language line "admin dashboard jsi18n-sample"
ERROR - 2018-11-29 08:24:15 --> 404 Page Not Found: /index
ERROR - 2018-11-29 08:24:26 --> Could not find the language line "admin dashboard jsi18n-sample"
