ERROR - 2018-10-31 16:20:59 --> Could not find the language line "core error session_language"
ERROR - 2018-10-31 16:20:59 --> Could not find the language line "admin dashboard jsi18n-sample"
ERROR - 2018-10-31 16:20:59 --> Could not find the language line "admin button users"
ERROR - 2018-10-31 16:20:59 --> Could not find the language line "admin button users_list"
ERROR - 2018-10-31 16:20:59 --> Could not find the language line "admin button users_add"
ERROR - 2018-10-31 16:20:59 --> Could not find the language line "admin button messages"
ERROR - 2018-10-31 16:20:59 --> Could not find the language line "admin button settings"
ERROR - 2018-10-31 16:21:29 --> Could not find the language line "core error session_language"
ERROR - 2018-10-31 16:21:29 --> Could not find the language line "admin button users"
ERROR - 2018-10-31 16:21:29 --> Could not find the language line "admin button users_list"
ERROR - 2018-10-31 16:21:29 --> Could not find the language line "admin button users_add"
ERROR - 2018-10-31 16:21:29 --> Could not find the language line "admin button messages"
ERROR - 2018-10-31 16:21:29 --> Could not find the language line "admin button settings"
ERROR - 2018-10-31 16:21:32 --> Could not find the language line "core error session_language"
ERROR - 2018-10-31 16:21:32 --> Could not find the language line "admin dashboard jsi18n-sample"
ERROR - 2018-10-31 16:21:32 --> Could not find the language line "admin button users"
ERROR - 2018-10-31 16:21:32 --> Could not find the language line "admin button users_list"
ERROR - 2018-10-31 16:21:32 --> Could not find the language line "admin button users_add"
ERROR - 2018-10-31 16:21:32 --> Could not find the language line "admin button messages"
ERROR - 2018-10-31 16:21:32 --> Could not find the language line "admin button settings"
ERROR - 2018-10-31 16:50:57 --> Could not find the language line "core error session_language"
ERROR - 2018-10-31 16:50:57 --> Could not find the language line "admin dashboard jsi18n-sample"
ERROR - 2018-10-31 16:50:57 --> Could not find the language line "admin button users"
ERROR - 2018-10-31 16:50:57 --> Could not find the language line "admin button users_list"
ERROR - 2018-10-31 16:50:57 --> Could not find the language line "admin button users_add"
ERROR - 2018-10-31 16:50:57 --> Could not find the language line "admin button messages"
ERROR - 2018-10-31 16:50:57 --> Could not find the language line "admin button settings"
ERROR - 2018-10-31 16:57:25 --> Could not find the language line "core error session_language"
ERROR - 2018-10-31 16:57:25 --> Could not find the language line "admin dashboard jsi18n-sample"
ERROR - 2018-10-31 16:57:25 --> Could not find the language line "admin button users"
ERROR - 2018-10-31 16:57:25 --> Could not find the language line "admin button users_list"
ERROR - 2018-10-31 16:57:25 --> Could not find the language line "admin button users_add"
ERROR - 2018-10-31 16:57:25 --> Could not find the language line "admin button messages"
ERROR - 2018-10-31 16:57:25 --> Could not find the language line "admin button settings"
ERROR - 2018-10-31 23:57:33 --> 404 Page Not Found: /index
ERROR - 2018-10-31 16:57:43 --> Could not find the language line "core error session_language"
ERROR - 2018-10-31 16:57:43 --> Could not find the language line "admin dashboard jsi18n-sample"
ERROR - 2018-10-31 16:57:43 --> Severity: Notice --> Undefined property: CI::$mdl_queue /Library/WebServer/Documents/miracle/ci3_cgi/application/third_party/MX/Controller.php 59
ERROR - 2018-10-31 16:57:43 --> Severity: Error --> Call to a member function filter_select() on null /Library/WebServer/Documents/miracle/ci3_cgi/application/modules/Med/controllers/Med.php 19
ERROR - 2018-10-31 16:59:03 --> Could not find the language line "core error session_language"
ERROR - 2018-10-31 16:59:03 --> Could not find the language line "admin dashboard jsi18n-sample"
ERROR - 2018-10-31 16:59:03 --> Could not find the language line "admin button users"
ERROR - 2018-10-31 16:59:03 --> Could not find the language line "admin button users_list"
ERROR - 2018-10-31 16:59:03 --> Could not find the language line "admin button users_add"
ERROR - 2018-10-31 16:59:03 --> Could not find the language line "admin button messages"
ERROR - 2018-10-31 16:59:03 --> Could not find the language line "admin button settings"
ERROR - 2018-10-31 17:01:26 --> Could not find the language line "core error session_language"
ERROR - 2018-10-31 17:01:26 --> Could not find the language line "admin dashboard jsi18n-sample"
ERROR - 2018-10-31 17:01:26 --> Could not find the language line "admin button users"
ERROR - 2018-10-31 17:01:26 --> Could not find the language line "admin button users_list"
ERROR - 2018-10-31 17:01:26 --> Could not find the language line "admin button users_add"
ERROR - 2018-10-31 17:01:26 --> Could not find the language line "admin button messages"
ERROR - 2018-10-31 17:01:26 --> Could not find the language line "admin button settings"
ERROR - 2018-10-31 17:03:11 --> Could not find the language line "core error session_language"
ERROR - 2018-10-31 17:03:11 --> Could not find the language line "admin dashboard jsi18n-sample"
ERROR - 2018-10-31 17:03:11 --> Could not find the language line "admin button users"
ERROR - 2018-10-31 17:03:11 --> Could not find the language line "admin button users_list"
ERROR - 2018-10-31 17:03:11 --> Could not find the language line "admin button users_add"
ERROR - 2018-10-31 17:03:11 --> Could not find the language line "admin button messages"
ERROR - 2018-10-31 17:03:11 --> Could not find the language line "admin button settings"
ERROR - 2018-10-31 17:03:15 --> Could not find the language line "core error session_language"
ERROR - 2018-10-31 17:03:15 --> Could not find the language line "admin dashboard jsi18n-sample"
ERROR - 2018-10-31 17:03:15 --> Could not find the language line "admin button users"
ERROR - 2018-10-31 17:03:15 --> Could not find the language line "admin button users_list"
ERROR - 2018-10-31 17:03:15 --> Could not find the language line "admin button users_add"
ERROR - 2018-10-31 17:03:15 --> Could not find the language line "admin button messages"
ERROR - 2018-10-31 17:03:15 --> Could not find the language line "admin button settings"
ERROR - 2018-10-31 17:06:58 --> Could not find the language line "core error session_language"
ERROR - 2018-10-31 17:10:21 --> Could not find the language line "core error session_language"
ERROR - 2018-10-31 17:12:29 --> Could not find the language line "core error session_language"
ERROR - 2018-10-31 17:12:29 --> Could not find the language line "admin dashboard jsi18n-sample"
ERROR - 2018-10-31 17:12:29 --> Could not find the language line "admin button users"
ERROR - 2018-10-31 17:12:29 --> Could not find the language line "admin button users_list"
ERROR - 2018-10-31 17:12:29 --> Could not find the language line "admin button users_add"
ERROR - 2018-10-31 17:12:29 --> Could not find the language line "admin button messages"
ERROR - 2018-10-31 17:12:29 --> Could not find the language line "admin button settings"
ERROR - 2018-10-31 17:13:43 --> Could not find the language line "core error session_language"
ERROR - 2018-10-31 17:13:43 --> Could not find the language line "admin dashboard jsi18n-sample"
ERROR - 2018-10-31 17:13:43 --> Could not find the language line "admin button users"
ERROR - 2018-10-31 17:13:43 --> Could not find the language line "admin button users_list"
ERROR - 2018-10-31 17:13:43 --> Could not find the language line "admin button users_add"
ERROR - 2018-10-31 17:13:43 --> Could not find the language line "admin button messages"
ERROR - 2018-10-31 17:13:43 --> Could not find the language line "admin button settings"
ERROR - 2018-10-31 17:15:03 --> Could not find the language line "core error session_language"
ERROR - 2018-10-31 17:15:03 --> Could not find the language line "admin dashboard jsi18n-sample"
ERROR - 2018-10-31 17:15:03 --> Could not find the language line "admin button users"
ERROR - 2018-10-31 17:15:03 --> Could not find the language line "admin button users_list"
ERROR - 2018-10-31 17:15:03 --> Could not find the language line "admin button users_add"
ERROR - 2018-10-31 17:15:03 --> Could not find the language line "admin button messages"
ERROR - 2018-10-31 17:15:03 --> Could not find the language line "admin button settings"
ERROR - 2018-10-31 17:15:20 --> Could not find the language line "core error session_language"
ERROR - 2018-10-31 17:15:20 --> Could not find the language line "admin dashboard jsi18n-sample"
ERROR - 2018-10-31 17:15:20 --> Could not find the language line "admin button users"
ERROR - 2018-10-31 17:15:20 --> Could not find the language line "admin button users_list"
ERROR - 2018-10-31 17:15:20 --> Could not find the language line "admin button users_add"
ERROR - 2018-10-31 17:15:20 --> Could not find the language line "admin button messages"
ERROR - 2018-10-31 17:15:20 --> Could not find the language line "admin button settings"
