ERROR - 2019-01-28 11:55:56 --> Could not find the language line "admin dashboard jsi18n-sample"
ERROR - 2019-01-28 11:56:06 --> Could not find the language line "admin dashboard jsi18n-sample"
ERROR - 2019-01-28 11:56:12 --> Could not find the language line "admin dashboard jsi18n-sample"
ERROR - 2019-01-28 19:10:14 --> Could not find the language line "admin dashboard jsi18n-sample"
ERROR - 2019-01-28 19:13:17 --> Could not find the language line "admin dashboard jsi18n-sample"
ERROR - 2019-01-28 19:22:15 --> 404 Page Not Found: /index
ERROR - 2019-01-28 19:23:46 --> 404 Page Not Found: /index
ERROR - 2019-01-28 19:24:06 --> 404 Page Not Found: /index
ERROR - 2019-01-28 19:24:56 --> 404 Page Not Found: /index
ERROR - 2019-01-28 19:26:00 --> 404 Page Not Found: /index
ERROR - 2019-01-28 19:27:47 --> 404 Page Not Found: /index
ERROR - 2019-01-28 19:30:06 --> 404 Page Not Found: /index
ERROR - 2019-01-28 19:31:55 --> 404 Page Not Found: /index
ERROR - 2019-01-28 19:32:39 --> 404 Page Not Found: /index
ERROR - 2019-01-28 19:33:54 --> 404 Page Not Found: /index
ERROR - 2019-01-28 19:41:33 --> 404 Page Not Found: /index
ERROR - 2019-01-28 19:41:58 --> 404 Page Not Found: /index
ERROR - 2019-01-28 19:43:20 --> 404 Page Not Found: /index
ERROR - 2019-01-28 19:43:33 --> 404 Page Not Found: /index
ERROR - 2019-01-28 19:45:17 --> 404 Page Not Found: /index
ERROR - 2019-01-28 19:47:09 --> 404 Page Not Found: /index
ERROR - 2019-01-28 19:47:24 --> 404 Page Not Found: /index
ERROR - 2019-01-28 19:47:48 --> 404 Page Not Found: /index
ERROR - 2019-01-28 19:48:59 --> 404 Page Not Found: /index
ERROR - 2019-01-28 19:49:52 --> 404 Page Not Found: /index
ERROR - 2019-01-28 19:50:20 --> 404 Page Not Found: /index
ERROR - 2019-01-28 19:50:33 --> 404 Page Not Found: /index
ERROR - 2019-01-28 19:52:19 --> 404 Page Not Found: /index
ERROR - 2019-01-28 19:52:28 --> 404 Page Not Found: /index
ERROR - 2019-01-28 19:53:16 --> 404 Page Not Found: /index
ERROR - 2019-01-28 19:53:45 --> 404 Page Not Found: /index
ERROR - 2019-01-28 19:54:06 --> 404 Page Not Found: /index
ERROR - 2019-01-28 19:55:21 --> 404 Page Not Found: /index
ERROR - 2019-01-28 19:56:00 --> 404 Page Not Found: /index
ERROR - 2019-01-28 19:56:18 --> 404 Page Not Found: /index
ERROR - 2019-01-28 19:56:34 --> 404 Page Not Found: /index
ERROR - 2019-01-28 19:57:29 --> 404 Page Not Found: /index
ERROR - 2019-01-28 19:57:36 --> 404 Page Not Found: /index
ERROR - 2019-01-28 19:58:02 --> 404 Page Not Found: /index
ERROR - 2019-01-28 19:58:19 --> 404 Page Not Found: /index
ERROR - 2019-01-28 19:59:10 --> 404 Page Not Found: /index
ERROR - 2019-01-28 19:59:18 --> 404 Page Not Found: /index
ERROR - 2019-01-28 19:59:38 --> 404 Page Not Found: /index
ERROR - 2019-01-28 20:00:37 --> 404 Page Not Found: /index
ERROR - 2019-01-28 20:00:45 --> 404 Page Not Found: /index
ERROR - 2019-01-28 20:02:13 --> 404 Page Not Found: /index
ERROR - 2019-01-28 20:02:20 --> 404 Page Not Found: /index
ERROR - 2019-01-28 20:03:04 --> 404 Page Not Found: /index
ERROR - 2019-01-28 20:04:00 --> 404 Page Not Found: /index
ERROR - 2019-01-28 20:04:12 --> 404 Page Not Found: /index
ERROR - 2019-01-28 20:06:55 --> 404 Page Not Found: /index
ERROR - 2019-01-28 20:07:52 --> 404 Page Not Found: /index
ERROR - 2019-01-28 20:08:10 --> 404 Page Not Found: /index
ERROR - 2019-01-28 20:12:52 --> 404 Page Not Found: /index
ERROR - 2019-01-28 20:13:50 --> 404 Page Not Found: /index
ERROR - 2019-01-28 20:14:12 --> 404 Page Not Found: /index
ERROR - 2019-01-28 20:14:45 --> 404 Page Not Found: /index
ERROR - 2019-01-28 20:15:05 --> 404 Page Not Found: /index
ERROR - 2019-01-28 20:15:27 --> 404 Page Not Found: /index
ERROR - 2019-01-28 20:15:39 --> 404 Page Not Found: /index
ERROR - 2019-01-28 20:16:55 --> 404 Page Not Found: /index
ERROR - 2019-01-28 20:30:42 --> 404 Page Not Found: /index
ERROR - 2019-01-28 20:32:25 --> 404 Page Not Found: /index
ERROR - 2019-01-28 20:32:53 --> 404 Page Not Found: /index
ERROR - 2019-01-28 20:33:17 --> 404 Page Not Found: /index
ERROR - 2019-01-28 20:33:22 --> 404 Page Not Found: /index
ERROR - 2019-01-28 20:34:00 --> 404 Page Not Found: /index
ERROR - 2019-01-28 20:34:46 --> 404 Page Not Found: /index
ERROR - 2019-01-28 20:37:10 --> 404 Page Not Found: /index
ERROR - 2019-01-28 20:37:33 --> 404 Page Not Found: /index
ERROR - 2019-01-28 20:38:54 --> 404 Page Not Found: /index
ERROR - 2019-01-28 20:39:21 --> 404 Page Not Found: /index
ERROR - 2019-01-28 20:40:20 --> 404 Page Not Found: /index
ERROR - 2019-01-28 20:41:44 --> 404 Page Not Found: /index
ERROR - 2019-01-28 20:42:18 --> 404 Page Not Found: /index
ERROR - 2019-01-28 20:42:37 --> 404 Page Not Found: /index
ERROR - 2019-01-28 20:43:40 --> 404 Page Not Found: /index
ERROR - 2019-01-28 20:46:15 --> 404 Page Not Found: /index
ERROR - 2019-01-28 20:47:34 --> 404 Page Not Found: /index
ERROR - 2019-01-28 20:48:10 --> 404 Page Not Found: /index
ERROR - 2019-01-28 20:48:48 --> 404 Page Not Found: /index
ERROR - 2019-01-28 20:48:58 --> 404 Page Not Found: /index
ERROR - 2019-01-28 20:49:29 --> 404 Page Not Found: /index
ERROR - 2019-01-28 20:49:43 --> 404 Page Not Found: /index
ERROR - 2019-01-28 20:50:03 --> 404 Page Not Found: /index
ERROR - 2019-01-28 20:50:22 --> 404 Page Not Found: /index
ERROR - 2019-01-28 20:51:11 --> 404 Page Not Found: /index
ERROR - 2019-01-28 20:51:56 --> 404 Page Not Found: /index
ERROR - 2019-01-28 20:52:05 --> 404 Page Not Found: /index
ERROR - 2019-01-28 20:53:37 --> 404 Page Not Found: /index
ERROR - 2019-01-28 20:54:15 --> 404 Page Not Found: /index
ERROR - 2019-01-28 20:54:19 --> 404 Page Not Found: /index
ERROR - 2019-01-28 20:55:09 --> 404 Page Not Found: /index
ERROR - 2019-01-28 20:55:16 --> 404 Page Not Found: /index
ERROR - 2019-01-28 20:56:11 --> 404 Page Not Found: /index
ERROR - 2019-01-28 20:56:20 --> 404 Page Not Found: /index
ERROR - 2019-01-28 20:57:02 --> 404 Page Not Found: /index
ERROR - 2019-01-28 20:57:16 --> 404 Page Not Found: /index
ERROR - 2019-01-28 20:58:52 --> 404 Page Not Found: /index
ERROR - 2019-01-28 20:59:54 --> 404 Page Not Found: /index
ERROR - 2019-01-28 21:00:11 --> 404 Page Not Found: /index
ERROR - 2019-01-28 21:00:51 --> Could not find the language line "admin dashboard jsi18n-sample"
ERROR - 2019-01-28 21:00:58 --> 404 Page Not Found: /index
ERROR - 2019-01-28 21:03:41 --> 404 Page Not Found: /index
ERROR - 2019-01-28 21:04:53 --> 404 Page Not Found: /index
ERROR - 2019-01-28 21:05:11 --> 404 Page Not Found: /index
ERROR - 2019-01-28 21:06:05 --> 404 Page Not Found: /index
ERROR - 2019-01-28 21:07:46 --> 404 Page Not Found: /index
ERROR - 2019-01-28 21:07:54 --> 404 Page Not Found: /index
ERROR - 2019-01-28 21:09:09 --> 404 Page Not Found: /index
ERROR - 2019-01-28 21:09:15 --> 404 Page Not Found: /index
ERROR - 2019-01-28 21:09:52 --> Could not find the language line "admin dashboard jsi18n-sample"
ERROR - 2019-01-28 21:09:58 --> 404 Page Not Found: /index
ERROR - 2019-01-28 21:10:31 --> 404 Page Not Found: /index
ERROR - 2019-01-28 21:11:10 --> 404 Page Not Found: /index
ERROR - 2019-01-28 21:11:38 --> 404 Page Not Found: /index
ERROR - 2019-01-28 21:12:18 --> 404 Page Not Found: /index
ERROR - 2019-01-28 21:12:32 --> 404 Page Not Found: /index
ERROR - 2019-01-28 21:14:25 --> 404 Page Not Found: /index
ERROR - 2019-01-28 21:15:18 --> 404 Page Not Found: /index
ERROR - 2019-01-28 21:16:24 --> 404 Page Not Found: /index
ERROR - 2019-01-28 21:17:01 --> 404 Page Not Found: /index
ERROR - 2019-01-28 21:17:04 --> 404 Page Not Found: /index
ERROR - 2019-01-28 21:17:52 --> 404 Page Not Found: /index
ERROR - 2019-01-28 21:18:12 --> 404 Page Not Found: /index
ERROR - 2019-01-28 21:18:50 --> 404 Page Not Found: /index
ERROR - 2019-01-28 21:19:09 --> 404 Page Not Found: /index
ERROR - 2019-01-28 21:19:41 --> 404 Page Not Found: /index
ERROR - 2019-01-28 21:25:18 --> 404 Page Not Found: /index
ERROR - 2019-01-28 21:29:53 --> 404 Page Not Found: /index
ERROR - 2019-01-28 21:55:50 --> 404 Page Not Found: /index
ERROR - 2019-01-28 21:56:52 --> 404 Page Not Found: /index
ERROR - 2019-01-28 21:57:08 --> 404 Page Not Found: /index
ERROR - 2019-01-28 21:57:13 --> Could not find the language line "admin dashboard jsi18n-sample"
ERROR - 2019-01-28 21:57:19 --> 404 Page Not Found: /index
ERROR - 2019-01-28 21:57:56 --> 404 Page Not Found: /index
ERROR - 2019-01-28 21:58:18 --> 404 Page Not Found: /index
ERROR - 2019-01-28 21:59:32 --> 404 Page Not Found: /index
ERROR - 2019-01-28 21:59:49 --> 404 Page Not Found: /index
ERROR - 2019-01-28 22:00:36 --> 404 Page Not Found: /index
ERROR - 2019-01-28 22:01:32 --> 404 Page Not Found: /index
ERROR - 2019-01-28 22:01:41 --> 404 Page Not Found: /index
ERROR - 2019-01-28 22:02:20 --> 404 Page Not Found: /index
ERROR - 2019-01-28 22:03:16 --> 404 Page Not Found: /index
ERROR - 2019-01-28 22:03:24 --> 404 Page Not Found: /index
ERROR - 2019-01-28 22:05:14 --> 404 Page Not Found: /index
ERROR - 2019-01-28 22:05:59 --> 404 Page Not Found: /index
ERROR - 2019-01-28 22:08:59 --> 404 Page Not Found: /index
ERROR - 2019-01-28 22:09:09 --> 404 Page Not Found: /index
ERROR - 2019-01-28 22:10:51 --> 404 Page Not Found: /index
ERROR - 2019-01-28 22:12:44 --> 404 Page Not Found: /index
ERROR - 2019-01-28 22:14:48 --> 404 Page Not Found: /index
ERROR - 2019-01-28 22:15:48 --> 404 Page Not Found: /index
ERROR - 2019-01-28 22:16:42 --> 404 Page Not Found: /index
ERROR - 2019-01-28 22:17:41 --> 404 Page Not Found: /index
ERROR - 2019-01-28 23:40:17 --> Could not find the language line "admin dashboard jsi18n-sample"
ERROR - 2019-01-28 23:43:14 --> Severity: Warning --> pg_query(): Query failed: ERROR:  relation &quot;frontmed.neural_appointmentx&quot; does not exist
LINE 3: JOIN &quot;frontmed&quot;.&quot;neural_appointmentx&quot; AS &quot;appointment&quot; ON &quot;o...
             ^ C:\Apache24\htdocs\miracle\ci3_cgi\system\database\drivers\postgre\postgre_driver.php 242
ERROR - 2019-01-28 23:43:14 --> Query error: ERROR:  relation "frontmed.neural_appointmentx" does not exist
LINE 3: JOIN "frontmed"."neural_appointmentx" AS "appointment" ON "o...
             ^ - Invalid query: SELECT "option"."id", "option"."option_name"
FROM "frontmed"."option"
JOIN "frontmed"."neural_appointmentx" AS "appointment" ON "option"."id" = ANY (appointment.select_option)
WHERE "frontmed"."option"."deleted" = 'f'
ORDER BY "option"."id" ASC
ERROR - 2019-01-28 23:47:37 --> Could not find the language line "admin dashboard jsi18n-sample"
ERROR - 2019-01-28 23:48:51 --> 404 Page Not Found: /index
ERROR - 2019-01-28 23:53:43 --> 404 Page Not Found: /index
ERROR - 2019-01-28 23:54:32 --> 404 Page Not Found: /index
ERROR - 2019-01-28 23:55:41 --> 404 Page Not Found: /index
ERROR - 2019-01-28 23:56:25 --> 404 Page Not Found: /index
ERROR - 2019-01-28 23:56:32 --> Severity: Warning --> pg_query(): Query failed: ERROR:  column &quot;created_byx&quot; of relation &quot;neural_appointment&quot; does not exist
LINE 1: ..., &quot;component_id&quot; = '10', &quot;patient_id&quot; = '182637', &quot;created_b...
                                                             ^ C:\Apache24\htdocs\miracle\ci3_cgi\system\database\drivers\postgre\postgre_driver.php 242
ERROR - 2019-01-28 23:56:32 --> Query error: ERROR:  column "created_byx" of relation "neural_appointment" does not exist
LINE 1: ..., "component_id" = '10', "patient_id" = '182637', "created_b...
                                                             ^ - Invalid query: UPDATE "frontmed"."neural_appointment" SET "appointment_date" = '2018-12-20', "appointment_time" = '08:00', "user_id" = '85', "comment" = '', "component_id" = '10', "patient_id" = '182637', "created_byx" = '486', "update_date" = '2019-01-28 23:56:32'
WHERE "frontmed"."neural_appointment"."id" = '712721'
ERROR - 2019-01-28 23:59:23 --> Severity: Notice --> Array to string conversion C:\Apache24\htdocs\miracle\ci3_cgi\system\database\DB_driver.php 1524
ERROR - 2019-01-28 23:59:23 --> Severity: Warning --> pg_query(): Query failed: ERROR:  syntax error at or near &quot;,&quot;
LINE 1: ...37', &quot;created_by&quot; = '486', &quot;select_option&quot; = Array, &quot;update_...
                                                             ^ C:\Apache24\htdocs\miracle\ci3_cgi\system\database\drivers\postgre\postgre_driver.php 242
ERROR - 2019-01-28 23:59:23 --> Query error: ERROR:  syntax error at or near ","
LINE 1: ...37', "created_by" = '486', "select_option" = Array, "update_...
                                                             ^ - Invalid query: UPDATE "frontmed"."neural_appointment" SET "appointment_date" = '2018-12-20', "appointment_time" = '08:00', "user_id" = '85', "comment" = '', "component_id" = '10', "patient_id" = '182637', "created_by" = '486', "select_option" = Array, "update_date" = '2019-01-28 23:59:23'
WHERE "frontmed"."neural_appointment"."id" = '712721'
