ERROR - 2019-03-06 09:57:13 --> Could not find the language line "admin dashboard jsi18n-sample"
ERROR - 2019-03-06 09:57:47 --> Could not find the language line "admin dashboard jsi18n-sample"
ERROR - 2019-03-06 10:00:25 --> Could not find the language line "admin dashboard jsi18n-sample"
ERROR - 2019-03-06 10:00:44 --> Could not find the language line "admin dashboard jsi18n-sample"
ERROR - 2019-03-06 10:05:16 --> Could not find the language line "admin dashboard jsi18n-sample"
ERROR - 2019-03-06 10:07:56 --> Severity: Warning --> substr() expects parameter 1 to be string, array given /Library/WebServer/Documents/miracle/ci3_cgi/application/modules/Appointment/views/_add_appointment.php 82
ERROR - 2019-03-06 13:53:47 --> Could not find the language line "admin dashboard jsi18n-sample"
ERROR - 2019-03-06 14:01:20 --> Could not find the language line "admin dashboard jsi18n-sample"
ERROR - 2019-03-06 14:01:39 --> Could not find the language line "admin dashboard jsi18n-sample"
ERROR - 2019-03-06 14:02:00 --> Could not find the language line "admin dashboard jsi18n-sample"
ERROR - 2019-03-06 14:02:00 --> Could not find the language line "admin dashboard jsi18n-sample"
ERROR - 2019-03-06 14:04:41 --> Could not find the language line "admin dashboard jsi18n-sample"
ERROR - 2019-03-06 14:06:28 --> Could not find the language line "admin dashboard jsi18n-sample"
ERROR - 2019-03-06 14:06:52 --> Severity: Warning --> pg_query(): Query failed: ERROR:  invalid input syntax for integer: &quot;&quot;
LINE 10: ..._date, 'YYYY-MM-DD') = '2019-03-07' AND user_id = '' AND del...
                                                              ^ /Library/WebServer/Documents/miracle/ci3_cgi/system/database/drivers/postgre/postgre_driver.php 242
ERROR - 2019-03-06 14:06:52 --> Query error: ERROR:  invalid input syntax for integer: ""
LINE 10: ..._date, 'YYYY-MM-DD') = '2019-03-07' AND user_id = '' AND del...
                                                              ^ - Invalid query: SELECT CASE
	                		WHEN total_date.sum_date IS NULL THEN '0'
							ELSE total_date.sum_date
						END AS sum_date,
					CASE
	                		WHEN total_time.sum_time IS NULL THEN '0'
							ELSE total_time.sum_time
						END AS sum_time
				FROM frontmed.neural_appointment AS appointment
				INNER JOIN (SELECT user_id, COUNT (appointment_date) AS sum_date FROM frontmed.neural_appointment WHERE to_char(appointment_date, 'YYYY-MM-DD') = '2019-03-07' AND user_id = '' AND deleted = 'f' GROUP BY user_id, appointment_date) AS total_date ON (total_date.user_id = appointment.user_id)
				LEFT JOIN (SELECT user_id, COUNT (appointment_time) AS sum_time FROM frontmed.neural_appointment WHERE to_char(appointment_date, 'YYYY-MM-DD') = '2019-03-07' AND to_char(appointment_time, 'HH24:MI') = '10:00' AND user_id = '' AND deleted = 'f' GROUP BY user_id, appointment_time) AS total_time ON (total_time.user_id = appointment.user_id)
				GROUP BY total_date.sum_date, total_time.sum_time
ERROR - 2019-03-06 14:07:08 --> Severity: Error --> Call to a member function result_array() on null /Library/WebServer/Documents/miracle/ci3_cgi/application/modules/Appointment/controllers/Appointment.php 392
ERROR - 2019-03-06 14:11:09 --> Could not find the language line "admin dashboard jsi18n-sample"
ERROR - 2019-03-06 14:11:36 --> Severity: Warning --> pg_query(): Query failed: ERROR:  invalid input syntax for integer: &quot;&quot;
LINE 10: ..._date, 'YYYY-MM-DD') = '2019-03-07' AND user_id = '' AND del...
                                                              ^ /Library/WebServer/Documents/miracle/ci3_cgi/system/database/drivers/postgre/postgre_driver.php 242
ERROR - 2019-03-06 14:11:36 --> Query error: ERROR:  invalid input syntax for integer: ""
LINE 10: ..._date, 'YYYY-MM-DD') = '2019-03-07' AND user_id = '' AND del...
                                                              ^ - Invalid query: SELECT CASE
	                		WHEN total_date.sum_date IS NULL THEN '0'
							ELSE total_date.sum_date
						END AS sum_date,
					CASE
	                		WHEN total_time.sum_time IS NULL THEN '0'
							ELSE total_time.sum_time
						END AS sum_time
				FROM frontmed.neural_appointment AS appointment
				INNER JOIN (SELECT user_id, COUNT (appointment_date) AS sum_date FROM frontmed.neural_appointment WHERE to_char(appointment_date, 'YYYY-MM-DD') = '2019-03-07' AND user_id = '' AND deleted = 'f' GROUP BY user_id, appointment_date) AS total_date ON (total_date.user_id = appointment.user_id)
				LEFT JOIN (SELECT user_id, COUNT (appointment_time) AS sum_time FROM frontmed.neural_appointment WHERE to_char(appointment_date, 'YYYY-MM-DD') = '2019-03-07' AND to_char(appointment_time, 'HH24:MI') = '10:00' AND user_id = '' AND deleted = 'f' GROUP BY user_id, appointment_time) AS total_time ON (total_time.user_id = appointment.user_id)
				GROUP BY total_date.sum_date, total_time.sum_time
ERROR - 2019-03-06 14:11:49 --> Could not find the language line "admin dashboard jsi18n-sample"
ERROR - 2019-03-06 14:12:20 --> Could not find the language line "admin dashboard jsi18n-sample"
ERROR - 2019-03-06 14:12:35 --> Could not find the language line "admin dashboard jsi18n-sample"
ERROR - 2019-03-06 14:20:48 --> Severity: Parsing Error --> syntax error, unexpected ';' /Library/WebServer/Documents/miracle/ci3_cgi/application/modules/Appointment/controllers/Appointment.php 392
ERROR - 2019-03-06 14:21:15 --> Could not find the language line "admin dashboard jsi18n-sample"
ERROR - 2019-03-06 14:21:16 --> Could not find the language line "admin dashboard jsi18n-sample"
ERROR - 2019-03-06 14:28:35 --> Could not find the language line "admin dashboard jsi18n-sample"
ERROR - 2019-03-06 14:31:31 --> Severity: Warning --> pg_query(): Query failed: ERROR:  column total_time.sum_timex does not exist
LINE 12:     GROUP BY total_date.sum_date, total_time.sum_timex
                                           ^
HINT:  Perhaps you meant to reference the column &quot;total_time.sum_time&quot;. /Library/WebServer/Documents/miracle/ci3_cgi/system/database/drivers/postgre/postgre_driver.php 242
ERROR - 2019-03-06 14:31:31 --> Query error: ERROR:  column total_time.sum_timex does not exist
LINE 12:     GROUP BY total_date.sum_date, total_time.sum_timex
                                           ^
HINT:  Perhaps you meant to reference the column "total_time.sum_time". - Invalid query: SELECT CASE
	                		WHEN total_date.sum_date IS NULL THEN '0'
							ELSE total_date.sum_date
						END AS sum_date,
					CASE
	                		WHEN total_time.sum_time IS NULL THEN '0'
							ELSE total_time.sum_time
						END AS sum_time
				FROM frontmed.neural_appointment AS appointment
				INNER JOIN (SELECT user_id, COUNT (appointment_date) AS sum_date FROM frontmed.neural_appointment WHERE to_char(appointment_date, 'YYYY-MM-DD') = '2019-04-04' AND user_id = '78' AND deleted = 'f' GROUP BY user_id, appointment_date) AS total_date ON (total_date.user_id = appointment.user_id)
				LEFT JOIN (SELECT user_id, COUNT (appointment_time) AS sum_time FROM frontmed.neural_appointment WHERE to_char(appointment_date, 'YYYY-MM-DD') = '2019-04-04' AND to_char(appointment_time, 'HH24:MI') = '10:00' AND user_id = '78' AND deleted = 'f' GROUP BY user_id, appointment_time) AS total_time ON (total_time.user_id = appointment.user_id)
				GROUP BY total_date.sum_date, total_time.sum_timex
ERROR - 2019-03-06 14:33:55 --> Severity: Warning --> json_encode() expects at least 1 parameter, 0 given /Library/WebServer/Documents/miracle/ci3_cgi/application/modules/Appointment/controllers/Appointment.php 398
ERROR - 2019-03-06 14:34:14 --> Severity: Warning --> json_encode() expects at least 1 parameter, 0 given /Library/WebServer/Documents/miracle/ci3_cgi/application/modules/Appointment/controllers/Appointment.php 398
ERROR - 2019-03-06 14:35:03 --> Could not find the language line "admin dashboard jsi18n-sample"
ERROR - 2019-03-06 14:38:07 --> Could not find the language line "admin dashboard jsi18n-sample"
ERROR - 2019-03-06 14:40:18 --> Could not find the language line "admin dashboard jsi18n-sample"
ERROR - 2019-03-06 14:41:32 --> Could not find the language line "admin dashboard jsi18n-sample"
ERROR - 2019-03-06 14:43:12 --> Could not find the language line "admin dashboard jsi18n-sample"
ERROR - 2019-03-06 14:47:45 --> Could not find the language line "admin dashboard jsi18n-sample"
ERROR - 2019-03-06 14:48:43 --> Could not find the language line "admin dashboard jsi18n-sample"
ERROR - 2019-03-06 14:50:16 --> Could not find the language line "admin dashboard jsi18n-sample"
ERROR - 2019-03-06 14:51:37 --> Could not find the language line "admin dashboard jsi18n-sample"
ERROR - 2019-03-06 15:02:56 --> Could not find the language line "admin dashboard jsi18n-sample"
ERROR - 2019-03-06 15:27:09 --> Could not find the language line "admin dashboard jsi18n-sample"
ERROR - 2019-03-06 15:59:25 --> Severity: Warning --> pg_query(): Query failed: ERROR:  invalid input syntax for integer: &quot;&quot;
LINE 10: ..._date, 'YYYY-MM-DD') = '2019-03-07' AND user_id = '' AND del...
                                                              ^ /Library/WebServer/Documents/miracle/ci3_cgi/system/database/drivers/postgre/postgre_driver.php 242
ERROR - 2019-03-06 15:59:25 --> Query error: ERROR:  invalid input syntax for integer: ""
LINE 10: ..._date, 'YYYY-MM-DD') = '2019-03-07' AND user_id = '' AND del...
                                                              ^ - Invalid query: SELECT CASE
	                		WHEN total_date.sum_date IS NULL THEN '0'
							ELSE total_date.sum_date
						END AS sum_date,
					CASE
	                		WHEN total_time.sum_time IS NULL THEN '0'
							ELSE total_time.sum_time
						END AS sum_time
				FROM frontmed.neural_appointment AS appointment
				INNER JOIN (SELECT user_id, COUNT (appointment_date) AS sum_date FROM frontmed.neural_appointment WHERE to_char(appointment_date, 'YYYY-MM-DD') = '2019-03-07' AND user_id = '' AND deleted = 'f' GROUP BY user_id, appointment_date) AS total_date ON (total_date.user_id = appointment.user_id)
				LEFT JOIN (SELECT user_id, COUNT (appointment_time) AS sum_time FROM frontmed.neural_appointment WHERE to_char(appointment_date, 'YYYY-MM-DD') = '2019-03-07' AND to_char(appointment_time, 'HH24:MI') = '10:00' AND user_id = '' AND deleted = 'f' GROUP BY user_id, appointment_time) AS total_time ON (total_time.user_id = appointment.user_id)
				GROUP BY total_date.sum_date, total_time.sum_time
ERROR - 2019-03-06 15:59:43 --> Could not find the language line "admin dashboard jsi18n-sample"
ERROR - 2019-03-06 16:03:56 --> Could not find the language line "admin dashboard jsi18n-sample"
ERROR - 2019-03-06 16:04:31 --> Severity: Warning --> pg_query(): Query failed: ERROR:  invalid input syntax for integer: &quot;&quot;
LINE 10: ..._date, 'YYYY-MM-DD') = '2019-03-07' AND user_id = '' AND del...
                                                              ^ /Library/WebServer/Documents/miracle/ci3_cgi/system/database/drivers/postgre/postgre_driver.php 242
ERROR - 2019-03-06 16:04:31 --> Query error: ERROR:  invalid input syntax for integer: ""
LINE 10: ..._date, 'YYYY-MM-DD') = '2019-03-07' AND user_id = '' AND del...
                                                              ^ - Invalid query: SELECT CASE
	                		WHEN total_date.sum_date IS NULL THEN '0'
							ELSE total_date.sum_date
						END AS sum_date,
					CASE
	                		WHEN total_time.sum_time IS NULL THEN '0'
							ELSE total_time.sum_time
						END AS sum_time
				FROM frontmed.neural_appointment AS appointment
				INNER JOIN (SELECT user_id, COUNT (appointment_date) AS sum_date FROM frontmed.neural_appointment WHERE to_char(appointment_date, 'YYYY-MM-DD') = '2019-03-07' AND user_id = '' AND deleted = 'f' GROUP BY user_id, appointment_date) AS total_date ON (total_date.user_id = appointment.user_id)
				LEFT JOIN (SELECT user_id, COUNT (appointment_time) AS sum_time FROM frontmed.neural_appointment WHERE to_char(appointment_date, 'YYYY-MM-DD') = '2019-03-07' AND to_char(appointment_time, 'HH24:MI') = '10:00' AND user_id = '' AND deleted = 'f' GROUP BY user_id, appointment_time) AS total_time ON (total_time.user_id = appointment.user_id)
				GROUP BY total_date.sum_date, total_time.sum_time
ERROR - 2019-03-06 16:04:38 --> Could not find the language line "admin dashboard jsi18n-sample"
ERROR - 2019-03-06 16:05:21 --> Severity: Warning --> pg_query(): Query failed: ERROR:  invalid input syntax for integer: &quot;&quot;
LINE 10: ..._date, 'YYYY-MM-DD') = '2019-03-07' AND user_id = '' AND del...
                                                              ^ /Library/WebServer/Documents/miracle/ci3_cgi/system/database/drivers/postgre/postgre_driver.php 242
ERROR - 2019-03-06 16:05:21 --> Query error: ERROR:  invalid input syntax for integer: ""
LINE 10: ..._date, 'YYYY-MM-DD') = '2019-03-07' AND user_id = '' AND del...
                                                              ^ - Invalid query: SELECT CASE
	                		WHEN total_date.sum_date IS NULL THEN '0'
							ELSE total_date.sum_date
						END AS sum_date,
					CASE
	                		WHEN total_time.sum_time IS NULL THEN '0'
							ELSE total_time.sum_time
						END AS sum_time
				FROM frontmed.neural_appointment AS appointment
				INNER JOIN (SELECT user_id, COUNT (appointment_date) AS sum_date FROM frontmed.neural_appointment WHERE to_char(appointment_date, 'YYYY-MM-DD') = '2019-03-07' AND user_id = '' AND deleted = 'f' GROUP BY user_id, appointment_date) AS total_date ON (total_date.user_id = appointment.user_id)
				LEFT JOIN (SELECT user_id, COUNT (appointment_time) AS sum_time FROM frontmed.neural_appointment WHERE to_char(appointment_date, 'YYYY-MM-DD') = '2019-03-07' AND to_char(appointment_time, 'HH24:MI') = '10:00' AND user_id = '' AND deleted = 'f' GROUP BY user_id, appointment_time) AS total_time ON (total_time.user_id = appointment.user_id)
				GROUP BY total_date.sum_date, total_time.sum_time
ERROR - 2019-03-06 16:05:36 --> Could not find the language line "admin dashboard jsi18n-sample"
ERROR - 2019-03-06 16:21:00 --> Severity: Warning --> pg_query(): Query failed: ERROR:  invalid input syntax for integer: &quot;&quot;
LINE 9:      '',
             ^ /Library/WebServer/Documents/miracle/ci3_cgi/system/database/drivers/postgre/postgre_driver.php 242
ERROR - 2019-03-06 16:21:00 --> Query error: ERROR:  invalid input syntax for integer: ""
LINE 9:      '',
             ^ - Invalid query: INSERT INTO frontmed.neural_appointment (id, appointment_date, appointment_time, user_id, comment, component_id, visit_id, patient_id, created_by, select_option)
					SELECT (id + 1) AS last_id,
					'2019-03-07',
					'09:30',
					'85',
					'',
					'10',
					'1844284',
					'',
					'486',
					'{2,3}'
					FROM frontmed.neural_appointment ORDER BY id DESC LIMIT 1 RETURNING id AS last_id
ERROR - 2019-03-06 16:21:23 --> Severity: Warning --> pg_query(): Query failed: ERROR:  invalid input syntax for integer: &quot;&quot;
LINE 9:      '',
             ^ /Library/WebServer/Documents/miracle/ci3_cgi/system/database/drivers/postgre/postgre_driver.php 242
ERROR - 2019-03-06 16:21:23 --> Query error: ERROR:  invalid input syntax for integer: ""
LINE 9:      '',
             ^ - Invalid query: INSERT INTO frontmed.neural_appointment (id, appointment_date, appointment_time, user_id, comment, component_id, visit_id, patient_id, created_by, select_option)
					SELECT (id + 1) AS last_id,
					'2019-03-07',
					'09:30',
					'85',
					'',
					'10',
					'1844284',
					'',
					'486',
					'{2,3}'
					FROM frontmed.neural_appointment ORDER BY id DESC LIMIT 1 RETURNING id AS last_id
