ERROR - 2020-01-21 08:13:42 --> Severity: error --> Exception: An error occurred while trying to establish a connection to the server /Library/WebServer/Documents/miracle/ci_kios/vendor/wisembly/elephant.io/src/Engine/SocketIO/Version1X.php 187
ERROR - 2020-01-21 08:14:20 --> Severity: error --> Exception: An error occurred while trying to establish a connection to the server /Library/WebServer/Documents/miracle/ci_kios/vendor/wisembly/elephant.io/src/Engine/SocketIO/Version1X.php 187
ERROR - 2020-01-21 08:15:14 --> Severity: error --> Exception: An error occurred while trying to establish a connection to the server /Library/WebServer/Documents/miracle/ci_kios/vendor/wisembly/elephant.io/src/Engine/SocketIO/Version1X.php 187
ERROR - 2020-01-21 08:15:34 --> Severity: error --> Exception: An error occurred while trying to establish a connection to the server /Library/WebServer/Documents/miracle/ci_kios/vendor/wisembly/elephant.io/src/Engine/SocketIO/Version1X.php 187
ERROR - 2020-01-21 08:19:15 --> Severity: error --> Exception: An error occurred while trying to establish a connection to the server /Library/WebServer/Documents/miracle/ci_kios/vendor/wisembly/elephant.io/src/Engine/SocketIO/Version1X.php 187
ERROR - 2020-01-21 08:19:51 --> Severity: error --> Exception: An error occurred while trying to establish a connection to the server /Library/WebServer/Documents/miracle/ci_kios/vendor/wisembly/elephant.io/src/Engine/SocketIO/Version1X.php 187
ERROR - 2020-01-21 08:20:26 --> Severity: error --> Exception: An error occurred while trying to establish a connection to the server /Library/WebServer/Documents/miracle/ci_kios/vendor/wisembly/elephant.io/src/Engine/SocketIO/Version1X.php 187
ERROR - 2020-01-21 08:31:37 --> Severity: error --> Exception: An error occurred while trying to establish a connection to the server /Library/WebServer/Documents/miracle/ci_kios/vendor/wisembly/elephant.io/src/Engine/SocketIO/Version1X.php 187
ERROR - 2020-01-21 08:39:02 --> Severity: error --> Exception: An error occurred while trying to establish a connection to the server /Library/WebServer/Documents/miracle/ci_kios/vendor/wisembly/elephant.io/src/Engine/SocketIO/Version1X.php 187
ERROR - 2020-01-21 08:41:50 --> Severity: error --> Exception: An error occurred while trying to establish a connection to the server /Library/WebServer/Documents/miracle/ci_kios/vendor/wisembly/elephant.io/src/Engine/SocketIO/Version1X.php 187
ERROR - 2020-01-21 08:44:47 --> Severity: error --> Exception: An error occurred while trying to establish a connection to the server /Library/WebServer/Documents/miracle/ci_kios/vendor/wisembly/elephant.io/src/Engine/SocketIO/Version1X.php 187
ERROR - 2020-01-21 08:50:52 --> Severity: error --> Exception: An error occurred while trying to establish a connection to the server /Library/WebServer/Documents/miracle/ci_kios/vendor/wisembly/elephant.io/src/Engine/SocketIO/Version1X.php 187
ERROR - 2020-01-21 08:53:08 --> Severity: error --> Exception: An error occurred while trying to establish a connection to the server /Library/WebServer/Documents/miracle/ci_kios/vendor/wisembly/elephant.io/src/Engine/SocketIO/Version1X.php 187
ERROR - 2020-01-21 08:54:23 --> Severity: error --> Exception: An error occurred while trying to establish a connection to the server /Library/WebServer/Documents/miracle/ci_kios/vendor/wisembly/elephant.io/src/Engine/SocketIO/Version1X.php 187
ERROR - 2020-01-21 08:57:12 --> Severity: error --> Exception: An error occurred while trying to establish a connection to the server /Library/WebServer/Documents/miracle/ci_kios/vendor/wisembly/elephant.io/src/Engine/SocketIO/Version1X.php 187
ERROR - 2020-01-21 08:58:16 --> Severity: error --> Exception: An error occurred while trying to establish a connection to the server /Library/WebServer/Documents/miracle/ci_kios/vendor/wisembly/elephant.io/src/Engine/SocketIO/Version1X.php 187
ERROR - 2020-01-21 09:00:40 --> Severity: error --> Exception: An error occurred while trying to establish a connection to the server /Library/WebServer/Documents/miracle/ci_kios/vendor/wisembly/elephant.io/src/Engine/SocketIO/Version1X.php 187
ERROR - 2020-01-21 09:02:13 --> Severity: error --> Exception: An error occurred while trying to establish a connection to the server /Library/WebServer/Documents/miracle/ci_kios/vendor/wisembly/elephant.io/src/Engine/SocketIO/Version1X.php 187
ERROR - 2020-01-21 09:02:48 --> Severity: error --> Exception: An error occurred while trying to establish a connection to the server /Library/WebServer/Documents/miracle/ci_kios/vendor/wisembly/elephant.io/src/Engine/SocketIO/Version1X.php 187
ERROR - 2020-01-21 09:03:35 --> Severity: error --> Exception: An error occurred while trying to establish a connection to the server /Library/WebServer/Documents/miracle/ci_kios/vendor/wisembly/elephant.io/src/Engine/SocketIO/Version1X.php 187
ERROR - 2020-01-21 15:02:51 --> Severity: Compile Error --> Can't use method return value in write context /Library/WebServer/Documents/miracle/ci_kios/application/modules/Queuekios/controllers/Queuekios.php 72
ERROR - 2020-01-21 15:02:53 --> Severity: Compile Error --> Can't use method return value in write context /Library/WebServer/Documents/miracle/ci_kios/application/modules/Queuekios/controllers/Queuekios.php 72
ERROR - 2020-01-21 15:03:12 --> Severity: Compile Error --> Can't use method return value in write context /Library/WebServer/Documents/miracle/ci_kios/application/modules/Queuekios/controllers/Queuekios.php 72
ERROR - 2020-01-21 15:03:15 --> Severity: Compile Error --> Can't use method return value in write context /Library/WebServer/Documents/miracle/ci_kios/application/modules/Queuekios/controllers/Queuekios.php 72
ERROR - 2020-01-21 15:03:49 --> Severity: Compile Error --> Can't use method return value in write context /Library/WebServer/Documents/miracle/ci_kios/application/modules/Queuekios/controllers/Queuekios.php 73
ERROR - 2020-01-21 15:06:59 --> Severity: Error --> Method name must be a string /Library/WebServer/Documents/miracle/ci_kios/application/core/MY_Model.php 293
ERROR - 2020-01-21 15:07:49 --> Severity: Warning --> call_user_func_array() expects parameter 1 to be a valid callback, class 'CI_DB_postgre_driver' does not have a method 'db_array_get' /Library/WebServer/Documents/miracle/ci_kios/application/core/MY_Model.php 72
ERROR - 2020-01-21 15:07:49 --> Severity: Error --> Cannot use object of type Mdl_Queuekios as array /Library/WebServer/Documents/miracle/ci_kios/application/modules/Queuekios/models/Mdl_queuekios.php 80
ERROR - 2020-01-21 15:08:18 --> Severity: Error --> Method name must be a string /Library/WebServer/Documents/miracle/ci_kios/application/core/MY_Model.php 272
ERROR - 2020-01-21 15:08:21 --> Severity: Error --> Method name must be a string /Library/WebServer/Documents/miracle/ci_kios/application/core/MY_Model.php 272
ERROR - 2020-01-21 15:08:53 --> Severity: Error --> Method name must be a string /Library/WebServer/Documents/miracle/ci_kios/application/core/MY_Model.php 272
ERROR - 2020-01-21 15:08:57 --> Severity: Error --> Method name must be a string /Library/WebServer/Documents/miracle/ci_kios/application/core/MY_Model.php 272
ERROR - 2020-01-21 15:10:01 --> Severity: Error --> Method name must be a string /Library/WebServer/Documents/miracle/ci_kios/application/core/MY_Model.php 272
ERROR - 2020-01-21 15:10:03 --> Severity: Error --> Method name must be a string /Library/WebServer/Documents/miracle/ci_kios/application/core/MY_Model.php 272
ERROR - 2020-01-21 15:10:41 --> Severity: Error --> Method name must be a string /Library/WebServer/Documents/miracle/ci_kios/application/core/MY_Model.php 272
ERROR - 2020-01-21 15:12:17 --> Severity: Error --> Method name must be a string /Library/WebServer/Documents/miracle/ci_kios/application/core/MY_Model.php 272
ERROR - 2020-01-21 15:12:51 --> Severity: Error --> Method name must be a string /Library/WebServer/Documents/miracle/ci_kios/application/core/MY_Model.php 272
ERROR - 2020-01-21 15:13:56 --> Severity: Error --> Method name must be a string /Library/WebServer/Documents/miracle/ci_kios/application/core/MY_Model.php 272
