ERROR - 2018-11-21 12:40:42 --> Could not find the language line "admin dashboard jsi18n-sample"
ERROR - 2018-11-21 12:40:42 --> Could not find the language line "admin dashboard jsi18n-sample"
ERROR - 2018-11-21 12:40:54 --> Could not find the language line "admin dashboard jsi18n-sample"
ERROR - 2018-11-21 12:41:03 --> Could not find the language line "admin dashboard jsi18n-sample"
ERROR - 2018-11-21 12:41:14 --> Could not find the language line "admin dashboard jsi18n-sample"
ERROR - 2018-11-21 12:41:14 --> Severity: Notice --> Undefined variable: med_station /Library/WebServer/Documents/miracle/ci3_cgi/application/modules/Appointment/views/easyui_table.php 1
ERROR - 2018-11-21 12:41:14 --> Severity: Notice --> Trying to get property of non-object /Library/WebServer/Documents/miracle/ci3_cgi/application/modules/Appointment/views/easyui_table.php 1
ERROR - 2018-11-21 12:41:14 --> Severity: Notice --> Undefined variable: med_station /Library/WebServer/Documents/miracle/ci3_cgi/application/modules/Appointment/views/easyui_table.php 1
ERROR - 2018-11-21 12:41:14 --> Severity: Notice --> Trying to get property of non-object /Library/WebServer/Documents/miracle/ci3_cgi/application/modules/Appointment/views/easyui_table.php 1
ERROR - 2018-11-21 12:41:14 --> Severity: Notice --> Undefined variable: med_station /Library/WebServer/Documents/miracle/ci3_cgi/application/modules/Appointment/views/easyui_table.php 1
ERROR - 2018-11-21 12:41:14 --> Severity: Notice --> Trying to get property of non-object /Library/WebServer/Documents/miracle/ci3_cgi/application/modules/Appointment/views/easyui_table.php 1
ERROR - 2018-11-21 12:41:14 --> Severity: Notice --> Undefined variable: med_station /Library/WebServer/Documents/miracle/ci3_cgi/application/modules/Appointment/views/easyui_table.php 1
ERROR - 2018-11-21 12:41:14 --> Severity: Notice --> Trying to get property of non-object /Library/WebServer/Documents/miracle/ci3_cgi/application/modules/Appointment/views/easyui_table.php 1
ERROR - 2018-11-21 12:41:14 --> Severity: Notice --> Undefined variable: med_station /Library/WebServer/Documents/miracle/ci3_cgi/application/modules/Appointment/views/easyui_table.php 12
ERROR - 2018-11-21 12:41:14 --> Severity: Notice --> Trying to get property of non-object /Library/WebServer/Documents/miracle/ci3_cgi/application/modules/Appointment/views/easyui_table.php 12
ERROR - 2018-11-21 12:41:14 --> Severity: Notice --> Undefined variable: med_station /Library/WebServer/Documents/miracle/ci3_cgi/application/modules/Appointment/views/easyui_table.php 23
ERROR - 2018-11-21 12:41:14 --> Severity: Notice --> Trying to get property of non-object /Library/WebServer/Documents/miracle/ci3_cgi/application/modules/Appointment/views/easyui_table.php 23
ERROR - 2018-11-21 12:41:14 --> Severity: Notice --> Undefined variable: med_station /Library/WebServer/Documents/miracle/ci3_cgi/application/modules/Appointment/views/easyui_table.php 1
ERROR - 2018-11-21 12:41:14 --> Severity: Notice --> Trying to get property of non-object /Library/WebServer/Documents/miracle/ci3_cgi/application/modules/Appointment/views/easyui_table.php 1
ERROR - 2018-11-21 12:41:14 --> Severity: Notice --> Undefined variable: med_station /Library/WebServer/Documents/miracle/ci3_cgi/application/modules/Appointment/views/easyui_table.php 1
ERROR - 2018-11-21 12:41:14 --> Severity: Notice --> Trying to get property of non-object /Library/WebServer/Documents/miracle/ci3_cgi/application/modules/Appointment/views/easyui_table.php 1
ERROR - 2018-11-21 12:41:14 --> Severity: Notice --> Undefined variable: med_station /Library/WebServer/Documents/miracle/ci3_cgi/application/modules/Appointment/views/easyui_table.php 1
ERROR - 2018-11-21 12:41:14 --> Severity: Notice --> Trying to get property of non-object /Library/WebServer/Documents/miracle/ci3_cgi/application/modules/Appointment/views/easyui_table.php 1
ERROR - 2018-11-21 12:41:14 --> Severity: Notice --> Undefined variable: med_station /Library/WebServer/Documents/miracle/ci3_cgi/application/modules/Appointment/views/easyui_table.php 1
ERROR - 2018-11-21 12:41:14 --> Severity: Notice --> Trying to get property of non-object /Library/WebServer/Documents/miracle/ci3_cgi/application/modules/Appointment/views/easyui_table.php 1
ERROR - 2018-11-21 12:41:14 --> Severity: Notice --> Undefined variable: med_station /Library/WebServer/Documents/miracle/ci3_cgi/application/modules/Appointment/views/easyui_table.php 12
ERROR - 2018-11-21 12:41:14 --> Severity: Notice --> Trying to get property of non-object /Library/WebServer/Documents/miracle/ci3_cgi/application/modules/Appointment/views/easyui_table.php 12
ERROR - 2018-11-21 12:41:14 --> Severity: Notice --> Undefined variable: med_station /Library/WebServer/Documents/miracle/ci3_cgi/application/modules/Appointment/views/easyui_table.php 23
ERROR - 2018-11-21 12:41:14 --> Severity: Notice --> Trying to get property of non-object /Library/WebServer/Documents/miracle/ci3_cgi/application/modules/Appointment/views/easyui_table.php 23
ERROR - 2018-11-21 12:41:14 --> Severity: Notice --> Undefined variable: med_station /Library/WebServer/Documents/miracle/ci3_cgi/application/modules/Appointment/views/easyui_table.php 1
ERROR - 2018-11-21 12:41:14 --> Severity: Notice --> Trying to get property of non-object /Library/WebServer/Documents/miracle/ci3_cgi/application/modules/Appointment/views/easyui_table.php 1
ERROR - 2018-11-21 12:41:14 --> Severity: Notice --> Undefined variable: med_station /Library/WebServer/Documents/miracle/ci3_cgi/application/modules/Appointment/views/easyui_table.php 1
ERROR - 2018-11-21 12:41:14 --> Severity: Notice --> Trying to get property of non-object /Library/WebServer/Documents/miracle/ci3_cgi/application/modules/Appointment/views/easyui_table.php 1
ERROR - 2018-11-21 12:41:14 --> Severity: Notice --> Undefined variable: med_station /Library/WebServer/Documents/miracle/ci3_cgi/application/modules/Appointment/views/easyui_table.php 1
ERROR - 2018-11-21 12:41:14 --> Severity: Notice --> Trying to get property of non-object /Library/WebServer/Documents/miracle/ci3_cgi/application/modules/Appointment/views/easyui_table.php 1
ERROR - 2018-11-21 12:41:14 --> Severity: Notice --> Undefined variable: med_station /Library/WebServer/Documents/miracle/ci3_cgi/application/modules/Appointment/views/easyui_table.php 1
ERROR - 2018-11-21 12:41:14 --> Severity: Notice --> Trying to get property of non-object /Library/WebServer/Documents/miracle/ci3_cgi/application/modules/Appointment/views/easyui_table.php 1
ERROR - 2018-11-21 12:41:14 --> Severity: Notice --> Undefined variable: med_station /Library/WebServer/Documents/miracle/ci3_cgi/application/modules/Appointment/views/easyui_table.php 12
ERROR - 2018-11-21 12:41:14 --> Severity: Notice --> Trying to get property of non-object /Library/WebServer/Documents/miracle/ci3_cgi/application/modules/Appointment/views/easyui_table.php 12
ERROR - 2018-11-21 12:41:14 --> Severity: Notice --> Undefined variable: med_station /Library/WebServer/Documents/miracle/ci3_cgi/application/modules/Appointment/views/easyui_table.php 23
ERROR - 2018-11-21 12:41:14 --> Severity: Notice --> Trying to get property of non-object /Library/WebServer/Documents/miracle/ci3_cgi/application/modules/Appointment/views/easyui_table.php 23
ERROR - 2018-11-21 12:41:14 --> Severity: Notice --> Undefined variable: med_station /Library/WebServer/Documents/miracle/ci3_cgi/application/modules/Appointment/views/easyui_table.php 1
ERROR - 2018-11-21 12:41:14 --> Severity: Notice --> Trying to get property of non-object /Library/WebServer/Documents/miracle/ci3_cgi/application/modules/Appointment/views/easyui_table.php 1
ERROR - 2018-11-21 12:41:14 --> Severity: Notice --> Undefined variable: med_station /Library/WebServer/Documents/miracle/ci3_cgi/application/modules/Appointment/views/easyui_table.php 1
ERROR - 2018-11-21 12:41:14 --> Severity: Notice --> Trying to get property of non-object /Library/WebServer/Documents/miracle/ci3_cgi/application/modules/Appointment/views/easyui_table.php 1
ERROR - 2018-11-21 12:41:14 --> Severity: Notice --> Undefined variable: med_station /Library/WebServer/Documents/miracle/ci3_cgi/application/modules/Appointment/views/easyui_table.php 1
ERROR - 2018-11-21 12:41:14 --> Severity: Notice --> Trying to get property of non-object /Library/WebServer/Documents/miracle/ci3_cgi/application/modules/Appointment/views/easyui_table.php 1
ERROR - 2018-11-21 12:41:14 --> Severity: Notice --> Undefined variable: med_station /Library/WebServer/Documents/miracle/ci3_cgi/application/modules/Appointment/views/easyui_table.php 1
ERROR - 2018-11-21 12:41:14 --> Severity: Notice --> Trying to get property of non-object /Library/WebServer/Documents/miracle/ci3_cgi/application/modules/Appointment/views/easyui_table.php 1
ERROR - 2018-11-21 12:41:14 --> Severity: Notice --> Undefined variable: med_station /Library/WebServer/Documents/miracle/ci3_cgi/application/modules/Appointment/views/easyui_table.php 12
ERROR - 2018-11-21 12:41:14 --> Severity: Notice --> Trying to get property of non-object /Library/WebServer/Documents/miracle/ci3_cgi/application/modules/Appointment/views/easyui_table.php 12
ERROR - 2018-11-21 12:41:14 --> Severity: Notice --> Undefined variable: med_station /Library/WebServer/Documents/miracle/ci3_cgi/application/modules/Appointment/views/easyui_table.php 23
ERROR - 2018-11-21 12:41:14 --> Severity: Notice --> Trying to get property of non-object /Library/WebServer/Documents/miracle/ci3_cgi/application/modules/Appointment/views/easyui_table.php 23
ERROR - 2018-11-21 12:41:14 --> Severity: Notice --> Undefined variable: med_station /Library/WebServer/Documents/miracle/ci3_cgi/application/modules/Appointment/views/easyui_table.php 1
ERROR - 2018-11-21 12:41:14 --> Severity: Notice --> Trying to get property of non-object /Library/WebServer/Documents/miracle/ci3_cgi/application/modules/Appointment/views/easyui_table.php 1
ERROR - 2018-11-21 12:41:14 --> Severity: Notice --> Undefined variable: med_station /Library/WebServer/Documents/miracle/ci3_cgi/application/modules/Appointment/views/easyui_table.php 1
ERROR - 2018-11-21 12:41:14 --> Severity: Notice --> Trying to get property of non-object /Library/WebServer/Documents/miracle/ci3_cgi/application/modules/Appointment/views/easyui_table.php 1
ERROR - 2018-11-21 12:41:14 --> Severity: Notice --> Undefined variable: med_station /Library/WebServer/Documents/miracle/ci3_cgi/application/modules/Appointment/views/easyui_table.php 1
ERROR - 2018-11-21 12:41:14 --> Severity: Notice --> Trying to get property of non-object /Library/WebServer/Documents/miracle/ci3_cgi/application/modules/Appointment/views/easyui_table.php 1
ERROR - 2018-11-21 12:41:14 --> Severity: Notice --> Undefined variable: med_station /Library/WebServer/Documents/miracle/ci3_cgi/application/modules/Appointment/views/easyui_table.php 1
ERROR - 2018-11-21 12:41:14 --> Severity: Notice --> Trying to get property of non-object /Library/WebServer/Documents/miracle/ci3_cgi/application/modules/Appointment/views/easyui_table.php 1
ERROR - 2018-11-21 12:41:14 --> Severity: Notice --> Undefined variable: med_station /Library/WebServer/Documents/miracle/ci3_cgi/application/modules/Appointment/views/easyui_table.php 12
ERROR - 2018-11-21 12:41:14 --> Severity: Notice --> Trying to get property of non-object /Library/WebServer/Documents/miracle/ci3_cgi/application/modules/Appointment/views/easyui_table.php 12
ERROR - 2018-11-21 12:41:14 --> Severity: Notice --> Undefined variable: med_station /Library/WebServer/Documents/miracle/ci3_cgi/application/modules/Appointment/views/easyui_table.php 23
ERROR - 2018-11-21 12:41:14 --> Severity: Notice --> Trying to get property of non-object /Library/WebServer/Documents/miracle/ci3_cgi/application/modules/Appointment/views/easyui_table.php 23
ERROR - 2018-11-21 12:42:17 --> Could not find the language line "admin dashboard jsi18n-sample"
ERROR - 2018-11-21 12:42:17 --> Severity: Notice --> Undefined variable: med_station /Library/WebServer/Documents/miracle/ci3_cgi/application/modules/Appointment/views/easyui_table.php 1
ERROR - 2018-11-21 12:42:17 --> Severity: Notice --> Trying to get property of non-object /Library/WebServer/Documents/miracle/ci3_cgi/application/modules/Appointment/views/easyui_table.php 1
ERROR - 2018-11-21 12:42:17 --> Severity: Notice --> Undefined variable: med_station /Library/WebServer/Documents/miracle/ci3_cgi/application/modules/Appointment/views/easyui_table.php 1
ERROR - 2018-11-21 12:42:17 --> Severity: Notice --> Trying to get property of non-object /Library/WebServer/Documents/miracle/ci3_cgi/application/modules/Appointment/views/easyui_table.php 1
ERROR - 2018-11-21 12:42:17 --> Severity: Notice --> Undefined variable: med_station /Library/WebServer/Documents/miracle/ci3_cgi/application/modules/Appointment/views/easyui_table.php 1
ERROR - 2018-11-21 12:42:17 --> Severity: Notice --> Trying to get property of non-object /Library/WebServer/Documents/miracle/ci3_cgi/application/modules/Appointment/views/easyui_table.php 1
ERROR - 2018-11-21 12:42:17 --> Severity: Notice --> Undefined variable: med_station /Library/WebServer/Documents/miracle/ci3_cgi/application/modules/Appointment/views/easyui_table.php 1
ERROR - 2018-11-21 12:42:17 --> Severity: Notice --> Trying to get property of non-object /Library/WebServer/Documents/miracle/ci3_cgi/application/modules/Appointment/views/easyui_table.php 1
ERROR - 2018-11-21 12:42:17 --> Severity: Notice --> Undefined variable: med_station /Library/WebServer/Documents/miracle/ci3_cgi/application/modules/Appointment/views/easyui_table.php 12
ERROR - 2018-11-21 12:42:17 --> Severity: Notice --> Trying to get property of non-object /Library/WebServer/Documents/miracle/ci3_cgi/application/modules/Appointment/views/easyui_table.php 12
ERROR - 2018-11-21 12:42:17 --> Severity: Notice --> Undefined variable: med_station /Library/WebServer/Documents/miracle/ci3_cgi/application/modules/Appointment/views/easyui_table.php 23
ERROR - 2018-11-21 12:42:17 --> Severity: Notice --> Trying to get property of non-object /Library/WebServer/Documents/miracle/ci3_cgi/application/modules/Appointment/views/easyui_table.php 23
ERROR - 2018-11-21 12:42:17 --> Severity: Notice --> Undefined variable: med_station /Library/WebServer/Documents/miracle/ci3_cgi/application/modules/Appointment/views/easyui_table.php 1
ERROR - 2018-11-21 12:42:17 --> Severity: Notice --> Trying to get property of non-object /Library/WebServer/Documents/miracle/ci3_cgi/application/modules/Appointment/views/easyui_table.php 1
ERROR - 2018-11-21 12:42:17 --> Severity: Notice --> Undefined variable: med_station /Library/WebServer/Documents/miracle/ci3_cgi/application/modules/Appointment/views/easyui_table.php 1
ERROR - 2018-11-21 12:42:17 --> Severity: Notice --> Trying to get property of non-object /Library/WebServer/Documents/miracle/ci3_cgi/application/modules/Appointment/views/easyui_table.php 1
ERROR - 2018-11-21 12:42:17 --> Severity: Notice --> Undefined variable: med_station /Library/WebServer/Documents/miracle/ci3_cgi/application/modules/Appointment/views/easyui_table.php 1
ERROR - 2018-11-21 12:42:17 --> Severity: Notice --> Trying to get property of non-object /Library/WebServer/Documents/miracle/ci3_cgi/application/modules/Appointment/views/easyui_table.php 1
ERROR - 2018-11-21 12:42:17 --> Severity: Notice --> Undefined variable: med_station /Library/WebServer/Documents/miracle/ci3_cgi/application/modules/Appointment/views/easyui_table.php 1
ERROR - 2018-11-21 12:42:17 --> Severity: Notice --> Trying to get property of non-object /Library/WebServer/Documents/miracle/ci3_cgi/application/modules/Appointment/views/easyui_table.php 1
ERROR - 2018-11-21 12:42:17 --> Severity: Notice --> Undefined variable: med_station /Library/WebServer/Documents/miracle/ci3_cgi/application/modules/Appointment/views/easyui_table.php 12
ERROR - 2018-11-21 12:42:17 --> Severity: Notice --> Trying to get property of non-object /Library/WebServer/Documents/miracle/ci3_cgi/application/modules/Appointment/views/easyui_table.php 12
ERROR - 2018-11-21 12:42:17 --> Severity: Notice --> Undefined variable: med_station /Library/WebServer/Documents/miracle/ci3_cgi/application/modules/Appointment/views/easyui_table.php 23
ERROR - 2018-11-21 12:42:17 --> Severity: Notice --> Trying to get property of non-object /Library/WebServer/Documents/miracle/ci3_cgi/application/modules/Appointment/views/easyui_table.php 23
ERROR - 2018-11-21 12:42:17 --> Severity: Notice --> Undefined variable: med_station /Library/WebServer/Documents/miracle/ci3_cgi/application/modules/Appointment/views/easyui_table.php 1
ERROR - 2018-11-21 12:42:17 --> Severity: Notice --> Trying to get property of non-object /Library/WebServer/Documents/miracle/ci3_cgi/application/modules/Appointment/views/easyui_table.php 1
ERROR - 2018-11-21 12:42:17 --> Severity: Notice --> Undefined variable: med_station /Library/WebServer/Documents/miracle/ci3_cgi/application/modules/Appointment/views/easyui_table.php 1
ERROR - 2018-11-21 12:42:17 --> Severity: Notice --> Trying to get property of non-object /Library/WebServer/Documents/miracle/ci3_cgi/application/modules/Appointment/views/easyui_table.php 1
ERROR - 2018-11-21 12:42:17 --> Severity: Notice --> Undefined variable: med_station /Library/WebServer/Documents/miracle/ci3_cgi/application/modules/Appointment/views/easyui_table.php 1
ERROR - 2018-11-21 12:42:17 --> Severity: Notice --> Trying to get property of non-object /Library/WebServer/Documents/miracle/ci3_cgi/application/modules/Appointment/views/easyui_table.php 1
ERROR - 2018-11-21 12:42:17 --> Severity: Notice --> Undefined variable: med_station /Library/WebServer/Documents/miracle/ci3_cgi/application/modules/Appointment/views/easyui_table.php 1
ERROR - 2018-11-21 12:42:17 --> Severity: Notice --> Trying to get property of non-object /Library/WebServer/Documents/miracle/ci3_cgi/application/modules/Appointment/views/easyui_table.php 1
ERROR - 2018-11-21 12:42:17 --> Severity: Notice --> Undefined variable: med_station /Library/WebServer/Documents/miracle/ci3_cgi/application/modules/Appointment/views/easyui_table.php 12
ERROR - 2018-11-21 12:42:17 --> Severity: Notice --> Trying to get property of non-object /Library/WebServer/Documents/miracle/ci3_cgi/application/modules/Appointment/views/easyui_table.php 12
ERROR - 2018-11-21 12:42:17 --> Severity: Notice --> Undefined variable: med_station /Library/WebServer/Documents/miracle/ci3_cgi/application/modules/Appointment/views/easyui_table.php 23
ERROR - 2018-11-21 12:42:17 --> Severity: Notice --> Trying to get property of non-object /Library/WebServer/Documents/miracle/ci3_cgi/application/modules/Appointment/views/easyui_table.php 23
ERROR - 2018-11-21 12:42:17 --> Severity: Notice --> Undefined variable: med_station /Library/WebServer/Documents/miracle/ci3_cgi/application/modules/Appointment/views/easyui_table.php 1
ERROR - 2018-11-21 12:42:17 --> Severity: Notice --> Trying to get property of non-object /Library/WebServer/Documents/miracle/ci3_cgi/application/modules/Appointment/views/easyui_table.php 1
ERROR - 2018-11-21 12:42:17 --> Severity: Notice --> Undefined variable: med_station /Library/WebServer/Documents/miracle/ci3_cgi/application/modules/Appointment/views/easyui_table.php 1
ERROR - 2018-11-21 12:42:17 --> Severity: Notice --> Trying to get property of non-object /Library/WebServer/Documents/miracle/ci3_cgi/application/modules/Appointment/views/easyui_table.php 1
ERROR - 2018-11-21 12:42:17 --> Severity: Notice --> Undefined variable: med_station /Library/WebServer/Documents/miracle/ci3_cgi/application/modules/Appointment/views/easyui_table.php 1
ERROR - 2018-11-21 12:42:17 --> Severity: Notice --> Trying to get property of non-object /Library/WebServer/Documents/miracle/ci3_cgi/application/modules/Appointment/views/easyui_table.php 1
ERROR - 2018-11-21 12:42:17 --> Severity: Notice --> Undefined variable: med_station /Library/WebServer/Documents/miracle/ci3_cgi/application/modules/Appointment/views/easyui_table.php 1
ERROR - 2018-11-21 12:42:17 --> Severity: Notice --> Trying to get property of non-object /Library/WebServer/Documents/miracle/ci3_cgi/application/modules/Appointment/views/easyui_table.php 1
ERROR - 2018-11-21 12:42:17 --> Severity: Notice --> Undefined variable: med_station /Library/WebServer/Documents/miracle/ci3_cgi/application/modules/Appointment/views/easyui_table.php 12
ERROR - 2018-11-21 12:42:17 --> Severity: Notice --> Trying to get property of non-object /Library/WebServer/Documents/miracle/ci3_cgi/application/modules/Appointment/views/easyui_table.php 12
ERROR - 2018-11-21 12:42:17 --> Severity: Notice --> Undefined variable: med_station /Library/WebServer/Documents/miracle/ci3_cgi/application/modules/Appointment/views/easyui_table.php 23
ERROR - 2018-11-21 12:42:17 --> Severity: Notice --> Trying to get property of non-object /Library/WebServer/Documents/miracle/ci3_cgi/application/modules/Appointment/views/easyui_table.php 23
ERROR - 2018-11-21 12:42:17 --> Severity: Notice --> Undefined variable: med_station /Library/WebServer/Documents/miracle/ci3_cgi/application/modules/Appointment/views/easyui_table.php 1
ERROR - 2018-11-21 12:42:17 --> Severity: Notice --> Trying to get property of non-object /Library/WebServer/Documents/miracle/ci3_cgi/application/modules/Appointment/views/easyui_table.php 1
ERROR - 2018-11-21 12:42:17 --> Severity: Notice --> Undefined variable: med_station /Library/WebServer/Documents/miracle/ci3_cgi/application/modules/Appointment/views/easyui_table.php 1
ERROR - 2018-11-21 12:42:17 --> Severity: Notice --> Trying to get property of non-object /Library/WebServer/Documents/miracle/ci3_cgi/application/modules/Appointment/views/easyui_table.php 1
ERROR - 2018-11-21 12:42:17 --> Severity: Notice --> Undefined variable: med_station /Library/WebServer/Documents/miracle/ci3_cgi/application/modules/Appointment/views/easyui_table.php 1
ERROR - 2018-11-21 12:42:17 --> Severity: Notice --> Trying to get property of non-object /Library/WebServer/Documents/miracle/ci3_cgi/application/modules/Appointment/views/easyui_table.php 1
ERROR - 2018-11-21 12:42:17 --> Severity: Notice --> Undefined variable: med_station /Library/WebServer/Documents/miracle/ci3_cgi/application/modules/Appointment/views/easyui_table.php 1
ERROR - 2018-11-21 12:42:17 --> Severity: Notice --> Trying to get property of non-object /Library/WebServer/Documents/miracle/ci3_cgi/application/modules/Appointment/views/easyui_table.php 1
ERROR - 2018-11-21 12:42:17 --> Severity: Notice --> Undefined variable: med_station /Library/WebServer/Documents/miracle/ci3_cgi/application/modules/Appointment/views/easyui_table.php 12
ERROR - 2018-11-21 12:42:17 --> Severity: Notice --> Trying to get property of non-object /Library/WebServer/Documents/miracle/ci3_cgi/application/modules/Appointment/views/easyui_table.php 12
ERROR - 2018-11-21 12:42:17 --> Severity: Notice --> Undefined variable: med_station /Library/WebServer/Documents/miracle/ci3_cgi/application/modules/Appointment/views/easyui_table.php 23
ERROR - 2018-11-21 12:42:17 --> Severity: Notice --> Trying to get property of non-object /Library/WebServer/Documents/miracle/ci3_cgi/application/modules/Appointment/views/easyui_table.php 23
ERROR - 2018-11-21 12:43:26 --> Could not find the language line "admin dashboard jsi18n-sample"
ERROR - 2018-11-21 12:44:35 --> Could not find the language line "admin dashboard jsi18n-sample"
ERROR - 2018-11-21 12:48:57 --> Could not find the language line "admin dashboard jsi18n-sample"
ERROR - 2018-11-21 12:51:06 --> Could not find the language line "admin dashboard jsi18n-sample"
ERROR - 2018-11-21 12:55:27 --> Could not find the language line "admin dashboard jsi18n-sample"
ERROR - 2018-11-21 19:55:31 --> 404 Page Not Found: ../modules/Appointment/controllers/Appointment/datagrid2_getdata.php
ERROR - 2018-11-21 19:55:31 --> 404 Page Not Found: ../modules/Appointment/controllers/Appointment/datagrid2_getdata.php
ERROR - 2018-11-21 19:55:31 --> 404 Page Not Found: /index
ERROR - 2018-11-21 19:55:31 --> 404 Page Not Found: /index
ERROR - 2018-11-21 19:55:31 --> 404 Page Not Found: /index
ERROR - 2018-11-21 19:55:31 --> 404 Page Not Found: /index
ERROR - 2018-11-21 19:55:31 --> 404 Page Not Found: ../modules/Appointment/controllers/Appointment/datagrid2_getdata.php
ERROR - 2018-11-21 19:55:31 --> 404 Page Not Found: ../modules/Appointment/controllers/Appointment/datagrid2_getdata.php
ERROR - 2018-11-21 19:55:32 --> 404 Page Not Found: ../modules/Appointment/controllers/Appointment/datagrid2_getdata.php
ERROR - 2018-11-21 19:56:30 --> 404 Page Not Found: /index
ERROR - 2018-11-21 19:56:30 --> 404 Page Not Found: /index
ERROR - 2018-11-21 19:56:32 --> 404 Page Not Found: /index
ERROR - 2018-11-21 19:56:34 --> 404 Page Not Found: /index
ERROR - 2018-11-21 19:56:36 --> 404 Page Not Found: /index
ERROR - 2018-11-21 19:56:51 --> 404 Page Not Found: /index
ERROR - 2018-11-21 19:56:54 --> 404 Page Not Found: /index
ERROR - 2018-11-21 19:56:54 --> 404 Page Not Found: /index
ERROR - 2018-11-21 19:56:59 --> 404 Page Not Found: /index
ERROR - 2018-11-21 19:57:55 --> 404 Page Not Found: /index
ERROR - 2018-11-21 19:57:57 --> 404 Page Not Found: /index
ERROR - 2018-11-21 19:57:57 --> 404 Page Not Found: /index
ERROR - 2018-11-21 19:57:58 --> 404 Page Not Found: /index
ERROR - 2018-11-21 19:57:58 --> 404 Page Not Found: /index
ERROR - 2018-11-21 12:59:42 --> Could not find the language line "admin dashboard jsi18n-sample"
ERROR - 2018-11-21 19:59:46 --> 404 Page Not Found: /index
ERROR - 2018-11-21 19:59:46 --> 404 Page Not Found: /index
ERROR - 2018-11-21 19:59:46 --> 404 Page Not Found: /index
ERROR - 2018-11-21 19:59:47 --> 404 Page Not Found: /index
ERROR - 2018-11-21 19:59:59 --> 404 Page Not Found: /index
ERROR - 2018-11-21 20:00:00 --> 404 Page Not Found: /index
ERROR - 2018-11-21 20:00:00 --> 404 Page Not Found: /index
ERROR - 2018-11-21 13:02:05 --> Could not find the language line "admin dashboard jsi18n-sample"
ERROR - 2018-11-21 20:02:19 --> 404 Page Not Found: /index
ERROR - 2018-11-21 20:02:19 --> 404 Page Not Found: /index
ERROR - 2018-11-21 20:02:19 --> 404 Page Not Found: /index
ERROR - 2018-11-21 20:02:20 --> 404 Page Not Found: /index
ERROR - 2018-11-21 13:03:17 --> Could not find the language line "admin dashboard jsi18n-sample"
ERROR - 2018-11-21 20:03:27 --> 404 Page Not Found: /index
ERROR - 2018-11-21 20:03:28 --> 404 Page Not Found: /index
ERROR - 2018-11-21 20:03:28 --> 404 Page Not Found: /index
ERROR - 2018-11-21 20:03:28 --> 404 Page Not Found: /index
ERROR - 2018-11-21 13:06:32 --> Could not find the language line "admin dashboard jsi18n-sample"
ERROR - 2018-11-21 13:06:32 --> Could not find the language line "admin dashboard jsi18n-sample"
ERROR - 2018-11-21 13:06:37 --> Could not find the language line "admin dashboard jsi18n-sample"
ERROR - 2018-11-21 13:06:48 --> Could not find the language line "admin dashboard jsi18n-sample"
ERROR - 2018-11-21 20:06:48 --> 404 Page Not Found: /index
ERROR - 2018-11-21 20:06:48 --> 404 Page Not Found: /index
ERROR - 2018-11-21 20:06:48 --> 404 Page Not Found: /index
ERROR - 2018-11-21 20:06:48 --> 404 Page Not Found: /index
ERROR - 2018-11-21 13:07:12 --> Could not find the language line "admin dashboard jsi18n-sample"
ERROR - 2018-11-21 20:07:12 --> 404 Page Not Found: /index
ERROR - 2018-11-21 20:07:12 --> 404 Page Not Found: /index
ERROR - 2018-11-21 20:07:12 --> 404 Page Not Found: /index
ERROR - 2018-11-21 20:07:12 --> 404 Page Not Found: /index
ERROR - 2018-11-21 13:07:33 --> Could not find the language line "admin dashboard jsi18n-sample"
ERROR - 2018-11-21 20:07:33 --> 404 Page Not Found: /index
ERROR - 2018-11-21 20:07:33 --> 404 Page Not Found: /index
ERROR - 2018-11-21 20:07:33 --> 404 Page Not Found: /index
ERROR - 2018-11-21 20:07:34 --> 404 Page Not Found: /index
ERROR - 2018-11-21 13:07:55 --> Could not find the language line "admin dashboard jsi18n-sample"
ERROR - 2018-11-21 20:07:56 --> 404 Page Not Found: /index
ERROR - 2018-11-21 20:07:56 --> 404 Page Not Found: /index
ERROR - 2018-11-21 20:07:56 --> 404 Page Not Found: /index
ERROR - 2018-11-21 20:07:56 --> 404 Page Not Found: /index
ERROR - 2018-11-21 13:08:03 --> Could not find the language line "admin dashboard jsi18n-sample"
ERROR - 2018-11-21 20:08:04 --> 404 Page Not Found: /index
ERROR - 2018-11-21 20:08:04 --> 404 Page Not Found: /index
ERROR - 2018-11-21 20:08:04 --> 404 Page Not Found: /index
ERROR - 2018-11-21 20:08:04 --> 404 Page Not Found: /index
ERROR - 2018-11-21 13:08:20 --> Could not find the language line "admin dashboard jsi18n-sample"
ERROR - 2018-11-21 20:08:21 --> 404 Page Not Found: /index
ERROR - 2018-11-21 20:08:21 --> 404 Page Not Found: /index
ERROR - 2018-11-21 20:08:21 --> 404 Page Not Found: /index
ERROR - 2018-11-21 20:08:21 --> 404 Page Not Found: /index
ERROR - 2018-11-21 13:08:36 --> Could not find the language line "admin dashboard jsi18n-sample"
ERROR - 2018-11-21 20:08:46 --> 404 Page Not Found: /index
ERROR - 2018-11-21 20:08:46 --> 404 Page Not Found: /index
ERROR - 2018-11-21 20:08:46 --> 404 Page Not Found: /index
ERROR - 2018-11-21 20:08:46 --> 404 Page Not Found: /index
ERROR - 2018-11-21 13:09:34 --> Could not find the language line "admin dashboard jsi18n-sample"
ERROR - 2018-11-21 20:09:38 --> 404 Page Not Found: /index
ERROR - 2018-11-21 20:09:38 --> 404 Page Not Found: /index
ERROR - 2018-11-21 20:09:38 --> 404 Page Not Found: /index
ERROR - 2018-11-21 20:09:38 --> 404 Page Not Found: /index
ERROR - 2018-11-21 13:09:42 --> Could not find the language line "admin dashboard jsi18n-sample"
ERROR - 2018-11-21 13:10:16 --> Could not find the language line "admin dashboard jsi18n-sample"
ERROR - 2018-11-21 20:10:29 --> 404 Page Not Found: /index
ERROR - 2018-11-21 20:10:30 --> 404 Page Not Found: /index
ERROR - 2018-11-21 20:10:30 --> 404 Page Not Found: /index
ERROR - 2018-11-21 20:10:30 --> 404 Page Not Found: /index
ERROR - 2018-11-21 13:12:30 --> Could not find the language line "admin dashboard jsi18n-sample"
ERROR - 2018-11-21 20:12:39 --> 404 Page Not Found: /index
ERROR - 2018-11-21 20:12:39 --> 404 Page Not Found: /index
ERROR - 2018-11-21 20:12:40 --> 404 Page Not Found: /index
ERROR - 2018-11-21 20:12:40 --> 404 Page Not Found: /index
ERROR - 2018-11-21 13:16:04 --> Could not find the language line "admin dashboard jsi18n-sample"
ERROR - 2018-11-21 13:16:30 --> Could not find the language line "admin dashboard jsi18n-sample"
ERROR - 2018-11-21 13:16:37 --> Could not find the language line "admin dashboard jsi18n-sample"
ERROR - 2018-11-21 13:17:16 --> Could not find the language line "admin dashboard jsi18n-sample"
ERROR - 2018-11-21 13:18:36 --> Could not find the language line "admin dashboard jsi18n-sample"
ERROR - 2018-11-21 13:18:39 --> Could not find the language line "admin dashboard jsi18n-sample"
ERROR - 2018-11-21 13:18:51 --> Could not find the language line "admin dashboard jsi18n-sample"
ERROR - 2018-11-21 20:18:52 --> 404 Page Not Found: /index
ERROR - 2018-11-21 20:18:52 --> 404 Page Not Found: /index
ERROR - 2018-11-21 20:18:52 --> 404 Page Not Found: /index
ERROR - 2018-11-21 20:18:52 --> 404 Page Not Found: /index
ERROR - 2018-11-21 20:19:08 --> 404 Page Not Found: /index
ERROR - 2018-11-21 20:19:08 --> 404 Page Not Found: /index
ERROR - 2018-11-21 20:19:08 --> 404 Page Not Found: /index
ERROR - 2018-11-21 20:19:08 --> 404 Page Not Found: /index
ERROR - 2018-11-21 20:19:31 --> 404 Page Not Found: /index
ERROR - 2018-11-21 20:19:31 --> 404 Page Not Found: /index
ERROR - 2018-11-21 20:19:31 --> 404 Page Not Found: /index
ERROR - 2018-11-21 20:19:33 --> 404 Page Not Found: /index
ERROR - 2018-11-21 20:19:33 --> 404 Page Not Found: /index
ERROR - 2018-11-21 20:19:33 --> 404 Page Not Found: /index
ERROR - 2018-11-21 20:19:44 --> 404 Page Not Found: /index
ERROR - 2018-11-21 20:19:44 --> 404 Page Not Found: /index
ERROR - 2018-11-21 20:19:44 --> 404 Page Not Found: /index
ERROR - 2018-11-21 20:19:47 --> 404 Page Not Found: /index
ERROR - 2018-11-21 20:19:47 --> 404 Page Not Found: /index
ERROR - 2018-11-21 20:19:47 --> 404 Page Not Found: /index
ERROR - 2018-11-21 20:19:48 --> 404 Page Not Found: /index
ERROR - 2018-11-21 20:19:48 --> 404 Page Not Found: /index
ERROR - 2018-11-21 20:19:48 --> 404 Page Not Found: /index
ERROR - 2018-11-21 20:19:51 --> 404 Page Not Found: /index
ERROR - 2018-11-21 20:19:51 --> 404 Page Not Found: /index
ERROR - 2018-11-21 20:19:51 --> 404 Page Not Found: /index
ERROR - 2018-11-21 20:19:51 --> 404 Page Not Found: /index
ERROR - 2018-11-21 20:19:51 --> 404 Page Not Found: /index
ERROR - 2018-11-21 20:19:51 --> 404 Page Not Found: /index
ERROR - 2018-11-21 20:19:57 --> 404 Page Not Found: /index
ERROR - 2018-11-21 20:19:57 --> 404 Page Not Found: /index
ERROR - 2018-11-21 20:19:57 --> 404 Page Not Found: /index
ERROR - 2018-11-21 20:20:09 --> 404 Page Not Found: /index
ERROR - 2018-11-21 20:24:58 --> 404 Page Not Found: /index
ERROR - 2018-11-21 20:24:58 --> 404 Page Not Found: /index
ERROR - 2018-11-21 13:30:36 --> Could not find the language line "admin dashboard jsi18n-sample"
ERROR - 2018-11-21 20:30:41 --> 404 Page Not Found: /index
ERROR - 2018-11-21 20:30:41 --> 404 Page Not Found: /index
ERROR - 2018-11-21 20:30:41 --> 404 Page Not Found: /index
ERROR - 2018-11-21 20:30:41 --> 404 Page Not Found: /index
ERROR - 2018-11-21 20:31:23 --> 404 Page Not Found: /index
ERROR - 2018-11-21 20:31:23 --> 404 Page Not Found: /index
ERROR - 2018-11-21 20:31:23 --> 404 Page Not Found: /index
ERROR - 2018-11-21 20:31:23 --> 404 Page Not Found: /index
ERROR - 2018-11-21 20:31:23 --> 404 Page Not Found: /index
ERROR - 2018-11-21 13:33:40 --> Could not find the language line "admin dashboard jsi18n-sample"
ERROR - 2018-11-21 20:33:45 --> 404 Page Not Found: /index
ERROR - 2018-11-21 20:33:45 --> 404 Page Not Found: /index
ERROR - 2018-11-21 20:33:45 --> 404 Page Not Found: /index
ERROR - 2018-11-21 20:33:46 --> 404 Page Not Found: /index
ERROR - 2018-11-21 13:34:30 --> Could not find the language line "admin dashboard jsi18n-sample"
ERROR - 2018-11-21 20:34:51 --> 404 Page Not Found: /index
ERROR - 2018-11-21 20:34:51 --> 404 Page Not Found: /index
ERROR - 2018-11-21 20:34:51 --> 404 Page Not Found: /index
ERROR - 2018-11-21 20:34:51 --> 404 Page Not Found: /index
ERROR - 2018-11-21 13:35:28 --> Could not find the language line "admin dashboard jsi18n-sample"
ERROR - 2018-11-21 13:35:52 --> Could not find the language line "admin dashboard jsi18n-sample"
ERROR - 2018-11-21 13:36:21 --> Could not find the language line "admin dashboard jsi18n-sample"
ERROR - 2018-11-21 13:36:26 --> Could not find the language line "admin dashboard jsi18n-sample"
ERROR - 2018-11-21 13:38:08 --> Could not find the language line "admin dashboard jsi18n-sample"
ERROR - 2018-11-21 13:38:13 --> Severity: Warning --> pg_query(): Query failed: ERROR:  column nano_queue_log.station_idx does not exist
LINE 9: AND &quot;nano_queue_log&quot;.&quot;station_idx&quot; = '4'
            ^
HINT:  Perhaps you meant to reference the column &quot;nano_queue_log.station_id&quot;. /Library/WebServer/Documents/miracle/ci3_cgi/system/database/drivers/postgre/postgre_driver.php 242
ERROR - 2018-11-21 13:38:13 --> Query error: ERROR:  column nano_queue_log.station_idx does not exist
LINE 9: AND "nano_queue_log"."station_idx" = '4'
            ^
HINT:  Perhaps you meant to reference the column "nano_queue_log.station_id". - Invalid query: SELECT "nano_queue_log"."vn_id", "nano_queue_log"."vn", "patient"."hn", patient.pa_pre_name || patient.pa_name || ' ' || patient.pa_lastname AS patient_name, "nano_queue_log"."station_id"
FROM "jvkk"."nano_queue_log"
JOIN "medrec"."nano_visit" AS "visit" ON "visit"."vn" = "nano_queue_log"."vn"
JOIN "medrec"."nano_patient" AS "patient" ON "patient"."id" = "visit"."id_patient"
WHERE to_char(nano_queue_log.date_add, 'YYYY-MM-DD') = '2018-11-21'
AND "nano_queue_log"."com_id1" = '10'
AND "nano_queue_log"."com_id2" = '27'
AND "nano_queue_log"."action_id" = '26'
AND "nano_queue_log"."station_idx" = '4'
GROUP BY "nano_queue_log"."vn_id", "nano_queue_log"."vn", "patient"."hn", "patient"."pa_pre_name", "patient"."pa_name", "patient"."pa_lastname", "nano_queue_log"."station_id"
ORDER BY "nano_queue_log"."vn" ASC
ERROR - 2018-11-21 13:38:13 --> Severity: Warning --> pg_query(): Query failed: ERROR:  column nano_queue_log.station_idx does not exist
LINE 9: AND &quot;nano_queue_log&quot;.&quot;station_idx&quot; = '5'
            ^
HINT:  Perhaps you meant to reference the column &quot;nano_queue_log.station_id&quot;. /Library/WebServer/Documents/miracle/ci3_cgi/system/database/drivers/postgre/postgre_driver.php 242
ERROR - 2018-11-21 13:38:13 --> Query error: ERROR:  column nano_queue_log.station_idx does not exist
LINE 9: AND "nano_queue_log"."station_idx" = '5'
            ^
HINT:  Perhaps you meant to reference the column "nano_queue_log.station_id". - Invalid query: SELECT "nano_queue_log"."vn_id", "nano_queue_log"."vn", "patient"."hn", patient.pa_pre_name || patient.pa_name || ' ' || patient.pa_lastname AS patient_name, "nano_queue_log"."station_id"
FROM "jvkk"."nano_queue_log"
JOIN "medrec"."nano_visit" AS "visit" ON "visit"."vn" = "nano_queue_log"."vn"
JOIN "medrec"."nano_patient" AS "patient" ON "patient"."id" = "visit"."id_patient"
WHERE to_char(nano_queue_log.date_add, 'YYYY-MM-DD') = '2018-11-21'
AND "nano_queue_log"."com_id1" = '10'
AND "nano_queue_log"."com_id2" = '27'
AND "nano_queue_log"."action_id" = '26'
AND "nano_queue_log"."station_idx" = '5'
GROUP BY "nano_queue_log"."vn_id", "nano_queue_log"."vn", "patient"."hn", "patient"."pa_pre_name", "patient"."pa_name", "patient"."pa_lastname", "nano_queue_log"."station_id"
ORDER BY "nano_queue_log"."vn" ASC
ERROR - 2018-11-21 13:38:13 --> Severity: Warning --> pg_query(): Query failed: ERROR:  column nano_queue_log.station_idx does not exist
LINE 9: AND &quot;nano_queue_log&quot;.&quot;station_idx&quot; = '7'
            ^
HINT:  Perhaps you meant to reference the column &quot;nano_queue_log.station_id&quot;. /Library/WebServer/Documents/miracle/ci3_cgi/system/database/drivers/postgre/postgre_driver.php 242
ERROR - 2018-11-21 13:38:13 --> Query error: ERROR:  column nano_queue_log.station_idx does not exist
LINE 9: AND "nano_queue_log"."station_idx" = '7'
            ^
HINT:  Perhaps you meant to reference the column "nano_queue_log.station_id". - Invalid query: SELECT "nano_queue_log"."vn_id", "nano_queue_log"."vn", "patient"."hn", patient.pa_pre_name || patient.pa_name || ' ' || patient.pa_lastname AS patient_name, "nano_queue_log"."station_id"
FROM "jvkk"."nano_queue_log"
JOIN "medrec"."nano_visit" AS "visit" ON "visit"."vn" = "nano_queue_log"."vn"
JOIN "medrec"."nano_patient" AS "patient" ON "patient"."id" = "visit"."id_patient"
WHERE to_char(nano_queue_log.date_add, 'YYYY-MM-DD') = '2018-11-21'
AND "nano_queue_log"."com_id1" = '10'
AND "nano_queue_log"."com_id2" = '27'
AND "nano_queue_log"."action_id" = '26'
AND "nano_queue_log"."station_idx" = '7'
GROUP BY "nano_queue_log"."vn_id", "nano_queue_log"."vn", "patient"."hn", "patient"."pa_pre_name", "patient"."pa_name", "patient"."pa_lastname", "nano_queue_log"."station_id"
ORDER BY "nano_queue_log"."vn" ASC
ERROR - 2018-11-21 13:38:13 --> Severity: Warning --> pg_query(): Query failed: ERROR:  column nano_queue_log.station_idx does not exist
LINE 9: AND &quot;nano_queue_log&quot;.&quot;station_idx&quot; = '10'
            ^
HINT:  Perhaps you meant to reference the column &quot;nano_queue_log.station_id&quot;. /Library/WebServer/Documents/miracle/ci3_cgi/system/database/drivers/postgre/postgre_driver.php 242
ERROR - 2018-11-21 13:38:13 --> Query error: ERROR:  column nano_queue_log.station_idx does not exist
LINE 9: AND "nano_queue_log"."station_idx" = '10'
            ^
HINT:  Perhaps you meant to reference the column "nano_queue_log.station_id". - Invalid query: SELECT "nano_queue_log"."vn_id", "nano_queue_log"."vn", "patient"."hn", patient.pa_pre_name || patient.pa_name || ' ' || patient.pa_lastname AS patient_name, "nano_queue_log"."station_id"
FROM "jvkk"."nano_queue_log"
JOIN "medrec"."nano_visit" AS "visit" ON "visit"."vn" = "nano_queue_log"."vn"
JOIN "medrec"."nano_patient" AS "patient" ON "patient"."id" = "visit"."id_patient"
WHERE to_char(nano_queue_log.date_add, 'YYYY-MM-DD') = '2018-11-21'
AND "nano_queue_log"."com_id1" = '10'
AND "nano_queue_log"."com_id2" = '27'
AND "nano_queue_log"."action_id" = '26'
AND "nano_queue_log"."station_idx" = '10'
GROUP BY "nano_queue_log"."vn_id", "nano_queue_log"."vn", "patient"."hn", "patient"."pa_pre_name", "patient"."pa_name", "patient"."pa_lastname", "nano_queue_log"."station_id"
ORDER BY "nano_queue_log"."vn" ASC
ERROR - 2018-11-21 13:38:13 --> Severity: Warning --> pg_query(): Query failed: ERROR:  column nano_queue_log.station_idx does not exist
LINE 9: AND &quot;nano_queue_log&quot;.&quot;station_idx&quot; = '9'
            ^
HINT:  Perhaps you meant to reference the column &quot;nano_queue_log.station_id&quot;. /Library/WebServer/Documents/miracle/ci3_cgi/system/database/drivers/postgre/postgre_driver.php 242
ERROR - 2018-11-21 13:38:13 --> Query error: ERROR:  column nano_queue_log.station_idx does not exist
LINE 9: AND "nano_queue_log"."station_idx" = '9'
            ^
HINT:  Perhaps you meant to reference the column "nano_queue_log.station_id". - Invalid query: SELECT "nano_queue_log"."vn_id", "nano_queue_log"."vn", "patient"."hn", patient.pa_pre_name || patient.pa_name || ' ' || patient.pa_lastname AS patient_name, "nano_queue_log"."station_id"
FROM "jvkk"."nano_queue_log"
JOIN "medrec"."nano_visit" AS "visit" ON "visit"."vn" = "nano_queue_log"."vn"
JOIN "medrec"."nano_patient" AS "patient" ON "patient"."id" = "visit"."id_patient"
WHERE to_char(nano_queue_log.date_add, 'YYYY-MM-DD') = '2018-11-21'
AND "nano_queue_log"."com_id1" = '10'
AND "nano_queue_log"."com_id2" = '27'
AND "nano_queue_log"."action_id" = '26'
AND "nano_queue_log"."station_idx" = '9'
GROUP BY "nano_queue_log"."vn_id", "nano_queue_log"."vn", "patient"."hn", "patient"."pa_pre_name", "patient"."pa_name", "patient"."pa_lastname", "nano_queue_log"."station_id"
ORDER BY "nano_queue_log"."vn" ASC
ERROR - 2018-11-21 13:41:25 --> Could not find the language line "admin dashboard jsi18n-sample"
ERROR - 2018-11-21 13:51:59 --> Could not find the language line "admin dashboard jsi18n-sample"
ERROR - 2018-11-21 13:56:33 --> Could not find the language line "admin dashboard jsi18n-sample"
ERROR - 2018-11-21 13:56:38 --> Could not find the language line "admin dashboard jsi18n-sample"
ERROR - 2018-11-21 13:56:42 --> Could not find the language line "admin dashboard jsi18n-sample"
ERROR - 2018-11-21 13:58:50 --> Could not find the language line "admin dashboard jsi18n-sample"
ERROR - 2018-11-21 14:00:19 --> Could not find the language line "admin dashboard jsi18n-sample"
ERROR - 2018-11-21 14:00:22 --> Could not find the language line "admin dashboard jsi18n-sample"
ERROR - 2018-11-21 14:00:24 --> Could not find the language line "admin dashboard jsi18n-sample"
ERROR - 2018-11-21 14:00:28 --> Could not find the language line "admin dashboard jsi18n-sample"
ERROR - 2018-11-21 14:00:33 --> Could not find the language line "admin dashboard jsi18n-sample"
ERROR - 2018-11-21 14:00:41 --> Could not find the language line "admin dashboard jsi18n-sample"
ERROR - 2018-11-21 14:02:59 --> Could not find the language line "admin dashboard jsi18n-sample"
ERROR - 2018-11-21 14:05:48 --> Could not find the language line "admin dashboard jsi18n-sample"
ERROR - 2018-11-21 14:07:17 --> Could not find the language line "admin dashboard jsi18n-sample"
ERROR - 2018-11-21 14:07:59 --> Could not find the language line "admin dashboard jsi18n-sample"
ERROR - 2018-11-21 14:08:49 --> Could not find the language line "admin dashboard jsi18n-sample"
ERROR - 2018-11-21 14:11:31 --> Could not find the language line "admin dashboard jsi18n-sample"
ERROR - 2018-11-21 14:12:10 --> Could not find the language line "admin dashboard jsi18n-sample"
ERROR - 2018-11-21 14:13:07 --> Could not find the language line "admin dashboard jsi18n-sample"
ERROR - 2018-11-21 14:13:29 --> Could not find the language line "admin dashboard jsi18n-sample"
ERROR - 2018-11-21 14:13:52 --> Could not find the language line "admin dashboard jsi18n-sample"
ERROR - 2018-11-21 14:13:58 --> Could not find the language line "admin dashboard jsi18n-sample"
ERROR - 2018-11-21 14:14:31 --> Could not find the language line "admin dashboard jsi18n-sample"
ERROR - 2018-11-21 14:31:37 --> Could not find the language line "admin dashboard jsi18n-sample"
ERROR - 2018-11-21 14:31:37 --> Could not find the language line "admin dashboard jsi18n-sample"
ERROR - 2018-11-21 14:31:40 --> Could not find the language line "admin dashboard jsi18n-sample"
ERROR - 2018-11-21 14:31:43 --> Could not find the language line "admin dashboard jsi18n-sample"
ERROR - 2018-11-21 14:32:36 --> Could not find the language line "admin dashboard jsi18n-sample"
ERROR - 2018-11-21 14:34:24 --> Could not find the language line "admin dashboard jsi18n-sample"
ERROR - 2018-11-21 21:37:16 --> Severity: Parsing Error --> syntax error, unexpected 'isset' (T_ISSET) /Library/WebServer/Documents/miracle/ci3_cgi/application/core/Med_Controller.php 23
ERROR - 2018-11-21 21:37:54 --> Severity: Parsing Error --> syntax error, unexpected 'isset' (T_ISSET) /Library/WebServer/Documents/miracle/ci3_cgi/application/modules/Appointment/controllers/Appointment.php 5
ERROR - 2018-11-21 21:38:25 --> Severity: Parsing Error --> syntax error, unexpected '$_POST' (T_VARIABLE) /Library/WebServer/Documents/miracle/ci3_cgi/application/modules/Appointment/controllers/Appointment.php 5
ERROR - 2018-11-21 14:39:21 --> Could not find the language line "admin dashboard jsi18n-sample"
ERROR - 2018-11-21 14:40:58 --> Could not find the language line "admin dashboard jsi18n-sample"
ERROR - 2018-11-21 14:41:13 --> Could not find the language line "admin dashboard jsi18n-sample"
ERROR - 2018-11-21 14:47:07 --> Could not find the language line "admin dashboard jsi18n-sample"
ERROR - 2018-11-21 14:54:42 --> Could not find the language line "admin dashboard jsi18n-sample"
ERROR - 2018-11-21 14:59:31 --> Could not find the language line "admin dashboard jsi18n-sample"
ERROR - 2018-11-21 14:59:44 --> Could not find the language line "admin dashboard jsi18n-sample"
ERROR - 2018-11-21 15:00:19 --> Could not find the language line "admin dashboard jsi18n-sample"
ERROR - 2018-11-21 22:00:23 --> 404 Page Not Found: ../modules/Appointment/controllers/Appointment/img
ERROR - 2018-11-21 22:00:24 --> 404 Page Not Found: ../modules/Appointment/controllers/Appointment/img
ERROR - 2018-11-21 22:00:43 --> 404 Page Not Found: ../modules/Appointment/controllers/Appointment/img
ERROR - 2018-11-21 15:00:47 --> Could not find the language line "admin dashboard jsi18n-sample"
ERROR - 2018-11-21 22:00:51 --> 404 Page Not Found: /index
ERROR - 2018-11-21 22:00:52 --> 404 Page Not Found: /index
ERROR - 2018-11-21 22:01:00 --> 404 Page Not Found: /index
ERROR - 2018-11-21 22:01:07 --> 404 Page Not Found: /index
ERROR - 2018-11-21 15:01:31 --> Could not find the language line "admin dashboard jsi18n-sample"
ERROR - 2018-11-21 15:05:06 --> Could not find the language line "admin dashboard jsi18n-sample"
ERROR - 2018-11-21 15:06:57 --> Could not find the language line "admin dashboard jsi18n-sample"
ERROR - 2018-11-21 15:13:11 --> Could not find the language line "admin dashboard jsi18n-sample"
ERROR - 2018-11-21 15:15:28 --> Could not find the language line "admin dashboard jsi18n-sample"
ERROR - 2018-11-21 15:15:39 --> Could not find the language line "admin dashboard jsi18n-sample"
ERROR - 2018-11-21 15:15:58 --> Could not find the language line "admin dashboard jsi18n-sample"
ERROR - 2018-11-21 15:16:46 --> Could not find the language line "admin dashboard jsi18n-sample"
ERROR - 2018-11-21 15:17:32 --> Could not find the language line "admin dashboard jsi18n-sample"
ERROR - 2018-11-21 15:18:07 --> Could not find the language line "admin dashboard jsi18n-sample"
ERROR - 2018-11-21 15:18:27 --> Could not find the language line "admin dashboard jsi18n-sample"
ERROR - 2018-11-21 15:22:14 --> Could not find the language line "admin dashboard jsi18n-sample"
ERROR - 2018-11-21 15:23:48 --> Could not find the language line "admin dashboard jsi18n-sample"
ERROR - 2018-11-21 15:28:12 --> Could not find the language line "admin dashboard jsi18n-sample"
ERROR - 2018-11-21 15:30:07 --> Could not find the language line "admin dashboard jsi18n-sample"
ERROR - 2018-11-21 15:31:40 --> Could not find the language line "admin dashboard jsi18n-sample"
ERROR - 2018-11-21 15:39:28 --> Could not find the language line "admin dashboard jsi18n-sample"
ERROR - 2018-11-21 15:40:02 --> Could not find the language line "admin dashboard jsi18n-sample"
ERROR - 2018-11-21 15:40:39 --> Could not find the language line "admin dashboard jsi18n-sample"
ERROR - 2018-11-21 15:54:25 --> Could not find the language line "admin dashboard jsi18n-sample"
ERROR - 2018-11-21 15:55:38 --> Could not find the language line "admin dashboard jsi18n-sample"
ERROR - 2018-11-21 15:56:13 --> Could not find the language line "admin dashboard jsi18n-sample"
ERROR - 2018-11-21 15:56:39 --> Could not find the language line "admin dashboard jsi18n-sample"
ERROR - 2018-11-21 15:57:31 --> Could not find the language line "admin dashboard jsi18n-sample"
ERROR - 2018-11-21 16:02:46 --> Could not find the language line "admin dashboard jsi18n-sample"
ERROR - 2018-11-21 16:03:47 --> Could not find the language line "admin dashboard jsi18n-sample"
ERROR - 2018-11-21 16:06:04 --> Could not find the language line "admin dashboard jsi18n-sample"
ERROR - 2018-11-21 16:10:10 --> Could not find the language line "admin dashboard jsi18n-sample"
ERROR - 2018-11-21 16:12:28 --> Could not find the language line "admin dashboard jsi18n-sample"
ERROR - 2018-11-21 16:16:52 --> Could not find the language line "admin dashboard jsi18n-sample"
ERROR - 2018-11-21 23:17:00 --> 404 Page Not Found: ../modules/Appointment/controllers/Appointment/get_content.php
ERROR - 2018-11-21 16:19:35 --> Could not find the language line "admin dashboard jsi18n-sample"
ERROR - 2018-11-21 16:20:24 --> Could not find the language line "admin dashboard jsi18n-sample"
ERROR - 2018-11-21 16:22:39 --> Could not find the language line "admin dashboard jsi18n-sample"
ERROR - 2018-11-21 16:23:22 --> Could not find the language line "admin dashboard jsi18n-sample"
ERROR - 2018-11-21 16:24:10 --> Could not find the language line "admin dashboard jsi18n-sample"
ERROR - 2018-11-21 16:37:15 --> 404 Page Not Found: 
ERROR - 2018-11-21 16:37:23 --> Could not find the language line "admin dashboard jsi18n-sample"
ERROR - 2018-11-21 16:37:33 --> 404 Page Not Found: 
ERROR - 2018-11-21 16:40:07 --> Could not find the language line "admin dashboard jsi18n-sample"
ERROR - 2018-11-21 16:41:08 --> Could not find the language line "admin dashboard jsi18n-sample"
ERROR - 2018-11-21 16:41:10 --> Could not find the language line "admin dashboard jsi18n-sample"
ERROR - 2018-11-21 16:44:14 --> Could not find the language line "admin dashboard jsi18n-sample"
ERROR - 2018-11-21 16:44:18 --> Could not find the language line "admin dashboard jsi18n-sample"
ERROR - 2018-11-21 16:44:25 --> Could not find the language line "admin dashboard jsi18n-sample"
ERROR - 2018-11-21 16:44:30 --> Could not find the language line "admin dashboard jsi18n-sample"
ERROR - 2018-11-21 16:44:32 --> Could not find the language line "admin dashboard jsi18n-sample"
ERROR - 2018-11-21 16:44:41 --> Severity: Error --> Call to a member function result() on null /Library/WebServer/Documents/miracle/ci3_cgi/application/core/MY_Model.php 311
ERROR - 2018-11-21 16:46:07 --> Severity: Notice --> Undefined property: CI::$get /Library/WebServer/Documents/miracle/ci3_cgi/system/core/Model.php 77
ERROR - 2018-11-21 16:46:07 --> Severity: Error --> Call to a member function result() on null /Library/WebServer/Documents/miracle/ci3_cgi/application/modules/Appointment/controllers/Appointment.php 70
ERROR - 2018-11-21 16:46:07 --> Severity: Notice --> Undefined property: CI::$get /Library/WebServer/Documents/miracle/ci3_cgi/system/core/Model.php 77
ERROR - 2018-11-21 16:46:07 --> Severity: Error --> Call to a member function result() on null /Library/WebServer/Documents/miracle/ci3_cgi/application/modules/Appointment/controllers/Appointment.php 70
ERROR - 2018-11-21 16:46:15 --> Severity: Notice --> Undefined property: CI::$get /Library/WebServer/Documents/miracle/ci3_cgi/system/core/Model.php 77
ERROR - 2018-11-21 16:46:15 --> Severity: Error --> Call to a member function result() on null /Library/WebServer/Documents/miracle/ci3_cgi/application/modules/Appointment/controllers/Appointment.php 70
ERROR - 2018-11-21 16:46:15 --> Severity: Notice --> Undefined property: CI::$get /Library/WebServer/Documents/miracle/ci3_cgi/system/core/Model.php 77
ERROR - 2018-11-21 16:46:15 --> Severity: Error --> Call to a member function result() on null /Library/WebServer/Documents/miracle/ci3_cgi/application/modules/Appointment/controllers/Appointment.php 70
ERROR - 2018-11-21 16:47:50 --> Severity: Notice --> Undefined variable: appointment_id /Library/WebServer/Documents/miracle/ci3_cgi/application/modules/Appointment/controllers/Appointment.php 56
ERROR - 2018-11-21 16:49:01 --> 404 Page Not Found: 
ERROR - 2018-11-21 16:50:38 --> 404 Page Not Found: 
ERROR - 2018-11-21 16:51:23 --> Could not find the language line "admin dashboard jsi18n-sample"
ERROR - 2018-11-21 16:51:31 --> 404 Page Not Found: 
ERROR - 2018-11-21 16:52:16 --> Could not find the language line "admin dashboard jsi18n-sample"
ERROR - 2018-11-21 16:52:24 --> Severity: Warning --> pg_query(): Query failed: ERROR:  invalid input syntax for integer: &quot;appointment_id&quot;
LINE 3: WHERE &quot;frontmed&quot;.&quot;neural_appointment&quot;.&quot;id&quot; = 'appointment_id...
                                                     ^ /Library/WebServer/Documents/miracle/ci3_cgi/system/database/drivers/postgre/postgre_driver.php 242
ERROR - 2018-11-21 16:52:24 --> Query error: ERROR:  invalid input syntax for integer: "appointment_id"
LINE 3: WHERE "frontmed"."neural_appointment"."id" = 'appointment_id...
                                                     ^ - Invalid query: SELECT "neural_appointment".*, to_char(neural_appointment.appointment_date, 'DD/MM/YYYY') AS appointment_date_th
FROM "frontmed"."neural_appointment"
WHERE "frontmed"."neural_appointment"."id" = 'appointment_id'
ORDER BY "frontmed"."neural_appointment"."id" ASC
ERROR - 2018-11-21 16:57:00 --> Severity: Warning --> pg_query(): Query failed: ERROR:  invalid input syntax for integer: &quot;appointment_id&quot;
LINE 3: WHERE &quot;frontmed&quot;.&quot;neural_appointment&quot;.&quot;id&quot; = 'appointment_id...
                                                     ^ /Library/WebServer/Documents/miracle/ci3_cgi/system/database/drivers/postgre/postgre_driver.php 242
ERROR - 2018-11-21 16:57:00 --> Query error: ERROR:  invalid input syntax for integer: "appointment_id"
LINE 3: WHERE "frontmed"."neural_appointment"."id" = 'appointment_id...
                                                     ^ - Invalid query: SELECT "neural_appointment".*, to_char(neural_appointment.appointment_date, 'DD/MM/YYYY') AS appointment_date_th
FROM "frontmed"."neural_appointment"
WHERE "frontmed"."neural_appointment"."id" = 'appointment_id'
ORDER BY "frontmed"."neural_appointment"."id" ASC
ERROR - 2018-11-21 16:57:00 --> Severity: Warning --> pg_query(): Query failed: ERROR:  invalid input syntax for integer: &quot;appointment_id&quot;
LINE 3: WHERE &quot;frontmed&quot;.&quot;neural_appointment&quot;.&quot;id&quot; = 'appointment_id...
                                                     ^ /Library/WebServer/Documents/miracle/ci3_cgi/system/database/drivers/postgre/postgre_driver.php 242
ERROR - 2018-11-21 16:57:00 --> Query error: ERROR:  invalid input syntax for integer: "appointment_id"
LINE 3: WHERE "frontmed"."neural_appointment"."id" = 'appointment_id...
                                                     ^ - Invalid query: SELECT "neural_appointment".*, to_char(neural_appointment.appointment_date, 'DD/MM/YYYY') AS appointment_date_th
FROM "frontmed"."neural_appointment"
WHERE "frontmed"."neural_appointment"."id" = 'appointment_id'
ORDER BY "frontmed"."neural_appointment"."id" ASC
ERROR - 2018-11-21 16:57:13 --> Severity: Warning --> pg_query(): Query failed: ERROR:  invalid input syntax for integer: &quot;appointment_id&quot;
LINE 3: WHERE &quot;frontmed&quot;.&quot;neural_appointment&quot;.&quot;id&quot; = 'appointment_id...
                                                     ^ /Library/WebServer/Documents/miracle/ci3_cgi/system/database/drivers/postgre/postgre_driver.php 242
ERROR - 2018-11-21 16:57:13 --> Query error: ERROR:  invalid input syntax for integer: "appointment_id"
LINE 3: WHERE "frontmed"."neural_appointment"."id" = 'appointment_id...
                                                     ^ - Invalid query: SELECT "neural_appointment".*, to_char(neural_appointment.appointment_date, 'DD/MM/YYYY') AS appointment_date_th
FROM "frontmed"."neural_appointment"
WHERE "frontmed"."neural_appointment"."id" = 'appointment_id'
ORDER BY "frontmed"."neural_appointment"."id" ASC
ERROR - 2018-11-21 16:57:39 --> 404 Page Not Found: 
ERROR - 2018-11-21 16:59:36 --> 404 Page Not Found: 
ERROR - 2018-11-21 17:01:08 --> 404 Page Not Found: 
ERROR - 2018-11-21 17:01:32 --> Severity: Notice --> Undefined variable: med_stations /Library/WebServer/Documents/miracle/ci3_cgi/application/modules/Appointment/views/appointment_index.php 22
ERROR - 2018-11-21 17:01:32 --> Severity: Warning --> Invalid argument supplied for foreach() /Library/WebServer/Documents/miracle/ci3_cgi/application/modules/Appointment/views/appointment_index.php 22
ERROR - 2018-11-21 17:02:01 --> Severity: Warning --> pg_query(): Query failed: ERROR:  invalid input syntax for integer: &quot;appointment_id&quot;
LINE 3: WHERE &quot;frontmed&quot;.&quot;neural_appointment&quot;.&quot;id&quot; = 'appointment_id...
                                                     ^ /Library/WebServer/Documents/miracle/ci3_cgi/system/database/drivers/postgre/postgre_driver.php 242
ERROR - 2018-11-21 17:02:01 --> Query error: ERROR:  invalid input syntax for integer: "appointment_id"
LINE 3: WHERE "frontmed"."neural_appointment"."id" = 'appointment_id...
                                                     ^ - Invalid query: SELECT "neural_appointment".*, to_char(neural_appointment.appointment_date, 'DD/MM/YYYY') AS appointment_date_th
FROM "frontmed"."neural_appointment"
WHERE "frontmed"."neural_appointment"."id" = 'appointment_id'
ORDER BY "frontmed"."neural_appointment"."id" ASC
ERROR - 2018-11-21 17:02:01 --> Severity: Warning --> pg_query(): Query failed: ERROR:  invalid input syntax for integer: &quot;appointment_id&quot;
LINE 3: WHERE &quot;frontmed&quot;.&quot;neural_appointment&quot;.&quot;id&quot; = 'appointment_id...
                                                     ^ /Library/WebServer/Documents/miracle/ci3_cgi/system/database/drivers/postgre/postgre_driver.php 242
ERROR - 2018-11-21 17:02:01 --> Query error: ERROR:  invalid input syntax for integer: "appointment_id"
LINE 3: WHERE "frontmed"."neural_appointment"."id" = 'appointment_id...
                                                     ^ - Invalid query: SELECT "neural_appointment".*, to_char(neural_appointment.appointment_date, 'DD/MM/YYYY') AS appointment_date_th
FROM "frontmed"."neural_appointment"
WHERE "frontmed"."neural_appointment"."id" = 'appointment_id'
ORDER BY "frontmed"."neural_appointment"."id" ASC
ERROR - 2018-11-21 17:02:08 --> Could not find the language line "admin dashboard jsi18n-sample"
ERROR - 2018-11-21 17:04:18 --> Could not find the language line "admin dashboard jsi18n-sample"
ERROR - 2018-11-21 17:05:34 --> Could not find the language line "admin dashboard jsi18n-sample"
ERROR - 2018-11-21 17:26:29 --> Could not find the language line "admin dashboard jsi18n-sample"
ERROR - 2018-11-21 18:00:22 --> Could not find the language line "admin dashboard jsi18n-sample"
ERROR - 2018-11-21 18:00:34 --> Could not find the language line "admin dashboard jsi18n-sample"
ERROR - 2018-11-21 18:02:08 --> Could not find the language line "admin dashboard jsi18n-sample"
ERROR - 2018-11-21 18:02:44 --> Could not find the language line "admin dashboard jsi18n-sample"
ERROR - 2018-11-21 18:03:26 --> Could not find the language line "admin dashboard jsi18n-sample"
ERROR - 2018-11-21 18:03:36 --> Could not find the language line "admin dashboard jsi18n-sample"
ERROR - 2018-11-21 18:04:19 --> Could not find the language line "admin dashboard jsi18n-sample"
ERROR - 2018-11-21 18:04:36 --> Could not find the language line "admin dashboard jsi18n-sample"
ERROR - 2018-11-21 18:06:32 --> Could not find the language line "admin dashboard jsi18n-sample"
ERROR - 2018-11-21 18:06:48 --> Could not find the language line "admin dashboard jsi18n-sample"
ERROR - 2018-11-21 18:07:48 --> Could not find the language line "admin dashboard jsi18n-sample"
ERROR - 2018-11-21 18:07:48 --> Could not find the language line "admin dashboard jsi18n-sample"
ERROR - 2018-11-21 18:07:52 --> Could not find the language line "admin dashboard jsi18n-sample"
ERROR - 2018-11-21 18:07:56 --> Could not find the language line "admin dashboard jsi18n-sample"
ERROR - 2018-11-21 18:09:37 --> Could not find the language line "admin dashboard jsi18n-sample"
ERROR - 2018-11-21 18:09:58 --> Could not find the language line "admin dashboard jsi18n-sample"
ERROR - 2018-11-21 18:10:39 --> Could not find the language line "admin dashboard jsi18n-sample"
ERROR - 2018-11-21 18:13:14 --> Could not find the language line "admin dashboard jsi18n-sample"
ERROR - 2018-11-21 18:23:51 --> 404 Page Not Found: 
ERROR - 2018-11-21 18:25:39 --> Could not find the language line "admin dashboard jsi18n-sample"
ERROR - 2018-11-21 18:25:47 --> Severity: Warning --> pg_query(): Query failed: ERROR:  invalid input syntax for integer: &quot;NULL&quot;
LINE 3: WHERE &quot;frontmed&quot;.&quot;neural_appointment&quot;.&quot;id&quot; = 'NULL'
                                                     ^ /Library/WebServer/Documents/miracle/ci3_cgi/system/database/drivers/postgre/postgre_driver.php 242
ERROR - 2018-11-21 18:25:47 --> Query error: ERROR:  invalid input syntax for integer: "NULL"
LINE 3: WHERE "frontmed"."neural_appointment"."id" = 'NULL'
                                                     ^ - Invalid query: SELECT "neural_appointment".*, to_char(neural_appointment.appointment_date, 'DD/MM/YYYY') AS appointment_date_th
FROM "frontmed"."neural_appointment"
WHERE "frontmed"."neural_appointment"."id" = 'NULL'
ORDER BY "frontmed"."neural_appointment"."id" ASC
ERROR - 2018-11-21 18:26:56 --> Severity: Warning --> pg_query(): Query failed: ERROR:  invalid input syntax for integer: &quot;NULL&quot;
LINE 3: WHERE &quot;frontmed&quot;.&quot;neural_appointment&quot;.&quot;id&quot; = 'NULL'
                                                     ^ /Library/WebServer/Documents/miracle/ci3_cgi/system/database/drivers/postgre/postgre_driver.php 242
ERROR - 2018-11-21 18:26:56 --> Query error: ERROR:  invalid input syntax for integer: "NULL"
LINE 3: WHERE "frontmed"."neural_appointment"."id" = 'NULL'
                                                     ^ - Invalid query: SELECT "neural_appointment".*, to_char(neural_appointment.appointment_date, 'DD/MM/YYYY') AS appointment_date_th
FROM "frontmed"."neural_appointment"
WHERE "frontmed"."neural_appointment"."id" = 'NULL'
ORDER BY "frontmed"."neural_appointment"."id" ASC
ERROR - 2018-11-21 18:26:56 --> Severity: Warning --> pg_query(): Query failed: ERROR:  invalid input syntax for integer: &quot;NULL&quot;
LINE 3: WHERE &quot;frontmed&quot;.&quot;neural_appointment&quot;.&quot;id&quot; = 'NULL'
                                                     ^ /Library/WebServer/Documents/miracle/ci3_cgi/system/database/drivers/postgre/postgre_driver.php 242
ERROR - 2018-11-21 18:26:56 --> Query error: ERROR:  invalid input syntax for integer: "NULL"
LINE 3: WHERE "frontmed"."neural_appointment"."id" = 'NULL'
                                                     ^ - Invalid query: SELECT "neural_appointment".*, to_char(neural_appointment.appointment_date, 'DD/MM/YYYY') AS appointment_date_th
FROM "frontmed"."neural_appointment"
WHERE "frontmed"."neural_appointment"."id" = 'NULL'
ORDER BY "frontmed"."neural_appointment"."id" ASC
ERROR - 2018-11-21 18:26:59 --> Could not find the language line "admin dashboard jsi18n-sample"
ERROR - 2018-11-21 18:27:07 --> Severity: Warning --> pg_query(): Query failed: ERROR:  invalid input syntax for integer: &quot;NULL&quot;
LINE 3: WHERE &quot;frontmed&quot;.&quot;neural_appointment&quot;.&quot;id&quot; = 'NULL'
                                                     ^ /Library/WebServer/Documents/miracle/ci3_cgi/system/database/drivers/postgre/postgre_driver.php 242
ERROR - 2018-11-21 18:27:07 --> Query error: ERROR:  invalid input syntax for integer: "NULL"
LINE 3: WHERE "frontmed"."neural_appointment"."id" = 'NULL'
                                                     ^ - Invalid query: SELECT "neural_appointment".*, to_char(neural_appointment.appointment_date, 'DD/MM/YYYY') AS appointment_date_th
FROM "frontmed"."neural_appointment"
WHERE "frontmed"."neural_appointment"."id" = 'NULL'
ORDER BY "frontmed"."neural_appointment"."id" ASC
ERROR - 2018-11-21 18:27:46 --> Could not find the language line "admin dashboard jsi18n-sample"
ERROR - 2018-11-21 18:27:54 --> Severity: Warning --> pg_query(): Query failed: ERROR:  invalid input syntax for integer: &quot;NULL&quot;
LINE 3: WHERE &quot;frontmed&quot;.&quot;neural_appointment&quot;.&quot;id&quot; = 'NULL'
                                                     ^ /Library/WebServer/Documents/miracle/ci3_cgi/system/database/drivers/postgre/postgre_driver.php 242
ERROR - 2018-11-21 18:27:54 --> Query error: ERROR:  invalid input syntax for integer: "NULL"
LINE 3: WHERE "frontmed"."neural_appointment"."id" = 'NULL'
                                                     ^ - Invalid query: SELECT "neural_appointment".*, to_char(neural_appointment.appointment_date, 'DD/MM/YYYY') AS appointment_date_th
FROM "frontmed"."neural_appointment"
WHERE "frontmed"."neural_appointment"."id" = 'NULL'
ORDER BY "frontmed"."neural_appointment"."id" ASC
ERROR - 2018-11-21 18:28:19 --> 404 Page Not Found: 
ERROR - 2018-11-21 18:32:43 --> Could not find the language line "admin dashboard jsi18n-sample"
ERROR - 2018-11-21 18:36:41 --> Could not find the language line "admin dashboard jsi18n-sample"
ERROR - 2018-11-21 18:44:14 --> Could not find the language line "admin dashboard jsi18n-sample"
ERROR - 2018-11-21 18:45:57 --> Could not find the language line "admin dashboard jsi18n-sample"
ERROR - 2018-11-21 18:46:28 --> Could not find the language line "admin dashboard jsi18n-sample"
ERROR - 2018-11-21 19:10:34 --> Could not find the language line "admin dashboard jsi18n-sample"
ERROR - 2018-11-21 19:10:39 --> Could not find the language line "admin dashboard jsi18n-sample"
ERROR - 2018-11-21 19:12:14 --> Could not find the language line "admin dashboard jsi18n-sample"
ERROR - 2018-11-21 19:12:29 --> Could not find the language line "admin dashboard jsi18n-sample"
ERROR - 2018-11-21 19:35:25 --> Could not find the language line "admin dashboard jsi18n-sample"
ERROR - 2018-11-21 19:35:31 --> Severity: Warning --> pg_query(): Query failed: ERROR:  invalid input syntax for integer: &quot;&quot;
LINE 1: ...T id, user_id FROM med.neural_order WHERE vn_id = '' AND ord...
                                                             ^ /Library/WebServer/Documents/miracle/ci3_cgi/system/database/drivers/postgre/postgre_driver.php 242
ERROR - 2018-11-21 19:35:31 --> Query error: ERROR:  invalid input syntax for integer: ""
LINE 1: ...T id, user_id FROM med.neural_order WHERE vn_id = '' AND ord...
                                                             ^ - Invalid query: SELECT id, user_id FROM med.neural_order WHERE vn_id = '' AND order_type = 'drug' AND deleted = 'f' ORDER BY id DESC LIMIT 1
ERROR - 2018-11-21 19:35:49 --> Severity: Warning --> pg_query(): Query failed: ERROR:  invalid input syntax for integer: &quot;&quot;
LINE 1: ...T id, user_id FROM med.neural_order WHERE vn_id = '' AND ord...
                                                             ^ /Library/WebServer/Documents/miracle/ci3_cgi/system/database/drivers/postgre/postgre_driver.php 242
ERROR - 2018-11-21 19:35:49 --> Query error: ERROR:  invalid input syntax for integer: ""
LINE 1: ...T id, user_id FROM med.neural_order WHERE vn_id = '' AND ord...
                                                             ^ - Invalid query: SELECT id, user_id FROM med.neural_order WHERE vn_id = '' AND order_type = 'drug' AND deleted = 'f' ORDER BY id DESC LIMIT 1
ERROR - 2018-11-21 19:35:50 --> Severity: Warning --> pg_query(): Query failed: ERROR:  invalid input syntax for integer: &quot;&quot;
LINE 1: ...T id, user_id FROM med.neural_order WHERE vn_id = '' AND ord...
                                                             ^ /Library/WebServer/Documents/miracle/ci3_cgi/system/database/drivers/postgre/postgre_driver.php 242
ERROR - 2018-11-21 19:35:50 --> Query error: ERROR:  invalid input syntax for integer: ""
LINE 1: ...T id, user_id FROM med.neural_order WHERE vn_id = '' AND ord...
                                                             ^ - Invalid query: SELECT id, user_id FROM med.neural_order WHERE vn_id = '' AND order_type = 'drug' AND deleted = 'f' ORDER BY id DESC LIMIT 1
ERROR - 2018-11-21 19:35:54 --> Severity: Warning --> pg_query(): Query failed: ERROR:  invalid input syntax for integer: &quot;&quot;
LINE 1: ...T id, user_id FROM med.neural_order WHERE vn_id = '' AND ord...
                                                             ^ /Library/WebServer/Documents/miracle/ci3_cgi/system/database/drivers/postgre/postgre_driver.php 242
ERROR - 2018-11-21 19:35:54 --> Query error: ERROR:  invalid input syntax for integer: ""
LINE 1: ...T id, user_id FROM med.neural_order WHERE vn_id = '' AND ord...
                                                             ^ - Invalid query: SELECT id, user_id FROM med.neural_order WHERE vn_id = '' AND order_type = 'drug' AND deleted = 'f' ORDER BY id DESC LIMIT 1
ERROR - 2018-11-21 19:35:54 --> Severity: Warning --> pg_query(): Query failed: ERROR:  invalid input syntax for integer: &quot;&quot;
LINE 1: ...T id, user_id FROM med.neural_order WHERE vn_id = '' AND ord...
                                                             ^ /Library/WebServer/Documents/miracle/ci3_cgi/system/database/drivers/postgre/postgre_driver.php 242
ERROR - 2018-11-21 19:35:54 --> Query error: ERROR:  invalid input syntax for integer: ""
LINE 1: ...T id, user_id FROM med.neural_order WHERE vn_id = '' AND ord...
                                                             ^ - Invalid query: SELECT id, user_id FROM med.neural_order WHERE vn_id = '' AND order_type = 'drug' AND deleted = 'f' ORDER BY id DESC LIMIT 1
ERROR - 2018-11-21 19:36:40 --> Could not find the language line "admin dashboard jsi18n-sample"
ERROR - 2018-11-21 19:36:50 --> Severity: Warning --> pg_query(): Query failed: ERROR:  invalid input syntax for integer: &quot;&quot;
LINE 1: ...T id, user_id FROM med.neural_order WHERE vn_id = '' AND ord...
                                                             ^ /Library/WebServer/Documents/miracle/ci3_cgi/system/database/drivers/postgre/postgre_driver.php 242
ERROR - 2018-11-21 19:36:50 --> Query error: ERROR:  invalid input syntax for integer: ""
LINE 1: ...T id, user_id FROM med.neural_order WHERE vn_id = '' AND ord...
                                                             ^ - Invalid query: SELECT id, user_id FROM med.neural_order WHERE vn_id = '' AND order_type = 'drug' AND deleted = 'f' ORDER BY id DESC LIMIT 1
ERROR - 2018-11-21 19:38:25 --> Could not find the language line "admin dashboard jsi18n-sample"
ERROR - 2018-11-21 19:47:04 --> Could not find the language line "admin dashboard jsi18n-sample"
ERROR - 2018-11-21 19:52:56 --> Could not find the language line "admin dashboard jsi18n-sample"
ERROR - 2018-11-21 19:57:57 --> Could not find the language line "admin dashboard jsi18n-sample"
ERROR - 2018-11-21 20:00:08 --> Could not find the language line "admin dashboard jsi18n-sample"
ERROR - 2018-11-21 20:03:35 --> Could not find the language line "admin dashboard jsi18n-sample"
ERROR - 2018-11-21 20:05:27 --> Could not find the language line "admin dashboard jsi18n-sample"
ERROR - 2018-11-21 20:06:36 --> Could not find the language line "admin dashboard jsi18n-sample"
ERROR - 2018-11-21 20:07:05 --> Could not find the language line "admin dashboard jsi18n-sample"
ERROR - 2018-11-21 20:07:30 --> Could not find the language line "admin dashboard jsi18n-sample"
ERROR - 2018-11-21 20:10:15 --> Could not find the language line "admin dashboard jsi18n-sample"
ERROR - 2018-11-21 20:10:39 --> Could not find the language line "admin dashboard jsi18n-sample"
ERROR - 2018-11-21 20:11:57 --> Could not find the language line "admin dashboard jsi18n-sample"
ERROR - 2018-11-21 20:12:54 --> Could not find the language line "admin dashboard jsi18n-sample"
ERROR - 2018-11-21 20:39:58 --> Could not find the language line "admin dashboard jsi18n-sample"
ERROR - 2018-11-21 20:41:55 --> Could not find the language line "admin dashboard jsi18n-sample"
ERROR - 2018-11-21 20:44:51 --> Could not find the language line "admin dashboard jsi18n-sample"
ERROR - 2018-11-21 20:48:29 --> Could not find the language line "admin dashboard jsi18n-sample"
ERROR - 2018-11-21 20:50:24 --> Could not find the language line "admin dashboard jsi18n-sample"
ERROR - 2018-11-21 20:51:15 --> Could not find the language line "admin dashboard jsi18n-sample"
ERROR - 2018-11-21 20:51:25 --> Could not find the language line "admin dashboard jsi18n-sample"
ERROR - 2018-11-21 20:52:10 --> Could not find the language line "admin dashboard jsi18n-sample"
ERROR - 2018-11-21 20:54:44 --> Could not find the language line "admin dashboard jsi18n-sample"
ERROR - 2018-11-21 20:55:31 --> Could not find the language line "admin dashboard jsi18n-sample"
ERROR - 2018-11-21 20:58:40 --> Could not find the language line "admin dashboard jsi18n-sample"
ERROR - 2018-11-21 21:03:41 --> Could not find the language line "admin dashboard jsi18n-sample"
ERROR - 2018-11-21 21:06:32 --> Could not find the language line "admin dashboard jsi18n-sample"
ERROR - 2018-11-21 21:07:41 --> Could not find the language line "admin dashboard jsi18n-sample"
ERROR - 2018-11-21 21:09:56 --> Could not find the language line "admin dashboard jsi18n-sample"
ERROR - 2018-11-21 21:10:15 --> Could not find the language line "admin dashboard jsi18n-sample"
ERROR - 2018-11-21 21:12:41 --> Could not find the language line "admin dashboard jsi18n-sample"
ERROR - 2018-11-21 21:12:46 --> Could not find the language line "admin dashboard jsi18n-sample"
ERROR - 2018-11-21 21:13:12 --> Could not find the language line "admin dashboard jsi18n-sample"
ERROR - 2018-11-21 21:13:21 --> Could not find the language line "admin dashboard jsi18n-sample"
ERROR - 2018-11-21 21:13:31 --> Could not find the language line "admin dashboard jsi18n-sample"
ERROR - 2018-11-21 21:13:41 --> Could not find the language line "admin dashboard jsi18n-sample"
ERROR - 2018-11-21 21:13:49 --> Could not find the language line "admin dashboard jsi18n-sample"
ERROR - 2018-11-21 21:15:55 --> Could not find the language line "admin dashboard jsi18n-sample"
ERROR - 2018-11-21 21:16:34 --> Could not find the language line "admin dashboard jsi18n-sample"
ERROR - 2018-11-21 21:16:34 --> Severity: Warning --> pg_query(): Query failed: ERROR:  column neural_med_station.deletedx does not exist
LINE 6: AND &quot;neural_med_station&quot;.&quot;deletedx&quot; = 'f'
            ^
HINT:  Perhaps you meant to reference the column &quot;neural_med_station.deleted&quot;. /Library/WebServer/Documents/miracle/ci3_cgi/system/database/drivers/postgre/postgre_driver.php 242
ERROR - 2018-11-21 21:16:34 --> Query error: ERROR:  column neural_med_station.deletedx does not exist
LINE 6: AND "neural_med_station"."deletedx" = 'f'
            ^
HINT:  Perhaps you meant to reference the column "neural_med_station.deleted". - Invalid query: SELECT "neural_med_station"."id" AS "med_station_id", to_char(neural_med_station.check_out_date, 'DD-MM-YYYY') AS check_out_date_th, "neural_med_station"."check_out_date", "users"."id" AS "user_id", users.title || users.name || ' ' || users.lastname AS fullname, "station"."id" AS "station_id", "station"."name" AS "station_name"
FROM "med"."neural_med_station"
JOIN "med"."neural_station" AS "station" ON "station"."id" = "neural_med_station"."station_id"
JOIN "jvkk"."nano_user" AS "users" ON "users"."id" = "neural_med_station"."doctor_id"
WHERE "neural_med_station"."check_out_date" = '2018-11-21'
AND "neural_med_station"."deletedx" = 'f'
ORDER BY "med"."neural_med_station"."id" ASC
