ERROR - 2019-12-20 10:43:38 --> Severity: error --> Exception: An error occurred while trying to establish a connection to the server /Library/WebServer/Documents/miracle/ci_kios/vendor/wisembly/elephant.io/src/Engine/SocketIO/Version1X.php 187
ERROR - 2019-12-20 10:44:30 --> Severity: Error --> Call to undefined method ElephantIO\Client::readJson() /Library/WebServer/Documents/miracle/ci_kios/application/modules/Queuekios/controllers/Queuekios.php 35
ERROR - 2019-12-20 11:05:21 --> Severity: Warning --> pg_query(): Query failed: ERROR:  column &quot;xservicePointId&quot; of relation &quot;kios_queue&quot; does not exist
LINE 1: ..._queue&quot; (&quot;hn&quot;, &quot;cid&quot;, &quot;queueNumber&quot;, &quot;localCode&quot;, &quot;xserviceP...
                                                             ^ /Library/WebServer/Documents/miracle/ci_kios/system/database/drivers/postgre/postgre_driver.php 242
ERROR - 2019-12-20 11:05:21 --> Query error: ERROR:  column "xservicePointId" of relation "kios_queue" does not exist
LINE 1: ..._queue" ("hn", "cid", "queueNumber", "localCode", "xserviceP...
                                                             ^ - Invalid query: INSERT INTO "medrec"."kios_queue" ("hn", "cid", "queueNumber", "localCode", "xservicePointId", "created_date") VALUES ('125025', '3420100118195', 'A1', NULL, NULL, '2019-12-20 11:05:21')
ERROR - 2019-12-20 14:22:25 --> Severity: Warning --> pg_query(): Query failed: ERROR:  column &quot;xqueueNumber&quot; of relation &quot;kios_queue&quot; does not exist
LINE 1: INSERT INTO &quot;medrec&quot;.&quot;kios_queue&quot; (&quot;hn&quot;, &quot;cid&quot;, &quot;xqueueNumbe...
                                                        ^ /Library/WebServer/Documents/miracle/ci_kios/system/database/drivers/postgre/postgre_driver.php 242
ERROR - 2019-12-20 14:22:25 --> Query error: ERROR:  column "xqueueNumber" of relation "kios_queue" does not exist
LINE 1: INSERT INTO "medrec"."kios_queue" ("hn", "cid", "xqueueNumbe...
                                                        ^ - Invalid query: INSERT INTO "medrec"."kios_queue" ("hn", "cid", "xqueueNumber", "localCode", "servicePointId", "created_date") VALUES ('125025', '3420100118195', NULL, NULL, NULL, '2019-12-20 14:22:25')
ERROR - 2019-12-20 14:23:01 --> Severity: Warning --> pg_query(): Query failed: ERROR:  column &quot;xqueueNumber&quot; of relation &quot;kios_queue&quot; does not exist
LINE 1: INSERT INTO &quot;medrec&quot;.&quot;kios_queue&quot; (&quot;hn&quot;, &quot;cid&quot;, &quot;xqueueNumbe...
                                                        ^ /Library/WebServer/Documents/miracle/ci_kios/system/database/drivers/postgre/postgre_driver.php 242
ERROR - 2019-12-20 14:23:01 --> Query error: ERROR:  column "xqueueNumber" of relation "kios_queue" does not exist
LINE 1: INSERT INTO "medrec"."kios_queue" ("hn", "cid", "xqueueNumbe...
                                                        ^ - Invalid query: INSERT INTO "medrec"."kios_queue" ("hn", "cid", "xqueueNumber", "localCode", "servicePointId") VALUES ('125025', '3420100118195', NULL, NULL, NULL)
