ERROR - 2020-01-03 08:20:24 --> Severity: error --> Exception: An error occurred while trying to establish a connection to the server /Library/WebServer/Documents/miracle/ci_kios/vendor/wisembly/elephant.io/src/Engine/SocketIO/Version1X.php 187
ERROR - 2020-01-03 08:22:21 --> Severity: error --> Exception: An error occurred while trying to establish a connection to the server /Library/WebServer/Documents/miracle/ci_kios/vendor/wisembly/elephant.io/src/Engine/SocketIO/Version1X.php 187
ERROR - 2020-01-03 08:25:30 --> Severity: error --> Exception: An error occurred while trying to establish a connection to the server /Library/WebServer/Documents/miracle/ci_kios/vendor/wisembly/elephant.io/src/Engine/SocketIO/Version1X.php 187
ERROR - 2020-01-03 08:26:27 --> Severity: error --> Exception: An error occurred while trying to establish a connection to the server /Library/WebServer/Documents/miracle/ci_kios/vendor/wisembly/elephant.io/src/Engine/SocketIO/Version1X.php 187
ERROR - 2020-01-03 08:28:36 --> Severity: error --> Exception: An error occurred while trying to establish a connection to the server /Library/WebServer/Documents/miracle/ci_kios/vendor/wisembly/elephant.io/src/Engine/SocketIO/Version1X.php 187
ERROR - 2020-01-03 08:29:49 --> Severity: error --> Exception: An error occurred while trying to establish a connection to the server /Library/WebServer/Documents/miracle/ci_kios/vendor/wisembly/elephant.io/src/Engine/SocketIO/Version1X.php 187
ERROR - 2020-01-03 08:39:33 --> Severity: error --> Exception: An error occurred while trying to establish a connection to the server /Library/WebServer/Documents/miracle/ci_kios/vendor/wisembly/elephant.io/src/Engine/SocketIO/Version1X.php 187
ERROR - 2020-01-03 08:42:11 --> Severity: error --> Exception: An error occurred while trying to establish a connection to the server /Library/WebServer/Documents/miracle/ci_kios/vendor/wisembly/elephant.io/src/Engine/SocketIO/Version1X.php 187
ERROR - 2020-01-03 08:49:11 --> Severity: error --> Exception: An error occurred while trying to establish a connection to the server /Library/WebServer/Documents/miracle/ci_kios/vendor/wisembly/elephant.io/src/Engine/SocketIO/Version1X.php 187
ERROR - 2020-01-03 09:05:51 --> Severity: error --> Exception: An error occurred while trying to establish a connection to the server /Library/WebServer/Documents/miracle/ci_kios/vendor/wisembly/elephant.io/src/Engine/SocketIO/Version1X.php 187
ERROR - 2020-01-03 09:06:53 --> Severity: error --> Exception: An error occurred while trying to establish a connection to the server /Library/WebServer/Documents/miracle/ci_kios/vendor/wisembly/elephant.io/src/Engine/SocketIO/Version1X.php 187
ERROR - 2020-01-03 09:06:59 --> Severity: error --> Exception: An error occurred while trying to establish a connection to the server /Library/WebServer/Documents/miracle/ci_kios/vendor/wisembly/elephant.io/src/Engine/SocketIO/Version1X.php 187
ERROR - 2020-01-03 09:10:26 --> Severity: error --> Exception: An error occurred while trying to establish a connection to the server /Library/WebServer/Documents/miracle/ci_kios/vendor/wisembly/elephant.io/src/Engine/SocketIO/Version1X.php 187
ERROR - 2020-01-03 09:11:05 --> Severity: error --> Exception: An error occurred while trying to establish a connection to the server /Library/WebServer/Documents/miracle/ci_kios/vendor/wisembly/elephant.io/src/Engine/SocketIO/Version1X.php 187
ERROR - 2020-01-03 09:13:42 --> Severity: error --> Exception: An error occurred while trying to establish a connection to the server /Library/WebServer/Documents/miracle/ci_kios/vendor/wisembly/elephant.io/src/Engine/SocketIO/Version1X.php 187
ERROR - 2020-01-03 09:14:45 --> Severity: error --> Exception: An error occurred while trying to establish a connection to the server /Library/WebServer/Documents/miracle/ci_kios/vendor/wisembly/elephant.io/src/Engine/SocketIO/Version1X.php 187
ERROR - 2020-01-03 09:15:35 --> Severity: error --> Exception: An error occurred while trying to establish a connection to the server /Library/WebServer/Documents/miracle/ci_kios/vendor/wisembly/elephant.io/src/Engine/SocketIO/Version1X.php 187
ERROR - 2020-01-03 09:16:34 --> Severity: error --> Exception: An error occurred while trying to establish a connection to the server /Library/WebServer/Documents/miracle/ci_kios/vendor/wisembly/elephant.io/src/Engine/SocketIO/Version1X.php 187
ERROR - 2020-01-03 09:17:18 --> Severity: error --> Exception: An error occurred while trying to establish a connection to the server /Library/WebServer/Documents/miracle/ci_kios/vendor/wisembly/elephant.io/src/Engine/SocketIO/Version1X.php 187
ERROR - 2020-01-03 09:18:04 --> Severity: error --> Exception: An error occurred while trying to establish a connection to the server /Library/WebServer/Documents/miracle/ci_kios/vendor/wisembly/elephant.io/src/Engine/SocketIO/Version1X.php 187
ERROR - 2020-01-03 09:19:34 --> Severity: error --> Exception: An error occurred while trying to establish a connection to the server /Library/WebServer/Documents/miracle/ci_kios/vendor/wisembly/elephant.io/src/Engine/SocketIO/Version1X.php 187
ERROR - 2020-01-03 09:20:34 --> Severity: error --> Exception: An error occurred while trying to establish a connection to the server /Library/WebServer/Documents/miracle/ci_kios/vendor/wisembly/elephant.io/src/Engine/SocketIO/Version1X.php 187
ERROR - 2020-01-03 09:21:26 --> Severity: error --> Exception: An error occurred while trying to establish a connection to the server /Library/WebServer/Documents/miracle/ci_kios/vendor/wisembly/elephant.io/src/Engine/SocketIO/Version1X.php 187
ERROR - 2020-01-03 09:22:16 --> Severity: error --> Exception: An error occurred while trying to establish a connection to the server /Library/WebServer/Documents/miracle/ci_kios/vendor/wisembly/elephant.io/src/Engine/SocketIO/Version1X.php 187
ERROR - 2020-01-03 09:22:26 --> Severity: error --> Exception: An error occurred while trying to establish a connection to the server /Library/WebServer/Documents/miracle/ci_kios/vendor/wisembly/elephant.io/src/Engine/SocketIO/Version1X.php 187
ERROR - 2020-01-03 09:23:43 --> Severity: error --> Exception: An error occurred while trying to establish a connection to the server /Library/WebServer/Documents/miracle/ci_kios/vendor/wisembly/elephant.io/src/Engine/SocketIO/Version1X.php 187
ERROR - 2020-01-03 09:23:44 --> Severity: error --> Exception: An error occurred while trying to establish a connection to the server /Library/WebServer/Documents/miracle/ci_kios/vendor/wisembly/elephant.io/src/Engine/SocketIO/Version1X.php 187
ERROR - 2020-01-03 09:24:19 --> Severity: error --> Exception: An error occurred while trying to establish a connection to the server /Library/WebServer/Documents/miracle/ci_kios/vendor/wisembly/elephant.io/src/Engine/SocketIO/Version1X.php 187
ERROR - 2020-01-03 09:27:27 --> Severity: error --> Exception: An error occurred while trying to establish a connection to the server /Library/WebServer/Documents/miracle/ci_kios/vendor/wisembly/elephant.io/src/Engine/SocketIO/Version1X.php 187
ERROR - 2020-01-03 09:28:53 --> Severity: error --> Exception: An error occurred while trying to establish a connection to the server /Library/WebServer/Documents/miracle/ci_kios/vendor/wisembly/elephant.io/src/Engine/SocketIO/Version1X.php 187
ERROR - 2020-01-03 09:29:17 --> Severity: error --> Exception: An error occurred while trying to establish a connection to the server /Library/WebServer/Documents/miracle/ci_kios/vendor/wisembly/elephant.io/src/Engine/SocketIO/Version1X.php 187
ERROR - 2020-01-03 09:29:55 --> Severity: error --> Exception: An error occurred while trying to establish a connection to the server /Library/WebServer/Documents/miracle/ci_kios/vendor/wisembly/elephant.io/src/Engine/SocketIO/Version1X.php 187
ERROR - 2020-01-03 09:31:07 --> Severity: error --> Exception: An error occurred while trying to establish a connection to the server /Library/WebServer/Documents/miracle/ci_kios/vendor/wisembly/elephant.io/src/Engine/SocketIO/Version1X.php 187
ERROR - 2020-01-03 09:32:12 --> Severity: error --> Exception: An error occurred while trying to establish a connection to the server /Library/WebServer/Documents/miracle/ci_kios/vendor/wisembly/elephant.io/src/Engine/SocketIO/Version1X.php 187
ERROR - 2020-01-03 09:32:47 --> Severity: error --> Exception: An error occurred while trying to establish a connection to the server /Library/WebServer/Documents/miracle/ci_kios/vendor/wisembly/elephant.io/src/Engine/SocketIO/Version1X.php 187
ERROR - 2020-01-03 09:33:24 --> Severity: error --> Exception: An error occurred while trying to establish a connection to the server /Library/WebServer/Documents/miracle/ci_kios/vendor/wisembly/elephant.io/src/Engine/SocketIO/Version1X.php 187
ERROR - 2020-01-03 09:34:09 --> Severity: error --> Exception: An error occurred while trying to establish a connection to the server /Library/WebServer/Documents/miracle/ci_kios/vendor/wisembly/elephant.io/src/Engine/SocketIO/Version1X.php 187
ERROR - 2020-01-03 09:35:58 --> Severity: error --> Exception: An error occurred while trying to establish a connection to the server /Library/WebServer/Documents/miracle/ci_kios/vendor/wisembly/elephant.io/src/Engine/SocketIO/Version1X.php 187
ERROR - 2020-01-03 09:36:16 --> Severity: error --> Exception: An error occurred while trying to establish a connection to the server /Library/WebServer/Documents/miracle/ci_kios/vendor/wisembly/elephant.io/src/Engine/SocketIO/Version1X.php 187
ERROR - 2020-01-03 09:36:43 --> Severity: error --> Exception: An error occurred while trying to establish a connection to the server /Library/WebServer/Documents/miracle/ci_kios/vendor/wisembly/elephant.io/src/Engine/SocketIO/Version1X.php 187
ERROR - 2020-01-03 09:36:56 --> Severity: error --> Exception: An error occurred while trying to establish a connection to the server /Library/WebServer/Documents/miracle/ci_kios/vendor/wisembly/elephant.io/src/Engine/SocketIO/Version1X.php 187
ERROR - 2020-01-03 09:37:20 --> Severity: error --> Exception: An error occurred while trying to establish a connection to the server /Library/WebServer/Documents/miracle/ci_kios/vendor/wisembly/elephant.io/src/Engine/SocketIO/Version1X.php 187
ERROR - 2020-01-03 09:37:48 --> Severity: error --> Exception: An error occurred while trying to establish a connection to the server /Library/WebServer/Documents/miracle/ci_kios/vendor/wisembly/elephant.io/src/Engine/SocketIO/Version1X.php 187
ERROR - 2020-01-03 09:38:15 --> Severity: error --> Exception: An error occurred while trying to establish a connection to the server /Library/WebServer/Documents/miracle/ci_kios/vendor/wisembly/elephant.io/src/Engine/SocketIO/Version1X.php 187
ERROR - 2020-01-03 09:38:56 --> Severity: error --> Exception: An error occurred while trying to establish a connection to the server /Library/WebServer/Documents/miracle/ci_kios/vendor/wisembly/elephant.io/src/Engine/SocketIO/Version1X.php 187
ERROR - 2020-01-03 09:39:17 --> Severity: error --> Exception: An error occurred while trying to establish a connection to the server /Library/WebServer/Documents/miracle/ci_kios/vendor/wisembly/elephant.io/src/Engine/SocketIO/Version1X.php 187
ERROR - 2020-01-03 09:39:28 --> Severity: error --> Exception: An error occurred while trying to establish a connection to the server /Library/WebServer/Documents/miracle/ci_kios/vendor/wisembly/elephant.io/src/Engine/SocketIO/Version1X.php 187
ERROR - 2020-01-03 09:39:42 --> Severity: error --> Exception: An error occurred while trying to establish a connection to the server /Library/WebServer/Documents/miracle/ci_kios/vendor/wisembly/elephant.io/src/Engine/SocketIO/Version1X.php 187
ERROR - 2020-01-03 09:40:05 --> Severity: error --> Exception: An error occurred while trying to establish a connection to the server /Library/WebServer/Documents/miracle/ci_kios/vendor/wisembly/elephant.io/src/Engine/SocketIO/Version1X.php 187
ERROR - 2020-01-03 09:40:16 --> Severity: error --> Exception: An error occurred while trying to establish a connection to the server /Library/WebServer/Documents/miracle/ci_kios/vendor/wisembly/elephant.io/src/Engine/SocketIO/Version1X.php 187
ERROR - 2020-01-03 09:41:10 --> Severity: error --> Exception: An error occurred while trying to establish a connection to the server /Library/WebServer/Documents/miracle/ci_kios/vendor/wisembly/elephant.io/src/Engine/SocketIO/Version1X.php 187
ERROR - 2020-01-03 09:41:59 --> Severity: error --> Exception: An error occurred while trying to establish a connection to the server /Library/WebServer/Documents/miracle/ci_kios/vendor/wisembly/elephant.io/src/Engine/SocketIO/Version1X.php 187
ERROR - 2020-01-03 09:42:55 --> Severity: error --> Exception: An error occurred while trying to establish a connection to the server /Library/WebServer/Documents/miracle/ci_kios/vendor/wisembly/elephant.io/src/Engine/SocketIO/Version1X.php 187
ERROR - 2020-01-03 09:44:57 --> Severity: Warning --> pg_connect(): Unable to connect to PostgreSQL server: could not connect to server: Operation timed out
	Is the server running on host &quot;192.168.44.14&quot; and accepting
	TCP/IP connections on port 5432? /Library/WebServer/Documents/miracle/ci_kios/system/database/drivers/postgre/postgre_driver.php 154
ERROR - 2020-01-03 09:44:57 --> Unable to connect to the database
ERROR - 2020-01-03 09:45:11 --> Severity: Warning --> pg_connect(): Unable to connect to PostgreSQL server: could not connect to server: Operation timed out
	Is the server running on host &quot;192.168.44.14&quot; and accepting
	TCP/IP connections on port 5432? /Library/WebServer/Documents/miracle/ci_kios/system/database/drivers/postgre/postgre_driver.php 154
ERROR - 2020-01-03 09:45:11 --> Unable to connect to the database
ERROR - 2020-01-03 09:46:02 --> Severity: error --> Exception: An error occurred while trying to establish a connection to the server /Library/WebServer/Documents/miracle/ci_kios/vendor/wisembly/elephant.io/src/Engine/SocketIO/Version1X.php 187
ERROR - 2020-01-03 09:46:32 --> Severity: error --> Exception: An error occurred while trying to establish a connection to the server /Library/WebServer/Documents/miracle/ci_kios/vendor/wisembly/elephant.io/src/Engine/SocketIO/Version1X.php 187
ERROR - 2020-01-03 09:47:07 --> Severity: error --> Exception: An error occurred while trying to establish a connection to the server /Library/WebServer/Documents/miracle/ci_kios/vendor/wisembly/elephant.io/src/Engine/SocketIO/Version1X.php 187
ERROR - 2020-01-03 09:47:42 --> Severity: error --> Exception: An error occurred while trying to establish a connection to the server /Library/WebServer/Documents/miracle/ci_kios/vendor/wisembly/elephant.io/src/Engine/SocketIO/Version1X.php 187
ERROR - 2020-01-03 09:48:16 --> Severity: error --> Exception: An error occurred while trying to establish a connection to the server /Library/WebServer/Documents/miracle/ci_kios/vendor/wisembly/elephant.io/src/Engine/SocketIO/Version1X.php 187
ERROR - 2020-01-03 09:48:57 --> Severity: error --> Exception: An error occurred while trying to establish a connection to the server /Library/WebServer/Documents/miracle/ci_kios/vendor/wisembly/elephant.io/src/Engine/SocketIO/Version1X.php 187
ERROR - 2020-01-03 09:49:37 --> Severity: error --> Exception: An error occurred while trying to establish a connection to the server /Library/WebServer/Documents/miracle/ci_kios/vendor/wisembly/elephant.io/src/Engine/SocketIO/Version1X.php 187
ERROR - 2020-01-03 09:49:45 --> Severity: error --> Exception: An error occurred while trying to establish a connection to the server /Library/WebServer/Documents/miracle/ci_kios/vendor/wisembly/elephant.io/src/Engine/SocketIO/Version1X.php 187
ERROR - 2020-01-03 09:50:07 --> Severity: error --> Exception: An error occurred while trying to establish a connection to the server /Library/WebServer/Documents/miracle/ci_kios/vendor/wisembly/elephant.io/src/Engine/SocketIO/Version1X.php 187
ERROR - 2020-01-03 09:50:30 --> Severity: error --> Exception: An error occurred while trying to establish a connection to the server /Library/WebServer/Documents/miracle/ci_kios/vendor/wisembly/elephant.io/src/Engine/SocketIO/Version1X.php 187
ERROR - 2020-01-03 09:50:39 --> Severity: error --> Exception: An error occurred while trying to establish a connection to the server /Library/WebServer/Documents/miracle/ci_kios/vendor/wisembly/elephant.io/src/Engine/SocketIO/Version1X.php 187
ERROR - 2020-01-03 09:51:06 --> Severity: error --> Exception: An error occurred while trying to establish a connection to the server /Library/WebServer/Documents/miracle/ci_kios/vendor/wisembly/elephant.io/src/Engine/SocketIO/Version1X.php 187
ERROR - 2020-01-03 09:51:52 --> Severity: error --> Exception: An error occurred while trying to establish a connection to the server /Library/WebServer/Documents/miracle/ci_kios/vendor/wisembly/elephant.io/src/Engine/SocketIO/Version1X.php 187
ERROR - 2020-01-03 09:52:16 --> Severity: error --> Exception: An error occurred while trying to establish a connection to the server /Library/WebServer/Documents/miracle/ci_kios/vendor/wisembly/elephant.io/src/Engine/SocketIO/Version1X.php 187
ERROR - 2020-01-03 09:52:40 --> Severity: error --> Exception: An error occurred while trying to establish a connection to the server /Library/WebServer/Documents/miracle/ci_kios/vendor/wisembly/elephant.io/src/Engine/SocketIO/Version1X.php 187
ERROR - 2020-01-03 09:55:24 --> Severity: error --> Exception: An error occurred while trying to establish a connection to the server /Library/WebServer/Documents/miracle/ci_kios/vendor/wisembly/elephant.io/src/Engine/SocketIO/Version1X.php 187
ERROR - 2020-01-03 09:55:43 --> Severity: error --> Exception: An error occurred while trying to establish a connection to the server /Library/WebServer/Documents/miracle/ci_kios/vendor/wisembly/elephant.io/src/Engine/SocketIO/Version1X.php 187
ERROR - 2020-01-03 09:56:50 --> Severity: error --> Exception: An error occurred while trying to establish a connection to the server /Library/WebServer/Documents/miracle/ci_kios/vendor/wisembly/elephant.io/src/Engine/SocketIO/Version1X.php 187
ERROR - 2020-01-03 10:00:17 --> Severity: error --> Exception: An error occurred while trying to establish a connection to the server /Library/WebServer/Documents/miracle/ci_kios/vendor/wisembly/elephant.io/src/Engine/SocketIO/Version1X.php 187
ERROR - 2020-01-03 10:01:01 --> Severity: error --> Exception: An error occurred while trying to establish a connection to the server /Library/WebServer/Documents/miracle/ci_kios/vendor/wisembly/elephant.io/src/Engine/SocketIO/Version1X.php 187
ERROR - 2020-01-03 10:01:23 --> Severity: error --> Exception: An error occurred while trying to establish a connection to the server /Library/WebServer/Documents/miracle/ci_kios/vendor/wisembly/elephant.io/src/Engine/SocketIO/Version1X.php 187
ERROR - 2020-01-03 10:02:37 --> Severity: error --> Exception: An error occurred while trying to establish a connection to the server /Library/WebServer/Documents/miracle/ci_kios/vendor/wisembly/elephant.io/src/Engine/SocketIO/Version1X.php 187
ERROR - 2020-01-03 10:02:45 --> Severity: error --> Exception: An error occurred while trying to establish a connection to the server /Library/WebServer/Documents/miracle/ci_kios/vendor/wisembly/elephant.io/src/Engine/SocketIO/Version1X.php 187
ERROR - 2020-01-03 10:04:20 --> Severity: error --> Exception: An error occurred while trying to establish a connection to the server /Library/WebServer/Documents/miracle/ci_kios/vendor/wisembly/elephant.io/src/Engine/SocketIO/Version1X.php 187
ERROR - 2020-01-03 10:05:27 --> Severity: error --> Exception: An error occurred while trying to establish a connection to the server /Library/WebServer/Documents/miracle/ci_kios/vendor/wisembly/elephant.io/src/Engine/SocketIO/Version1X.php 187
ERROR - 2020-01-03 10:07:12 --> Severity: error --> Exception: An error occurred while trying to establish a connection to the server /Library/WebServer/Documents/miracle/ci_kios/vendor/wisembly/elephant.io/src/Engine/SocketIO/Version1X.php 187
ERROR - 2020-01-03 10:08:20 --> Severity: error --> Exception: An error occurred while trying to establish a connection to the server /Library/WebServer/Documents/miracle/ci_kios/vendor/wisembly/elephant.io/src/Engine/SocketIO/Version1X.php 187
ERROR - 2020-01-03 10:08:29 --> Severity: error --> Exception: An error occurred while trying to establish a connection to the server /Library/WebServer/Documents/miracle/ci_kios/vendor/wisembly/elephant.io/src/Engine/SocketIO/Version1X.php 187
ERROR - 2020-01-03 10:09:43 --> Severity: error --> Exception: An error occurred while trying to establish a connection to the server /Library/WebServer/Documents/miracle/ci_kios/vendor/wisembly/elephant.io/src/Engine/SocketIO/Version1X.php 187
ERROR - 2020-01-03 10:10:02 --> Severity: error --> Exception: An error occurred while trying to establish a connection to the server /Library/WebServer/Documents/miracle/ci_kios/vendor/wisembly/elephant.io/src/Engine/SocketIO/Version1X.php 187
ERROR - 2020-01-03 10:10:21 --> Severity: error --> Exception: An error occurred while trying to establish a connection to the server /Library/WebServer/Documents/miracle/ci_kios/vendor/wisembly/elephant.io/src/Engine/SocketIO/Version1X.php 187
ERROR - 2020-01-03 10:10:21 --> Severity: error --> Exception: An error occurred while trying to establish a connection to the server /Library/WebServer/Documents/miracle/ci_kios/vendor/wisembly/elephant.io/src/Engine/SocketIO/Version1X.php 187
ERROR - 2020-01-03 10:11:04 --> Severity: error --> Exception: An error occurred while trying to establish a connection to the server /Library/WebServer/Documents/miracle/ci_kios/vendor/wisembly/elephant.io/src/Engine/SocketIO/Version1X.php 187
ERROR - 2020-01-03 10:11:19 --> Severity: error --> Exception: An error occurred while trying to establish a connection to the server /Library/WebServer/Documents/miracle/ci_kios/vendor/wisembly/elephant.io/src/Engine/SocketIO/Version1X.php 187
ERROR - 2020-01-03 10:11:44 --> Severity: error --> Exception: An error occurred while trying to establish a connection to the server /Library/WebServer/Documents/miracle/ci_kios/vendor/wisembly/elephant.io/src/Engine/SocketIO/Version1X.php 187
ERROR - 2020-01-03 10:11:56 --> Severity: error --> Exception: An error occurred while trying to establish a connection to the server /Library/WebServer/Documents/miracle/ci_kios/vendor/wisembly/elephant.io/src/Engine/SocketIO/Version1X.php 187
ERROR - 2020-01-03 10:12:56 --> Severity: error --> Exception: An error occurred while trying to establish a connection to the server /Library/WebServer/Documents/miracle/ci_kios/vendor/wisembly/elephant.io/src/Engine/SocketIO/Version1X.php 187
ERROR - 2020-01-03 10:13:18 --> Severity: error --> Exception: An error occurred while trying to establish a connection to the server /Library/WebServer/Documents/miracle/ci_kios/vendor/wisembly/elephant.io/src/Engine/SocketIO/Version1X.php 187
ERROR - 2020-01-03 10:13:19 --> Severity: error --> Exception: An error occurred while trying to establish a connection to the server /Library/WebServer/Documents/miracle/ci_kios/vendor/wisembly/elephant.io/src/Engine/SocketIO/Version1X.php 187
ERROR - 2020-01-03 10:14:26 --> Severity: error --> Exception: An error occurred while trying to establish a connection to the server /Library/WebServer/Documents/miracle/ci_kios/vendor/wisembly/elephant.io/src/Engine/SocketIO/Version1X.php 187
ERROR - 2020-01-03 10:15:08 --> Severity: error --> Exception: An error occurred while trying to establish a connection to the server /Library/WebServer/Documents/miracle/ci_kios/vendor/wisembly/elephant.io/src/Engine/SocketIO/Version1X.php 187
ERROR - 2020-01-03 10:15:38 --> Severity: error --> Exception: An error occurred while trying to establish a connection to the server /Library/WebServer/Documents/miracle/ci_kios/vendor/wisembly/elephant.io/src/Engine/SocketIO/Version1X.php 187
ERROR - 2020-01-03 10:16:03 --> Severity: error --> Exception: An error occurred while trying to establish a connection to the server /Library/WebServer/Documents/miracle/ci_kios/vendor/wisembly/elephant.io/src/Engine/SocketIO/Version1X.php 187
ERROR - 2020-01-03 10:16:40 --> Severity: error --> Exception: An error occurred while trying to establish a connection to the server /Library/WebServer/Documents/miracle/ci_kios/vendor/wisembly/elephant.io/src/Engine/SocketIO/Version1X.php 187
ERROR - 2020-01-03 10:17:52 --> Severity: error --> Exception: An error occurred while trying to establish a connection to the server /Library/WebServer/Documents/miracle/ci_kios/vendor/wisembly/elephant.io/src/Engine/SocketIO/Version1X.php 187
ERROR - 2020-01-03 10:18:33 --> Severity: error --> Exception: An error occurred while trying to establish a connection to the server /Library/WebServer/Documents/miracle/ci_kios/vendor/wisembly/elephant.io/src/Engine/SocketIO/Version1X.php 187
ERROR - 2020-01-03 10:19:20 --> Severity: error --> Exception: An error occurred while trying to establish a connection to the server /Library/WebServer/Documents/miracle/ci_kios/vendor/wisembly/elephant.io/src/Engine/SocketIO/Version1X.php 187
ERROR - 2020-01-03 10:20:04 --> Severity: error --> Exception: An error occurred while trying to establish a connection to the server /Library/WebServer/Documents/miracle/ci_kios/vendor/wisembly/elephant.io/src/Engine/SocketIO/Version1X.php 187
ERROR - 2020-01-03 10:20:36 --> Severity: error --> Exception: An error occurred while trying to establish a connection to the server /Library/WebServer/Documents/miracle/ci_kios/vendor/wisembly/elephant.io/src/Engine/SocketIO/Version1X.php 187
ERROR - 2020-01-03 10:20:51 --> Severity: error --> Exception: An error occurred while trying to establish a connection to the server /Library/WebServer/Documents/miracle/ci_kios/vendor/wisembly/elephant.io/src/Engine/SocketIO/Version1X.php 187
ERROR - 2020-01-03 10:21:19 --> Severity: error --> Exception: An error occurred while trying to establish a connection to the server /Library/WebServer/Documents/miracle/ci_kios/vendor/wisembly/elephant.io/src/Engine/SocketIO/Version1X.php 187
ERROR - 2020-01-03 10:23:08 --> Severity: error --> Exception: An error occurred while trying to establish a connection to the server /Library/WebServer/Documents/miracle/ci_kios/vendor/wisembly/elephant.io/src/Engine/SocketIO/Version1X.php 187
ERROR - 2020-01-03 10:23:38 --> Severity: error --> Exception: An error occurred while trying to establish a connection to the server /Library/WebServer/Documents/miracle/ci_kios/vendor/wisembly/elephant.io/src/Engine/SocketIO/Version1X.php 187
ERROR - 2020-01-03 10:24:12 --> Severity: error --> Exception: An error occurred while trying to establish a connection to the server /Library/WebServer/Documents/miracle/ci_kios/vendor/wisembly/elephant.io/src/Engine/SocketIO/Version1X.php 187
ERROR - 2020-01-03 10:24:41 --> Severity: error --> Exception: An error occurred while trying to establish a connection to the server /Library/WebServer/Documents/miracle/ci_kios/vendor/wisembly/elephant.io/src/Engine/SocketIO/Version1X.php 187
ERROR - 2020-01-03 10:24:42 --> Severity: error --> Exception: An error occurred while trying to establish a connection to the server /Library/WebServer/Documents/miracle/ci_kios/vendor/wisembly/elephant.io/src/Engine/SocketIO/Version1X.php 187
ERROR - 2020-01-03 10:25:13 --> Severity: error --> Exception: An error occurred while trying to establish a connection to the server /Library/WebServer/Documents/miracle/ci_kios/vendor/wisembly/elephant.io/src/Engine/SocketIO/Version1X.php 187
ERROR - 2020-01-03 10:25:42 --> Severity: error --> Exception: An error occurred while trying to establish a connection to the server /Library/WebServer/Documents/miracle/ci_kios/vendor/wisembly/elephant.io/src/Engine/SocketIO/Version1X.php 187
ERROR - 2020-01-03 10:26:04 --> Severity: error --> Exception: An error occurred while trying to establish a connection to the server /Library/WebServer/Documents/miracle/ci_kios/vendor/wisembly/elephant.io/src/Engine/SocketIO/Version1X.php 187
ERROR - 2020-01-03 10:28:49 --> Severity: error --> Exception: An error occurred while trying to establish a connection to the server /Library/WebServer/Documents/miracle/ci_kios/vendor/wisembly/elephant.io/src/Engine/SocketIO/Version1X.php 187
ERROR - 2020-01-03 10:29:57 --> Severity: error --> Exception: An error occurred while trying to establish a connection to the server /Library/WebServer/Documents/miracle/ci_kios/vendor/wisembly/elephant.io/src/Engine/SocketIO/Version1X.php 187
ERROR - 2020-01-03 10:31:59 --> Severity: error --> Exception: An error occurred while trying to establish a connection to the server /Library/WebServer/Documents/miracle/ci_kios/vendor/wisembly/elephant.io/src/Engine/SocketIO/Version1X.php 187
ERROR - 2020-01-03 10:32:00 --> Severity: error --> Exception: An error occurred while trying to establish a connection to the server /Library/WebServer/Documents/miracle/ci_kios/vendor/wisembly/elephant.io/src/Engine/SocketIO/Version1X.php 187
ERROR - 2020-01-03 10:51:16 --> Severity: error --> Exception: An error occurred while trying to establish a connection to the server /Library/WebServer/Documents/miracle/ci_kios/vendor/wisembly/elephant.io/src/Engine/SocketIO/Version1X.php 187
ERROR - 2020-01-03 10:51:19 --> Severity: error --> Exception: An error occurred while trying to establish a connection to the server /Library/WebServer/Documents/miracle/ci_kios/vendor/wisembly/elephant.io/src/Engine/SocketIO/Version1X.php 187
ERROR - 2020-01-03 10:51:24 --> Severity: error --> Exception: An error occurred while trying to establish a connection to the server /Library/WebServer/Documents/miracle/ci_kios/vendor/wisembly/elephant.io/src/Engine/SocketIO/Version1X.php 187
