DEBUG - 2022-11-28 06:25:29 --> UTF-8 Support Enabled
DEBUG - 2022-11-28 06:25:30 --> Global POST, GET and COOKIE data sanitized
DEBUG - 2022-11-28 06:25:30 --> Config file loaded: /var/www/html/ci_kios/application/config/core.php
DEBUG - 2022-11-28 06:25:30 --> Config file loaded: /var/www/html/ci_kios/application/config/timezones.php
DEBUG - 2022-11-28 06:25:30 --> File loaded: /var/www/html/ci_kios/application/modules/Queuekios/models/Mdl_queuekios.php
DEBUG - 2022-11-28 06:25:30 --> File loaded: /var/www/html/ci_kios/application/modules/Queuekios/views/view_kios.php
DEBUG - 2022-11-28 06:25:30 --> Total execution time: 0.3209
DEBUG - 2022-11-28 07:47:32 --> UTF-8 Support Enabled
DEBUG - 2022-11-28 07:47:32 --> Global POST, GET and COOKIE data sanitized
DEBUG - 2022-11-28 07:47:32 --> Config file loaded: /var/www/html/ci_kios/application/config/core.php
DEBUG - 2022-11-28 07:47:32 --> Config file loaded: /var/www/html/ci_kios/application/config/timezones.php
DEBUG - 2022-11-28 07:47:32 --> File loaded: /var/www/html/ci_kios/application/modules/Queuekios/models/Mdl_queuekios.php
DEBUG - 2022-11-28 07:47:32 --> File loaded: /var/www/html/ci_kios/application/modules/Queuekios/views/view_kios.php
DEBUG - 2022-11-28 07:47:32 --> Total execution time: 0.0449
DEBUG - 2022-11-28 07:49:50 --> UTF-8 Support Enabled
DEBUG - 2022-11-28 07:49:50 --> Global POST, GET and COOKIE data sanitized
DEBUG - 2022-11-28 07:49:50 --> Config file loaded: /var/www/html/ci_kios/application/config/core.php
DEBUG - 2022-11-28 07:49:50 --> Config file loaded: /var/www/html/ci_kios/application/config/timezones.php
DEBUG - 2022-11-28 07:49:50 --> File loaded: /var/www/html/ci_kios/application/modules/Queuekios/models/Mdl_queuekios.php
DEBUG - 2022-11-28 07:49:50 --> File loaded: /var/www/html/ci_kios/application/modules/Queuekios/views/view_kios.php
DEBUG - 2022-11-28 07:49:50 --> Total execution time: 0.0387
DEBUG - 2022-11-28 08:46:43 --> UTF-8 Support Enabled
DEBUG - 2022-11-28 08:46:43 --> Global POST, GET and COOKIE data sanitized
DEBUG - 2022-11-28 08:46:43 --> Config file loaded: /var/www/html/ci_kios/application/config/core.php
DEBUG - 2022-11-28 08:46:43 --> Config file loaded: /var/www/html/ci_kios/application/config/timezones.php
DEBUG - 2022-11-28 08:46:43 --> File loaded: /var/www/html/ci_kios/application/modules/Queuekios/models/Mdl_queuekios.php
DEBUG - 2022-11-28 08:46:43 --> File loaded: /var/www/html/ci_kios/application/modules/Queuekios/views/view_kios.php
DEBUG - 2022-11-28 08:46:43 --> Total execution time: 0.0556
DEBUG - 2022-11-28 09:33:43 --> UTF-8 Support Enabled
DEBUG - 2022-11-28 09:33:43 --> Global POST, GET and COOKIE data sanitized
DEBUG - 2022-11-28 09:33:43 --> Config file loaded: /var/www/html/ci_kios/application/config/core.php
DEBUG - 2022-11-28 09:33:43 --> Config file loaded: /var/www/html/ci_kios/application/config/timezones.php
DEBUG - 2022-11-28 09:33:43 --> File loaded: /var/www/html/ci_kios/application/modules/Queuekios/models/Mdl_queuekios.php
DEBUG - 2022-11-28 09:33:43 --> File loaded: /var/www/html/ci_kios/application/modules/Queuekios/views/view_kios.php
DEBUG - 2022-11-28 09:33:43 --> Total execution time: 0.0552
DEBUG - 2022-11-28 10:13:04 --> UTF-8 Support Enabled
DEBUG - 2022-11-28 10:13:04 --> Global POST, GET and COOKIE data sanitized
DEBUG - 2022-11-28 10:13:04 --> Config file loaded: /var/www/html/ci_kios/application/config/core.php
DEBUG - 2022-11-28 10:13:04 --> Config file loaded: /var/www/html/ci_kios/application/config/timezones.php
DEBUG - 2022-11-28 10:13:04 --> File loaded: /var/www/html/ci_kios/application/modules/Queuekios/models/Mdl_queuekios.php
DEBUG - 2022-11-28 10:13:04 --> File loaded: /var/www/html/ci_kios/application/modules/Queuekios/views/view_kios.php
DEBUG - 2022-11-28 10:13:04 --> Total execution time: 0.0480
DEBUG - 2022-11-28 11:13:16 --> UTF-8 Support Enabled
DEBUG - 2022-11-28 11:13:16 --> Global POST, GET and COOKIE data sanitized
DEBUG - 2022-11-28 11:13:16 --> Config file loaded: /var/www/html/ci_kios/application/config/core.php
DEBUG - 2022-11-28 11:13:16 --> Config file loaded: /var/www/html/ci_kios/application/config/timezones.php
DEBUG - 2022-11-28 11:13:16 --> File loaded: /var/www/html/ci_kios/application/modules/Queuekios/models/Mdl_queuekios.php
DEBUG - 2022-11-28 11:13:16 --> File loaded: /var/www/html/ci_kios/application/modules/Queuekios/views/view_kios.php
DEBUG - 2022-11-28 11:13:16 --> Total execution time: 0.0785
