ERROR - 2017-07-28 02:03:20 --> Severity: Warning --> pg_connect(): Unable to connect to PostgreSQL server: could not connect to server: Connection timed out (0x0000274C/10060)
	Is the server running on host &quot;192.168.44.14&quot; and accepting
	TCP/IP connections on port 5432? C:\AppServ\www\ci3_cgi\system\database\drivers\postgre\postgre_driver.php 154
ERROR - 2017-07-28 02:03:20 --> Unable to connect to the database
ERROR - 2017-07-28 02:03:46 --> Severity: Notice --> Undefined index: Asia/Bangkok C:\AppServ\www\ci3_cgi\application\core\CGI_Controller.php 103
ERROR - 2017-07-28 02:03:46 --> Severity: Notice --> date_default_timezone_set(): Timezone ID '' is invalid C:\AppServ\www\ci3_cgi\application\core\CGI_Controller.php 103
ERROR - 2017-07-28 02:03:46 --> Could not find the language line "core error session_language"
ERROR - 2017-07-28 02:03:46 --> Could not find the language line "admin dashboard jsi18n-sample"
ERROR - 2017-07-28 02:03:46 --> Could not find the language line "admin button users"
ERROR - 2017-07-28 02:03:47 --> Could not find the language line "admin button users_list"
ERROR - 2017-07-28 02:03:47 --> Could not find the language line "admin button users_add"
ERROR - 2017-07-28 02:03:47 --> Could not find the language line "admin button messages"
ERROR - 2017-07-28 02:03:47 --> Could not find the language line "admin button settings"
ERROR - 2017-07-28 02:04:00 --> Severity: Notice --> Undefined index: Asia/Bangkok C:\AppServ\www\ci3_cgi\application\core\CGI_Controller.php 103
ERROR - 2017-07-28 02:04:00 --> Severity: Notice --> date_default_timezone_set(): Timezone ID '' is invalid C:\AppServ\www\ci3_cgi\application\core\CGI_Controller.php 103
ERROR - 2017-07-28 02:04:00 --> Could not find the language line "core error session_language"
ERROR - 2017-07-28 02:04:00 --> Could not find the language line "admin dashboard jsi18n-sample"
ERROR - 2017-07-28 02:04:00 --> Could not find the language line "admin button users"
ERROR - 2017-07-28 02:04:00 --> Could not find the language line "admin button users_list"
ERROR - 2017-07-28 02:04:00 --> Could not find the language line "admin button users_add"
ERROR - 2017-07-28 02:04:00 --> Could not find the language line "admin button messages"
ERROR - 2017-07-28 02:04:00 --> Could not find the language line "admin button settings"
ERROR - 2017-07-28 02:04:01 --> 404 Page Not Found: /index
ERROR - 2017-07-28 02:04:01 --> 404 Page Not Found: /index
ERROR - 2017-07-28 02:04:01 --> 404 Page Not Found: /index
ERROR - 2017-07-28 02:05:03 --> Severity: Error --> Maximum execution time of 30 seconds exceeded C:\AppServ\www\ci3_cgi\system\database\drivers\postgre\postgre_driver.php 242
ERROR - 2017-07-28 02:10:36 --> Severity: Error --> Maximum execution time of 30 seconds exceeded C:\AppServ\www\ci3_cgi\system\database\drivers\postgre\postgre_driver.php 242
ERROR - 2017-07-28 03:03:25 --> 404 Page Not Found: /index
ERROR - 2017-07-28 04:07:36 --> Severity: Compile Error --> Can't use method return value in write context C:\AppServ\www\ci3_cgi\application\modules\Cgi\controllers\Cgi.php 33
ERROR - 2017-07-28 15:54:01 --> Severity: 8192 --> Methods with the same name as their class will not be constructors in a future version of PHP; Redir has a deprecated constructor C:\AppServ\www\ci3_cgi\application\libraries\Redir.php 5
ERROR - 2017-07-28 09:54:02 --> Could not find the language line "core error session_language"
ERROR - 2017-07-28 09:54:02 --> Could not find the language line "admin dashboard jsi18n-sample"
ERROR - 2017-07-28 09:54:03 --> Could not find the language line "admin button users"
ERROR - 2017-07-28 09:54:03 --> Could not find the language line "admin button users_list"
ERROR - 2017-07-28 09:54:03 --> Could not find the language line "admin button users_add"
ERROR - 2017-07-28 09:54:03 --> Could not find the language line "admin button messages"
ERROR - 2017-07-28 09:54:03 --> Could not find the language line "admin button settings"
ERROR - 2017-07-28 15:54:03 --> 404 Page Not Found: /index
ERROR - 2017-07-28 15:54:03 --> 404 Page Not Found: /index
ERROR - 2017-07-28 15:54:04 --> 404 Page Not Found: /index
ERROR - 2017-07-28 15:54:31 --> Severity: 8192 --> Methods with the same name as their class will not be constructors in a future version of PHP; Redir has a deprecated constructor C:\AppServ\www\ci3_cgi\application\libraries\Redir.php 5
ERROR - 2017-07-28 09:54:31 --> Could not find the language line "core error session_language"
ERROR - 2017-07-28 09:54:31 --> Could not find the language line "admin dashboard jsi18n-sample"
ERROR - 2017-07-28 09:54:31 --> Could not find the language line "admin button users"
ERROR - 2017-07-28 09:54:31 --> Could not find the language line "admin button users_list"
ERROR - 2017-07-28 09:54:31 --> Could not find the language line "admin button users_add"
ERROR - 2017-07-28 09:54:31 --> Could not find the language line "admin button messages"
ERROR - 2017-07-28 09:54:31 --> Could not find the language line "admin button settings"
ERROR - 2017-07-28 15:54:31 --> 404 Page Not Found: /index
ERROR - 2017-07-28 15:54:31 --> 404 Page Not Found: /index
ERROR - 2017-07-28 15:54:31 --> 404 Page Not Found: /index
ERROR - 2017-07-28 15:56:24 --> Severity: 8192 --> Methods with the same name as their class will not be constructors in a future version of PHP; Redir has a deprecated constructor C:\AppServ\www\ci3_cgi\application\libraries\Redir.php 5
ERROR - 2017-07-28 09:56:24 --> Could not find the language line "core error session_language"
ERROR - 2017-07-28 09:56:24 --> Could not find the language line "admin dashboard jsi18n-sample"
ERROR - 2017-07-28 09:56:24 --> Could not find the language line "admin button users"
ERROR - 2017-07-28 09:56:24 --> Could not find the language line "admin button users_list"
ERROR - 2017-07-28 09:56:24 --> Could not find the language line "admin button users_add"
ERROR - 2017-07-28 09:56:24 --> Could not find the language line "admin button messages"
ERROR - 2017-07-28 09:56:24 --> Could not find the language line "admin button settings"
ERROR - 2017-07-28 15:56:25 --> 404 Page Not Found: /index
ERROR - 2017-07-28 15:56:25 --> 404 Page Not Found: /index
ERROR - 2017-07-28 15:56:25 --> 404 Page Not Found: /index
ERROR - 2017-07-28 15:56:27 --> Severity: 8192 --> Methods with the same name as their class will not be constructors in a future version of PHP; Redir has a deprecated constructor C:\AppServ\www\ci3_cgi\application\libraries\Redir.php 5
ERROR - 2017-07-28 09:56:27 --> Could not find the language line "core error session_language"
ERROR - 2017-07-28 09:56:27 --> Could not find the language line "admin button users"
ERROR - 2017-07-28 09:56:27 --> Could not find the language line "admin button users_list"
ERROR - 2017-07-28 09:56:27 --> Could not find the language line "admin button users_add"
ERROR - 2017-07-28 09:56:27 --> Could not find the language line "admin button messages"
ERROR - 2017-07-28 09:56:27 --> Could not find the language line "admin button settings"
ERROR - 2017-07-28 09:57:31 --> Could not find the language line "core error session_language"
ERROR - 2017-07-28 09:57:31 --> Could not find the language line "admin button users"
ERROR - 2017-07-28 09:57:31 --> Could not find the language line "admin button users_list"
ERROR - 2017-07-28 09:57:31 --> Could not find the language line "admin button users_add"
ERROR - 2017-07-28 09:57:31 --> Could not find the language line "admin button messages"
ERROR - 2017-07-28 09:57:31 --> Could not find the language line "admin button settings"
ERROR - 2017-07-28 09:57:48 --> Could not find the language line "core error session_language"
ERROR - 2017-07-28 09:57:48 --> Could not find the language line "admin dashboard jsi18n-sample"
ERROR - 2017-07-28 09:57:48 --> Could not find the language line "admin button users"
ERROR - 2017-07-28 09:57:48 --> Could not find the language line "admin button users_list"
ERROR - 2017-07-28 09:57:48 --> Could not find the language line "admin button users_add"
ERROR - 2017-07-28 09:57:48 --> Could not find the language line "admin button messages"
ERROR - 2017-07-28 09:57:48 --> Could not find the language line "admin button settings"
ERROR - 2017-07-28 09:57:50 --> Could not find the language line "core error session_language"
ERROR - 2017-07-28 09:57:50 --> Could not find the language line "admin button users"
ERROR - 2017-07-28 09:57:50 --> Could not find the language line "admin button users_list"
ERROR - 2017-07-28 09:57:50 --> Could not find the language line "admin button users_add"
ERROR - 2017-07-28 09:57:50 --> Could not find the language line "admin button messages"
ERROR - 2017-07-28 09:57:50 --> Could not find the language line "admin button settings"
ERROR - 2017-07-28 09:58:45 --> Could not find the language line "core error session_language"
ERROR - 2017-07-28 09:58:47 --> Could not find the language line "admin button users"
ERROR - 2017-07-28 09:58:47 --> Could not find the language line "admin button users_list"
ERROR - 2017-07-28 09:58:47 --> Could not find the language line "admin button users_add"
ERROR - 2017-07-28 09:58:47 --> Could not find the language line "admin button messages"
ERROR - 2017-07-28 09:58:47 --> Could not find the language line "admin button settings"
ERROR - 2017-07-28 10:00:12 --> Could not find the language line "core error session_language"
ERROR - 2017-07-28 10:00:12 --> Could not find the language line "admin button users"
ERROR - 2017-07-28 10:00:12 --> Could not find the language line "admin button users_list"
ERROR - 2017-07-28 10:00:12 --> Could not find the language line "admin button users_add"
ERROR - 2017-07-28 10:00:12 --> Could not find the language line "admin button messages"
ERROR - 2017-07-28 10:00:12 --> Could not find the language line "admin button settings"
ERROR - 2017-07-28 10:01:00 --> Could not find the language line "core error session_language"
ERROR - 2017-07-28 10:01:00 --> Could not find the language line "admin button users"
ERROR - 2017-07-28 10:01:00 --> Could not find the language line "admin button users_list"
ERROR - 2017-07-28 10:01:00 --> Could not find the language line "admin button users_add"
ERROR - 2017-07-28 10:01:00 --> Could not find the language line "admin button messages"
ERROR - 2017-07-28 10:01:00 --> Could not find the language line "admin button settings"
ERROR - 2017-07-28 10:02:11 --> Could not find the language line "core error session_language"
ERROR - 2017-07-28 10:02:11 --> Could not find the language line "admin button users"
ERROR - 2017-07-28 10:02:11 --> Could not find the language line "admin button users_list"
ERROR - 2017-07-28 10:02:11 --> Could not find the language line "admin button users_add"
ERROR - 2017-07-28 10:02:11 --> Could not find the language line "admin button messages"
ERROR - 2017-07-28 10:02:11 --> Could not find the language line "admin button settings"
ERROR - 2017-07-28 10:02:35 --> Could not find the language line "core error session_language"
ERROR - 2017-07-28 10:02:35 --> Could not find the language line "admin button users"
ERROR - 2017-07-28 10:02:35 --> Could not find the language line "admin button users_list"
ERROR - 2017-07-28 10:02:35 --> Could not find the language line "admin button users_add"
ERROR - 2017-07-28 10:02:35 --> Could not find the language line "admin button messages"
ERROR - 2017-07-28 10:02:35 --> Could not find the language line "admin button settings"
ERROR - 2017-07-28 10:02:57 --> Could not find the language line "core error session_language"
ERROR - 2017-07-28 10:02:57 --> Could not find the language line "admin button users"
ERROR - 2017-07-28 10:02:57 --> Could not find the language line "admin button users_list"
ERROR - 2017-07-28 10:02:57 --> Could not find the language line "admin button users_add"
ERROR - 2017-07-28 10:02:57 --> Could not find the language line "admin button messages"
ERROR - 2017-07-28 10:02:57 --> Could not find the language line "admin button settings"
ERROR - 2017-07-28 10:03:10 --> Could not find the language line "core error session_language"
ERROR - 2017-07-28 10:03:10 --> Could not find the language line "admin button users"
ERROR - 2017-07-28 10:03:10 --> Could not find the language line "admin button users_list"
ERROR - 2017-07-28 10:03:10 --> Could not find the language line "admin button users_add"
ERROR - 2017-07-28 10:03:10 --> Could not find the language line "admin button messages"
ERROR - 2017-07-28 10:03:10 --> Could not find the language line "admin button settings"
ERROR - 2017-07-28 10:04:18 --> Could not find the language line "core error session_language"
ERROR - 2017-07-28 10:04:18 --> Could not find the language line "admin button users"
ERROR - 2017-07-28 10:04:18 --> Could not find the language line "admin button users_list"
ERROR - 2017-07-28 10:04:18 --> Could not find the language line "admin button users_add"
ERROR - 2017-07-28 10:04:18 --> Could not find the language line "admin button messages"
ERROR - 2017-07-28 10:04:18 --> Could not find the language line "admin button settings"
ERROR - 2017-07-28 10:04:47 --> Could not find the language line "core error session_language"
ERROR - 2017-07-28 10:04:47 --> Could not find the language line "admin button users"
ERROR - 2017-07-28 10:04:47 --> Could not find the language line "admin button users_list"
ERROR - 2017-07-28 10:04:47 --> Could not find the language line "admin button users_add"
ERROR - 2017-07-28 10:04:47 --> Could not find the language line "admin button messages"
ERROR - 2017-07-28 10:04:47 --> Could not find the language line "admin button settings"
ERROR - 2017-07-28 10:06:20 --> Could not find the language line "core error session_language"
ERROR - 2017-07-28 10:06:21 --> Could not find the language line "admin button users"
ERROR - 2017-07-28 10:06:21 --> Could not find the language line "admin button users_list"
ERROR - 2017-07-28 10:06:21 --> Could not find the language line "admin button users_add"
ERROR - 2017-07-28 10:06:21 --> Could not find the language line "admin button messages"
ERROR - 2017-07-28 10:06:21 --> Could not find the language line "admin button settings"
ERROR - 2017-07-28 10:06:23 --> Could not find the language line "core error session_language"
ERROR - 2017-07-28 10:06:23 --> Could not find the language line "admin button users"
ERROR - 2017-07-28 10:06:23 --> Could not find the language line "admin button users_list"
ERROR - 2017-07-28 10:06:23 --> Could not find the language line "admin button users_add"
ERROR - 2017-07-28 10:06:23 --> Could not find the language line "admin button messages"
ERROR - 2017-07-28 10:06:23 --> Could not find the language line "admin button settings"
ERROR - 2017-07-28 10:06:55 --> Could not find the language line "core error session_language"
ERROR - 2017-07-28 10:06:55 --> Could not find the language line "admin button users"
ERROR - 2017-07-28 10:06:55 --> Could not find the language line "admin button users_list"
ERROR - 2017-07-28 10:06:55 --> Could not find the language line "admin button users_add"
ERROR - 2017-07-28 10:06:55 --> Could not find the language line "admin button messages"
ERROR - 2017-07-28 10:06:55 --> Could not find the language line "admin button settings"
ERROR - 2017-07-28 10:08:07 --> Could not find the language line "core error session_language"
ERROR - 2017-07-28 10:08:08 --> Could not find the language line "admin button users"
ERROR - 2017-07-28 10:08:08 --> Could not find the language line "admin button users_list"
ERROR - 2017-07-28 10:08:08 --> Could not find the language line "admin button users_add"
ERROR - 2017-07-28 10:08:08 --> Could not find the language line "admin button messages"
ERROR - 2017-07-28 10:08:08 --> Could not find the language line "admin button settings"
ERROR - 2017-07-28 10:09:12 --> Could not find the language line "core error session_language"
ERROR - 2017-07-28 10:09:16 --> Could not find the language line "admin button users"
ERROR - 2017-07-28 10:09:16 --> Could not find the language line "admin button users_list"
ERROR - 2017-07-28 10:09:16 --> Could not find the language line "admin button users_add"
ERROR - 2017-07-28 10:09:16 --> Could not find the language line "admin button messages"
ERROR - 2017-07-28 10:09:16 --> Could not find the language line "admin button settings"
ERROR - 2017-07-28 10:10:01 --> Could not find the language line "core error session_language"
ERROR - 2017-07-28 10:10:02 --> Could not find the language line "admin button users"
ERROR - 2017-07-28 10:10:02 --> Could not find the language line "admin button users_list"
ERROR - 2017-07-28 10:10:02 --> Could not find the language line "admin button users_add"
ERROR - 2017-07-28 10:10:02 --> Could not find the language line "admin button messages"
ERROR - 2017-07-28 10:10:02 --> Could not find the language line "admin button settings"
ERROR - 2017-07-28 10:10:25 --> Could not find the language line "core error session_language"
ERROR - 2017-07-28 10:10:26 --> Could not find the language line "admin button users"
ERROR - 2017-07-28 10:10:26 --> Could not find the language line "admin button users_list"
ERROR - 2017-07-28 10:10:26 --> Could not find the language line "admin button users_add"
ERROR - 2017-07-28 10:10:26 --> Could not find the language line "admin button messages"
ERROR - 2017-07-28 10:10:26 --> Could not find the language line "admin button settings"
ERROR - 2017-07-28 10:14:56 --> Could not find the language line "core error session_language"
ERROR - 2017-07-28 10:14:56 --> Could not find the language line "admin button users"
ERROR - 2017-07-28 10:14:56 --> Could not find the language line "admin button users_list"
ERROR - 2017-07-28 10:14:56 --> Could not find the language line "admin button users_add"
ERROR - 2017-07-28 10:14:56 --> Could not find the language line "admin button messages"
ERROR - 2017-07-28 10:14:56 --> Could not find the language line "admin button settings"
ERROR - 2017-07-28 10:15:03 --> Could not find the language line "core error session_language"
ERROR - 2017-07-28 10:15:03 --> Could not find the language line "admin button users"
ERROR - 2017-07-28 10:15:03 --> Could not find the language line "admin button users_list"
ERROR - 2017-07-28 10:15:03 --> Could not find the language line "admin button users_add"
ERROR - 2017-07-28 10:15:03 --> Could not find the language line "admin button messages"
ERROR - 2017-07-28 10:15:03 --> Could not find the language line "admin button settings"
ERROR - 2017-07-28 10:15:06 --> Could not find the language line "core error session_language"
ERROR - 2017-07-28 10:15:06 --> Could not find the language line "admin button users"
ERROR - 2017-07-28 10:15:06 --> Could not find the language line "admin button users_list"
ERROR - 2017-07-28 10:15:06 --> Could not find the language line "admin button users_add"
ERROR - 2017-07-28 10:15:06 --> Could not find the language line "admin button messages"
ERROR - 2017-07-28 10:15:06 --> Could not find the language line "admin button settings"
ERROR - 2017-07-28 10:15:37 --> Could not find the language line "core error session_language"
ERROR - 2017-07-28 10:15:37 --> Severity: Warning --> pg_query(): Query failed: ERROR:  column nano_patient.hnx does not exist
LINE 4: WHERE &quot;medrec&quot;.&quot;nano_patient&quot;.&quot;hnx&quot; = FALSE
              ^ C:\AppServ\www\ci3_cgi\system\database\drivers\postgre\postgre_driver.php 242
ERROR - 2017-07-28 10:15:37 --> Query error: ERROR:  column nano_patient.hnx does not exist
LINE 4: WHERE "medrec"."nano_patient"."hnx" = FALSE
              ^ - Invalid query: SELECT "medrec"."nano_patient".*, "nano_visit"."id" AS "vn_id", "nano_visit"."vn"
FROM "medrec"."nano_patient"
JOIN "medrec"."nano_visit" AS "nano_visit" ON "nano_visit"."id_patient" = "nano_patient"."id"
WHERE "medrec"."nano_patient"."hnx" = FALSE
ORDER BY "nano_visit"."id" DESC
 LIMIT 1
ERROR - 2017-07-28 10:15:51 --> Could not find the language line "core error session_language"
ERROR - 2017-07-28 10:15:51 --> Severity: Warning --> pg_query(): Query failed: ERROR:  column nano_patient.hnx does not exist
LINE 4: WHERE &quot;medrec&quot;.&quot;nano_patient&quot;.&quot;hnx&quot; = FALSE
              ^ C:\AppServ\www\ci3_cgi\system\database\drivers\postgre\postgre_driver.php 242
ERROR - 2017-07-28 10:15:51 --> Query error: ERROR:  column nano_patient.hnx does not exist
LINE 4: WHERE "medrec"."nano_patient"."hnx" = FALSE
              ^ - Invalid query: SELECT "medrec"."nano_patient".*, "nano_visit"."id" AS "vn_id", "nano_visit"."vn"
FROM "medrec"."nano_patient"
JOIN "medrec"."nano_visit" AS "nano_visit" ON "nano_visit"."id_patient" = "nano_patient"."id"
WHERE "medrec"."nano_patient"."hnx" = FALSE
ORDER BY "nano_visit"."id" DESC
 LIMIT 1
ERROR - 2017-07-28 10:15:57 --> Could not find the language line "core error session_language"
ERROR - 2017-07-28 10:15:57 --> Could not find the language line "admin button users"
ERROR - 2017-07-28 10:15:57 --> Could not find the language line "admin button users_list"
ERROR - 2017-07-28 10:15:57 --> Could not find the language line "admin button users_add"
ERROR - 2017-07-28 10:15:57 --> Could not find the language line "admin button messages"
ERROR - 2017-07-28 10:15:57 --> Could not find the language line "admin button settings"
ERROR - 2017-07-28 10:16:00 --> Could not find the language line "core error session_language"
ERROR - 2017-07-28 10:16:00 --> Severity: Warning --> pg_query(): Query failed: ERROR:  column nano_patient.hnx does not exist
LINE 4: WHERE &quot;medrec&quot;.&quot;nano_patient&quot;.&quot;hnx&quot; = FALSE
              ^ C:\AppServ\www\ci3_cgi\system\database\drivers\postgre\postgre_driver.php 242
ERROR - 2017-07-28 10:16:00 --> Query error: ERROR:  column nano_patient.hnx does not exist
LINE 4: WHERE "medrec"."nano_patient"."hnx" = FALSE
              ^ - Invalid query: SELECT "medrec"."nano_patient".*, "nano_visit"."id" AS "vn_id", "nano_visit"."vn"
FROM "medrec"."nano_patient"
JOIN "medrec"."nano_visit" AS "nano_visit" ON "nano_visit"."id_patient" = "nano_patient"."id"
WHERE "medrec"."nano_patient"."hnx" = FALSE
ORDER BY "nano_visit"."id" DESC
 LIMIT 1
ERROR - 2017-07-28 10:16:16 --> Could not find the language line "core error session_language"
ERROR - 2017-07-28 10:16:17 --> Severity: Warning --> pg_query(): Query failed: ERROR:  column nano_patient.pa_lastnamex does not exist
LINE 6: AND &quot;medrec&quot;.&quot;nano_patient&quot;.&quot;pa_lastnamex&quot; = 'คงปราบ'
            ^ C:\AppServ\www\ci3_cgi\system\database\drivers\postgre\postgre_driver.php 242
ERROR - 2017-07-28 10:16:17 --> Query error: ERROR:  column nano_patient.pa_lastnamex does not exist
LINE 6: AND "medrec"."nano_patient"."pa_lastnamex" = 'คงปราบ'
            ^ - Invalid query: SELECT "medrec"."nano_patient".*, "nano_visit"."id" AS "vn_id", "nano_visit"."vn"
FROM "medrec"."nano_patient"
JOIN "medrec"."nano_visit" AS "nano_visit" ON "nano_visit"."id_patient" = "nano_patient"."id"
WHERE "medrec"."nano_patient"."hn" = 'สุรพร คงปราบ'
OR "medrec"."nano_patient"."pa_name" = 'สุรพร'
AND "medrec"."nano_patient"."pa_lastnamex" = 'คงปราบ'
ORDER BY "nano_visit"."id" DESC
 LIMIT 1
ERROR - 2017-07-28 10:16:34 --> Could not find the language line "core error session_language"
ERROR - 2017-07-28 10:16:35 --> Could not find the language line "admin button users"
ERROR - 2017-07-28 10:16:35 --> Could not find the language line "admin button users_list"
ERROR - 2017-07-28 10:16:35 --> Could not find the language line "admin button users_add"
ERROR - 2017-07-28 10:16:35 --> Could not find the language line "admin button messages"
ERROR - 2017-07-28 10:16:35 --> Could not find the language line "admin button settings"
ERROR - 2017-07-28 10:16:40 --> Could not find the language line "core error session_language"
ERROR - 2017-07-28 10:16:41 --> Could not find the language line "admin button users"
ERROR - 2017-07-28 10:16:41 --> Could not find the language line "admin button users_list"
ERROR - 2017-07-28 10:16:41 --> Could not find the language line "admin button users_add"
ERROR - 2017-07-28 10:16:41 --> Could not find the language line "admin button messages"
ERROR - 2017-07-28 10:16:41 --> Could not find the language line "admin button settings"
ERROR - 2017-07-28 10:16:44 --> Could not find the language line "core error session_language"
ERROR - 2017-07-28 10:16:44 --> Severity: Notice --> Undefined offset: 1 C:\AppServ\www\ci3_cgi\application\modules\Cgi\models\Mdl_patient.php 44
ERROR - 2017-07-28 10:16:44 --> Could not find the language line "admin button users"
ERROR - 2017-07-28 10:16:44 --> Could not find the language line "admin button users_list"
ERROR - 2017-07-28 10:16:44 --> Could not find the language line "admin button users_add"
ERROR - 2017-07-28 10:16:44 --> Could not find the language line "admin button messages"
ERROR - 2017-07-28 10:16:44 --> Could not find the language line "admin button settings"
ERROR - 2017-07-28 16:16:45 --> 404 Page Not Found: /index
ERROR - 2017-07-28 16:16:45 --> 404 Page Not Found: /index
ERROR - 2017-07-28 16:16:45 --> 404 Page Not Found: /index
ERROR - 2017-07-28 10:17:54 --> Could not find the language line "core error session_language"
ERROR - 2017-07-28 10:17:54 --> Severity: Notice --> Undefined offset: 1 C:\AppServ\www\ci3_cgi\application\modules\Cgi\models\Mdl_patient.php 50
ERROR - 2017-07-28 10:17:54 --> Could not find the language line "admin button users"
ERROR - 2017-07-28 10:17:54 --> Could not find the language line "admin button users_list"
ERROR - 2017-07-28 10:17:54 --> Could not find the language line "admin button users_add"
ERROR - 2017-07-28 10:17:54 --> Could not find the language line "admin button messages"
ERROR - 2017-07-28 10:17:54 --> Could not find the language line "admin button settings"
ERROR - 2017-07-28 10:17:58 --> Could not find the language line "core error session_language"
ERROR - 2017-07-28 10:17:58 --> Severity: Notice --> Undefined offset: 1 C:\AppServ\www\ci3_cgi\application\modules\Cgi\models\Mdl_patient.php 50
ERROR - 2017-07-28 10:17:58 --> Could not find the language line "admin button users"
ERROR - 2017-07-28 10:17:58 --> Could not find the language line "admin button users_list"
ERROR - 2017-07-28 10:17:58 --> Could not find the language line "admin button users_add"
ERROR - 2017-07-28 10:17:58 --> Could not find the language line "admin button messages"
ERROR - 2017-07-28 10:17:58 --> Could not find the language line "admin button settings"
ERROR - 2017-07-28 16:17:58 --> 404 Page Not Found: /index
ERROR - 2017-07-28 16:17:58 --> 404 Page Not Found: /index
ERROR - 2017-07-28 16:17:59 --> 404 Page Not Found: /index
ERROR - 2017-07-28 10:18:41 --> Could not find the language line "core error session_language"
ERROR - 2017-07-28 10:18:41 --> Could not find the language line "admin button users"
ERROR - 2017-07-28 10:18:41 --> Could not find the language line "admin button users_list"
ERROR - 2017-07-28 10:18:41 --> Could not find the language line "admin button users_add"
ERROR - 2017-07-28 10:18:41 --> Could not find the language line "admin button messages"
ERROR - 2017-07-28 10:18:41 --> Could not find the language line "admin button settings"
ERROR - 2017-07-28 10:18:45 --> Could not find the language line "core error session_language"
ERROR - 2017-07-28 10:18:45 --> Severity: Notice --> Undefined offset: 1 C:\AppServ\www\ci3_cgi\application\modules\Cgi\models\Mdl_patient.php 50
ERROR - 2017-07-28 10:18:46 --> Could not find the language line "admin button users"
ERROR - 2017-07-28 10:18:46 --> Could not find the language line "admin button users_list"
ERROR - 2017-07-28 10:18:46 --> Could not find the language line "admin button users_add"
ERROR - 2017-07-28 10:18:46 --> Could not find the language line "admin button messages"
ERROR - 2017-07-28 10:18:46 --> Could not find the language line "admin button settings"
ERROR - 2017-07-28 10:20:34 --> Could not find the language line "core error session_language"
ERROR - 2017-07-28 10:20:34 --> Could not find the language line "admin button users"
ERROR - 2017-07-28 10:20:34 --> Could not find the language line "admin button users_list"
ERROR - 2017-07-28 10:20:34 --> Could not find the language line "admin button users_add"
ERROR - 2017-07-28 10:20:34 --> Could not find the language line "admin button messages"
ERROR - 2017-07-28 10:20:34 --> Could not find the language line "admin button settings"
ERROR - 2017-07-28 10:20:38 --> Could not find the language line "core error session_language"
ERROR - 2017-07-28 10:20:38 --> Could not find the language line "admin button users"
ERROR - 2017-07-28 10:20:38 --> Could not find the language line "admin button users_list"
ERROR - 2017-07-28 10:20:38 --> Could not find the language line "admin button users_add"
ERROR - 2017-07-28 10:20:38 --> Could not find the language line "admin button messages"
ERROR - 2017-07-28 10:20:38 --> Could not find the language line "admin button settings"
ERROR - 2017-07-28 10:21:21 --> Could not find the language line "core error session_language"
ERROR - 2017-07-28 10:21:21 --> Could not find the language line "admin button users"
ERROR - 2017-07-28 10:21:21 --> Could not find the language line "admin button users_list"
ERROR - 2017-07-28 10:21:21 --> Could not find the language line "admin button users_add"
ERROR - 2017-07-28 10:21:21 --> Could not find the language line "admin button messages"
ERROR - 2017-07-28 10:21:21 --> Could not find the language line "admin button settings"
ERROR - 2017-07-28 10:22:29 --> Could not find the language line "core error session_language"
ERROR - 2017-07-28 10:22:29 --> Could not find the language line "admin button users"
ERROR - 2017-07-28 10:22:29 --> Could not find the language line "admin button users_list"
ERROR - 2017-07-28 10:22:29 --> Could not find the language line "admin button users_add"
ERROR - 2017-07-28 10:22:29 --> Could not find the language line "admin button messages"
ERROR - 2017-07-28 10:22:29 --> Could not find the language line "admin button settings"
ERROR - 2017-07-28 10:22:41 --> Could not find the language line "core error session_language"
ERROR - 2017-07-28 10:22:41 --> Could not find the language line "admin button users"
ERROR - 2017-07-28 10:22:41 --> Could not find the language line "admin button users_list"
ERROR - 2017-07-28 10:22:41 --> Could not find the language line "admin button users_add"
ERROR - 2017-07-28 10:22:41 --> Could not find the language line "admin button messages"
ERROR - 2017-07-28 10:22:41 --> Could not find the language line "admin button settings"
ERROR - 2017-07-28 10:23:16 --> Could not find the language line "core error session_language"
ERROR - 2017-07-28 10:23:16 --> Could not find the language line "admin button users"
ERROR - 2017-07-28 10:23:16 --> Could not find the language line "admin button users_list"
ERROR - 2017-07-28 10:23:16 --> Could not find the language line "admin button users_add"
ERROR - 2017-07-28 10:23:16 --> Could not find the language line "admin button messages"
ERROR - 2017-07-28 10:23:16 --> Could not find the language line "admin button settings"
ERROR - 2017-07-28 10:23:18 --> Could not find the language line "core error session_language"
ERROR - 2017-07-28 10:23:19 --> Could not find the language line "admin button users"
ERROR - 2017-07-28 10:23:19 --> Could not find the language line "admin button users_list"
ERROR - 2017-07-28 10:23:19 --> Could not find the language line "admin button users_add"
ERROR - 2017-07-28 10:23:19 --> Could not find the language line "admin button messages"
ERROR - 2017-07-28 10:23:19 --> Could not find the language line "admin button settings"
ERROR - 2017-07-28 10:23:25 --> Could not find the language line "core error session_language"
ERROR - 2017-07-28 10:23:30 --> Could not find the language line "admin button users"
ERROR - 2017-07-28 10:23:30 --> Could not find the language line "admin button users_list"
ERROR - 2017-07-28 10:23:30 --> Could not find the language line "admin button users_add"
ERROR - 2017-07-28 10:23:30 --> Could not find the language line "admin button messages"
ERROR - 2017-07-28 10:23:30 --> Could not find the language line "admin button settings"
ERROR - 2017-07-28 10:23:33 --> Could not find the language line "core error session_language"
ERROR - 2017-07-28 10:23:38 --> Could not find the language line "admin button users"
ERROR - 2017-07-28 10:23:38 --> Could not find the language line "admin button users_list"
ERROR - 2017-07-28 10:23:38 --> Could not find the language line "admin button users_add"
ERROR - 2017-07-28 10:23:38 --> Could not find the language line "admin button messages"
ERROR - 2017-07-28 10:23:38 --> Could not find the language line "admin button settings"
ERROR - 2017-07-28 10:23:51 --> Could not find the language line "core error session_language"
ERROR - 2017-07-28 10:23:51 --> Could not find the language line "admin button users"
ERROR - 2017-07-28 10:23:51 --> Could not find the language line "admin button users_list"
ERROR - 2017-07-28 10:23:51 --> Could not find the language line "admin button users_add"
ERROR - 2017-07-28 10:23:51 --> Could not find the language line "admin button messages"
ERROR - 2017-07-28 10:23:51 --> Could not find the language line "admin button settings"
ERROR - 2017-07-28 10:23:52 --> Could not find the language line "core error session_language"
ERROR - 2017-07-28 10:23:57 --> Could not find the language line "admin button users"
ERROR - 2017-07-28 10:23:57 --> Could not find the language line "admin button users_list"
ERROR - 2017-07-28 10:23:57 --> Could not find the language line "admin button users_add"
ERROR - 2017-07-28 10:23:57 --> Could not find the language line "admin button messages"
ERROR - 2017-07-28 10:23:57 --> Could not find the language line "admin button settings"
ERROR - 2017-07-28 10:24:29 --> Could not find the language line "core error session_language"
ERROR - 2017-07-28 10:24:29 --> Could not find the language line "admin button users"
ERROR - 2017-07-28 10:24:29 --> Could not find the language line "admin button users_list"
ERROR - 2017-07-28 10:24:29 --> Could not find the language line "admin button users_add"
ERROR - 2017-07-28 10:24:29 --> Could not find the language line "admin button messages"
ERROR - 2017-07-28 10:24:29 --> Could not find the language line "admin button settings"
ERROR - 2017-07-28 10:24:31 --> Could not find the language line "core error session_language"
ERROR - 2017-07-28 10:24:31 --> Could not find the language line "admin button users"
ERROR - 2017-07-28 10:24:31 --> Could not find the language line "admin button users_list"
ERROR - 2017-07-28 10:24:31 --> Could not find the language line "admin button users_add"
ERROR - 2017-07-28 10:24:31 --> Could not find the language line "admin button messages"
ERROR - 2017-07-28 10:24:31 --> Could not find the language line "admin button settings"
ERROR - 2017-07-28 10:24:33 --> Could not find the language line "core error session_language"
ERROR - 2017-07-28 10:24:33 --> Could not find the language line "admin button users"
ERROR - 2017-07-28 10:24:33 --> Could not find the language line "admin button users_list"
ERROR - 2017-07-28 10:24:33 --> Could not find the language line "admin button users_add"
ERROR - 2017-07-28 10:24:33 --> Could not find the language line "admin button messages"
ERROR - 2017-07-28 10:24:33 --> Could not find the language line "admin button settings"
ERROR - 2017-07-28 10:24:36 --> Could not find the language line "core error session_language"
ERROR - 2017-07-28 10:24:37 --> Could not find the language line "admin button users"
ERROR - 2017-07-28 10:24:37 --> Could not find the language line "admin button users_list"
ERROR - 2017-07-28 10:24:37 --> Could not find the language line "admin button users_add"
ERROR - 2017-07-28 10:24:37 --> Could not find the language line "admin button messages"
ERROR - 2017-07-28 10:24:37 --> Could not find the language line "admin button settings"
ERROR - 2017-07-28 10:24:46 --> Could not find the language line "core error session_language"
ERROR - 2017-07-28 10:24:46 --> Could not find the language line "admin dashboard jsi18n-sample"
ERROR - 2017-07-28 10:24:46 --> Could not find the language line "admin button users"
ERROR - 2017-07-28 10:24:46 --> Could not find the language line "admin button users_list"
ERROR - 2017-07-28 10:24:46 --> Could not find the language line "admin button users_add"
ERROR - 2017-07-28 10:24:46 --> Could not find the language line "admin button messages"
ERROR - 2017-07-28 10:24:46 --> Could not find the language line "admin button settings"
ERROR - 2017-07-28 10:25:04 --> Could not find the language line "core error session_language"
ERROR - 2017-07-28 10:25:04 --> Could not find the language line "admin button users"
ERROR - 2017-07-28 10:25:04 --> Could not find the language line "admin button users_list"
ERROR - 2017-07-28 10:25:04 --> Could not find the language line "admin button users_add"
ERROR - 2017-07-28 10:25:04 --> Could not find the language line "admin button messages"
ERROR - 2017-07-28 10:25:04 --> Could not find the language line "admin button settings"
ERROR - 2017-07-28 10:47:12 --> Could not find the language line "core error session_language"
ERROR - 2017-07-28 10:47:12 --> Could not find the language line "admin dashboard jsi18n-sample"
ERROR - 2017-07-28 10:47:12 --> Severity: Notice --> Undefined variable: queues C:\AppServ\www\ci3_cgi\application\modules\Cgi\views\cgi_index.php 4
ERROR - 2017-07-28 10:47:12 --> Could not find the language line "admin button users"
ERROR - 2017-07-28 10:47:12 --> Could not find the language line "admin button users_list"
ERROR - 2017-07-28 10:47:12 --> Could not find the language line "admin button users_add"
ERROR - 2017-07-28 10:47:12 --> Could not find the language line "admin button messages"
ERROR - 2017-07-28 10:47:12 --> Could not find the language line "admin button settings"
ERROR - 2017-07-28 10:47:32 --> Could not find the language line "core error session_language"
ERROR - 2017-07-28 10:47:32 --> Could not find the language line "admin dashboard jsi18n-sample"
ERROR - 2017-07-28 10:47:32 --> Could not find the language line "admin button users"
ERROR - 2017-07-28 10:47:32 --> Could not find the language line "admin button users_list"
ERROR - 2017-07-28 10:47:32 --> Could not find the language line "admin button users_add"
ERROR - 2017-07-28 10:47:32 --> Could not find the language line "admin button messages"
ERROR - 2017-07-28 10:47:32 --> Could not find the language line "admin button settings"
ERROR - 2017-07-28 10:49:27 --> Could not find the language line "core error session_language"
ERROR - 2017-07-28 10:49:27 --> Could not find the language line "admin dashboard jsi18n-sample"
ERROR - 2017-07-28 10:49:44 --> Could not find the language line "admin button users"
ERROR - 2017-07-28 10:49:44 --> Could not find the language line "admin button users_list"
ERROR - 2017-07-28 10:49:44 --> Could not find the language line "admin button users_add"
ERROR - 2017-07-28 10:49:44 --> Could not find the language line "admin button messages"
ERROR - 2017-07-28 10:49:44 --> Could not find the language line "admin button settings"
ERROR - 2017-07-28 10:49:44 --> Could not find the language line "core error session_language"
ERROR - 2017-07-28 10:49:44 --> Could not find the language line "admin dashboard jsi18n-sample"
ERROR - 2017-07-28 10:49:51 --> Could not find the language line "admin button users"
ERROR - 2017-07-28 10:49:51 --> Could not find the language line "admin button users_list"
ERROR - 2017-07-28 10:49:51 --> Could not find the language line "admin button users_add"
ERROR - 2017-07-28 10:49:51 --> Could not find the language line "admin button messages"
ERROR - 2017-07-28 10:49:51 --> Could not find the language line "admin button settings"
ERROR - 2017-07-28 10:49:51 --> Could not find the language line "core error session_language"
ERROR - 2017-07-28 10:49:51 --> Could not find the language line "admin button users"
ERROR - 2017-07-28 10:49:51 --> Could not find the language line "admin button users_list"
ERROR - 2017-07-28 10:49:51 --> Could not find the language line "admin button users_add"
ERROR - 2017-07-28 10:49:51 --> Could not find the language line "admin button messages"
ERROR - 2017-07-28 10:49:51 --> Could not find the language line "admin button settings"
ERROR - 2017-07-28 10:49:54 --> Could not find the language line "core error session_language"
ERROR - 2017-07-28 10:49:54 --> Could not find the language line "admin dashboard jsi18n-sample"
ERROR - 2017-07-28 10:49:59 --> Could not find the language line "admin button users"
ERROR - 2017-07-28 10:49:59 --> Could not find the language line "admin button users_list"
ERROR - 2017-07-28 10:49:59 --> Could not find the language line "admin button users_add"
ERROR - 2017-07-28 10:49:59 --> Could not find the language line "admin button messages"
ERROR - 2017-07-28 10:49:59 --> Could not find the language line "admin button settings"
ERROR - 2017-07-28 10:52:04 --> Could not find the language line "core error session_language"
ERROR - 2017-07-28 10:52:04 --> Could not find the language line "admin dashboard jsi18n-sample"
ERROR - 2017-07-28 10:52:08 --> Could not find the language line "admin button users"
ERROR - 2017-07-28 10:52:08 --> Could not find the language line "admin button users_list"
ERROR - 2017-07-28 10:52:08 --> Could not find the language line "admin button users_add"
ERROR - 2017-07-28 10:52:08 --> Could not find the language line "admin button messages"
ERROR - 2017-07-28 10:52:08 --> Could not find the language line "admin button settings"
ERROR - 2017-07-28 10:52:19 --> Could not find the language line "core error session_language"
ERROR - 2017-07-28 10:52:20 --> Could not find the language line "admin dashboard jsi18n-sample"
ERROR - 2017-07-28 10:52:24 --> Could not find the language line "admin button users"
ERROR - 2017-07-28 10:52:24 --> Could not find the language line "admin button users_list"
ERROR - 2017-07-28 10:52:24 --> Could not find the language line "admin button users_add"
ERROR - 2017-07-28 10:52:24 --> Could not find the language line "admin button messages"
ERROR - 2017-07-28 10:52:24 --> Could not find the language line "admin button settings"
ERROR - 2017-07-28 10:52:36 --> Could not find the language line "core error session_language"
ERROR - 2017-07-28 10:52:36 --> Could not find the language line "admin dashboard jsi18n-sample"
ERROR - 2017-07-28 10:52:40 --> Could not find the language line "admin button users"
ERROR - 2017-07-28 10:52:40 --> Could not find the language line "admin button users_list"
ERROR - 2017-07-28 10:52:40 --> Could not find the language line "admin button users_add"
ERROR - 2017-07-28 10:52:40 --> Could not find the language line "admin button messages"
ERROR - 2017-07-28 10:52:40 --> Could not find the language line "admin button settings"
ERROR - 2017-07-28 10:53:04 --> Could not find the language line "core error session_language"
ERROR - 2017-07-28 10:53:04 --> Could not find the language line "admin dashboard jsi18n-sample"
ERROR - 2017-07-28 10:53:08 --> Could not find the language line "admin button users"
ERROR - 2017-07-28 10:53:08 --> Could not find the language line "admin button users_list"
ERROR - 2017-07-28 10:53:08 --> Could not find the language line "admin button users_add"
ERROR - 2017-07-28 10:53:08 --> Could not find the language line "admin button messages"
ERROR - 2017-07-28 10:53:08 --> Could not find the language line "admin button settings"
ERROR - 2017-07-28 11:00:55 --> Could not find the language line "core error session_language"
ERROR - 2017-07-28 11:00:55 --> Could not find the language line "admin dashboard jsi18n-sample"
ERROR - 2017-07-28 11:00:59 --> Severity: error --> Exception: syntax error, unexpected '-', expecting :: (T_PAAMAYIM_NEKUDOTAYIM) C:\AppServ\www\ci3_cgi\application\modules\Cgi\views\cgi_index.php 31
ERROR - 2017-07-28 11:01:26 --> Could not find the language line "core error session_language"
ERROR - 2017-07-28 11:01:26 --> Could not find the language line "admin dashboard jsi18n-sample"
ERROR - 2017-07-28 11:01:31 --> Could not find the language line "admin button users"
ERROR - 2017-07-28 11:01:31 --> Could not find the language line "admin button users_list"
ERROR - 2017-07-28 11:01:31 --> Could not find the language line "admin button users_add"
ERROR - 2017-07-28 11:01:31 --> Could not find the language line "admin button messages"
ERROR - 2017-07-28 11:01:31 --> Could not find the language line "admin button settings"
ERROR - 2017-07-28 11:03:21 --> Could not find the language line "core error session_language"
ERROR - 2017-07-28 11:03:21 --> Could not find the language line "admin dashboard jsi18n-sample"
ERROR - 2017-07-28 11:03:27 --> Could not find the language line "admin button users"
ERROR - 2017-07-28 11:03:27 --> Could not find the language line "admin button users_list"
ERROR - 2017-07-28 11:03:27 --> Could not find the language line "admin button users_add"
ERROR - 2017-07-28 11:03:27 --> Could not find the language line "admin button messages"
ERROR - 2017-07-28 11:03:27 --> Could not find the language line "admin button settings"
ERROR - 2017-07-28 11:03:33 --> Could not find the language line "core error session_language"
ERROR - 2017-07-28 11:03:33 --> Severity: error --> Exception: Method name must be a string C:\AppServ\www\ci3_cgi\application\core\MY_Model.php 263
ERROR - 2017-07-28 11:06:56 --> Could not find the language line "core error session_language"
ERROR - 2017-07-28 11:06:56 --> Severity: Warning --> pg_query(): Query failed: ERROR:  missing FROM-clause entry for table &quot;jvkk&quot;
LINE 2: WHERE &quot;jvkk&quot;.&quot;nano_queue&quot; = '770799'
              ^ C:\AppServ\www\ci3_cgi\system\database\drivers\postgre\postgre_driver.php 242
ERROR - 2017-07-28 11:06:56 --> Query error: ERROR:  missing FROM-clause entry for table "jvkk"
LINE 2: WHERE "jvkk"."nano_queue" = '770799'
              ^ - Invalid query: UPDATE "jvkk"."nano_queue" SET "cgi_record" = 'f'
WHERE "jvkk"."nano_queue" = '770799'
ERROR - 2017-07-28 11:07:36 --> Could not find the language line "core error session_language"
ERROR - 2017-07-28 11:07:36 --> Could not find the language line "core error session_language"
ERROR - 2017-07-28 11:07:36 --> Could not find the language line "admin dashboard jsi18n-sample"
ERROR - 2017-07-28 11:07:37 --> Could not find the language line "admin button users"
ERROR - 2017-07-28 11:07:37 --> Could not find the language line "admin button users_list"
ERROR - 2017-07-28 11:07:37 --> Could not find the language line "admin button users_add"
ERROR - 2017-07-28 11:07:37 --> Could not find the language line "admin button messages"
ERROR - 2017-07-28 11:07:37 --> Could not find the language line "admin button settings"
ERROR - 2017-07-28 11:09:01 --> Could not find the language line "core error session_language"
ERROR - 2017-07-28 11:09:01 --> Could not find the language line "admin button users"
ERROR - 2017-07-28 11:09:01 --> Could not find the language line "admin button users_list"
ERROR - 2017-07-28 11:09:01 --> Could not find the language line "admin button users_add"
ERROR - 2017-07-28 11:09:01 --> Could not find the language line "admin button messages"
ERROR - 2017-07-28 11:09:01 --> Could not find the language line "admin button settings"
ERROR - 2017-07-28 11:09:09 --> Could not find the language line "core error session_language"
ERROR - 2017-07-28 11:09:09 --> Could not find the language line "admin button users"
ERROR - 2017-07-28 11:09:09 --> Could not find the language line "admin button users_list"
ERROR - 2017-07-28 11:09:09 --> Could not find the language line "admin button users_add"
ERROR - 2017-07-28 11:09:09 --> Could not find the language line "admin button messages"
ERROR - 2017-07-28 11:09:09 --> Could not find the language line "admin button settings"
ERROR - 2017-07-28 11:12:27 --> Could not find the language line "core error session_language"
ERROR - 2017-07-28 11:12:27 --> Could not find the language line "admin button users"
ERROR - 2017-07-28 11:12:27 --> Could not find the language line "admin button users_list"
ERROR - 2017-07-28 11:12:27 --> Could not find the language line "admin button users_add"
ERROR - 2017-07-28 11:12:27 --> Could not find the language line "admin button messages"
ERROR - 2017-07-28 11:12:27 --> Could not find the language line "admin button settings"
ERROR - 2017-07-28 11:12:32 --> Could not find the language line "core error session_language"
ERROR - 2017-07-28 11:12:32 --> Could not find the language line "core error session_language"
ERROR - 2017-07-28 11:12:32 --> Could not find the language line "admin dashboard jsi18n-sample"
ERROR - 2017-07-28 11:12:36 --> Could not find the language line "admin button users"
ERROR - 2017-07-28 11:12:36 --> Could not find the language line "admin button users_list"
ERROR - 2017-07-28 11:12:36 --> Could not find the language line "admin button users_add"
ERROR - 2017-07-28 11:12:36 --> Could not find the language line "admin button messages"
ERROR - 2017-07-28 11:12:36 --> Could not find the language line "admin button settings"
ERROR - 2017-07-28 11:13:56 --> Could not find the language line "core error session_language"
ERROR - 2017-07-28 11:13:56 --> Could not find the language line "admin dashboard jsi18n-sample"
ERROR - 2017-07-28 11:14:00 --> Could not find the language line "admin button users"
ERROR - 2017-07-28 11:14:00 --> Could not find the language line "admin button users_list"
ERROR - 2017-07-28 11:14:00 --> Could not find the language line "admin button users_add"
ERROR - 2017-07-28 11:14:00 --> Could not find the language line "admin button messages"
ERROR - 2017-07-28 11:14:00 --> Could not find the language line "admin button settings"
ERROR - 2017-07-28 11:14:52 --> Could not find the language line "core error session_language"
ERROR - 2017-07-28 11:14:52 --> Could not find the language line "admin dashboard jsi18n-sample"
ERROR - 2017-07-28 11:14:54 --> Could not find the language line "admin button users"
ERROR - 2017-07-28 11:14:54 --> Could not find the language line "admin button users_list"
ERROR - 2017-07-28 11:14:54 --> Could not find the language line "admin button users_add"
ERROR - 2017-07-28 11:14:54 --> Could not find the language line "admin button messages"
ERROR - 2017-07-28 11:14:54 --> Could not find the language line "admin button settings"
ERROR - 2017-07-28 11:15:02 --> Could not find the language line "core error session_language"
ERROR - 2017-07-28 11:15:02 --> Could not find the language line "admin button users"
ERROR - 2017-07-28 11:15:02 --> Could not find the language line "admin button users_list"
ERROR - 2017-07-28 11:15:02 --> Could not find the language line "admin button users_add"
ERROR - 2017-07-28 11:15:02 --> Could not find the language line "admin button messages"
ERROR - 2017-07-28 11:15:02 --> Could not find the language line "admin button settings"
ERROR - 2017-07-28 11:15:04 --> Could not find the language line "core error session_language"
ERROR - 2017-07-28 11:15:04 --> Could not find the language line "admin dashboard jsi18n-sample"
ERROR - 2017-07-28 11:15:08 --> Could not find the language line "admin button users"
ERROR - 2017-07-28 11:15:08 --> Could not find the language line "admin button users_list"
ERROR - 2017-07-28 11:15:08 --> Could not find the language line "admin button users_add"
ERROR - 2017-07-28 11:15:08 --> Could not find the language line "admin button messages"
ERROR - 2017-07-28 11:15:08 --> Could not find the language line "admin button settings"
ERROR - 2017-07-28 11:15:09 --> Could not find the language line "core error session_language"
ERROR - 2017-07-28 11:15:09 --> Could not find the language line "admin dashboard jsi18n-sample"
ERROR - 2017-07-28 11:15:09 --> Could not find the language line "admin button users"
ERROR - 2017-07-28 11:15:09 --> Could not find the language line "admin button users_list"
ERROR - 2017-07-28 11:15:09 --> Could not find the language line "admin button users_add"
ERROR - 2017-07-28 11:15:09 --> Could not find the language line "admin button messages"
ERROR - 2017-07-28 11:15:09 --> Could not find the language line "admin button settings"
ERROR - 2017-07-28 11:15:11 --> Could not find the language line "core error session_language"
ERROR - 2017-07-28 11:15:11 --> Could not find the language line "admin dashboard jsi18n-sample"
ERROR - 2017-07-28 11:15:14 --> Could not find the language line "admin button users"
ERROR - 2017-07-28 11:15:14 --> Could not find the language line "admin button users_list"
ERROR - 2017-07-28 11:15:14 --> Could not find the language line "admin button users_add"
ERROR - 2017-07-28 11:15:14 --> Could not find the language line "admin button messages"
ERROR - 2017-07-28 11:15:14 --> Could not find the language line "admin button settings"
ERROR - 2017-07-28 11:15:34 --> Could not find the language line "core error session_language"
ERROR - 2017-07-28 11:15:34 --> Could not find the language line "admin dashboard jsi18n-sample"
ERROR - 2017-07-28 11:15:38 --> Could not find the language line "admin button users"
ERROR - 2017-07-28 11:15:38 --> Could not find the language line "admin button users_list"
ERROR - 2017-07-28 11:15:38 --> Could not find the language line "admin button users_add"
ERROR - 2017-07-28 11:15:38 --> Could not find the language line "admin button messages"
ERROR - 2017-07-28 11:15:38 --> Could not find the language line "admin button settings"
ERROR - 2017-07-28 11:18:04 --> Could not find the language line "core error session_language"
ERROR - 2017-07-28 11:18:04 --> Could not find the language line "admin dashboard jsi18n-sample"
ERROR - 2017-07-28 11:18:08 --> Could not find the language line "admin button users"
ERROR - 2017-07-28 11:18:08 --> Could not find the language line "admin button users_list"
ERROR - 2017-07-28 11:18:08 --> Could not find the language line "admin button users_add"
ERROR - 2017-07-28 11:18:08 --> Could not find the language line "admin button messages"
ERROR - 2017-07-28 11:18:08 --> Could not find the language line "admin button settings"
ERROR - 2017-07-28 11:18:27 --> Could not find the language line "core error session_language"
ERROR - 2017-07-28 11:18:27 --> Could not find the language line "admin dashboard jsi18n-sample"
ERROR - 2017-07-28 11:18:32 --> Could not find the language line "admin button users"
ERROR - 2017-07-28 11:18:32 --> Could not find the language line "admin button users_list"
ERROR - 2017-07-28 11:18:32 --> Could not find the language line "admin button users_add"
ERROR - 2017-07-28 11:18:32 --> Could not find the language line "admin button messages"
ERROR - 2017-07-28 11:18:32 --> Could not find the language line "admin button settings"
ERROR - 2017-07-28 11:19:05 --> Could not find the language line "core error session_language"
ERROR - 2017-07-28 11:19:05 --> Could not find the language line "admin dashboard jsi18n-sample"
ERROR - 2017-07-28 11:19:10 --> Could not find the language line "admin button users"
ERROR - 2017-07-28 11:19:10 --> Could not find the language line "admin button users_list"
ERROR - 2017-07-28 11:19:10 --> Could not find the language line "admin button users_add"
ERROR - 2017-07-28 11:19:10 --> Could not find the language line "admin button messages"
ERROR - 2017-07-28 11:19:10 --> Could not find the language line "admin button settings"
ERROR - 2017-07-28 11:19:56 --> Could not find the language line "core error session_language"
ERROR - 2017-07-28 11:19:56 --> Could not find the language line "admin dashboard jsi18n-sample"
ERROR - 2017-07-28 11:20:00 --> Could not find the language line "admin button users"
ERROR - 2017-07-28 11:20:00 --> Could not find the language line "admin button users_list"
ERROR - 2017-07-28 11:20:00 --> Could not find the language line "admin button users_add"
ERROR - 2017-07-28 11:20:00 --> Could not find the language line "admin button messages"
ERROR - 2017-07-28 11:20:00 --> Could not find the language line "admin button settings"
ERROR - 2017-07-28 11:25:04 --> Could not find the language line "core error session_language"
ERROR - 2017-07-28 11:25:04 --> Could not find the language line "admin dashboard jsi18n-sample"
ERROR - 2017-07-28 11:25:08 --> Could not find the language line "admin button users"
ERROR - 2017-07-28 11:25:08 --> Could not find the language line "admin button users_list"
ERROR - 2017-07-28 11:25:08 --> Could not find the language line "admin button users_add"
ERROR - 2017-07-28 11:25:08 --> Could not find the language line "admin button messages"
ERROR - 2017-07-28 11:25:08 --> Could not find the language line "admin button settings"
ERROR - 2017-07-28 11:25:37 --> Could not find the language line "core error session_language"
ERROR - 2017-07-28 11:25:37 --> Could not find the language line "admin dashboard jsi18n-sample"
ERROR - 2017-07-28 11:25:41 --> Could not find the language line "admin button users"
ERROR - 2017-07-28 11:25:41 --> Could not find the language line "admin button users_list"
ERROR - 2017-07-28 11:25:41 --> Could not find the language line "admin button users_add"
ERROR - 2017-07-28 11:25:41 --> Could not find the language line "admin button messages"
ERROR - 2017-07-28 11:25:41 --> Could not find the language line "admin button settings"
ERROR - 2017-07-28 11:25:50 --> Could not find the language line "core error session_language"
ERROR - 2017-07-28 11:25:50 --> Could not find the language line "core error session_language"
ERROR - 2017-07-28 11:25:50 --> Could not find the language line "admin dashboard jsi18n-sample"
ERROR - 2017-07-28 11:25:53 --> Could not find the language line "admin button users"
ERROR - 2017-07-28 11:25:53 --> Could not find the language line "admin button users_list"
ERROR - 2017-07-28 11:25:53 --> Could not find the language line "admin button users_add"
ERROR - 2017-07-28 11:25:53 --> Could not find the language line "admin button messages"
ERROR - 2017-07-28 11:25:53 --> Could not find the language line "admin button settings"
ERROR - 2017-07-28 11:25:55 --> Could not find the language line "core error session_language"
ERROR - 2017-07-28 11:25:55 --> Could not find the language line "admin button users"
ERROR - 2017-07-28 11:25:55 --> Could not find the language line "admin button users_list"
ERROR - 2017-07-28 11:25:55 --> Could not find the language line "admin button users_add"
ERROR - 2017-07-28 11:25:55 --> Could not find the language line "admin button messages"
ERROR - 2017-07-28 11:25:55 --> Could not find the language line "admin button settings"
ERROR - 2017-07-28 11:25:58 --> Could not find the language line "core error session_language"
ERROR - 2017-07-28 11:25:58 --> Could not find the language line "admin button users"
ERROR - 2017-07-28 11:25:58 --> Could not find the language line "admin button users_list"
ERROR - 2017-07-28 11:25:58 --> Could not find the language line "admin button users_add"
ERROR - 2017-07-28 11:25:58 --> Could not find the language line "admin button messages"
ERROR - 2017-07-28 11:25:58 --> Could not find the language line "admin button settings"
ERROR - 2017-07-28 11:26:00 --> Could not find the language line "core error session_language"
ERROR - 2017-07-28 11:26:00 --> Could not find the language line "core error session_language"
ERROR - 2017-07-28 11:26:00 --> Could not find the language line "admin dashboard jsi18n-sample"
ERROR - 2017-07-28 11:26:03 --> Could not find the language line "admin button users"
ERROR - 2017-07-28 11:26:03 --> Could not find the language line "admin button users_list"
ERROR - 2017-07-28 11:26:03 --> Could not find the language line "admin button users_add"
ERROR - 2017-07-28 11:26:03 --> Could not find the language line "admin button messages"
ERROR - 2017-07-28 11:26:03 --> Could not find the language line "admin button settings"
ERROR - 2017-07-28 11:29:52 --> Could not find the language line "core error session_language"
ERROR - 2017-07-28 11:29:53 --> Could not find the language line "core error session_language"
ERROR - 2017-07-28 11:29:53 --> Could not find the language line "admin dashboard jsi18n-sample"
ERROR - 2017-07-28 11:29:54 --> Could not find the language line "admin button users"
ERROR - 2017-07-28 11:29:54 --> Could not find the language line "admin button users_list"
ERROR - 2017-07-28 11:29:54 --> Could not find the language line "admin button users_add"
ERROR - 2017-07-28 11:29:54 --> Could not find the language line "admin button messages"
ERROR - 2017-07-28 11:29:54 --> Could not find the language line "admin button settings"
ERROR - 2017-07-28 11:30:01 --> Could not find the language line "core error session_language"
ERROR - 2017-07-28 11:30:01 --> Could not find the language line "admin dashboard jsi18n-sample"
ERROR - 2017-07-28 11:30:05 --> Could not find the language line "admin button users"
ERROR - 2017-07-28 11:30:05 --> Could not find the language line "admin button users_list"
ERROR - 2017-07-28 11:30:05 --> Could not find the language line "admin button users_add"
ERROR - 2017-07-28 11:30:05 --> Could not find the language line "admin button messages"
ERROR - 2017-07-28 11:30:05 --> Could not find the language line "admin button settings"
ERROR - 2017-07-28 11:34:00 --> Could not find the language line "core error session_language"
ERROR - 2017-07-28 11:34:00 --> Could not find the language line "admin dashboard jsi18n-sample"
ERROR - 2017-07-28 11:34:00 --> Severity: Notice --> Undefined property: CI::$mdl_users C:\AppServ\www\ci3_cgi\application\third_party\MX\Controller.php 59
ERROR - 2017-07-28 11:34:00 --> Severity: error --> Exception: Call to a member function paginate() on null C:\AppServ\www\ci3_cgi\application\modules\Cgi\controllers\Cgi.php 22
ERROR - 2017-07-28 11:34:26 --> Could not find the language line "core error session_language"
ERROR - 2017-07-28 11:34:26 --> Could not find the language line "admin dashboard jsi18n-sample"
ERROR - 2017-07-28 11:34:26 --> Severity: Warning --> pg_query(): Query failed: ERROR:  function found_rows() does not exist
LINE 1: SELECT FOUND_ROWS() AS num_rows
               ^
HINT:  No function matches the given name and argument types. You might need to add explicit type casts. C:\AppServ\www\ci3_cgi\system\database\drivers\postgre\postgre_driver.php 242
ERROR - 2017-07-28 11:34:26 --> Query error: ERROR:  function found_rows() does not exist
LINE 1: SELECT FOUND_ROWS() AS num_rows
               ^
HINT:  No function matches the given name and argument types. You might need to add explicit type casts. - Invalid query: SELECT FOUND_ROWS() AS num_rows
ERROR - 2017-07-28 11:35:41 --> Could not find the language line "core error session_language"
ERROR - 2017-07-28 11:35:41 --> Could not find the language line "admin dashboard jsi18n-sample"
ERROR - 2017-07-28 11:35:44 --> Severity: error --> Exception: Call to undefined function pager() C:\AppServ\www\ci3_cgi\application\modules\Cgi\views\cgi_index.php 46
ERROR - 2017-07-28 11:36:00 --> Could not find the language line "core error session_language"
ERROR - 2017-07-28 11:36:00 --> Could not find the language line "admin button users"
ERROR - 2017-07-28 11:36:00 --> Could not find the language line "admin button users_list"
ERROR - 2017-07-28 11:36:00 --> Could not find the language line "admin button users_add"
ERROR - 2017-07-28 11:36:00 --> Could not find the language line "admin button messages"
ERROR - 2017-07-28 11:36:00 --> Could not find the language line "admin button settings"
ERROR - 2017-07-28 11:36:02 --> Could not find the language line "core error session_language"
ERROR - 2017-07-28 11:36:02 --> Could not find the language line "admin dashboard jsi18n-sample"
ERROR - 2017-07-28 11:36:02 --> Severity: Warning --> pg_query(): Query failed: ERROR:  function found_rows() does not exist
LINE 1: SELECT FOUND_ROWS() AS num_rows
               ^
HINT:  No function matches the given name and argument types. You might need to add explicit type casts. C:\AppServ\www\ci3_cgi\system\database\drivers\postgre\postgre_driver.php 242
ERROR - 2017-07-28 11:36:02 --> Query error: ERROR:  function found_rows() does not exist
LINE 1: SELECT FOUND_ROWS() AS num_rows
               ^
HINT:  No function matches the given name and argument types. You might need to add explicit type casts. - Invalid query: SELECT FOUND_ROWS() AS num_rows
ERROR - 2017-07-28 11:37:42 --> Could not find the language line "core error session_language"
ERROR - 2017-07-28 11:37:42 --> Could not find the language line "admin dashboard jsi18n-sample"
ERROR - 2017-07-28 11:37:42 --> Severity: Warning --> pg_query(): Query failed: ERROR:  function found_rows() does not exist
LINE 1: SELECT FOUND_ROWS() AS num_rows
               ^
HINT:  No function matches the given name and argument types. You might need to add explicit type casts. C:\AppServ\www\ci3_cgi\system\database\drivers\postgre\postgre_driver.php 242
ERROR - 2017-07-28 11:37:42 --> Query error: ERROR:  function found_rows() does not exist
LINE 1: SELECT FOUND_ROWS() AS num_rows
               ^
HINT:  No function matches the given name and argument types. You might need to add explicit type casts. - Invalid query: SELECT FOUND_ROWS() AS num_rows
ERROR - 2017-07-28 11:38:08 --> Could not find the language line "core error session_language"
ERROR - 2017-07-28 11:38:08 --> Could not find the language line "admin dashboard jsi18n-sample"
ERROR - 2017-07-28 11:38:10 --> Severity: error --> Exception: Call to undefined function trans() C:\AppServ\www\ci3_cgi\application\helpers\pager_helper.php 29
ERROR - 2017-07-28 11:39:38 --> Could not find the language line "core error session_language"
ERROR - 2017-07-28 11:39:38 --> Could not find the language line "admin dashboard jsi18n-sample"
ERROR - 2017-07-28 11:39:39 --> Could not find the language line "first"
ERROR - 2017-07-28 11:40:04 --> Could not find the language line "core error session_language"
ERROR - 2017-07-28 11:40:04 --> Could not find the language line "admin dashboard jsi18n-sample"
ERROR - 2017-07-28 11:40:07 --> Could not find the language line "first"
ERROR - 2017-07-28 11:41:50 --> Could not find the language line "core error session_language"
ERROR - 2017-07-28 11:41:50 --> Could not find the language line "admin dashboard jsi18n-sample"
ERROR - 2017-07-28 11:41:51 --> Could not find the language line "first"
ERROR - 2017-07-28 11:41:51 --> Could not find the language line "first"
ERROR - 2017-07-28 11:41:51 --> Severity: Notice --> Undefined property: CI::$mdl_settings C:\AppServ\www\ci3_cgi\application\helpers\trans_helper.php 38
ERROR - 2017-07-28 11:41:51 --> Severity: error --> Exception: Call to a member function setting() on null C:\AppServ\www\ci3_cgi\application\helpers\trans_helper.php 38
ERROR - 2017-07-28 11:45:03 --> Could not find the language line "core error session_language"
ERROR - 2017-07-28 11:45:03 --> Could not find the language line "admin dashboard jsi18n-sample"
ERROR - 2017-07-28 11:45:04 --> Could not find the language line "admin button users"
ERROR - 2017-07-28 11:45:04 --> Could not find the language line "admin button users_list"
ERROR - 2017-07-28 11:45:04 --> Could not find the language line "admin button users_add"
ERROR - 2017-07-28 11:45:04 --> Could not find the language line "admin button messages"
ERROR - 2017-07-28 11:45:04 --> Could not find the language line "admin button settings"
ERROR - 2017-07-28 17:45:04 --> 404 Page Not Found: /index
ERROR - 2017-07-28 17:45:04 --> 404 Page Not Found: /index
ERROR - 2017-07-28 17:45:04 --> 404 Page Not Found: /index
ERROR - 2017-07-28 11:48:15 --> Could not find the language line "core error session_language"
ERROR - 2017-07-28 11:48:15 --> Could not find the language line "admin dashboard jsi18n-sample"
ERROR - 2017-07-28 11:48:16 --> Could not find the language line "admin button users"
ERROR - 2017-07-28 11:48:16 --> Could not find the language line "admin button users_list"
ERROR - 2017-07-28 11:48:16 --> Could not find the language line "admin button users_add"
ERROR - 2017-07-28 11:48:16 --> Could not find the language line "admin button messages"
ERROR - 2017-07-28 11:48:16 --> Could not find the language line "admin button settings"
ERROR - 2017-07-28 17:48:17 --> 404 Page Not Found: /index
ERROR - 2017-07-28 17:48:17 --> 404 Page Not Found: /index
ERROR - 2017-07-28 17:48:17 --> 404 Page Not Found: /index
ERROR - 2017-07-28 11:49:01 --> Could not find the language line "core error session_language"
ERROR - 2017-07-28 11:49:01 --> Could not find the language line "admin dashboard jsi18n-sample"
ERROR - 2017-07-28 11:49:02 --> Could not find the language line "admin button users"
ERROR - 2017-07-28 11:49:02 --> Could not find the language line "admin button users_list"
ERROR - 2017-07-28 11:49:02 --> Could not find the language line "admin button users_add"
ERROR - 2017-07-28 11:49:02 --> Could not find the language line "admin button messages"
ERROR - 2017-07-28 11:49:02 --> Could not find the language line "admin button settings"
ERROR - 2017-07-28 11:49:11 --> Could not find the language line "core error session_language"
ERROR - 2017-07-28 11:49:11 --> Could not find the language line "admin button users"
ERROR - 2017-07-28 11:49:11 --> Could not find the language line "admin button users_list"
ERROR - 2017-07-28 11:49:11 --> Could not find the language line "admin button users_add"
ERROR - 2017-07-28 11:49:11 --> Could not find the language line "admin button messages"
ERROR - 2017-07-28 11:49:11 --> Could not find the language line "admin button settings"
ERROR - 2017-07-28 11:49:14 --> Could not find the language line "core error session_language"
ERROR - 2017-07-28 11:49:14 --> Could not find the language line "admin button users"
ERROR - 2017-07-28 11:49:14 --> Could not find the language line "admin button users_list"
ERROR - 2017-07-28 11:49:14 --> Could not find the language line "admin button users_add"
ERROR - 2017-07-28 11:49:14 --> Could not find the language line "admin button messages"
ERROR - 2017-07-28 11:49:14 --> Could not find the language line "admin button settings"
ERROR - 2017-07-28 11:49:17 --> Could not find the language line "core error session_language"
ERROR - 2017-07-28 11:49:17 --> Could not find the language line "core error session_language"
ERROR - 2017-07-28 11:49:17 --> Could not find the language line "admin dashboard jsi18n-sample"
ERROR - 2017-07-28 11:49:22 --> Could not find the language line "admin button users"
ERROR - 2017-07-28 11:49:22 --> Could not find the language line "admin button users_list"
ERROR - 2017-07-28 11:49:22 --> Could not find the language line "admin button users_add"
ERROR - 2017-07-28 11:49:22 --> Could not find the language line "admin button messages"
ERROR - 2017-07-28 11:49:22 --> Could not find the language line "admin button settings"
