DEBUG - 2022-06-28 16:51:36 --> UTF-8 Support Enabled
DEBUG - 2022-06-28 16:51:36 --> Global POST, GET and COOKIE data sanitized
DEBUG - 2022-06-28 16:51:36 --> Config file loaded: /var/www/html/ci_kios/application/config/core.php
DEBUG - 2022-06-28 16:51:36 --> Config file loaded: /var/www/html/ci_kios/application/config/timezones.php
ERROR - 2022-06-28 16:51:36 --> Severity: Warning --> pg_query(): Query failed: ERROR:  duplicate key value violates unique constraint &quot;nhso_claimcode_cid_date_select&quot;
DETAIL:  Key (cid_date_select)=(342010011819520220628) already exists. /var/www/html/ci_kios/system/database/drivers/postgre/postgre_driver.php 239
ERROR - 2022-06-28 16:51:36 --> Query error: ERROR:  duplicate key value violates unique constraint "nhso_claimcode_cid_date_select"
DETAIL:  Key (cid_date_select)=(342010011819520220628) already exists. - Invalid query: INSERT INTO "medrec"."nhso_claimcode" ("claim_code", "claim_date", "id_patient", "hn", "cid", "cid_date_select") VALUES ('00000011', '2022-06-28T16:21:53', '125651', '125025', '3420100118195', '342010011819520220628')
DEBUG - 2022-06-28 17:02:52 --> UTF-8 Support Enabled
DEBUG - 2022-06-28 17:02:52 --> Global POST, GET and COOKIE data sanitized
DEBUG - 2022-06-28 17:02:52 --> Config file loaded: /var/www/html/ci_kios/application/config/core.php
DEBUG - 2022-06-28 17:02:52 --> Config file loaded: /var/www/html/ci_kios/application/config/timezones.php
DEBUG - 2022-06-28 17:02:52 --> Total execution time: 0.0442
DEBUG - 2022-06-28 17:05:11 --> UTF-8 Support Enabled
DEBUG - 2022-06-28 17:05:11 --> Global POST, GET and COOKIE data sanitized
DEBUG - 2022-06-28 17:05:11 --> Config file loaded: /var/www/html/ci_kios/application/config/core.php
DEBUG - 2022-06-28 17:05:11 --> Config file loaded: /var/www/html/ci_kios/application/config/timezones.php
ERROR - 2022-06-28 17:05:11 --> Severity: Warning --> pg_query(): Query failed: ERROR:  duplicate key value violates unique constraint &quot;nhso_claimcode_cid_date_select&quot;
DETAIL:  Key (cid_date_select)=(140990114289420220628) already exists. /var/www/html/ci_kios/system/database/drivers/postgre/postgre_driver.php 239
ERROR - 2022-06-28 17:05:11 --> Query error: ERROR:  duplicate key value violates unique constraint "nhso_claimcode_cid_date_select"
DETAIL:  Key (cid_date_select)=(140990114289420220628) already exists. - Invalid query: INSERT INTO "medrec"."nhso_claimcode" ("claim_code", "claim_date", "id_patient", "hn", "cid", "cid_date_select") VALUES ('00000012', '2022-06-28T16:21:53', '173735', '171206', '1409901142894', '140990114289420220628')
DEBUG - 2022-06-28 17:08:20 --> UTF-8 Support Enabled
DEBUG - 2022-06-28 17:08:20 --> No URI present. Default controller set.
DEBUG - 2022-06-28 17:08:20 --> Global POST, GET and COOKIE data sanitized
DEBUG - 2022-06-28 17:08:20 --> Config file loaded: /var/www/html/ci_kios/application/config/core.php
DEBUG - 2022-06-28 17:08:20 --> Config file loaded: /var/www/html/ci_kios/application/config/timezones.php
DEBUG - 2022-06-28 17:08:20 --> File loaded: /var/www/html/ci_kios/application/modules/Queuekios/models/Mdl_queuekios.php
DEBUG - 2022-06-28 17:08:20 --> File loaded: /var/www/html/ci_kios/application/modules/Queuekios/views/view_kios.php
DEBUG - 2022-06-28 17:08:20 --> Total execution time: 0.0762
DEBUG - 2022-06-28 17:14:57 --> UTF-8 Support Enabled
DEBUG - 2022-06-28 17:14:57 --> No URI present. Default controller set.
DEBUG - 2022-06-28 17:14:57 --> Global POST, GET and COOKIE data sanitized
DEBUG - 2022-06-28 17:14:57 --> Config file loaded: /var/www/html/ci_kios/application/config/core.php
DEBUG - 2022-06-28 17:14:57 --> Config file loaded: /var/www/html/ci_kios/application/config/timezones.php
DEBUG - 2022-06-28 17:14:57 --> File loaded: /var/www/html/ci_kios/application/modules/Queuekios/models/Mdl_queuekios.php
DEBUG - 2022-06-28 17:14:57 --> File loaded: /var/www/html/ci_kios/application/modules/Queuekios/views/view_kios.php
DEBUG - 2022-06-28 17:14:57 --> Total execution time: 0.0759
DEBUG - 2022-06-28 17:19:16 --> UTF-8 Support Enabled
DEBUG - 2022-06-28 17:19:16 --> No URI present. Default controller set.
DEBUG - 2022-06-28 17:19:16 --> Global POST, GET and COOKIE data sanitized
DEBUG - 2022-06-28 17:19:16 --> Config file loaded: /var/www/html/ci_kios/application/config/core.php
DEBUG - 2022-06-28 17:19:16 --> Config file loaded: /var/www/html/ci_kios/application/config/timezones.php
DEBUG - 2022-06-28 17:19:16 --> File loaded: /var/www/html/ci_kios/application/modules/Queuekios/models/Mdl_queuekios.php
DEBUG - 2022-06-28 17:19:16 --> File loaded: /var/www/html/ci_kios/application/modules/Queuekios/views/view_kios.php
DEBUG - 2022-06-28 17:19:16 --> Total execution time: 0.0755
DEBUG - 2022-06-28 17:19:20 --> UTF-8 Support Enabled
DEBUG - 2022-06-28 17:19:20 --> No URI present. Default controller set.
DEBUG - 2022-06-28 17:19:20 --> Global POST, GET and COOKIE data sanitized
DEBUG - 2022-06-28 17:19:20 --> Config file loaded: /var/www/html/ci_kios/application/config/core.php
DEBUG - 2022-06-28 17:19:20 --> Config file loaded: /var/www/html/ci_kios/application/config/timezones.php
DEBUG - 2022-06-28 17:19:20 --> File loaded: /var/www/html/ci_kios/application/modules/Queuekios/models/Mdl_queuekios.php
DEBUG - 2022-06-28 17:19:20 --> File loaded: /var/www/html/ci_kios/application/modules/Queuekios/views/view_kios.php
DEBUG - 2022-06-28 17:19:20 --> Total execution time: 0.0754
DEBUG - 2022-06-28 17:19:41 --> UTF-8 Support Enabled
DEBUG - 2022-06-28 17:19:41 --> No URI present. Default controller set.
DEBUG - 2022-06-28 17:19:41 --> Global POST, GET and COOKIE data sanitized
DEBUG - 2022-06-28 17:19:41 --> Config file loaded: /var/www/html/ci_kios/application/config/core.php
DEBUG - 2022-06-28 17:19:41 --> Config file loaded: /var/www/html/ci_kios/application/config/timezones.php
DEBUG - 2022-06-28 17:19:41 --> File loaded: /var/www/html/ci_kios/application/modules/Queuekios/models/Mdl_queuekios.php
DEBUG - 2022-06-28 17:19:41 --> File loaded: /var/www/html/ci_kios/application/modules/Queuekios/views/view_kios.php
QUERY - 2022-06-28 17:19:41 --> 0.0025 | SELECT "data" FROM "public"."ci_sessions" WHERE "id" = 'hv0f2eouppijvkio00gukt5pe26tsg0d' AND "ip_address" = '192.168.10.176'
QUERY - 2022-06-28 17:19:41 --> 0.0408 | SELECT "kios_queue"."id" AS "kios_id", "kios_queue"."hn", "kios_queue"."cid", "kios_queue"."queueNumber", "patient"."pa_pre_name", "patient"."pa_name", "patient"."pa_lastname" FROM "medrec"."kios_queue" JOIN "medrec"."nano_patient" AS "patient" ON "patient"."hn" = "kios_queue"."hn" JOIN (SELECT MAX(id), hn FROM medrec.kios_queue GROUP BY hn) AS kios_queue_max_id ON "kios_queue_max_id"."max" = "kios_queue"."id" WHERE "kios_queue"."created_date" BETWEEN '2022-06-28 00:00:00' AND '2022-06-28 23:59:59' AND "kios_queue"."is_visit" = 'f' AND "kios_queue"."deleted" = 'f' GROUP BY "kios_queue"."id", "kios_queue"."queueNumber", "kios_queue"."created_date", "patient"."hn", "patient"."pa_pre_name", "patient"."pa_name", "patient"."pa_lastname" ORDER BY "kios_queue"."id", "kios_queue"."created_date" ASC
DEBUG - 2022-06-28 17:19:41 --> Total execution time: 0.0732
DEBUG - 2022-06-28 17:21:43 --> UTF-8 Support Enabled
DEBUG - 2022-06-28 17:21:43 --> No URI present. Default controller set.
DEBUG - 2022-06-28 17:21:44 --> Global POST, GET and COOKIE data sanitized
DEBUG - 2022-06-28 17:21:44 --> Config file loaded: /var/www/html/ci_kios/application/config/core.php
DEBUG - 2022-06-28 17:21:44 --> Config file loaded: /var/www/html/ci_kios/application/config/timezones.php
DEBUG - 2022-06-28 17:21:44 --> File loaded: /var/www/html/ci_kios/application/modules/Queuekios/models/Mdl_queuekios.php
DEBUG - 2022-06-28 17:21:44 --> File loaded: /var/www/html/ci_kios/application/modules/Queuekios/views/view_kios.php
QUERY - 2022-06-28 17:21:44 --> 0.0027 | SELECT "data" FROM "public"."ci_sessions" WHERE "id" = 'hv0f2eouppijvkio00gukt5pe26tsg0d' AND "ip_address" = '192.168.10.176'
QUERY - 2022-06-28 17:21:44 --> 0.0418 | SELECT "kios_queue"."id" AS "kios_id", "kios_queue"."hn", "kios_queue"."cid", "kios_queue"."queueNumber", "patient"."pa_pre_name", "patient"."pa_name", "patient"."pa_lastname" FROM "medrec"."kios_queue" JOIN "medrec"."nano_patient" AS "patient" ON "patient"."hn" = "kios_queue"."hn" JOIN (SELECT MAX(id), hn FROM medrec.kios_queue GROUP BY hn) AS kios_queue_max_id ON "kios_queue_max_id"."max" = "kios_queue"."id" WHERE "kios_queue"."created_date" BETWEEN '2022-06-28 00:00:00' AND '2022-06-28 23:59:59' AND "kios_queue"."is_visit" = 'f' AND "kios_queue"."deleted" = 'f' GROUP BY "kios_queue"."id", "kios_queue"."queueNumber", "kios_queue"."created_date", "patient"."hn", "patient"."pa_pre_name", "patient"."pa_name", "patient"."pa_lastname" ORDER BY "kios_queue"."id", "kios_queue"."created_date" ASC
DEBUG - 2022-06-28 17:21:44 --> Total execution time: 0.0780
DEBUG - 2022-06-28 17:29:43 --> UTF-8 Support Enabled
DEBUG - 2022-06-28 17:29:43 --> No URI present. Default controller set.
DEBUG - 2022-06-28 17:29:43 --> Global POST, GET and COOKIE data sanitized
DEBUG - 2022-06-28 17:29:43 --> Config file loaded: /var/www/html/ci_kios/application/config/core.php
DEBUG - 2022-06-28 17:29:43 --> Config file loaded: /var/www/html/ci_kios/application/config/timezones.php
DEBUG - 2022-06-28 17:29:43 --> File loaded: /var/www/html/ci_kios/application/modules/Queuekios/models/Mdl_queuekios.php
DEBUG - 2022-06-28 17:29:43 --> File loaded: /var/www/html/ci_kios/application/modules/Queuekios/views/view_kios.php
DEBUG - 2022-06-28 17:29:43 --> Total execution time: 0.0773
DEBUG - 2022-06-28 17:34:51 --> UTF-8 Support Enabled
DEBUG - 2022-06-28 17:34:51 --> Global POST, GET and COOKIE data sanitized
DEBUG - 2022-06-28 17:34:51 --> Config file loaded: /var/www/html/ci_kios/application/config/core.php
DEBUG - 2022-06-28 17:34:51 --> Config file loaded: /var/www/html/ci_kios/application/config/timezones.php
DEBUG - 2022-06-28 17:34:51 --> Total execution time: 0.0337
DEBUG - 2022-06-28 17:35:17 --> UTF-8 Support Enabled
DEBUG - 2022-06-28 17:35:17 --> Global POST, GET and COOKIE data sanitized
DEBUG - 2022-06-28 17:35:17 --> Config file loaded: /var/www/html/ci_kios/application/config/core.php
DEBUG - 2022-06-28 17:35:17 --> Config file loaded: /var/www/html/ci_kios/application/config/timezones.php
DEBUG - 2022-06-28 17:35:17 --> Total execution time: 0.0321
DEBUG - 2022-06-28 17:35:21 --> UTF-8 Support Enabled
DEBUG - 2022-06-28 17:35:21 --> Global POST, GET and COOKIE data sanitized
DEBUG - 2022-06-28 17:35:21 --> Config file loaded: /var/www/html/ci_kios/application/config/core.php
DEBUG - 2022-06-28 17:35:21 --> Config file loaded: /var/www/html/ci_kios/application/config/timezones.php
DEBUG - 2022-06-28 17:35:21 --> Total execution time: 0.0294
DEBUG - 2022-06-28 17:35:35 --> UTF-8 Support Enabled
DEBUG - 2022-06-28 17:35:35 --> Global POST, GET and COOKIE data sanitized
DEBUG - 2022-06-28 17:35:35 --> Config file loaded: /var/www/html/ci_kios/application/config/core.php
DEBUG - 2022-06-28 17:35:35 --> Config file loaded: /var/www/html/ci_kios/application/config/timezones.php
DEBUG - 2022-06-28 17:35:35 --> Total execution time: 0.0355
DEBUG - 2022-06-28 17:36:59 --> UTF-8 Support Enabled
DEBUG - 2022-06-28 17:36:59 --> Global POST, GET and COOKIE data sanitized
DEBUG - 2022-06-28 17:36:59 --> Config file loaded: /var/www/html/ci_kios/application/config/core.php
DEBUG - 2022-06-28 17:36:59 --> Config file loaded: /var/www/html/ci_kios/application/config/timezones.php
DEBUG - 2022-06-28 17:36:59 --> Total execution time: 0.0305
DEBUG - 2022-06-28 17:37:05 --> UTF-8 Support Enabled
DEBUG - 2022-06-28 17:37:05 --> Global POST, GET and COOKIE data sanitized
DEBUG - 2022-06-28 17:37:05 --> Config file loaded: /var/www/html/ci_kios/application/config/core.php
DEBUG - 2022-06-28 17:37:05 --> Config file loaded: /var/www/html/ci_kios/application/config/timezones.php
DEBUG - 2022-06-28 17:37:05 --> Total execution time: 0.0322
DEBUG - 2022-06-28 17:37:21 --> UTF-8 Support Enabled
DEBUG - 2022-06-28 17:37:21 --> Global POST, GET and COOKIE data sanitized
DEBUG - 2022-06-28 17:37:21 --> Config file loaded: /var/www/html/ci_kios/application/config/core.php
DEBUG - 2022-06-28 17:37:21 --> Config file loaded: /var/www/html/ci_kios/application/config/timezones.php
DEBUG - 2022-06-28 17:37:21 --> Total execution time: 0.0337
DEBUG - 2022-06-28 17:37:36 --> UTF-8 Support Enabled
DEBUG - 2022-06-28 17:37:36 --> Global POST, GET and COOKIE data sanitized
DEBUG - 2022-06-28 17:37:36 --> Config file loaded: /var/www/html/ci_kios/application/config/core.php
DEBUG - 2022-06-28 17:37:36 --> Config file loaded: /var/www/html/ci_kios/application/config/timezones.php
DEBUG - 2022-06-28 17:37:36 --> Total execution time: 0.0342
DEBUG - 2022-06-28 17:37:38 --> UTF-8 Support Enabled
DEBUG - 2022-06-28 17:37:38 --> Global POST, GET and COOKIE data sanitized
DEBUG - 2022-06-28 17:37:38 --> Config file loaded: /var/www/html/ci_kios/application/config/core.php
DEBUG - 2022-06-28 17:37:38 --> Config file loaded: /var/www/html/ci_kios/application/config/timezones.php
DEBUG - 2022-06-28 17:37:38 --> Total execution time: 0.0306
DEBUG - 2022-06-28 17:37:54 --> UTF-8 Support Enabled
DEBUG - 2022-06-28 17:37:54 --> Global POST, GET and COOKIE data sanitized
DEBUG - 2022-06-28 17:37:54 --> Config file loaded: /var/www/html/ci_kios/application/config/core.php
DEBUG - 2022-06-28 17:37:54 --> Config file loaded: /var/www/html/ci_kios/application/config/timezones.php
DEBUG - 2022-06-28 17:37:54 --> Total execution time: 0.0328
DEBUG - 2022-06-28 17:40:14 --> UTF-8 Support Enabled
DEBUG - 2022-06-28 17:40:14 --> Global POST, GET and COOKIE data sanitized
DEBUG - 2022-06-28 17:40:14 --> Config file loaded: /var/www/html/ci_kios/application/config/core.php
DEBUG - 2022-06-28 17:40:14 --> Config file loaded: /var/www/html/ci_kios/application/config/timezones.php
DEBUG - 2022-06-28 17:40:14 --> Total execution time: 0.0360
DEBUG - 2022-06-28 17:40:18 --> UTF-8 Support Enabled
DEBUG - 2022-06-28 17:40:18 --> Global POST, GET and COOKIE data sanitized
DEBUG - 2022-06-28 17:40:18 --> Config file loaded: /var/www/html/ci_kios/application/config/core.php
DEBUG - 2022-06-28 17:40:18 --> Config file loaded: /var/www/html/ci_kios/application/config/timezones.php
DEBUG - 2022-06-28 17:40:18 --> Total execution time: 0.0328
DEBUG - 2022-06-28 17:41:01 --> UTF-8 Support Enabled
DEBUG - 2022-06-28 17:41:01 --> Global POST, GET and COOKIE data sanitized
DEBUG - 2022-06-28 17:41:01 --> Config file loaded: /var/www/html/ci_kios/application/config/core.php
DEBUG - 2022-06-28 17:41:01 --> Config file loaded: /var/www/html/ci_kios/application/config/timezones.php
DEBUG - 2022-06-28 17:41:01 --> Total execution time: 0.0336
DEBUG - 2022-06-28 17:46:52 --> UTF-8 Support Enabled
DEBUG - 2022-06-28 17:46:52 --> Global POST, GET and COOKIE data sanitized
DEBUG - 2022-06-28 17:46:52 --> Config file loaded: /var/www/html/ci_kios/application/config/core.php
DEBUG - 2022-06-28 17:46:52 --> Config file loaded: /var/www/html/ci_kios/application/config/timezones.php
DEBUG - 2022-06-28 17:46:52 --> Total execution time: 0.0339
DEBUG - 2022-06-28 18:01:07 --> UTF-8 Support Enabled
DEBUG - 2022-06-28 18:01:07 --> Global POST, GET and COOKIE data sanitized
DEBUG - 2022-06-28 18:01:07 --> Config file loaded: /var/www/html/ci_kios/application/config/core.php
DEBUG - 2022-06-28 18:01:07 --> Config file loaded: /var/www/html/ci_kios/application/config/timezones.php
ERROR - 2022-06-28 18:01:07 --> Severity: Warning --> fopen(/var/www/html/ci_kios/application/logs/log_2022-06-28.txt): failed to open stream: No such file or directory /var/www/html/ci_kios/application/controllers/Nhso.php 103
DEBUG - 2022-06-28 18:01:07 --> Total execution time: 0.0257
DEBUG - 2022-06-28 18:02:52 --> UTF-8 Support Enabled
DEBUG - 2022-06-28 18:02:52 --> Global POST, GET and COOKIE data sanitized
DEBUG - 2022-06-28 18:02:52 --> Config file loaded: /var/www/html/ci_kios/application/config/core.php
DEBUG - 2022-06-28 18:02:52 --> Config file loaded: /var/www/html/ci_kios/application/config/timezones.php
ERROR - 2022-06-28 18:02:52 --> Severity: Warning --> fopen(/var/www/html/ci_kios/application/logs/log_2022-06-28.txt): failed to open stream: No such file or directory /var/www/html/ci_kios/application/controllers/Nhso.php 103
DEBUG - 2022-06-28 18:02:52 --> Total execution time: 0.0331
DEBUG - 2022-06-28 18:12:53 --> UTF-8 Support Enabled
DEBUG - 2022-06-28 18:12:53 --> Global POST, GET and COOKIE data sanitized
DEBUG - 2022-06-28 18:12:53 --> Config file loaded: /var/www/html/ci_kios/application/config/core.php
DEBUG - 2022-06-28 18:12:53 --> Config file loaded: /var/www/html/ci_kios/application/config/timezones.php
ERROR - 2022-06-28 18:12:53 --> Severity: Warning --> fopen(/var/www/html/ci_kios/application/logs/log_2022-06-28.txt): failed to open stream: No such file or directory /var/www/html/ci_kios/application/controllers/Nhso.php 103
DEBUG - 2022-06-28 18:12:53 --> Total execution time: 0.0309
DEBUG - 2022-06-28 18:15:49 --> UTF-8 Support Enabled
DEBUG - 2022-06-28 18:15:49 --> Global POST, GET and COOKIE data sanitized
DEBUG - 2022-06-28 18:15:49 --> Config file loaded: /var/www/html/ci_kios/application/config/core.php
DEBUG - 2022-06-28 18:15:49 --> Config file loaded: /var/www/html/ci_kios/application/config/timezones.php
ERROR - 2022-06-28 18:15:49 --> Severity: Warning --> fread(): Length parameter must be greater than 0 /var/www/html/ci_kios/application/controllers/Nhso.php 107
DEBUG - 2022-06-28 18:15:49 --> Total execution time: 0.0331
DEBUG - 2022-06-28 18:17:17 --> UTF-8 Support Enabled
DEBUG - 2022-06-28 18:17:17 --> Global POST, GET and COOKIE data sanitized
DEBUG - 2022-06-28 18:17:17 --> Config file loaded: /var/www/html/ci_kios/application/config/core.php
DEBUG - 2022-06-28 18:17:17 --> Config file loaded: /var/www/html/ci_kios/application/config/timezones.php
ERROR - 2022-06-28 18:17:17 --> Severity: Warning --> fread(): Length parameter must be greater than 0 /var/www/html/ci_kios/application/controllers/Nhso.php 107
DEBUG - 2022-06-28 18:17:17 --> Total execution time: 0.0522
DEBUG - 2022-06-28 18:22:45 --> UTF-8 Support Enabled
DEBUG - 2022-06-28 18:22:45 --> Global POST, GET and COOKIE data sanitized
DEBUG - 2022-06-28 18:22:45 --> Config file loaded: /var/www/html/ci_kios/application/config/core.php
DEBUG - 2022-06-28 18:22:45 --> Config file loaded: /var/www/html/ci_kios/application/config/timezones.php
ERROR - 2022-06-28 18:22:45 --> Severity: Warning --> fread(): Length parameter must be greater than 0 /var/www/html/ci_kios/application/controllers/Nhso.php 107
DEBUG - 2022-06-28 18:22:45 --> Total execution time: 0.0316
DEBUG - 2022-06-28 18:24:09 --> UTF-8 Support Enabled
DEBUG - 2022-06-28 18:24:09 --> Global POST, GET and COOKIE data sanitized
DEBUG - 2022-06-28 18:24:09 --> Config file loaded: /var/www/html/ci_kios/application/config/core.php
DEBUG - 2022-06-28 18:24:09 --> Config file loaded: /var/www/html/ci_kios/application/config/timezones.php
DEBUG - 2022-06-28 18:24:09 --> Total execution time: 0.0337
DEBUG - 2022-06-28 18:26:19 --> UTF-8 Support Enabled
DEBUG - 2022-06-28 18:26:19 --> Global POST, GET and COOKIE data sanitized
DEBUG - 2022-06-28 18:26:19 --> Config file loaded: /var/www/html/ci_kios/application/config/core.php
DEBUG - 2022-06-28 18:26:19 --> Config file loaded: /var/www/html/ci_kios/application/config/timezones.php
ERROR - 2022-06-28 18:26:19 --> Severity: Notice --> Undefined variable: file_open /var/www/html/ci_kios/application/controllers/Nhso.php 107
DEBUG - 2022-06-28 18:26:19 --> Total execution time: 0.0339
DEBUG - 2022-06-28 18:31:56 --> UTF-8 Support Enabled
DEBUG - 2022-06-28 18:31:56 --> Global POST, GET and COOKIE data sanitized
DEBUG - 2022-06-28 18:31:56 --> Config file loaded: /var/www/html/ci_kios/application/config/core.php
DEBUG - 2022-06-28 18:31:56 --> Config file loaded: /var/www/html/ci_kios/application/config/timezones.php
ERROR - 2022-06-28 18:31:56 --> Severity: Warning --> fopen(/var/www/html/ci_kios/application/logs/log_2022-06-28.txt): failed to open stream: Permission denied /var/www/html/ci_kios/application/controllers/Nhso.php 105
ERROR - 2022-06-28 18:31:56 --> Severity: Warning --> fwrite() expects parameter 1 to be resource, boolean given /var/www/html/ci_kios/application/controllers/Nhso.php 107
ERROR - 2022-06-28 18:31:56 --> Severity: Warning --> fclose() expects parameter 1 to be resource, boolean given /var/www/html/ci_kios/application/controllers/Nhso.php 109
DEBUG - 2022-06-28 18:31:56 --> Total execution time: 0.0341
DEBUG - 2022-06-28 18:34:35 --> UTF-8 Support Enabled
DEBUG - 2022-06-28 18:34:35 --> Global POST, GET and COOKIE data sanitized
DEBUG - 2022-06-28 18:34:35 --> Config file loaded: /var/www/html/ci_kios/application/config/core.php
DEBUG - 2022-06-28 18:34:35 --> Config file loaded: /var/www/html/ci_kios/application/config/timezones.php
ERROR - 2022-06-28 18:34:35 --> Severity: Warning --> fopen(/var/www/html/ci_kios/application/logs/log_2022-06-28.txt): failed to open stream: Permission denied /var/www/html/ci_kios/application/controllers/Nhso.php 104
ERROR - 2022-06-28 18:34:35 --> Severity: Warning --> fwrite() expects parameter 1 to be resource, boolean given /var/www/html/ci_kios/application/controllers/Nhso.php 106
ERROR - 2022-06-28 18:34:35 --> Severity: Warning --> fclose() expects parameter 1 to be resource, boolean given /var/www/html/ci_kios/application/controllers/Nhso.php 108
DEBUG - 2022-06-28 18:34:35 --> Total execution time: 0.0354
DEBUG - 2022-06-28 18:34:40 --> UTF-8 Support Enabled
DEBUG - 2022-06-28 18:34:40 --> Global POST, GET and COOKIE data sanitized
DEBUG - 2022-06-28 18:34:40 --> Config file loaded: /var/www/html/ci_kios/application/config/core.php
DEBUG - 2022-06-28 18:34:40 --> Config file loaded: /var/www/html/ci_kios/application/config/timezones.php
ERROR - 2022-06-28 18:34:40 --> Severity: Warning --> fopen(/var/www/html/ci_kios/application/logs/log_2022-06-28.txt): failed to open stream: Permission denied /var/www/html/ci_kios/application/controllers/Nhso.php 104
ERROR - 2022-06-28 18:34:40 --> Severity: Warning --> fwrite() expects parameter 1 to be resource, boolean given /var/www/html/ci_kios/application/controllers/Nhso.php 106
ERROR - 2022-06-28 18:34:40 --> Severity: Warning --> fclose() expects parameter 1 to be resource, boolean given /var/www/html/ci_kios/application/controllers/Nhso.php 108
DEBUG - 2022-06-28 18:34:40 --> Total execution time: 0.0349
DEBUG - 2022-06-28 18:35:01 --> UTF-8 Support Enabled
DEBUG - 2022-06-28 18:35:01 --> Global POST, GET and COOKIE data sanitized
DEBUG - 2022-06-28 18:35:01 --> Config file loaded: /var/www/html/ci_kios/application/config/core.php
DEBUG - 2022-06-28 18:35:01 --> Config file loaded: /var/www/html/ci_kios/application/config/timezones.php
ERROR - 2022-06-28 18:35:01 --> Severity: Warning --> chmod(): Operation not permitted /var/www/html/ci_kios/application/controllers/Nhso.php 96
ERROR - 2022-06-28 18:35:01 --> Severity: Warning --> fopen(/var/www/html/ci_kios/application/logs/log_2022-06-28.txt): failed to open stream: Permission denied /var/www/html/ci_kios/application/controllers/Nhso.php 105
ERROR - 2022-06-28 18:35:01 --> Severity: Warning --> fwrite() expects parameter 1 to be resource, boolean given /var/www/html/ci_kios/application/controllers/Nhso.php 107
ERROR - 2022-06-28 18:35:01 --> Severity: Warning --> fclose() expects parameter 1 to be resource, boolean given /var/www/html/ci_kios/application/controllers/Nhso.php 109
DEBUG - 2022-06-28 18:35:01 --> Total execution time: 0.0247
DEBUG - 2022-06-28 18:37:28 --> UTF-8 Support Enabled
DEBUG - 2022-06-28 18:37:28 --> Global POST, GET and COOKIE data sanitized
DEBUG - 2022-06-28 18:37:28 --> Config file loaded: /var/www/html/ci_kios/application/config/core.php
DEBUG - 2022-06-28 18:37:28 --> Config file loaded: /var/www/html/ci_kios/application/config/timezones.php
ERROR - 2022-06-28 18:37:28 --> Severity: Warning --> fopen(/var/www/html/ci_kios/application/logs/log_2022-06-28.txt): failed to open stream: Permission denied /var/www/html/ci_kios/application/controllers/Nhso.php 105
ERROR - 2022-06-28 18:37:28 --> Severity: Warning --> fwrite() expects parameter 1 to be resource, boolean given /var/www/html/ci_kios/application/controllers/Nhso.php 107
ERROR - 2022-06-28 18:37:28 --> Severity: Warning --> fclose() expects parameter 1 to be resource, boolean given /var/www/html/ci_kios/application/controllers/Nhso.php 109
DEBUG - 2022-06-28 18:37:28 --> Total execution time: 0.0341
DEBUG - 2022-06-28 18:37:31 --> UTF-8 Support Enabled
DEBUG - 2022-06-28 18:37:31 --> Global POST, GET and COOKIE data sanitized
DEBUG - 2022-06-28 18:37:31 --> Config file loaded: /var/www/html/ci_kios/application/config/core.php
DEBUG - 2022-06-28 18:37:31 --> Config file loaded: /var/www/html/ci_kios/application/config/timezones.php
ERROR - 2022-06-28 18:37:31 --> Severity: Warning --> fopen(/var/www/html/ci_kios/application/logs/log_2022-06-28.txt): failed to open stream: Permission denied /var/www/html/ci_kios/application/controllers/Nhso.php 105
ERROR - 2022-06-28 18:37:31 --> Severity: Warning --> fwrite() expects parameter 1 to be resource, boolean given /var/www/html/ci_kios/application/controllers/Nhso.php 107
ERROR - 2022-06-28 18:37:31 --> Severity: Warning --> fclose() expects parameter 1 to be resource, boolean given /var/www/html/ci_kios/application/controllers/Nhso.php 109
DEBUG - 2022-06-28 18:37:31 --> Total execution time: 0.0351
DEBUG - 2022-06-28 18:37:33 --> UTF-8 Support Enabled
DEBUG - 2022-06-28 18:37:33 --> Global POST, GET and COOKIE data sanitized
DEBUG - 2022-06-28 18:37:33 --> Config file loaded: /var/www/html/ci_kios/application/config/core.php
DEBUG - 2022-06-28 18:37:33 --> Config file loaded: /var/www/html/ci_kios/application/config/timezones.php
ERROR - 2022-06-28 18:37:33 --> Severity: Warning --> fopen(/var/www/html/ci_kios/application/logs/log_2022-06-28.txt): failed to open stream: Permission denied /var/www/html/ci_kios/application/controllers/Nhso.php 105
ERROR - 2022-06-28 18:37:33 --> Severity: Warning --> fwrite() expects parameter 1 to be resource, boolean given /var/www/html/ci_kios/application/controllers/Nhso.php 107
ERROR - 2022-06-28 18:37:33 --> Severity: Warning --> fclose() expects parameter 1 to be resource, boolean given /var/www/html/ci_kios/application/controllers/Nhso.php 109
DEBUG - 2022-06-28 18:37:33 --> Total execution time: 0.0329
DEBUG - 2022-06-28 18:38:11 --> UTF-8 Support Enabled
DEBUG - 2022-06-28 18:38:11 --> Global POST, GET and COOKIE data sanitized
DEBUG - 2022-06-28 18:38:11 --> Config file loaded: /var/www/html/ci_kios/application/config/core.php
DEBUG - 2022-06-28 18:38:11 --> Config file loaded: /var/www/html/ci_kios/application/config/timezones.php
ERROR - 2022-06-28 18:38:11 --> Severity: Warning --> chmod(): Operation not permitted /var/www/html/ci_kios/application/controllers/Nhso.php 105
ERROR - 2022-06-28 18:38:11 --> Severity: Warning --> fopen(/var/www/html/ci_kios/application/logs/log_2022-06-28.txt): failed to open stream: Permission denied /var/www/html/ci_kios/application/controllers/Nhso.php 107
ERROR - 2022-06-28 18:38:11 --> Severity: Warning --> fwrite() expects parameter 1 to be resource, boolean given /var/www/html/ci_kios/application/controllers/Nhso.php 109
ERROR - 2022-06-28 18:38:11 --> Severity: Warning --> fclose() expects parameter 1 to be resource, boolean given /var/www/html/ci_kios/application/controllers/Nhso.php 111
DEBUG - 2022-06-28 18:38:11 --> Total execution time: 0.0360
DEBUG - 2022-06-28 18:38:53 --> UTF-8 Support Enabled
DEBUG - 2022-06-28 18:38:53 --> Global POST, GET and COOKIE data sanitized
DEBUG - 2022-06-28 18:38:53 --> Config file loaded: /var/www/html/ci_kios/application/config/core.php
DEBUG - 2022-06-28 18:38:53 --> Config file loaded: /var/www/html/ci_kios/application/config/timezones.php
ERROR - 2022-06-28 18:38:53 --> Severity: Warning --> chmod(): Operation not permitted /var/www/html/ci_kios/application/controllers/Nhso.php 105
ERROR - 2022-06-28 18:38:53 --> Severity: Warning --> fopen(/var/www/html/ci_kios/application/logs/log_2022-06-28.txt): failed to open stream: Permission denied /var/www/html/ci_kios/application/controllers/Nhso.php 107
ERROR - 2022-06-28 18:38:53 --> Severity: Warning --> fwrite() expects parameter 1 to be resource, boolean given /var/www/html/ci_kios/application/controllers/Nhso.php 109
ERROR - 2022-06-28 18:38:53 --> Severity: Warning --> fclose() expects parameter 1 to be resource, boolean given /var/www/html/ci_kios/application/controllers/Nhso.php 111
DEBUG - 2022-06-28 18:38:53 --> Total execution time: 0.0345
DEBUG - 2022-06-28 18:39:14 --> UTF-8 Support Enabled
DEBUG - 2022-06-28 18:39:14 --> Global POST, GET and COOKIE data sanitized
DEBUG - 2022-06-28 18:39:14 --> Config file loaded: /var/www/html/ci_kios/application/config/core.php
DEBUG - 2022-06-28 18:39:14 --> Config file loaded: /var/www/html/ci_kios/application/config/timezones.php
DEBUG - 2022-06-28 18:39:14 --> Total execution time: 0.0335
DEBUG - 2022-06-28 18:39:27 --> UTF-8 Support Enabled
DEBUG - 2022-06-28 18:39:27 --> Global POST, GET and COOKIE data sanitized
DEBUG - 2022-06-28 18:39:27 --> Config file loaded: /var/www/html/ci_kios/application/config/core.php
DEBUG - 2022-06-28 18:39:27 --> Config file loaded: /var/www/html/ci_kios/application/config/timezones.php
DEBUG - 2022-06-28 18:39:27 --> Total execution time: 0.0318
DEBUG - 2022-06-28 18:39:54 --> UTF-8 Support Enabled
DEBUG - 2022-06-28 18:39:54 --> Global POST, GET and COOKIE data sanitized
DEBUG - 2022-06-28 18:39:54 --> Config file loaded: /var/www/html/ci_kios/application/config/core.php
DEBUG - 2022-06-28 18:39:54 --> Config file loaded: /var/www/html/ci_kios/application/config/timezones.php
DEBUG - 2022-06-28 18:39:54 --> Total execution time: 0.0282
DEBUG - 2022-06-28 18:39:59 --> UTF-8 Support Enabled
DEBUG - 2022-06-28 18:39:59 --> Global POST, GET and COOKIE data sanitized
DEBUG - 2022-06-28 18:39:59 --> Config file loaded: /var/www/html/ci_kios/application/config/core.php
DEBUG - 2022-06-28 18:39:59 --> Config file loaded: /var/www/html/ci_kios/application/config/timezones.php
DEBUG - 2022-06-28 18:39:59 --> Total execution time: 0.0322
DEBUG - 2022-06-28 18:40:09 --> UTF-8 Support Enabled
DEBUG - 2022-06-28 18:40:09 --> Global POST, GET and COOKIE data sanitized
DEBUG - 2022-06-28 18:40:09 --> Config file loaded: /var/www/html/ci_kios/application/config/core.php
DEBUG - 2022-06-28 18:40:09 --> Config file loaded: /var/www/html/ci_kios/application/config/timezones.php
DEBUG - 2022-06-28 18:40:09 --> Total execution time: 0.0326
DEBUG - 2022-06-28 18:42:02 --> UTF-8 Support Enabled
DEBUG - 2022-06-28 18:42:02 --> Global POST, GET and COOKIE data sanitized
DEBUG - 2022-06-28 18:42:02 --> Config file loaded: /var/www/html/ci_kios/application/config/core.php
DEBUG - 2022-06-28 18:42:02 --> Config file loaded: /var/www/html/ci_kios/application/config/timezones.php
DEBUG - 2022-06-28 18:42:02 --> Total execution time: 0.0330
DEBUG - 2022-06-28 18:42:04 --> UTF-8 Support Enabled
DEBUG - 2022-06-28 18:42:04 --> Global POST, GET and COOKIE data sanitized
DEBUG - 2022-06-28 18:42:04 --> Config file loaded: /var/www/html/ci_kios/application/config/core.php
DEBUG - 2022-06-28 18:42:04 --> Config file loaded: /var/www/html/ci_kios/application/config/timezones.php
DEBUG - 2022-06-28 18:42:04 --> Total execution time: 0.0331
DEBUG - 2022-06-28 18:42:18 --> UTF-8 Support Enabled
DEBUG - 2022-06-28 18:42:18 --> Global POST, GET and COOKIE data sanitized
DEBUG - 2022-06-28 18:42:18 --> Config file loaded: /var/www/html/ci_kios/application/config/core.php
DEBUG - 2022-06-28 18:42:18 --> Config file loaded: /var/www/html/ci_kios/application/config/timezones.php
DEBUG - 2022-06-28 18:42:18 --> Total execution time: 0.0339
DEBUG - 2022-06-28 18:42:31 --> UTF-8 Support Enabled
DEBUG - 2022-06-28 18:42:31 --> Global POST, GET and COOKIE data sanitized
DEBUG - 2022-06-28 18:42:31 --> Config file loaded: /var/www/html/ci_kios/application/config/core.php
DEBUG - 2022-06-28 18:42:31 --> Config file loaded: /var/www/html/ci_kios/application/config/timezones.php
DEBUG - 2022-06-28 18:42:31 --> Total execution time: 0.0284
DEBUG - 2022-06-28 18:45:39 --> UTF-8 Support Enabled
DEBUG - 2022-06-28 18:45:39 --> Global POST, GET and COOKIE data sanitized
DEBUG - 2022-06-28 18:45:39 --> Config file loaded: /var/www/html/ci_kios/application/config/core.php
DEBUG - 2022-06-28 18:45:39 --> Config file loaded: /var/www/html/ci_kios/application/config/timezones.php
DEBUG - 2022-06-28 18:45:39 --> Total execution time: 0.0329
