ERROR - 2018-11-12 08:12:30 --> Could not find the language line "admin dashboard jsi18n-sample"
ERROR - 2018-11-12 12:29:51 --> Could not find the language line "admin dashboard jsi18n-sample"
ERROR - 2018-11-12 12:31:10 --> Could not find the language line "admin dashboard jsi18n-sample"
ERROR - 2018-11-12 12:36:21 --> Could not find the language line "admin dashboard jsi18n-sample"
ERROR - 2018-11-12 12:37:31 --> Could not find the language line "admin dashboard jsi18n-sample"
ERROR - 2018-11-12 12:37:36 --> Could not find the language line "admin dashboard jsi18n-sample"
ERROR - 2018-11-12 12:37:39 --> Could not find the language line "admin dashboard jsi18n-sample"
ERROR - 2018-11-12 12:37:46 --> Could not find the language line "admin dashboard jsi18n-sample"
ERROR - 2018-11-12 12:37:48 --> Could not find the language line "admin dashboard jsi18n-sample"
ERROR - 2018-11-12 12:37:54 --> Could not find the language line "admin dashboard jsi18n-sample"
ERROR - 2018-11-12 12:37:57 --> Could not find the language line "admin dashboard jsi18n-sample"
ERROR - 2018-11-12 12:51:49 --> Could not find the language line "admin dashboard jsi18n-sample"
ERROR - 2018-11-12 19:51:54 --> 404 Page Not Found: ../modules/Med/controllers/Med/assets
ERROR - 2018-11-12 12:51:54 --> Could not find the language line "admin dashboard jsi18n-sample"
ERROR - 2018-11-12 19:51:56 --> 404 Page Not Found: ../modules/Med/controllers/Med/assets
ERROR - 2018-11-12 12:51:56 --> Could not find the language line "admin dashboard jsi18n-sample"
ERROR - 2018-11-12 19:51:58 --> 404 Page Not Found: ../modules/Med/controllers/Med/assets
ERROR - 2018-11-12 12:51:58 --> Could not find the language line "admin dashboard jsi18n-sample"
ERROR - 2018-11-12 19:52:00 --> 404 Page Not Found: ../modules/Med/controllers/Med/assets
ERROR - 2018-11-12 12:52:00 --> Could not find the language line "admin dashboard jsi18n-sample"
ERROR - 2018-11-12 19:52:02 --> 404 Page Not Found: ../modules/Med/controllers/Med/assets
ERROR - 2018-11-12 12:52:02 --> Could not find the language line "admin dashboard jsi18n-sample"
ERROR - 2018-11-12 19:52:09 --> 404 Page Not Found: ../modules/Med/controllers/Med/assets
ERROR - 2018-11-12 12:52:09 --> Could not find the language line "admin dashboard jsi18n-sample"
ERROR - 2018-11-12 12:53:03 --> Could not find the language line "admin dashboard jsi18n-sample"
ERROR - 2018-11-12 12:53:07 --> Could not find the language line "admin dashboard jsi18n-sample"
ERROR - 2018-11-12 12:53:11 --> Could not find the language line "admin dashboard jsi18n-sample"
ERROR - 2018-11-12 12:53:15 --> Could not find the language line "admin dashboard jsi18n-sample"
ERROR - 2018-11-12 12:53:44 --> Could not find the language line "admin dashboard jsi18n-sample"
ERROR - 2018-11-12 12:53:48 --> Could not find the language line "admin dashboard jsi18n-sample"
ERROR - 2018-11-12 13:24:32 --> Could not find the language line "admin dashboard jsi18n-sample"
ERROR - 2018-11-12 13:24:38 --> Could not find the language line "admin dashboard jsi18n-sample"
ERROR - 2018-11-12 13:27:40 --> Could not find the language line "admin dashboard jsi18n-sample"
ERROR - 2018-11-12 13:27:46 --> Could not find the language line "admin dashboard jsi18n-sample"
ERROR - 2018-11-12 13:30:07 --> Could not find the language line "admin dashboard jsi18n-sample"
ERROR - 2018-11-12 20:30:31 --> 404 Page Not Found: ../modules/Med/controllers/Med/thumbs-up.jpg
ERROR - 2018-11-12 13:30:31 --> Could not find the language line "admin dashboard jsi18n-sample"
ERROR - 2018-11-12 13:31:36 --> Could not find the language line "admin dashboard jsi18n-sample"
ERROR - 2018-11-12 13:31:44 --> Could not find the language line "admin dashboard jsi18n-sample"
ERROR - 2018-11-12 20:31:44 --> 404 Page Not Found: ../modules/Med/controllers/Med/thumbs-up.jpg
ERROR - 2018-11-12 13:33:55 --> Could not find the language line "admin dashboard jsi18n-sample"
ERROR - 2018-11-12 13:34:00 --> Could not find the language line "admin dashboard jsi18n-sample"
ERROR - 2018-11-12 13:37:31 --> Could not find the language line "admin dashboard jsi18n-sample"
ERROR - 2018-11-12 13:37:38 --> Could not find the language line "admin dashboard jsi18n-sample"
ERROR - 2018-11-12 13:38:07 --> Could not find the language line "admin dashboard jsi18n-sample"
ERROR - 2018-11-12 13:38:14 --> Could not find the language line "admin dashboard jsi18n-sample"
ERROR - 2018-11-12 13:38:33 --> Could not find the language line "admin dashboard jsi18n-sample"
ERROR - 2018-11-12 13:38:41 --> Could not find the language line "admin dashboard jsi18n-sample"
ERROR - 2018-11-12 13:39:40 --> Could not find the language line "admin dashboard jsi18n-sample"
ERROR - 2018-11-12 13:39:46 --> Could not find the language line "admin dashboard jsi18n-sample"
ERROR - 2018-11-12 13:42:11 --> Could not find the language line "admin dashboard jsi18n-sample"
ERROR - 2018-11-12 13:42:22 --> Could not find the language line "admin dashboard jsi18n-sample"
ERROR - 2018-11-12 13:49:53 --> Could not find the language line "admin dashboard jsi18n-sample"
ERROR - 2018-11-12 13:49:58 --> Could not find the language line "admin dashboard jsi18n-sample"
ERROR - 2018-11-12 13:58:32 --> Could not find the language line "admin dashboard jsi18n-sample"
ERROR - 2018-11-12 13:58:58 --> Could not find the language line "admin dashboard jsi18n-sample"
ERROR - 2018-11-12 14:13:03 --> Could not find the language line "admin dashboard jsi18n-sample"
ERROR - 2018-11-12 14:13:10 --> Could not find the language line "admin dashboard jsi18n-sample"
ERROR - 2018-11-12 14:13:32 --> Could not find the language line "admin dashboard jsi18n-sample"
ERROR - 2018-11-12 14:13:40 --> Could not find the language line "admin dashboard jsi18n-sample"
ERROR - 2018-11-12 14:15:10 --> Could not find the language line "admin dashboard jsi18n-sample"
ERROR - 2018-11-12 14:15:16 --> Could not find the language line "admin dashboard jsi18n-sample"
ERROR - 2018-11-12 14:15:28 --> Could not find the language line "admin dashboard jsi18n-sample"
ERROR - 2018-11-12 14:18:21 --> Could not find the language line "admin dashboard jsi18n-sample"
ERROR - 2018-11-12 14:18:30 --> Could not find the language line "admin dashboard jsi18n-sample"
ERROR - 2018-11-12 14:21:19 --> Could not find the language line "admin dashboard jsi18n-sample"
ERROR - 2018-11-12 14:21:26 --> Could not find the language line "admin dashboard jsi18n-sample"
ERROR - 2018-11-12 14:25:42 --> Could not find the language line "admin dashboard jsi18n-sample"
ERROR - 2018-11-12 14:25:47 --> Could not find the language line "admin dashboard jsi18n-sample"
ERROR - 2018-11-12 14:29:08 --> Could not find the language line "admin dashboard jsi18n-sample"
ERROR - 2018-11-12 14:29:12 --> Could not find the language line "admin dashboard jsi18n-sample"
ERROR - 2018-11-12 14:29:27 --> Could not find the language line "admin dashboard jsi18n-sample"
ERROR - 2018-11-12 14:29:30 --> Could not find the language line "admin dashboard jsi18n-sample"
ERROR - 2018-11-12 14:31:09 --> Could not find the language line "admin dashboard jsi18n-sample"
ERROR - 2018-11-12 14:31:16 --> Could not find the language line "admin dashboard jsi18n-sample"
ERROR - 2018-11-12 14:31:51 --> Could not find the language line "admin dashboard jsi18n-sample"
ERROR - 2018-11-12 14:31:55 --> Could not find the language line "admin dashboard jsi18n-sample"
ERROR - 2018-11-12 14:37:20 --> Could not find the language line "admin dashboard jsi18n-sample"
ERROR - 2018-11-12 14:37:26 --> Could not find the language line "admin dashboard jsi18n-sample"
ERROR - 2018-11-12 14:37:30 --> Could not find the language line "admin dashboard jsi18n-sample"
ERROR - 2018-11-12 14:37:37 --> Could not find the language line "admin dashboard jsi18n-sample"
ERROR - 2018-11-12 14:39:32 --> Could not find the language line "admin dashboard jsi18n-sample"
ERROR - 2018-11-12 14:39:41 --> Could not find the language line "admin dashboard jsi18n-sample"
ERROR - 2018-11-12 14:39:44 --> Could not find the language line "admin dashboard jsi18n-sample"
ERROR - 2018-11-12 14:39:46 --> Could not find the language line "admin dashboard jsi18n-sample"
ERROR - 2018-11-12 14:40:17 --> Could not find the language line "admin dashboard jsi18n-sample"
ERROR - 2018-11-12 14:40:22 --> Could not find the language line "admin dashboard jsi18n-sample"
ERROR - 2018-11-12 14:41:37 --> Could not find the language line "admin dashboard jsi18n-sample"
ERROR - 2018-11-12 14:41:58 --> Could not find the language line "admin dashboard jsi18n-sample"
ERROR - 2018-11-12 14:43:32 --> Could not find the language line "admin dashboard jsi18n-sample"
ERROR - 2018-11-12 14:43:50 --> Could not find the language line "admin dashboard jsi18n-sample"
ERROR - 2018-11-12 14:46:42 --> Could not find the language line "admin dashboard jsi18n-sample"
ERROR - 2018-11-12 14:46:56 --> Could not find the language line "admin dashboard jsi18n-sample"
ERROR - 2018-11-12 14:48:14 --> Could not find the language line "admin dashboard jsi18n-sample"
ERROR - 2018-11-12 21:48:15 --> 404 Page Not Found: /index
ERROR - 2018-11-12 14:48:29 --> Could not find the language line "admin dashboard jsi18n-sample"
ERROR - 2018-11-12 14:49:40 --> Could not find the language line "admin dashboard jsi18n-sample"
ERROR - 2018-11-12 21:49:41 --> 404 Page Not Found: /index
ERROR - 2018-11-12 14:49:50 --> Could not find the language line "admin dashboard jsi18n-sample"
ERROR - 2018-11-12 16:21:34 --> Could not find the language line "admin dashboard jsi18n-sample"
ERROR - 2018-11-12 23:21:35 --> 404 Page Not Found: /index
ERROR - 2018-11-12 16:23:32 --> Could not find the language line "admin dashboard jsi18n-sample"
ERROR - 2018-11-12 16:24:59 --> Could not find the language line "admin dashboard jsi18n-sample"
ERROR - 2018-11-12 16:25:27 --> Could not find the language line "admin dashboard jsi18n-sample"
ERROR - 2018-11-12 16:25:31 --> Could not find the language line "admin dashboard jsi18n-sample"
ERROR - 2018-11-12 23:26:17 --> 404 Page Not Found: /index
ERROR - 2018-11-12 16:28:28 --> Could not find the language line "admin dashboard jsi18n-sample"
ERROR - 2018-11-12 16:28:36 --> Could not find the language line "admin dashboard jsi18n-sample"
ERROR - 2018-11-12 16:28:41 --> Could not find the language line "admin dashboard jsi18n-sample"
ERROR - 2018-11-12 16:28:46 --> Could not find the language line "admin dashboard jsi18n-sample"
ERROR - 2018-11-12 16:31:43 --> Could not find the language line "admin dashboard jsi18n-sample"
ERROR - 2018-11-12 16:31:49 --> Could not find the language line "admin dashboard jsi18n-sample"
ERROR - 2018-11-12 16:34:26 --> Could not find the language line "admin dashboard jsi18n-sample"
ERROR - 2018-11-12 16:34:31 --> Could not find the language line "admin dashboard jsi18n-sample"
ERROR - 2018-11-12 16:35:48 --> Could not find the language line "admin dashboard jsi18n-sample"
ERROR - 2018-11-12 16:35:54 --> Could not find the language line "admin dashboard jsi18n-sample"
ERROR - 2018-11-12 16:37:15 --> Could not find the language line "admin dashboard jsi18n-sample"
ERROR - 2018-11-12 16:37:49 --> Could not find the language line "admin dashboard jsi18n-sample"
ERROR - 2018-11-12 16:37:54 --> Could not find the language line "admin dashboard jsi18n-sample"
ERROR - 2018-11-12 16:38:36 --> Could not find the language line "admin dashboard jsi18n-sample"
ERROR - 2018-11-12 16:38:44 --> Could not find the language line "admin dashboard jsi18n-sample"
ERROR - 2018-11-12 16:41:49 --> Could not find the language line "admin dashboard jsi18n-sample"
ERROR - 2018-11-12 16:41:56 --> Could not find the language line "admin dashboard jsi18n-sample"
ERROR - 2018-11-12 16:44:19 --> Could not find the language line "admin dashboard jsi18n-sample"
ERROR - 2018-11-12 16:44:26 --> Could not find the language line "admin dashboard jsi18n-sample"
ERROR - 2018-11-12 16:44:32 --> Could not find the language line "admin dashboard jsi18n-sample"
ERROR - 2018-11-12 16:44:37 --> Could not find the language line "admin dashboard jsi18n-sample"
ERROR - 2018-11-12 16:45:07 --> Could not find the language line "admin dashboard jsi18n-sample"
ERROR - 2018-11-12 16:50:59 --> Could not find the language line "admin dashboard jsi18n-sample"
ERROR - 2018-11-12 16:56:53 --> Could not find the language line "admin dashboard jsi18n-sample"
ERROR - 2018-11-12 23:56:56 --> 404 Page Not Found: ../modules/Appointment/controllers/Appointment/index2018-11-12
ERROR - 2018-11-12 16:57:17 --> Severity: error --> Exception: Unable to locate the model you have specified: Mdl_appointment /Library/WebServer/Documents/miracle/ci3_cgi/system/core/Loader.php 344
ERROR - 2018-11-12 17:13:45 --> Could not find the language line "admin dashboard jsi18n-sample"
ERROR - 2018-11-12 17:19:56 --> Could not find the language line "admin dashboard jsi18n-sample"
ERROR - 2018-11-12 17:20:42 --> Could not find the language line "admin dashboard jsi18n-sample"
ERROR - 2018-11-12 17:20:42 --> Severity: Parsing Error --> syntax error, unexpected end of file /Library/WebServer/Documents/miracle/ci3_cgi/htdocs/themes/admin/med_template.php 140
ERROR - 2018-11-12 17:21:51 --> Could not find the language line "admin dashboard jsi18n-sample"
ERROR - 2018-11-12 17:23:21 --> Could not find the language line "admin dashboard jsi18n-sample"
ERROR - 2018-11-12 17:24:04 --> Could not find the language line "admin dashboard jsi18n-sample"
ERROR - 2018-11-12 17:24:09 --> Could not find the language line "admin dashboard jsi18n-sample"
ERROR - 2018-11-12 17:28:28 --> Could not find the language line "admin dashboard jsi18n-sample"
ERROR - 2018-11-12 17:28:50 --> Could not find the language line "admin dashboard jsi18n-sample"
ERROR - 2018-11-12 17:29:40 --> Could not find the language line "admin dashboard jsi18n-sample"
ERROR - 2018-11-12 17:30:20 --> Could not find the language line "admin dashboard jsi18n-sample"
ERROR - 2018-11-12 17:31:12 --> Could not find the language line "admin dashboard jsi18n-sample"
ERROR - 2018-11-12 17:44:42 --> Could not find the language line "admin dashboard jsi18n-sample"
ERROR - 2018-11-12 17:44:42 --> Severity: Parsing Error --> syntax error, unexpected ';' /Library/WebServer/Documents/miracle/ci3_cgi/application/modules/Appointment/views/appointment_index.php 24
ERROR - 2018-11-12 17:45:46 --> Could not find the language line "admin dashboard jsi18n-sample"
ERROR - 2018-11-12 17:46:48 --> Could not find the language line "admin dashboard jsi18n-sample"
ERROR - 2018-11-12 17:47:00 --> Could not find the language line "admin dashboard jsi18n-sample"
ERROR - 2018-11-12 17:47:08 --> Could not find the language line "admin dashboard jsi18n-sample"
ERROR - 2018-11-12 17:47:40 --> Could not find the language line "admin dashboard jsi18n-sample"
ERROR - 2018-11-12 17:49:11 --> Could not find the language line "admin dashboard jsi18n-sample"
ERROR - 2018-11-12 17:49:30 --> Could not find the language line "admin dashboard jsi18n-sample"
ERROR - 2018-11-12 17:49:38 --> Could not find the language line "admin dashboard jsi18n-sample"
ERROR - 2018-11-12 17:49:41 --> Could not find the language line "admin dashboard jsi18n-sample"
ERROR - 2018-11-12 17:50:03 --> Could not find the language line "admin dashboard jsi18n-sample"
ERROR - 2018-11-12 17:50:15 --> Could not find the language line "admin dashboard jsi18n-sample"
ERROR - 2018-11-12 17:50:30 --> Could not find the language line "admin dashboard jsi18n-sample"
ERROR - 2018-11-12 17:51:17 --> Could not find the language line "admin dashboard jsi18n-sample"
ERROR - 2018-11-12 17:51:54 --> Could not find the language line "admin dashboard jsi18n-sample"
ERROR - 2018-11-12 17:51:58 --> Could not find the language line "admin dashboard jsi18n-sample"
ERROR - 2018-11-12 17:52:09 --> Could not find the language line "admin dashboard jsi18n-sample"
ERROR - 2018-11-12 17:52:19 --> Could not find the language line "admin dashboard jsi18n-sample"
ERROR - 2018-11-12 17:52:29 --> Could not find the language line "admin dashboard jsi18n-sample"
ERROR - 2018-11-12 17:53:12 --> Could not find the language line "admin dashboard jsi18n-sample"
ERROR - 2018-11-12 17:54:07 --> Could not find the language line "admin dashboard jsi18n-sample"
ERROR - 2018-11-12 17:55:31 --> Could not find the language line "admin dashboard jsi18n-sample"
ERROR - 2018-11-12 17:55:31 --> Severity: Warning --> pg_query(): Query failed: ERROR:  column neural_med_station.check_out_datex does not exist
LINE 5: WHERE &quot;neural_med_station&quot;.&quot;check_out_datex&quot; = '2018-11-12'
              ^
HINT:  Perhaps you meant to reference the column &quot;neural_med_station.check_out_date&quot;. /Library/WebServer/Documents/miracle/ci3_cgi/system/database/drivers/postgre/postgre_driver.php 242
ERROR - 2018-11-12 17:55:31 --> Query error: ERROR:  column neural_med_station.check_out_datex does not exist
LINE 5: WHERE "neural_med_station"."check_out_datex" = '2018-11-12'
              ^
HINT:  Perhaps you meant to reference the column "neural_med_station.check_out_date". - Invalid query: SELECT "neural_med_station"."id" AS "med_station_id", to_char(neural_med_station.check_out_date, 'DD-MM-YYYY') AS check_out_date_th, "neural_med_station"."check_out_date", "users"."id" AS "user_id", users.title || users.name || ' ' || users.lastname AS fullname, "station"."id" AS "station_id", "station"."name" AS "station_name"
FROM "med"."neural_med_station"
JOIN "med"."neural_station" AS "station" ON "station"."id" = "neural_med_station"."station_id"
JOIN "jvkk"."nano_user" AS "users" ON "users"."id" = "neural_med_station"."doctor_id"
WHERE "neural_med_station"."check_out_datex" = '2018-11-12'
AND "neural_med_station"."deleted" = 'f'
ORDER BY "med"."neural_med_station"."id" ASC
ERROR - 2018-11-12 17:58:35 --> Could not find the language line "admin dashboard jsi18n-sample"
ERROR - 2018-11-12 17:58:42 --> Could not find the language line "admin dashboard jsi18n-sample"
ERROR - 2018-11-12 17:58:46 --> Could not find the language line "admin dashboard jsi18n-sample"
ERROR - 2018-11-12 17:59:06 --> Could not find the language line "admin dashboard jsi18n-sample"
ERROR - 2018-11-12 17:59:19 --> Could not find the language line "admin dashboard jsi18n-sample"
ERROR - 2018-11-12 17:59:24 --> Could not find the language line "admin dashboard jsi18n-sample"
ERROR - 2018-11-12 17:59:33 --> Could not find the language line "admin dashboard jsi18n-sample"
ERROR - 2018-11-12 18:00:57 --> Could not find the language line "admin dashboard jsi18n-sample"
ERROR - 2018-11-12 18:01:07 --> Could not find the language line "admin dashboard jsi18n-sample"
ERROR - 2018-11-12 18:01:22 --> Could not find the language line "admin dashboard jsi18n-sample"
ERROR - 2018-11-12 18:01:28 --> Could not find the language line "admin dashboard jsi18n-sample"
ERROR - 2018-11-12 18:01:32 --> Could not find the language line "admin dashboard jsi18n-sample"
ERROR - 2018-11-12 18:01:36 --> Could not find the language line "admin dashboard jsi18n-sample"
ERROR - 2018-11-12 18:02:07 --> Could not find the language line "admin dashboard jsi18n-sample"
ERROR - 2018-11-12 18:02:42 --> Could not find the language line "admin dashboard jsi18n-sample"
ERROR - 2018-11-12 18:04:11 --> Could not find the language line "admin dashboard jsi18n-sample"
ERROR - 2018-11-12 18:08:03 --> Could not find the language line "admin dashboard jsi18n-sample"
ERROR - 2018-11-12 18:09:19 --> Could not find the language line "admin dashboard jsi18n-sample"
ERROR - 2018-11-12 18:11:51 --> Could not find the language line "admin dashboard jsi18n-sample"
ERROR - 2018-11-12 18:12:34 --> Could not find the language line "admin dashboard jsi18n-sample"
ERROR - 2018-11-12 18:21:18 --> Could not find the language line "admin dashboard jsi18n-sample"
ERROR - 2018-11-12 18:22:57 --> Could not find the language line "admin dashboard jsi18n-sample"
ERROR - 2018-11-12 18:23:20 --> Could not find the language line "admin dashboard jsi18n-sample"
ERROR - 2018-11-12 18:25:09 --> Could not find the language line "admin dashboard jsi18n-sample"
ERROR - 2018-11-12 18:27:07 --> Could not find the language line "admin dashboard jsi18n-sample"
ERROR - 2018-11-12 18:28:18 --> Could not find the language line "admin dashboard jsi18n-sample"
ERROR - 2018-11-12 18:28:38 --> Could not find the language line "admin dashboard jsi18n-sample"
ERROR - 2018-11-12 18:28:52 --> Could not find the language line "admin dashboard jsi18n-sample"
ERROR - 2018-11-12 18:29:02 --> Could not find the language line "admin dashboard jsi18n-sample"
ERROR - 2018-11-12 18:29:07 --> Could not find the language line "admin dashboard jsi18n-sample"
ERROR - 2018-11-12 18:29:34 --> Could not find the language line "admin dashboard jsi18n-sample"
ERROR - 2018-11-12 18:30:44 --> Could not find the language line "admin dashboard jsi18n-sample"
ERROR - 2018-11-12 18:31:06 --> Could not find the language line "admin dashboard jsi18n-sample"
ERROR - 2018-11-12 18:34:49 --> Could not find the language line "admin dashboard jsi18n-sample"
ERROR - 2018-11-12 18:38:22 --> Could not find the language line "admin dashboard jsi18n-sample"
ERROR - 2018-11-12 18:39:01 --> Could not find the language line "admin dashboard jsi18n-sample"
ERROR - 2018-11-12 18:39:48 --> Could not find the language line "admin dashboard jsi18n-sample"
ERROR - 2018-11-12 18:40:00 --> Could not find the language line "admin dashboard jsi18n-sample"
ERROR - 2018-11-12 18:40:08 --> Could not find the language line "admin dashboard jsi18n-sample"
ERROR - 2018-11-12 18:40:13 --> Could not find the language line "admin dashboard jsi18n-sample"
ERROR - 2018-11-12 18:40:18 --> Could not find the language line "admin dashboard jsi18n-sample"
ERROR - 2018-11-12 18:40:30 --> Could not find the language line "admin dashboard jsi18n-sample"
ERROR - 2018-11-12 18:40:35 --> Could not find the language line "admin dashboard jsi18n-sample"
ERROR - 2018-11-12 18:41:07 --> Could not find the language line "admin dashboard jsi18n-sample"
ERROR - 2018-11-12 18:41:34 --> Could not find the language line "admin dashboard jsi18n-sample"
ERROR - 2018-11-12 18:45:33 --> Could not find the language line "admin dashboard jsi18n-sample"
ERROR - 2018-11-12 18:47:28 --> Could not find the language line "admin dashboard jsi18n-sample"
ERROR - 2018-11-12 18:49:57 --> Could not find the language line "admin dashboard jsi18n-sample"
ERROR - 2018-11-12 18:50:13 --> Could not find the language line "admin dashboard jsi18n-sample"
ERROR - 2018-11-12 18:51:44 --> Could not find the language line "admin dashboard jsi18n-sample"
ERROR - 2018-11-12 18:52:57 --> Could not find the language line "admin dashboard jsi18n-sample"
ERROR - 2018-11-12 18:54:24 --> Could not find the language line "admin dashboard jsi18n-sample"
ERROR - 2018-11-12 19:08:04 --> Could not find the language line "admin dashboard jsi18n-sample"
ERROR - 2018-11-12 19:08:15 --> Could not find the language line "admin dashboard jsi18n-sample"
ERROR - 2018-11-12 22:17:56 --> Could not find the language line "admin dashboard jsi18n-sample"
ERROR - 2018-11-12 22:18:02 --> Could not find the language line "admin dashboard jsi18n-sample"
ERROR - 2018-11-12 22:18:08 --> Could not find the language line "admin dashboard jsi18n-sample"
ERROR - 2018-11-12 22:27:08 --> Could not find the language line "admin dashboard jsi18n-sample"
ERROR - 2018-11-12 22:27:13 --> Could not find the language line "admin dashboard jsi18n-sample"
ERROR - 2018-11-12 22:28:13 --> Could not find the language line "admin dashboard jsi18n-sample"
ERROR - 2018-11-12 22:29:12 --> Could not find the language line "admin dashboard jsi18n-sample"
ERROR - 2018-11-12 22:30:02 --> Could not find the language line "admin dashboard jsi18n-sample"
ERROR - 2018-11-12 22:30:06 --> Could not find the language line "admin dashboard jsi18n-sample"
ERROR - 2018-11-12 22:30:43 --> Could not find the language line "admin dashboard jsi18n-sample"
ERROR - 2018-11-12 22:31:57 --> Could not find the language line "admin dashboard jsi18n-sample"
ERROR - 2018-11-12 22:35:00 --> Could not find the language line "admin dashboard jsi18n-sample"
ERROR - 2018-11-12 23:38:24 --> Could not find the language line "admin dashboard jsi18n-sample"
ERROR - 2018-11-12 23:39:29 --> Could not find the language line "admin dashboard jsi18n-sample"
ERROR - 2018-11-12 23:39:44 --> Could not find the language line "admin dashboard jsi18n-sample"
ERROR - 2018-11-12 23:40:42 --> Could not find the language line "admin dashboard jsi18n-sample"
ERROR - 2018-11-12 23:41:00 --> Could not find the language line "admin dashboard jsi18n-sample"
ERROR - 2018-11-12 23:45:43 --> Could not find the language line "admin dashboard jsi18n-sample"
ERROR - 2018-11-12 23:46:18 --> Could not find the language line "admin dashboard jsi18n-sample"
ERROR - 2018-11-12 23:46:22 --> Could not find the language line "admin dashboard jsi18n-sample"
ERROR - 2018-11-12 23:47:37 --> Could not find the language line "admin dashboard jsi18n-sample"
ERROR - 2018-11-12 23:47:40 --> Could not find the language line "admin dashboard jsi18n-sample"
ERROR - 2018-11-12 23:47:41 --> Could not find the language line "admin dashboard jsi18n-sample"
ERROR - 2018-11-12 23:48:30 --> Could not find the language line "admin dashboard jsi18n-sample"
ERROR - 2018-11-12 23:48:37 --> Could not find the language line "admin dashboard jsi18n-sample"
ERROR - 2018-11-12 23:48:40 --> Could not find the language line "admin dashboard jsi18n-sample"
ERROR - 2018-11-12 23:48:45 --> Could not find the language line "admin dashboard jsi18n-sample"
ERROR - 2018-11-12 23:48:50 --> Could not find the language line "admin dashboard jsi18n-sample"
ERROR - 2018-11-12 23:48:54 --> Could not find the language line "admin dashboard jsi18n-sample"
ERROR - 2018-11-12 23:48:56 --> Could not find the language line "admin dashboard jsi18n-sample"
ERROR - 2018-11-12 23:49:05 --> Could not find the language line "admin dashboard jsi18n-sample"
ERROR - 2018-11-12 23:49:14 --> Could not find the language line "admin dashboard jsi18n-sample"
ERROR - 2018-11-12 23:49:18 --> Could not find the language line "admin dashboard jsi18n-sample"
ERROR - 2018-11-12 23:50:06 --> Could not find the language line "admin dashboard jsi18n-sample"
ERROR - 2018-11-12 23:50:09 --> Could not find the language line "admin dashboard jsi18n-sample"
ERROR - 2018-11-12 23:54:22 --> Could not find the language line "admin dashboard jsi18n-sample"
ERROR - 2018-11-12 23:54:32 --> Could not find the language line "admin dashboard jsi18n-sample"
ERROR - 2018-11-12 23:54:39 --> Could not find the language line "admin dashboard jsi18n-sample"
ERROR - 2018-11-12 23:56:58 --> Could not find the language line "admin dashboard jsi18n-sample"
ERROR - 2018-11-12 23:57:01 --> Could not find the language line "admin dashboard jsi18n-sample"
